[2025-10-20T18:44:09.276+0000] {taskinstance.py:1157} INFO - Dependencies all met for dep_context=non-requeueable deps ti=<TaskInstance: Housing_Price_Prediction_Pipeline.load_data manual__2025-10-20T18:44:07.315918+00:00 [queued]>
[2025-10-20T18:44:09.278+0000] {taskinstance.py:1157} INFO - Dependencies all met for dep_context=requeueable deps ti=<TaskInstance: Housing_Price_Prediction_Pipeline.load_data manual__2025-10-20T18:44:07.315918+00:00 [queued]>
[2025-10-20T18:44:09.278+0000] {taskinstance.py:1359} INFO - Starting attempt 1 of 2
[2025-10-20T18:44:09.282+0000] {taskinstance.py:1380} INFO - Executing <Task(PythonOperator): load_data> on 2025-10-20 18:44:07.315918+00:00
[2025-10-20T18:44:09.285+0000] {standard_task_runner.py:57} INFO - Started process 159 to run task
[2025-10-20T18:44:09.288+0000] {standard_task_runner.py:84} INFO - Running: ['***', 'tasks', 'run', 'Housing_Price_Prediction_Pipeline', 'load_data', 'manual__2025-10-20T18:44:07.315918+00:00', '--job-id', '5', '--raw', '--subdir', 'DAGS_FOLDER/housing_price_dag.py', '--cfg-path', '/tmp/tmp8vh41sc_']
[2025-10-20T18:44:09.288+0000] {standard_task_runner.py:85} INFO - Job 5: Subtask load_data
[2025-10-20T18:44:09.305+0000] {task_command.py:415} INFO - Running <TaskInstance: Housing_Price_Prediction_Pipeline.load_data manual__2025-10-20T18:44:07.315918+00:00 [running]> on host c02506775a14
[2025-10-20T18:44:09.336+0000] {taskinstance.py:1660} INFO - Exporting env vars: AIRFLOW_CTX_DAG_OWNER='pranav' AIRFLOW_CTX_DAG_ID='Housing_Price_Prediction_Pipeline' AIRFLOW_CTX_TASK_ID='load_data' AIRFLOW_CTX_EXECUTION_DATE='2025-10-20T18:44:07.315918+00:00' AIRFLOW_CTX_TRY_NUMBER='1' AIRFLOW_CTX_DAG_RUN_ID='manual__2025-10-20T18:44:07.315918+00:00'
[2025-10-20T18:44:09.337+0000] {logging_mixin.py:151} INFO - Loading housing data...
[2025-10-20T18:44:09.357+0000] {logging_mixin.py:151} INFO - Data loaded successfully! Shape: (20640, 10)
[2025-10-20T18:44:09.357+0000] {logging_mixin.py:151} INFO - Columns: ['longitude', 'latitude', 'housing_median_age', 'total_rooms', 'total_bedrooms', 'population', 'households', 'median_income', 'median_house_value', 'ocean_proximity']
[2025-10-20T18:44:09.357+0000] {logging_mixin.py:151} INFO - First few rows:
[2025-10-20T18:44:09.373+0000] {logging_mixin.py:151} INFO -    longitude  latitude  ...  median_house_value  ocean_proximity
0    -122.23     37.88  ...            452600.0         NEAR BAY
1    -122.22     37.86  ...            358500.0         NEAR BAY
2    -122.24     37.85  ...            352100.0         NEAR BAY
3    -122.25     37.85  ...            341300.0         NEAR BAY
4    -122.25     37.85  ...            342200.0         NEAR BAY

[5 rows x 10 columns]
[2025-10-20T18:44:09.374+0000] {python.py:194} INFO - Done. Returned value was:        longitude  latitude  ...  median_house_value  ocean_proximity
0        -122.23     37.88  ...            452600.0         NEAR BAY
1        -122.22     37.86  ...            358500.0         NEAR BAY
2        -122.24     37.85  ...            352100.0         NEAR BAY
3        -122.25     37.85  ...            341300.0         NEAR BAY
4        -122.25     37.85  ...            342200.0         NEAR BAY
...          ...       ...  ...                 ...              ...
20635    -121.09     39.48  ...             78100.0           INLAND
20636    -121.21     39.49  ...             77100.0           INLAND
20637    -121.22     39.43  ...             92300.0           INLAND
20638    -121.32     39.43  ...             84700.0           INLAND
20639    -121.24     39.37  ...             89400.0           INLAND

[20640 rows x 10 columns]
[2025-10-20T18:44:09.476+0000] {taskinstance.py:1398} INFO - Marking task as SUCCESS. dag_id=Housing_Price_Prediction_Pipeline, task_id=load_data, execution_date=20251020T184407, start_date=20251020T184409, end_date=20251020T184409
[2025-10-20T18:44:09.508+0000] {local_task_job_runner.py:228} INFO - Task exited with return code 0
[2025-10-20T18:44:09.522+0000] {taskinstance.py:2776} INFO - 1 downstream tasks scheduled from follow-on schedule check
