[2025-10-20T18:44:10.343+0000] {taskinstance.py:1157} INFO - Dependencies all met for dep_context=non-requeueable deps ti=<TaskInstance: Housing_Price_Prediction_Pipeline.feature_engineering manual__2025-10-20T18:44:07.315918+00:00 [queued]>
[2025-10-20T18:44:10.346+0000] {taskinstance.py:1157} INFO - Dependencies all met for dep_context=requeueable deps ti=<TaskInstance: Housing_Price_Prediction_Pipeline.feature_engineering manual__2025-10-20T18:44:07.315918+00:00 [queued]>
[2025-10-20T18:44:10.346+0000] {taskinstance.py:1359} INFO - Starting attempt 1 of 2
[2025-10-20T18:44:10.351+0000] {taskinstance.py:1380} INFO - Executing <Task(PythonOperator): feature_engineering> on 2025-10-20 18:44:07.315918+00:00
[2025-10-20T18:44:10.355+0000] {standard_task_runner.py:57} INFO - Started process 181 to run task
[2025-10-20T18:44:10.358+0000] {standard_task_runner.py:84} INFO - Running: ['***', 'tasks', 'run', 'Housing_Price_Prediction_Pipeline', 'feature_engineering', 'manual__2025-10-20T18:44:07.315918+00:00', '--job-id', '6', '--raw', '--subdir', 'DAGS_FOLDER/housing_price_dag.py', '--cfg-path', '/tmp/tmploq11h7i']
[2025-10-20T18:44:10.359+0000] {standard_task_runner.py:85} INFO - Job 6: Subtask feature_engineering
[2025-10-20T18:44:10.378+0000] {task_command.py:415} INFO - Running <TaskInstance: Housing_Price_Prediction_Pipeline.feature_engineering manual__2025-10-20T18:44:07.315918+00:00 [running]> on host c02506775a14
[2025-10-20T18:44:10.397+0000] {taskinstance.py:1660} INFO - Exporting env vars: AIRFLOW_CTX_DAG_OWNER='pranav' AIRFLOW_CTX_DAG_ID='Housing_Price_Prediction_Pipeline' AIRFLOW_CTX_TASK_ID='feature_engineering' AIRFLOW_CTX_EXECUTION_DATE='2025-10-20T18:44:07.315918+00:00' AIRFLOW_CTX_TRY_NUMBER='1' AIRFLOW_CTX_DAG_RUN_ID='manual__2025-10-20T18:44:07.315918+00:00'
[2025-10-20T18:44:10.399+0000] {logging_mixin.py:151} INFO - Starting feature engineering...
[2025-10-20T18:44:10.409+0000] {logging_mixin.py:151} INFO - Missing values before cleaning: 207
[2025-10-20T18:44:10.411+0000] {logging_mixin.py:151} INFO - Missing values after cleaning: 0
[2025-10-20T18:44:10.412+0000] {logging_mixin.py:151} INFO - New features created: rooms_per_household, bedrooms_per_room, population_per_household
[2025-10-20T18:44:10.414+0000] {logging_mixin.py:151} INFO - Feature engineering completed! New shape: (20433, 16)
[2025-10-20T18:44:10.531+0000] {logging_mixin.py:151} INFO - Processed data saved!
[2025-10-20T18:44:10.531+0000] {python.py:194} INFO - Done. Returned value was:        longitude  ...  ocean_proximity_NEAR OCEAN
0        -122.23  ...                       False
1        -122.22  ...                       False
2        -122.24  ...                       False
3        -122.25  ...                       False
4        -122.25  ...                       False
...          ...  ...                         ...
20635    -121.09  ...                       False
20636    -121.21  ...                       False
20637    -121.22  ...                       False
20638    -121.32  ...                       False
20639    -121.24  ...                       False

[20433 rows x 16 columns]
[2025-10-20T18:44:10.659+0000] {taskinstance.py:1398} INFO - Marking task as SUCCESS. dag_id=Housing_Price_Prediction_Pipeline, task_id=feature_engineering, execution_date=20251020T184407, start_date=20251020T184410, end_date=20251020T184410
[2025-10-20T18:44:10.709+0000] {local_task_job_runner.py:228} INFO - Task exited with return code 0
[2025-10-20T18:44:10.727+0000] {taskinstance.py:2776} INFO - 1 downstream tasks scheduled from follow-on schedule check
