[2025-10-20T18:25:14.350+0000] {processor.py:157} INFO - Started process (PID=56) to work on /opt/airflow/dags/src/evaluate_model.py
[2025-10-20T18:25:14.352+0000] {processor.py:829} INFO - Processing file /opt/airflow/dags/src/evaluate_model.py for tasks to queue
[2025-10-20T18:25:14.356+0000] {logging_mixin.py:151} INFO - [2025-10-20T18:25:14.355+0000] {dagbag.py:539} INFO - Filling up the DagBag from /opt/airflow/dags/src/evaluate_model.py
[2025-10-20T18:25:15.814+0000] {logging_mixin.py:151} INFO - [2025-10-20T18:25:15.810+0000] {dagbag.py:347} ERROR - Failed to import: /opt/airflow/dags/src/evaluate_model.py
Traceback (most recent call last):
  File "/home/airflow/.local/lib/python3.8/site-packages/airflow/models/dagbag.py", line 343, in parse
    loader.exec_module(new_module)
  File "<frozen importlib._bootstrap_external>", line 843, in exec_module
  File "<frozen importlib._bootstrap>", line 219, in _call_with_frames_removed
  File "/opt/airflow/dags/src/evaluate_model.py", line 3, in <module>
    from sklearn.model_selection import train_test_split
ModuleNotFoundError: No module named 'sklearn'
[2025-10-20T18:25:15.815+0000] {processor.py:841} WARNING - No viable dags retrieved from /opt/airflow/dags/src/evaluate_model.py
[2025-10-20T18:25:15.842+0000] {processor.py:179} INFO - Processing /opt/airflow/dags/src/evaluate_model.py took 1.497 seconds
[2025-10-20T18:25:46.663+0000] {processor.py:157} INFO - Started process (PID=120) to work on /opt/airflow/dags/src/evaluate_model.py
[2025-10-20T18:25:46.664+0000] {processor.py:829} INFO - Processing file /opt/airflow/dags/src/evaluate_model.py for tasks to queue
[2025-10-20T18:25:46.665+0000] {logging_mixin.py:151} INFO - [2025-10-20T18:25:46.665+0000] {dagbag.py:539} INFO - Filling up the DagBag from /opt/airflow/dags/src/evaluate_model.py
[2025-10-20T18:25:46.904+0000] {logging_mixin.py:151} INFO - [2025-10-20T18:25:46.902+0000] {dagbag.py:347} ERROR - Failed to import: /opt/airflow/dags/src/evaluate_model.py
Traceback (most recent call last):
  File "/home/airflow/.local/lib/python3.8/site-packages/airflow/models/dagbag.py", line 343, in parse
    loader.exec_module(new_module)
  File "<frozen importlib._bootstrap_external>", line 843, in exec_module
  File "<frozen importlib._bootstrap>", line 219, in _call_with_frames_removed
  File "/opt/airflow/dags/src/evaluate_model.py", line 3, in <module>
    from sklearn.model_selection import train_test_split
ModuleNotFoundError: No module named 'sklearn'
[2025-10-20T18:25:46.905+0000] {processor.py:841} WARNING - No viable dags retrieved from /opt/airflow/dags/src/evaluate_model.py
[2025-10-20T18:25:46.929+0000] {processor.py:179} INFO - Processing /opt/airflow/dags/src/evaluate_model.py took 0.267 seconds
[2025-10-20T18:26:17.059+0000] {processor.py:157} INFO - Started process (PID=184) to work on /opt/airflow/dags/src/evaluate_model.py
[2025-10-20T18:26:17.060+0000] {processor.py:829} INFO - Processing file /opt/airflow/dags/src/evaluate_model.py for tasks to queue
[2025-10-20T18:26:17.062+0000] {logging_mixin.py:151} INFO - [2025-10-20T18:26:17.062+0000] {dagbag.py:539} INFO - Filling up the DagBag from /opt/airflow/dags/src/evaluate_model.py
[2025-10-20T18:26:17.202+0000] {logging_mixin.py:151} INFO - [2025-10-20T18:26:17.200+0000] {dagbag.py:347} ERROR - Failed to import: /opt/airflow/dags/src/evaluate_model.py
Traceback (most recent call last):
  File "/home/airflow/.local/lib/python3.8/site-packages/airflow/models/dagbag.py", line 343, in parse
    loader.exec_module(new_module)
  File "<frozen importlib._bootstrap_external>", line 843, in exec_module
  File "<frozen importlib._bootstrap>", line 219, in _call_with_frames_removed
  File "/opt/airflow/dags/src/evaluate_model.py", line 3, in <module>
    from sklearn.model_selection import train_test_split
ModuleNotFoundError: No module named 'sklearn'
[2025-10-20T18:26:17.203+0000] {processor.py:841} WARNING - No viable dags retrieved from /opt/airflow/dags/src/evaluate_model.py
[2025-10-20T18:26:17.216+0000] {processor.py:179} INFO - Processing /opt/airflow/dags/src/evaluate_model.py took 0.159 seconds
[2025-10-20T18:26:47.282+0000] {processor.py:157} INFO - Started process (PID=248) to work on /opt/airflow/dags/src/evaluate_model.py
[2025-10-20T18:26:47.285+0000] {processor.py:829} INFO - Processing file /opt/airflow/dags/src/evaluate_model.py for tasks to queue
[2025-10-20T18:26:47.288+0000] {logging_mixin.py:151} INFO - [2025-10-20T18:26:47.287+0000] {dagbag.py:539} INFO - Filling up the DagBag from /opt/airflow/dags/src/evaluate_model.py
[2025-10-20T18:26:47.454+0000] {logging_mixin.py:151} INFO - [2025-10-20T18:26:47.452+0000] {dagbag.py:347} ERROR - Failed to import: /opt/airflow/dags/src/evaluate_model.py
Traceback (most recent call last):
  File "/home/airflow/.local/lib/python3.8/site-packages/airflow/models/dagbag.py", line 343, in parse
    loader.exec_module(new_module)
  File "<frozen importlib._bootstrap_external>", line 843, in exec_module
  File "<frozen importlib._bootstrap>", line 219, in _call_with_frames_removed
  File "/opt/airflow/dags/src/evaluate_model.py", line 3, in <module>
    from sklearn.model_selection import train_test_split
ModuleNotFoundError: No module named 'sklearn'
[2025-10-20T18:26:47.456+0000] {processor.py:841} WARNING - No viable dags retrieved from /opt/airflow/dags/src/evaluate_model.py
[2025-10-20T18:26:47.468+0000] {processor.py:179} INFO - Processing /opt/airflow/dags/src/evaluate_model.py took 0.191 seconds
[2025-10-20T18:27:18.195+0000] {processor.py:157} INFO - Started process (PID=319) to work on /opt/airflow/dags/src/evaluate_model.py
[2025-10-20T18:27:18.200+0000] {processor.py:829} INFO - Processing file /opt/airflow/dags/src/evaluate_model.py for tasks to queue
[2025-10-20T18:27:18.203+0000] {logging_mixin.py:151} INFO - [2025-10-20T18:27:18.203+0000] {dagbag.py:539} INFO - Filling up the DagBag from /opt/airflow/dags/src/evaluate_model.py
[2025-10-20T18:27:18.376+0000] {logging_mixin.py:151} INFO - [2025-10-20T18:27:18.375+0000] {dagbag.py:347} ERROR - Failed to import: /opt/airflow/dags/src/evaluate_model.py
Traceback (most recent call last):
  File "/home/airflow/.local/lib/python3.8/site-packages/airflow/models/dagbag.py", line 343, in parse
    loader.exec_module(new_module)
  File "<frozen importlib._bootstrap_external>", line 843, in exec_module
  File "<frozen importlib._bootstrap>", line 219, in _call_with_frames_removed
  File "/opt/airflow/dags/src/evaluate_model.py", line 3, in <module>
    from sklearn.model_selection import train_test_split
ModuleNotFoundError: No module named 'sklearn'
[2025-10-20T18:27:18.376+0000] {processor.py:841} WARNING - No viable dags retrieved from /opt/airflow/dags/src/evaluate_model.py
[2025-10-20T18:27:18.386+0000] {processor.py:179} INFO - Processing /opt/airflow/dags/src/evaluate_model.py took 0.196 seconds
[2025-10-20T18:27:49.153+0000] {processor.py:157} INFO - Started process (PID=383) to work on /opt/airflow/dags/src/evaluate_model.py
[2025-10-20T18:27:49.153+0000] {processor.py:829} INFO - Processing file /opt/airflow/dags/src/evaluate_model.py for tasks to queue
[2025-10-20T18:27:49.155+0000] {logging_mixin.py:151} INFO - [2025-10-20T18:27:49.155+0000] {dagbag.py:539} INFO - Filling up the DagBag from /opt/airflow/dags/src/evaluate_model.py
[2025-10-20T18:27:49.275+0000] {logging_mixin.py:151} INFO - [2025-10-20T18:27:49.274+0000] {dagbag.py:347} ERROR - Failed to import: /opt/airflow/dags/src/evaluate_model.py
Traceback (most recent call last):
  File "/home/airflow/.local/lib/python3.8/site-packages/airflow/models/dagbag.py", line 343, in parse
    loader.exec_module(new_module)
  File "<frozen importlib._bootstrap_external>", line 843, in exec_module
  File "<frozen importlib._bootstrap>", line 219, in _call_with_frames_removed
  File "/opt/airflow/dags/src/evaluate_model.py", line 3, in <module>
    from sklearn.model_selection import train_test_split
ModuleNotFoundError: No module named 'sklearn'
[2025-10-20T18:27:49.275+0000] {processor.py:841} WARNING - No viable dags retrieved from /opt/airflow/dags/src/evaluate_model.py
[2025-10-20T18:27:49.287+0000] {processor.py:179} INFO - Processing /opt/airflow/dags/src/evaluate_model.py took 0.137 seconds
[2025-10-20T18:28:19.834+0000] {processor.py:157} INFO - Started process (PID=447) to work on /opt/airflow/dags/src/evaluate_model.py
[2025-10-20T18:28:19.835+0000] {processor.py:829} INFO - Processing file /opt/airflow/dags/src/evaluate_model.py for tasks to queue
[2025-10-20T18:28:19.837+0000] {logging_mixin.py:151} INFO - [2025-10-20T18:28:19.837+0000] {dagbag.py:539} INFO - Filling up the DagBag from /opt/airflow/dags/src/evaluate_model.py
[2025-10-20T18:28:19.953+0000] {logging_mixin.py:151} INFO - [2025-10-20T18:28:19.953+0000] {dagbag.py:347} ERROR - Failed to import: /opt/airflow/dags/src/evaluate_model.py
Traceback (most recent call last):
  File "/home/airflow/.local/lib/python3.8/site-packages/airflow/models/dagbag.py", line 343, in parse
    loader.exec_module(new_module)
  File "<frozen importlib._bootstrap_external>", line 843, in exec_module
  File "<frozen importlib._bootstrap>", line 219, in _call_with_frames_removed
  File "/opt/airflow/dags/src/evaluate_model.py", line 3, in <module>
    from sklearn.model_selection import train_test_split
ModuleNotFoundError: No module named 'sklearn'
[2025-10-20T18:28:19.954+0000] {processor.py:841} WARNING - No viable dags retrieved from /opt/airflow/dags/src/evaluate_model.py
[2025-10-20T18:28:19.962+0000] {processor.py:179} INFO - Processing /opt/airflow/dags/src/evaluate_model.py took 0.131 seconds
[2025-10-20T18:28:50.746+0000] {processor.py:157} INFO - Started process (PID=510) to work on /opt/airflow/dags/src/evaluate_model.py
[2025-10-20T18:28:50.746+0000] {processor.py:829} INFO - Processing file /opt/airflow/dags/src/evaluate_model.py for tasks to queue
[2025-10-20T18:28:50.748+0000] {logging_mixin.py:151} INFO - [2025-10-20T18:28:50.748+0000] {dagbag.py:539} INFO - Filling up the DagBag from /opt/airflow/dags/src/evaluate_model.py
[2025-10-20T18:28:50.859+0000] {logging_mixin.py:151} INFO - [2025-10-20T18:28:50.858+0000] {dagbag.py:347} ERROR - Failed to import: /opt/airflow/dags/src/evaluate_model.py
Traceback (most recent call last):
  File "/home/airflow/.local/lib/python3.8/site-packages/airflow/models/dagbag.py", line 343, in parse
    loader.exec_module(new_module)
  File "<frozen importlib._bootstrap_external>", line 843, in exec_module
  File "<frozen importlib._bootstrap>", line 219, in _call_with_frames_removed
  File "/opt/airflow/dags/src/evaluate_model.py", line 3, in <module>
    from sklearn.model_selection import train_test_split
ModuleNotFoundError: No module named 'sklearn'
[2025-10-20T18:28:50.859+0000] {processor.py:841} WARNING - No viable dags retrieved from /opt/airflow/dags/src/evaluate_model.py
[2025-10-20T18:28:50.869+0000] {processor.py:179} INFO - Processing /opt/airflow/dags/src/evaluate_model.py took 0.125 seconds
[2025-10-20T18:29:43.920+0000] {processor.py:157} INFO - Started process (PID=37) to work on /opt/airflow/dags/src/evaluate_model.py
[2025-10-20T18:29:43.923+0000] {processor.py:829} INFO - Processing file /opt/airflow/dags/src/evaluate_model.py for tasks to queue
[2025-10-20T18:29:43.925+0000] {logging_mixin.py:151} INFO - [2025-10-20T18:29:43.925+0000] {dagbag.py:539} INFO - Filling up the DagBag from /opt/airflow/dags/src/evaluate_model.py
[2025-10-20T18:29:44.520+0000] {logging_mixin.py:151} INFO - [2025-10-20T18:29:44.519+0000] {dagbag.py:347} ERROR - Failed to import: /opt/airflow/dags/src/evaluate_model.py
Traceback (most recent call last):
  File "/home/airflow/.local/lib/python3.8/site-packages/airflow/models/dagbag.py", line 343, in parse
    loader.exec_module(new_module)
  File "<frozen importlib._bootstrap_external>", line 843, in exec_module
  File "<frozen importlib._bootstrap>", line 219, in _call_with_frames_removed
  File "/opt/airflow/dags/src/evaluate_model.py", line 3, in <module>
    from sklearn.model_selection import train_test_split
ModuleNotFoundError: No module named 'sklearn'
[2025-10-20T18:29:44.520+0000] {processor.py:841} WARNING - No viable dags retrieved from /opt/airflow/dags/src/evaluate_model.py
[2025-10-20T18:29:44.532+0000] {processor.py:179} INFO - Processing /opt/airflow/dags/src/evaluate_model.py took 0.614 seconds
[2025-10-20T18:30:15.048+0000] {processor.py:157} INFO - Started process (PID=108) to work on /opt/airflow/dags/src/evaluate_model.py
[2025-10-20T18:30:15.049+0000] {processor.py:829} INFO - Processing file /opt/airflow/dags/src/evaluate_model.py for tasks to queue
[2025-10-20T18:30:15.052+0000] {logging_mixin.py:151} INFO - [2025-10-20T18:30:15.051+0000] {dagbag.py:539} INFO - Filling up the DagBag from /opt/airflow/dags/src/evaluate_model.py
[2025-10-20T18:30:15.189+0000] {logging_mixin.py:151} INFO - [2025-10-20T18:30:15.188+0000] {dagbag.py:347} ERROR - Failed to import: /opt/airflow/dags/src/evaluate_model.py
Traceback (most recent call last):
  File "/home/airflow/.local/lib/python3.8/site-packages/airflow/models/dagbag.py", line 343, in parse
    loader.exec_module(new_module)
  File "<frozen importlib._bootstrap_external>", line 843, in exec_module
  File "<frozen importlib._bootstrap>", line 219, in _call_with_frames_removed
  File "/opt/airflow/dags/src/evaluate_model.py", line 3, in <module>
    from sklearn.model_selection import train_test_split
ModuleNotFoundError: No module named 'sklearn'
[2025-10-20T18:30:15.191+0000] {processor.py:841} WARNING - No viable dags retrieved from /opt/airflow/dags/src/evaluate_model.py
[2025-10-20T18:30:15.204+0000] {processor.py:179} INFO - Processing /opt/airflow/dags/src/evaluate_model.py took 0.160 seconds
[2025-10-20T18:30:46.087+0000] {processor.py:157} INFO - Started process (PID=172) to work on /opt/airflow/dags/src/evaluate_model.py
[2025-10-20T18:30:46.088+0000] {processor.py:829} INFO - Processing file /opt/airflow/dags/src/evaluate_model.py for tasks to queue
[2025-10-20T18:30:46.090+0000] {logging_mixin.py:151} INFO - [2025-10-20T18:30:46.090+0000] {dagbag.py:539} INFO - Filling up the DagBag from /opt/airflow/dags/src/evaluate_model.py
[2025-10-20T18:30:46.241+0000] {logging_mixin.py:151} INFO - [2025-10-20T18:30:46.239+0000] {dagbag.py:347} ERROR - Failed to import: /opt/airflow/dags/src/evaluate_model.py
Traceback (most recent call last):
  File "/home/airflow/.local/lib/python3.8/site-packages/airflow/models/dagbag.py", line 343, in parse
    loader.exec_module(new_module)
  File "<frozen importlib._bootstrap_external>", line 843, in exec_module
  File "<frozen importlib._bootstrap>", line 219, in _call_with_frames_removed
  File "/opt/airflow/dags/src/evaluate_model.py", line 3, in <module>
    from sklearn.model_selection import train_test_split
ModuleNotFoundError: No module named 'sklearn'
[2025-10-20T18:30:46.241+0000] {processor.py:841} WARNING - No viable dags retrieved from /opt/airflow/dags/src/evaluate_model.py
[2025-10-20T18:30:46.255+0000] {processor.py:179} INFO - Processing /opt/airflow/dags/src/evaluate_model.py took 0.170 seconds
[2025-10-20T18:31:17.220+0000] {processor.py:157} INFO - Started process (PID=236) to work on /opt/airflow/dags/src/evaluate_model.py
[2025-10-20T18:31:17.220+0000] {processor.py:829} INFO - Processing file /opt/airflow/dags/src/evaluate_model.py for tasks to queue
[2025-10-20T18:31:17.222+0000] {logging_mixin.py:151} INFO - [2025-10-20T18:31:17.222+0000] {dagbag.py:539} INFO - Filling up the DagBag from /opt/airflow/dags/src/evaluate_model.py
[2025-10-20T18:31:17.340+0000] {logging_mixin.py:151} INFO - [2025-10-20T18:31:17.339+0000] {dagbag.py:347} ERROR - Failed to import: /opt/airflow/dags/src/evaluate_model.py
Traceback (most recent call last):
  File "/home/airflow/.local/lib/python3.8/site-packages/airflow/models/dagbag.py", line 343, in parse
    loader.exec_module(new_module)
  File "<frozen importlib._bootstrap_external>", line 843, in exec_module
  File "<frozen importlib._bootstrap>", line 219, in _call_with_frames_removed
  File "/opt/airflow/dags/src/evaluate_model.py", line 3, in <module>
    from sklearn.model_selection import train_test_split
ModuleNotFoundError: No module named 'sklearn'
[2025-10-20T18:31:17.341+0000] {processor.py:841} WARNING - No viable dags retrieved from /opt/airflow/dags/src/evaluate_model.py
[2025-10-20T18:31:17.352+0000] {processor.py:179} INFO - Processing /opt/airflow/dags/src/evaluate_model.py took 0.134 seconds
[2025-10-20T18:31:47.507+0000] {processor.py:157} INFO - Started process (PID=300) to work on /opt/airflow/dags/src/evaluate_model.py
[2025-10-20T18:31:47.510+0000] {processor.py:829} INFO - Processing file /opt/airflow/dags/src/evaluate_model.py for tasks to queue
[2025-10-20T18:31:47.512+0000] {logging_mixin.py:151} INFO - [2025-10-20T18:31:47.512+0000] {dagbag.py:539} INFO - Filling up the DagBag from /opt/airflow/dags/src/evaluate_model.py
[2025-10-20T18:31:47.648+0000] {logging_mixin.py:151} INFO - [2025-10-20T18:31:47.646+0000] {dagbag.py:347} ERROR - Failed to import: /opt/airflow/dags/src/evaluate_model.py
Traceback (most recent call last):
  File "/home/airflow/.local/lib/python3.8/site-packages/airflow/models/dagbag.py", line 343, in parse
    loader.exec_module(new_module)
  File "<frozen importlib._bootstrap_external>", line 843, in exec_module
  File "<frozen importlib._bootstrap>", line 219, in _call_with_frames_removed
  File "/opt/airflow/dags/src/evaluate_model.py", line 3, in <module>
    from sklearn.model_selection import train_test_split
ModuleNotFoundError: No module named 'sklearn'
[2025-10-20T18:31:47.648+0000] {processor.py:841} WARNING - No viable dags retrieved from /opt/airflow/dags/src/evaluate_model.py
[2025-10-20T18:31:47.660+0000] {processor.py:179} INFO - Processing /opt/airflow/dags/src/evaluate_model.py took 0.156 seconds
[2025-10-20T18:32:18.486+0000] {processor.py:157} INFO - Started process (PID=364) to work on /opt/airflow/dags/src/evaluate_model.py
[2025-10-20T18:32:18.488+0000] {processor.py:829} INFO - Processing file /opt/airflow/dags/src/evaluate_model.py for tasks to queue
[2025-10-20T18:32:18.489+0000] {logging_mixin.py:151} INFO - [2025-10-20T18:32:18.489+0000] {dagbag.py:539} INFO - Filling up the DagBag from /opt/airflow/dags/src/evaluate_model.py
[2025-10-20T18:32:18.653+0000] {logging_mixin.py:151} INFO - [2025-10-20T18:32:18.650+0000] {dagbag.py:347} ERROR - Failed to import: /opt/airflow/dags/src/evaluate_model.py
Traceback (most recent call last):
  File "/home/airflow/.local/lib/python3.8/site-packages/airflow/models/dagbag.py", line 343, in parse
    loader.exec_module(new_module)
  File "<frozen importlib._bootstrap_external>", line 843, in exec_module
  File "<frozen importlib._bootstrap>", line 219, in _call_with_frames_removed
  File "/opt/airflow/dags/src/evaluate_model.py", line 3, in <module>
    from sklearn.model_selection import train_test_split
ModuleNotFoundError: No module named 'sklearn'
[2025-10-20T18:32:18.653+0000] {processor.py:841} WARNING - No viable dags retrieved from /opt/airflow/dags/src/evaluate_model.py
[2025-10-20T18:32:18.663+0000] {processor.py:179} INFO - Processing /opt/airflow/dags/src/evaluate_model.py took 0.182 seconds
[2025-10-20T18:33:13.008+0000] {processor.py:157} INFO - Started process (PID=44) to work on /opt/airflow/dags/src/evaluate_model.py
[2025-10-20T18:33:13.013+0000] {processor.py:829} INFO - Processing file /opt/airflow/dags/src/evaluate_model.py for tasks to queue
[2025-10-20T18:33:13.016+0000] {logging_mixin.py:151} INFO - [2025-10-20T18:33:13.016+0000] {dagbag.py:539} INFO - Filling up the DagBag from /opt/airflow/dags/src/evaluate_model.py
[2025-10-20T18:33:13.809+0000] {logging_mixin.py:151} INFO - [2025-10-20T18:33:13.808+0000] {dagbag.py:347} ERROR - Failed to import: /opt/airflow/dags/src/evaluate_model.py
Traceback (most recent call last):
  File "/home/airflow/.local/lib/python3.8/site-packages/airflow/models/dagbag.py", line 343, in parse
    loader.exec_module(new_module)
  File "<frozen importlib._bootstrap_external>", line 843, in exec_module
  File "<frozen importlib._bootstrap>", line 219, in _call_with_frames_removed
  File "/opt/airflow/dags/src/evaluate_model.py", line 3, in <module>
    from sklearn.model_selection import train_test_split
ModuleNotFoundError: No module named 'sklearn'
[2025-10-20T18:33:13.810+0000] {processor.py:841} WARNING - No viable dags retrieved from /opt/airflow/dags/src/evaluate_model.py
[2025-10-20T18:33:13.816+0000] {processor.py:179} INFO - Processing /opt/airflow/dags/src/evaluate_model.py took 0.810 seconds
[2025-10-20T18:33:44.369+0000] {processor.py:157} INFO - Started process (PID=108) to work on /opt/airflow/dags/src/evaluate_model.py
[2025-10-20T18:33:44.370+0000] {processor.py:829} INFO - Processing file /opt/airflow/dags/src/evaluate_model.py for tasks to queue
[2025-10-20T18:33:44.372+0000] {logging_mixin.py:151} INFO - [2025-10-20T18:33:44.372+0000] {dagbag.py:539} INFO - Filling up the DagBag from /opt/airflow/dags/src/evaluate_model.py
[2025-10-20T18:33:44.531+0000] {logging_mixin.py:151} INFO - [2025-10-20T18:33:44.529+0000] {dagbag.py:347} ERROR - Failed to import: /opt/airflow/dags/src/evaluate_model.py
Traceback (most recent call last):
  File "/home/airflow/.local/lib/python3.8/site-packages/airflow/models/dagbag.py", line 343, in parse
    loader.exec_module(new_module)
  File "<frozen importlib._bootstrap_external>", line 843, in exec_module
  File "<frozen importlib._bootstrap>", line 219, in _call_with_frames_removed
  File "/opt/airflow/dags/src/evaluate_model.py", line 3, in <module>
    from sklearn.model_selection import train_test_split
ModuleNotFoundError: No module named 'sklearn'
[2025-10-20T18:33:44.532+0000] {processor.py:841} WARNING - No viable dags retrieved from /opt/airflow/dags/src/evaluate_model.py
[2025-10-20T18:33:44.552+0000] {processor.py:179} INFO - Processing /opt/airflow/dags/src/evaluate_model.py took 0.185 seconds
[2025-10-20T18:34:15.411+0000] {processor.py:157} INFO - Started process (PID=172) to work on /opt/airflow/dags/src/evaluate_model.py
[2025-10-20T18:34:15.413+0000] {processor.py:829} INFO - Processing file /opt/airflow/dags/src/evaluate_model.py for tasks to queue
[2025-10-20T18:34:15.415+0000] {logging_mixin.py:151} INFO - [2025-10-20T18:34:15.415+0000] {dagbag.py:539} INFO - Filling up the DagBag from /opt/airflow/dags/src/evaluate_model.py
[2025-10-20T18:34:15.552+0000] {logging_mixin.py:151} INFO - [2025-10-20T18:34:15.550+0000] {dagbag.py:347} ERROR - Failed to import: /opt/airflow/dags/src/evaluate_model.py
Traceback (most recent call last):
  File "/home/airflow/.local/lib/python3.8/site-packages/airflow/models/dagbag.py", line 343, in parse
    loader.exec_module(new_module)
  File "<frozen importlib._bootstrap_external>", line 843, in exec_module
  File "<frozen importlib._bootstrap>", line 219, in _call_with_frames_removed
  File "/opt/airflow/dags/src/evaluate_model.py", line 3, in <module>
    from sklearn.model_selection import train_test_split
ModuleNotFoundError: No module named 'sklearn'
[2025-10-20T18:34:15.552+0000] {processor.py:841} WARNING - No viable dags retrieved from /opt/airflow/dags/src/evaluate_model.py
[2025-10-20T18:34:15.561+0000] {processor.py:179} INFO - Processing /opt/airflow/dags/src/evaluate_model.py took 0.151 seconds
[2025-10-20T18:34:46.332+0000] {processor.py:157} INFO - Started process (PID=236) to work on /opt/airflow/dags/src/evaluate_model.py
[2025-10-20T18:34:46.334+0000] {processor.py:829} INFO - Processing file /opt/airflow/dags/src/evaluate_model.py for tasks to queue
[2025-10-20T18:34:46.336+0000] {logging_mixin.py:151} INFO - [2025-10-20T18:34:46.336+0000] {dagbag.py:539} INFO - Filling up the DagBag from /opt/airflow/dags/src/evaluate_model.py
[2025-10-20T18:34:46.471+0000] {logging_mixin.py:151} INFO - [2025-10-20T18:34:46.470+0000] {dagbag.py:347} ERROR - Failed to import: /opt/airflow/dags/src/evaluate_model.py
Traceback (most recent call last):
  File "/home/airflow/.local/lib/python3.8/site-packages/airflow/models/dagbag.py", line 343, in parse
    loader.exec_module(new_module)
  File "<frozen importlib._bootstrap_external>", line 843, in exec_module
  File "<frozen importlib._bootstrap>", line 219, in _call_with_frames_removed
  File "/opt/airflow/dags/src/evaluate_model.py", line 3, in <module>
    from sklearn.model_selection import train_test_split
ModuleNotFoundError: No module named 'sklearn'
[2025-10-20T18:34:46.472+0000] {processor.py:841} WARNING - No viable dags retrieved from /opt/airflow/dags/src/evaluate_model.py
[2025-10-20T18:34:46.482+0000] {processor.py:179} INFO - Processing /opt/airflow/dags/src/evaluate_model.py took 0.152 seconds
[2025-10-20T18:35:17.514+0000] {processor.py:157} INFO - Started process (PID=300) to work on /opt/airflow/dags/src/evaluate_model.py
[2025-10-20T18:35:17.515+0000] {processor.py:829} INFO - Processing file /opt/airflow/dags/src/evaluate_model.py for tasks to queue
[2025-10-20T18:35:17.518+0000] {logging_mixin.py:151} INFO - [2025-10-20T18:35:17.517+0000] {dagbag.py:539} INFO - Filling up the DagBag from /opt/airflow/dags/src/evaluate_model.py
[2025-10-20T18:35:17.653+0000] {logging_mixin.py:151} INFO - [2025-10-20T18:35:17.652+0000] {dagbag.py:347} ERROR - Failed to import: /opt/airflow/dags/src/evaluate_model.py
Traceback (most recent call last):
  File "/home/airflow/.local/lib/python3.8/site-packages/airflow/models/dagbag.py", line 343, in parse
    loader.exec_module(new_module)
  File "<frozen importlib._bootstrap_external>", line 843, in exec_module
  File "<frozen importlib._bootstrap>", line 219, in _call_with_frames_removed
  File "/opt/airflow/dags/src/evaluate_model.py", line 3, in <module>
    from sklearn.model_selection import train_test_split
ModuleNotFoundError: No module named 'sklearn'
[2025-10-20T18:35:17.654+0000] {processor.py:841} WARNING - No viable dags retrieved from /opt/airflow/dags/src/evaluate_model.py
[2025-10-20T18:35:17.665+0000] {processor.py:179} INFO - Processing /opt/airflow/dags/src/evaluate_model.py took 0.155 seconds
[2025-10-20T18:35:48.677+0000] {processor.py:157} INFO - Started process (PID=371) to work on /opt/airflow/dags/src/evaluate_model.py
[2025-10-20T18:35:48.681+0000] {processor.py:829} INFO - Processing file /opt/airflow/dags/src/evaluate_model.py for tasks to queue
[2025-10-20T18:35:48.682+0000] {logging_mixin.py:151} INFO - [2025-10-20T18:35:48.682+0000] {dagbag.py:539} INFO - Filling up the DagBag from /opt/airflow/dags/src/evaluate_model.py
[2025-10-20T18:35:48.816+0000] {logging_mixin.py:151} INFO - [2025-10-20T18:35:48.815+0000] {dagbag.py:347} ERROR - Failed to import: /opt/airflow/dags/src/evaluate_model.py
Traceback (most recent call last):
  File "/home/airflow/.local/lib/python3.8/site-packages/airflow/models/dagbag.py", line 343, in parse
    loader.exec_module(new_module)
  File "<frozen importlib._bootstrap_external>", line 843, in exec_module
  File "<frozen importlib._bootstrap>", line 219, in _call_with_frames_removed
  File "/opt/airflow/dags/src/evaluate_model.py", line 3, in <module>
    from sklearn.model_selection import train_test_split
ModuleNotFoundError: No module named 'sklearn'
[2025-10-20T18:35:48.816+0000] {processor.py:841} WARNING - No viable dags retrieved from /opt/airflow/dags/src/evaluate_model.py
[2025-10-20T18:35:48.828+0000] {processor.py:179} INFO - Processing /opt/airflow/dags/src/evaluate_model.py took 0.153 seconds
[2025-10-20T18:36:46.333+0000] {processor.py:157} INFO - Started process (PID=37) to work on /opt/airflow/dags/src/evaluate_model.py
[2025-10-20T18:36:46.338+0000] {processor.py:829} INFO - Processing file /opt/airflow/dags/src/evaluate_model.py for tasks to queue
[2025-10-20T18:36:46.343+0000] {logging_mixin.py:151} INFO - [2025-10-20T18:36:46.343+0000] {dagbag.py:539} INFO - Filling up the DagBag from /opt/airflow/dags/src/evaluate_model.py
[2025-10-20T18:36:47.322+0000] {logging_mixin.py:151} INFO - [2025-10-20T18:36:47.321+0000] {dagbag.py:347} ERROR - Failed to import: /opt/airflow/dags/src/evaluate_model.py
Traceback (most recent call last):
  File "/home/airflow/.local/lib/python3.8/site-packages/airflow/models/dagbag.py", line 343, in parse
    loader.exec_module(new_module)
  File "<frozen importlib._bootstrap_external>", line 843, in exec_module
  File "<frozen importlib._bootstrap>", line 219, in _call_with_frames_removed
  File "/opt/airflow/dags/src/evaluate_model.py", line 3, in <module>
    from sklearn.model_selection import train_test_split
ModuleNotFoundError: No module named 'sklearn'
[2025-10-20T18:36:47.323+0000] {processor.py:841} WARNING - No viable dags retrieved from /opt/airflow/dags/src/evaluate_model.py
[2025-10-20T18:36:47.340+0000] {processor.py:179} INFO - Processing /opt/airflow/dags/src/evaluate_model.py took 1.010 seconds
[2025-10-20T18:37:18.217+0000] {processor.py:157} INFO - Started process (PID=108) to work on /opt/airflow/dags/src/evaluate_model.py
[2025-10-20T18:37:18.218+0000] {processor.py:829} INFO - Processing file /opt/airflow/dags/src/evaluate_model.py for tasks to queue
[2025-10-20T18:37:18.220+0000] {logging_mixin.py:151} INFO - [2025-10-20T18:37:18.220+0000] {dagbag.py:539} INFO - Filling up the DagBag from /opt/airflow/dags/src/evaluate_model.py
[2025-10-20T18:37:18.493+0000] {logging_mixin.py:151} INFO - [2025-10-20T18:37:18.491+0000] {dagbag.py:347} ERROR - Failed to import: /opt/airflow/dags/src/evaluate_model.py
Traceback (most recent call last):
  File "/home/airflow/.local/lib/python3.8/site-packages/airflow/models/dagbag.py", line 343, in parse
    loader.exec_module(new_module)
  File "<frozen importlib._bootstrap_external>", line 843, in exec_module
  File "<frozen importlib._bootstrap>", line 219, in _call_with_frames_removed
  File "/opt/airflow/dags/src/evaluate_model.py", line 3, in <module>
    from sklearn.model_selection import train_test_split
ModuleNotFoundError: No module named 'sklearn'
[2025-10-20T18:37:18.493+0000] {processor.py:841} WARNING - No viable dags retrieved from /opt/airflow/dags/src/evaluate_model.py
[2025-10-20T18:37:18.508+0000] {processor.py:179} INFO - Processing /opt/airflow/dags/src/evaluate_model.py took 0.293 seconds
[2025-10-20T18:37:49.291+0000] {processor.py:157} INFO - Started process (PID=172) to work on /opt/airflow/dags/src/evaluate_model.py
[2025-10-20T18:37:49.291+0000] {processor.py:829} INFO - Processing file /opt/airflow/dags/src/evaluate_model.py for tasks to queue
[2025-10-20T18:37:49.293+0000] {logging_mixin.py:151} INFO - [2025-10-20T18:37:49.293+0000] {dagbag.py:539} INFO - Filling up the DagBag from /opt/airflow/dags/src/evaluate_model.py
[2025-10-20T18:37:49.449+0000] {logging_mixin.py:151} INFO - [2025-10-20T18:37:49.447+0000] {dagbag.py:347} ERROR - Failed to import: /opt/airflow/dags/src/evaluate_model.py
Traceback (most recent call last):
  File "/home/airflow/.local/lib/python3.8/site-packages/airflow/models/dagbag.py", line 343, in parse
    loader.exec_module(new_module)
  File "<frozen importlib._bootstrap_external>", line 843, in exec_module
  File "<frozen importlib._bootstrap>", line 219, in _call_with_frames_removed
  File "/opt/airflow/dags/src/evaluate_model.py", line 3, in <module>
    from sklearn.model_selection import train_test_split
ModuleNotFoundError: No module named 'sklearn'
[2025-10-20T18:37:49.449+0000] {processor.py:841} WARNING - No viable dags retrieved from /opt/airflow/dags/src/evaluate_model.py
[2025-10-20T18:37:49.457+0000] {processor.py:179} INFO - Processing /opt/airflow/dags/src/evaluate_model.py took 0.169 seconds
[2025-10-20T18:38:20.209+0000] {processor.py:157} INFO - Started process (PID=236) to work on /opt/airflow/dags/src/evaluate_model.py
[2025-10-20T18:38:20.211+0000] {processor.py:829} INFO - Processing file /opt/airflow/dags/src/evaluate_model.py for tasks to queue
[2025-10-20T18:38:20.213+0000] {logging_mixin.py:151} INFO - [2025-10-20T18:38:20.212+0000] {dagbag.py:539} INFO - Filling up the DagBag from /opt/airflow/dags/src/evaluate_model.py
[2025-10-20T18:38:20.395+0000] {logging_mixin.py:151} INFO - [2025-10-20T18:38:20.394+0000] {dagbag.py:347} ERROR - Failed to import: /opt/airflow/dags/src/evaluate_model.py
Traceback (most recent call last):
  File "/home/airflow/.local/lib/python3.8/site-packages/airflow/models/dagbag.py", line 343, in parse
    loader.exec_module(new_module)
  File "<frozen importlib._bootstrap_external>", line 843, in exec_module
  File "<frozen importlib._bootstrap>", line 219, in _call_with_frames_removed
  File "/opt/airflow/dags/src/evaluate_model.py", line 3, in <module>
    from sklearn.model_selection import train_test_split
ModuleNotFoundError: No module named 'sklearn'
[2025-10-20T18:38:20.395+0000] {processor.py:841} WARNING - No viable dags retrieved from /opt/airflow/dags/src/evaluate_model.py
[2025-10-20T18:38:20.412+0000] {processor.py:179} INFO - Processing /opt/airflow/dags/src/evaluate_model.py took 0.205 seconds
[2025-10-20T18:38:50.427+0000] {processor.py:157} INFO - Started process (PID=298) to work on /opt/airflow/dags/src/evaluate_model.py
[2025-10-20T18:38:50.428+0000] {processor.py:829} INFO - Processing file /opt/airflow/dags/src/evaluate_model.py for tasks to queue
[2025-10-20T18:38:50.430+0000] {logging_mixin.py:151} INFO - [2025-10-20T18:38:50.430+0000] {dagbag.py:539} INFO - Filling up the DagBag from /opt/airflow/dags/src/evaluate_model.py
[2025-10-20T18:38:50.577+0000] {logging_mixin.py:151} INFO - [2025-10-20T18:38:50.575+0000] {dagbag.py:347} ERROR - Failed to import: /opt/airflow/dags/src/evaluate_model.py
Traceback (most recent call last):
  File "/home/airflow/.local/lib/python3.8/site-packages/airflow/models/dagbag.py", line 343, in parse
    loader.exec_module(new_module)
  File "<frozen importlib._bootstrap_external>", line 843, in exec_module
  File "<frozen importlib._bootstrap>", line 219, in _call_with_frames_removed
  File "/opt/airflow/dags/src/evaluate_model.py", line 3, in <module>
    from sklearn.model_selection import train_test_split
ModuleNotFoundError: No module named 'sklearn'
[2025-10-20T18:38:50.577+0000] {processor.py:841} WARNING - No viable dags retrieved from /opt/airflow/dags/src/evaluate_model.py
[2025-10-20T18:38:50.589+0000] {processor.py:179} INFO - Processing /opt/airflow/dags/src/evaluate_model.py took 0.164 seconds
[2025-10-20T18:39:21.391+0000] {processor.py:157} INFO - Started process (PID=363) to work on /opt/airflow/dags/src/evaluate_model.py
[2025-10-20T18:39:21.392+0000] {processor.py:829} INFO - Processing file /opt/airflow/dags/src/evaluate_model.py for tasks to queue
[2025-10-20T18:39:21.394+0000] {logging_mixin.py:151} INFO - [2025-10-20T18:39:21.394+0000] {dagbag.py:539} INFO - Filling up the DagBag from /opt/airflow/dags/src/evaluate_model.py
[2025-10-20T18:39:21.548+0000] {logging_mixin.py:151} INFO - [2025-10-20T18:39:21.546+0000] {dagbag.py:347} ERROR - Failed to import: /opt/airflow/dags/src/evaluate_model.py
Traceback (most recent call last):
  File "/home/airflow/.local/lib/python3.8/site-packages/airflow/models/dagbag.py", line 343, in parse
    loader.exec_module(new_module)
  File "<frozen importlib._bootstrap_external>", line 843, in exec_module
  File "<frozen importlib._bootstrap>", line 219, in _call_with_frames_removed
  File "/opt/airflow/dags/src/evaluate_model.py", line 3, in <module>
    from sklearn.model_selection import train_test_split
ModuleNotFoundError: No module named 'sklearn'
[2025-10-20T18:39:21.548+0000] {processor.py:841} WARNING - No viable dags retrieved from /opt/airflow/dags/src/evaluate_model.py
[2025-10-20T18:39:21.562+0000] {processor.py:179} INFO - Processing /opt/airflow/dags/src/evaluate_model.py took 0.173 seconds
[2025-10-20T18:40:45.863+0000] {processor.py:157} INFO - Started process (PID=86) to work on /opt/airflow/dags/src/evaluate_model.py
[2025-10-20T18:40:45.864+0000] {processor.py:829} INFO - Processing file /opt/airflow/dags/src/evaluate_model.py for tasks to queue
[2025-10-20T18:40:45.865+0000] {logging_mixin.py:151} INFO - [2025-10-20T18:40:45.865+0000] {dagbag.py:539} INFO - Filling up the DagBag from /opt/airflow/dags/src/evaluate_model.py
[2025-10-20T18:40:47.080+0000] {processor.py:841} WARNING - No viable dags retrieved from /opt/airflow/dags/src/evaluate_model.py
[2025-10-20T18:40:47.111+0000] {processor.py:179} INFO - Processing /opt/airflow/dags/src/evaluate_model.py took 1.250 seconds
[2025-10-20T18:41:17.236+0000] {processor.py:157} INFO - Started process (PID=176) to work on /opt/airflow/dags/src/evaluate_model.py
[2025-10-20T18:41:17.237+0000] {processor.py:829} INFO - Processing file /opt/airflow/dags/src/evaluate_model.py for tasks to queue
[2025-10-20T18:41:17.240+0000] {logging_mixin.py:151} INFO - [2025-10-20T18:41:17.239+0000] {dagbag.py:539} INFO - Filling up the DagBag from /opt/airflow/dags/src/evaluate_model.py
[2025-10-20T18:41:17.659+0000] {processor.py:841} WARNING - No viable dags retrieved from /opt/airflow/dags/src/evaluate_model.py
[2025-10-20T18:41:17.664+0000] {processor.py:179} INFO - Processing /opt/airflow/dags/src/evaluate_model.py took 0.432 seconds
[2025-10-20T18:41:48.058+0000] {processor.py:157} INFO - Started process (PID=267) to work on /opt/airflow/dags/src/evaluate_model.py
[2025-10-20T18:41:48.060+0000] {processor.py:829} INFO - Processing file /opt/airflow/dags/src/evaluate_model.py for tasks to queue
[2025-10-20T18:41:48.063+0000] {logging_mixin.py:151} INFO - [2025-10-20T18:41:48.063+0000] {dagbag.py:539} INFO - Filling up the DagBag from /opt/airflow/dags/src/evaluate_model.py
[2025-10-20T18:41:48.487+0000] {processor.py:841} WARNING - No viable dags retrieved from /opt/airflow/dags/src/evaluate_model.py
[2025-10-20T18:41:48.491+0000] {processor.py:179} INFO - Processing /opt/airflow/dags/src/evaluate_model.py took 0.443 seconds
[2025-10-20T18:42:18.726+0000] {processor.py:157} INFO - Started process (PID=358) to work on /opt/airflow/dags/src/evaluate_model.py
[2025-10-20T18:42:18.728+0000] {processor.py:829} INFO - Processing file /opt/airflow/dags/src/evaluate_model.py for tasks to queue
[2025-10-20T18:42:18.732+0000] {logging_mixin.py:151} INFO - [2025-10-20T18:42:18.732+0000] {dagbag.py:539} INFO - Filling up the DagBag from /opt/airflow/dags/src/evaluate_model.py
[2025-10-20T18:42:19.104+0000] {processor.py:841} WARNING - No viable dags retrieved from /opt/airflow/dags/src/evaluate_model.py
[2025-10-20T18:42:19.111+0000] {processor.py:179} INFO - Processing /opt/airflow/dags/src/evaluate_model.py took 0.388 seconds
[2025-10-20T18:42:49.710+0000] {processor.py:157} INFO - Started process (PID=449) to work on /opt/airflow/dags/src/evaluate_model.py
[2025-10-20T18:42:49.712+0000] {processor.py:829} INFO - Processing file /opt/airflow/dags/src/evaluate_model.py for tasks to queue
[2025-10-20T18:42:49.715+0000] {logging_mixin.py:151} INFO - [2025-10-20T18:42:49.715+0000] {dagbag.py:539} INFO - Filling up the DagBag from /opt/airflow/dags/src/evaluate_model.py
[2025-10-20T18:42:50.131+0000] {processor.py:841} WARNING - No viable dags retrieved from /opt/airflow/dags/src/evaluate_model.py
[2025-10-20T18:42:50.135+0000] {processor.py:179} INFO - Processing /opt/airflow/dags/src/evaluate_model.py took 0.429 seconds
[2025-10-20T18:43:20.379+0000] {processor.py:157} INFO - Started process (PID=540) to work on /opt/airflow/dags/src/evaluate_model.py
[2025-10-20T18:43:20.380+0000] {processor.py:829} INFO - Processing file /opt/airflow/dags/src/evaluate_model.py for tasks to queue
[2025-10-20T18:43:20.384+0000] {logging_mixin.py:151} INFO - [2025-10-20T18:43:20.383+0000] {dagbag.py:539} INFO - Filling up the DagBag from /opt/airflow/dags/src/evaluate_model.py
[2025-10-20T18:43:20.749+0000] {processor.py:841} WARNING - No viable dags retrieved from /opt/airflow/dags/src/evaluate_model.py
[2025-10-20T18:43:20.753+0000] {processor.py:179} INFO - Processing /opt/airflow/dags/src/evaluate_model.py took 0.379 seconds
[2025-10-20T18:43:51.774+0000] {processor.py:157} INFO - Started process (PID=632) to work on /opt/airflow/dags/src/evaluate_model.py
[2025-10-20T18:43:51.776+0000] {processor.py:829} INFO - Processing file /opt/airflow/dags/src/evaluate_model.py for tasks to queue
[2025-10-20T18:43:51.777+0000] {logging_mixin.py:151} INFO - [2025-10-20T18:43:51.777+0000] {dagbag.py:539} INFO - Filling up the DagBag from /opt/airflow/dags/src/evaluate_model.py
[2025-10-20T18:43:52.205+0000] {processor.py:841} WARNING - No viable dags retrieved from /opt/airflow/dags/src/evaluate_model.py
[2025-10-20T18:43:52.213+0000] {processor.py:179} INFO - Processing /opt/airflow/dags/src/evaluate_model.py took 0.443 seconds
[2025-10-20T18:44:22.946+0000] {processor.py:157} INFO - Started process (PID=723) to work on /opt/airflow/dags/src/evaluate_model.py
[2025-10-20T18:44:22.948+0000] {processor.py:829} INFO - Processing file /opt/airflow/dags/src/evaluate_model.py for tasks to queue
[2025-10-20T18:44:22.950+0000] {logging_mixin.py:151} INFO - [2025-10-20T18:44:22.949+0000] {dagbag.py:539} INFO - Filling up the DagBag from /opt/airflow/dags/src/evaluate_model.py
[2025-10-20T18:44:23.392+0000] {processor.py:841} WARNING - No viable dags retrieved from /opt/airflow/dags/src/evaluate_model.py
[2025-10-20T18:44:23.402+0000] {processor.py:179} INFO - Processing /opt/airflow/dags/src/evaluate_model.py took 0.461 seconds
[2025-10-20T18:44:54.172+0000] {processor.py:157} INFO - Started process (PID=814) to work on /opt/airflow/dags/src/evaluate_model.py
[2025-10-20T18:44:54.175+0000] {processor.py:829} INFO - Processing file /opt/airflow/dags/src/evaluate_model.py for tasks to queue
[2025-10-20T18:44:54.177+0000] {logging_mixin.py:151} INFO - [2025-10-20T18:44:54.176+0000] {dagbag.py:539} INFO - Filling up the DagBag from /opt/airflow/dags/src/evaluate_model.py
[2025-10-20T18:44:54.685+0000] {processor.py:841} WARNING - No viable dags retrieved from /opt/airflow/dags/src/evaluate_model.py
[2025-10-20T18:44:54.693+0000] {processor.py:179} INFO - Processing /opt/airflow/dags/src/evaluate_model.py took 0.524 seconds
[2025-10-20T18:45:25.675+0000] {processor.py:157} INFO - Started process (PID=905) to work on /opt/airflow/dags/src/evaluate_model.py
[2025-10-20T18:45:25.677+0000] {processor.py:829} INFO - Processing file /opt/airflow/dags/src/evaluate_model.py for tasks to queue
[2025-10-20T18:45:25.679+0000] {logging_mixin.py:151} INFO - [2025-10-20T18:45:25.679+0000] {dagbag.py:539} INFO - Filling up the DagBag from /opt/airflow/dags/src/evaluate_model.py
[2025-10-20T18:45:26.100+0000] {processor.py:841} WARNING - No viable dags retrieved from /opt/airflow/dags/src/evaluate_model.py
[2025-10-20T18:45:26.108+0000] {processor.py:179} INFO - Processing /opt/airflow/dags/src/evaluate_model.py took 0.436 seconds
[2025-10-20T18:45:56.919+0000] {processor.py:157} INFO - Started process (PID=996) to work on /opt/airflow/dags/src/evaluate_model.py
[2025-10-20T18:45:56.920+0000] {processor.py:829} INFO - Processing file /opt/airflow/dags/src/evaluate_model.py for tasks to queue
[2025-10-20T18:45:56.922+0000] {logging_mixin.py:151} INFO - [2025-10-20T18:45:56.922+0000] {dagbag.py:539} INFO - Filling up the DagBag from /opt/airflow/dags/src/evaluate_model.py
[2025-10-20T18:45:57.304+0000] {processor.py:841} WARNING - No viable dags retrieved from /opt/airflow/dags/src/evaluate_model.py
[2025-10-20T18:45:57.308+0000] {processor.py:179} INFO - Processing /opt/airflow/dags/src/evaluate_model.py took 0.393 seconds
[2025-10-20T18:46:28.214+0000] {processor.py:157} INFO - Started process (PID=1087) to work on /opt/airflow/dags/src/evaluate_model.py
[2025-10-20T18:46:28.215+0000] {processor.py:829} INFO - Processing file /opt/airflow/dags/src/evaluate_model.py for tasks to queue
[2025-10-20T18:46:28.218+0000] {logging_mixin.py:151} INFO - [2025-10-20T18:46:28.218+0000] {dagbag.py:539} INFO - Filling up the DagBag from /opt/airflow/dags/src/evaluate_model.py
[2025-10-20T18:46:28.870+0000] {processor.py:841} WARNING - No viable dags retrieved from /opt/airflow/dags/src/evaluate_model.py
[2025-10-20T18:46:28.891+0000] {processor.py:179} INFO - Processing /opt/airflow/dags/src/evaluate_model.py took 0.681 seconds
[2025-10-20T18:46:59.847+0000] {processor.py:157} INFO - Started process (PID=1178) to work on /opt/airflow/dags/src/evaluate_model.py
[2025-10-20T18:46:59.849+0000] {processor.py:829} INFO - Processing file /opt/airflow/dags/src/evaluate_model.py for tasks to queue
[2025-10-20T18:46:59.850+0000] {logging_mixin.py:151} INFO - [2025-10-20T18:46:59.850+0000] {dagbag.py:539} INFO - Filling up the DagBag from /opt/airflow/dags/src/evaluate_model.py
[2025-10-20T18:47:00.276+0000] {processor.py:841} WARNING - No viable dags retrieved from /opt/airflow/dags/src/evaluate_model.py
[2025-10-20T18:47:00.285+0000] {processor.py:179} INFO - Processing /opt/airflow/dags/src/evaluate_model.py took 0.442 seconds
[2025-10-20T18:47:31.085+0000] {processor.py:157} INFO - Started process (PID=1269) to work on /opt/airflow/dags/src/evaluate_model.py
[2025-10-20T18:47:31.086+0000] {processor.py:829} INFO - Processing file /opt/airflow/dags/src/evaluate_model.py for tasks to queue
[2025-10-20T18:47:31.088+0000] {logging_mixin.py:151} INFO - [2025-10-20T18:47:31.088+0000] {dagbag.py:539} INFO - Filling up the DagBag from /opt/airflow/dags/src/evaluate_model.py
[2025-10-20T18:47:31.485+0000] {processor.py:841} WARNING - No viable dags retrieved from /opt/airflow/dags/src/evaluate_model.py
[2025-10-20T18:47:31.491+0000] {processor.py:179} INFO - Processing /opt/airflow/dags/src/evaluate_model.py took 0.408 seconds
[2025-10-20T18:48:02.240+0000] {processor.py:157} INFO - Started process (PID=1360) to work on /opt/airflow/dags/src/evaluate_model.py
[2025-10-20T18:48:02.242+0000] {processor.py:829} INFO - Processing file /opt/airflow/dags/src/evaluate_model.py for tasks to queue
[2025-10-20T18:48:02.245+0000] {logging_mixin.py:151} INFO - [2025-10-20T18:48:02.244+0000] {dagbag.py:539} INFO - Filling up the DagBag from /opt/airflow/dags/src/evaluate_model.py
[2025-10-20T18:48:02.651+0000] {processor.py:841} WARNING - No viable dags retrieved from /opt/airflow/dags/src/evaluate_model.py
[2025-10-20T18:48:02.659+0000] {processor.py:179} INFO - Processing /opt/airflow/dags/src/evaluate_model.py took 0.422 seconds
[2025-10-20T18:48:33.482+0000] {processor.py:157} INFO - Started process (PID=1458) to work on /opt/airflow/dags/src/evaluate_model.py
[2025-10-20T18:48:33.483+0000] {processor.py:829} INFO - Processing file /opt/airflow/dags/src/evaluate_model.py for tasks to queue
[2025-10-20T18:48:33.485+0000] {logging_mixin.py:151} INFO - [2025-10-20T18:48:33.485+0000] {dagbag.py:539} INFO - Filling up the DagBag from /opt/airflow/dags/src/evaluate_model.py
[2025-10-20T18:48:33.817+0000] {processor.py:841} WARNING - No viable dags retrieved from /opt/airflow/dags/src/evaluate_model.py
[2025-10-20T18:48:33.826+0000] {processor.py:179} INFO - Processing /opt/airflow/dags/src/evaluate_model.py took 0.347 seconds
[2025-10-20T18:49:04.687+0000] {processor.py:157} INFO - Started process (PID=1549) to work on /opt/airflow/dags/src/evaluate_model.py
[2025-10-20T18:49:04.688+0000] {processor.py:829} INFO - Processing file /opt/airflow/dags/src/evaluate_model.py for tasks to queue
[2025-10-20T18:49:04.690+0000] {logging_mixin.py:151} INFO - [2025-10-20T18:49:04.690+0000] {dagbag.py:539} INFO - Filling up the DagBag from /opt/airflow/dags/src/evaluate_model.py
[2025-10-20T18:49:05.106+0000] {processor.py:841} WARNING - No viable dags retrieved from /opt/airflow/dags/src/evaluate_model.py
[2025-10-20T18:49:05.113+0000] {processor.py:179} INFO - Processing /opt/airflow/dags/src/evaluate_model.py took 0.430 seconds
[2025-10-20T18:49:35.931+0000] {processor.py:157} INFO - Started process (PID=1640) to work on /opt/airflow/dags/src/evaluate_model.py
[2025-10-20T18:49:35.933+0000] {processor.py:829} INFO - Processing file /opt/airflow/dags/src/evaluate_model.py for tasks to queue
[2025-10-20T18:49:35.935+0000] {logging_mixin.py:151} INFO - [2025-10-20T18:49:35.935+0000] {dagbag.py:539} INFO - Filling up the DagBag from /opt/airflow/dags/src/evaluate_model.py
[2025-10-20T18:49:36.345+0000] {processor.py:841} WARNING - No viable dags retrieved from /opt/airflow/dags/src/evaluate_model.py
[2025-10-20T18:49:36.351+0000] {processor.py:179} INFO - Processing /opt/airflow/dags/src/evaluate_model.py took 0.423 seconds
[2025-10-20T18:50:07.129+0000] {processor.py:157} INFO - Started process (PID=1731) to work on /opt/airflow/dags/src/evaluate_model.py
[2025-10-20T18:50:07.132+0000] {processor.py:829} INFO - Processing file /opt/airflow/dags/src/evaluate_model.py for tasks to queue
[2025-10-20T18:50:07.138+0000] {logging_mixin.py:151} INFO - [2025-10-20T18:50:07.137+0000] {dagbag.py:539} INFO - Filling up the DagBag from /opt/airflow/dags/src/evaluate_model.py
[2025-10-20T18:50:07.746+0000] {processor.py:841} WARNING - No viable dags retrieved from /opt/airflow/dags/src/evaluate_model.py
[2025-10-20T18:50:07.757+0000] {processor.py:179} INFO - Processing /opt/airflow/dags/src/evaluate_model.py took 0.635 seconds
[2025-10-20T18:50:38.040+0000] {processor.py:157} INFO - Started process (PID=1822) to work on /opt/airflow/dags/src/evaluate_model.py
[2025-10-20T18:50:38.042+0000] {processor.py:829} INFO - Processing file /opt/airflow/dags/src/evaluate_model.py for tasks to queue
[2025-10-20T18:50:38.045+0000] {logging_mixin.py:151} INFO - [2025-10-20T18:50:38.044+0000] {dagbag.py:539} INFO - Filling up the DagBag from /opt/airflow/dags/src/evaluate_model.py
[2025-10-20T18:50:38.600+0000] {processor.py:841} WARNING - No viable dags retrieved from /opt/airflow/dags/src/evaluate_model.py
[2025-10-20T18:50:38.609+0000] {processor.py:179} INFO - Processing /opt/airflow/dags/src/evaluate_model.py took 0.573 seconds
[2025-10-20T18:51:09.167+0000] {processor.py:157} INFO - Started process (PID=1913) to work on /opt/airflow/dags/src/evaluate_model.py
[2025-10-20T18:51:09.168+0000] {processor.py:829} INFO - Processing file /opt/airflow/dags/src/evaluate_model.py for tasks to queue
[2025-10-20T18:51:09.171+0000] {logging_mixin.py:151} INFO - [2025-10-20T18:51:09.171+0000] {dagbag.py:539} INFO - Filling up the DagBag from /opt/airflow/dags/src/evaluate_model.py
[2025-10-20T18:51:09.763+0000] {processor.py:841} WARNING - No viable dags retrieved from /opt/airflow/dags/src/evaluate_model.py
[2025-10-20T18:51:09.774+0000] {processor.py:179} INFO - Processing /opt/airflow/dags/src/evaluate_model.py took 0.610 seconds
[2025-10-20T18:51:40.153+0000] {processor.py:157} INFO - Started process (PID=2004) to work on /opt/airflow/dags/src/evaluate_model.py
[2025-10-20T18:51:40.155+0000] {processor.py:829} INFO - Processing file /opt/airflow/dags/src/evaluate_model.py for tasks to queue
[2025-10-20T18:51:40.157+0000] {logging_mixin.py:151} INFO - [2025-10-20T18:51:40.157+0000] {dagbag.py:539} INFO - Filling up the DagBag from /opt/airflow/dags/src/evaluate_model.py
[2025-10-20T18:51:40.596+0000] {processor.py:841} WARNING - No viable dags retrieved from /opt/airflow/dags/src/evaluate_model.py
[2025-10-20T18:51:40.602+0000] {processor.py:179} INFO - Processing /opt/airflow/dags/src/evaluate_model.py took 0.452 seconds
[2025-10-20T18:52:11.463+0000] {processor.py:157} INFO - Started process (PID=2095) to work on /opt/airflow/dags/src/evaluate_model.py
[2025-10-20T18:52:11.464+0000] {processor.py:829} INFO - Processing file /opt/airflow/dags/src/evaluate_model.py for tasks to queue
[2025-10-20T18:52:11.466+0000] {logging_mixin.py:151} INFO - [2025-10-20T18:52:11.465+0000] {dagbag.py:539} INFO - Filling up the DagBag from /opt/airflow/dags/src/evaluate_model.py
[2025-10-20T18:52:11.835+0000] {processor.py:841} WARNING - No viable dags retrieved from /opt/airflow/dags/src/evaluate_model.py
[2025-10-20T18:52:11.841+0000] {processor.py:179} INFO - Processing /opt/airflow/dags/src/evaluate_model.py took 0.381 seconds
[2025-10-20T18:52:42.571+0000] {processor.py:157} INFO - Started process (PID=2186) to work on /opt/airflow/dags/src/evaluate_model.py
[2025-10-20T18:52:42.572+0000] {processor.py:829} INFO - Processing file /opt/airflow/dags/src/evaluate_model.py for tasks to queue
[2025-10-20T18:52:42.573+0000] {logging_mixin.py:151} INFO - [2025-10-20T18:52:42.573+0000] {dagbag.py:539} INFO - Filling up the DagBag from /opt/airflow/dags/src/evaluate_model.py
[2025-10-20T18:52:42.920+0000] {processor.py:841} WARNING - No viable dags retrieved from /opt/airflow/dags/src/evaluate_model.py
[2025-10-20T18:52:42.927+0000] {processor.py:179} INFO - Processing /opt/airflow/dags/src/evaluate_model.py took 0.359 seconds
[2025-10-20T18:53:13.772+0000] {processor.py:157} INFO - Started process (PID=2277) to work on /opt/airflow/dags/src/evaluate_model.py
[2025-10-20T18:53:13.773+0000] {processor.py:829} INFO - Processing file /opt/airflow/dags/src/evaluate_model.py for tasks to queue
[2025-10-20T18:53:13.776+0000] {logging_mixin.py:151} INFO - [2025-10-20T18:53:13.775+0000] {dagbag.py:539} INFO - Filling up the DagBag from /opt/airflow/dags/src/evaluate_model.py
[2025-10-20T18:53:14.182+0000] {processor.py:841} WARNING - No viable dags retrieved from /opt/airflow/dags/src/evaluate_model.py
[2025-10-20T18:53:14.189+0000] {processor.py:179} INFO - Processing /opt/airflow/dags/src/evaluate_model.py took 0.421 seconds
[2025-10-20T18:53:45.078+0000] {processor.py:157} INFO - Started process (PID=2368) to work on /opt/airflow/dags/src/evaluate_model.py
[2025-10-20T18:53:45.079+0000] {processor.py:829} INFO - Processing file /opt/airflow/dags/src/evaluate_model.py for tasks to queue
[2025-10-20T18:53:45.084+0000] {logging_mixin.py:151} INFO - [2025-10-20T18:53:45.084+0000] {dagbag.py:539} INFO - Filling up the DagBag from /opt/airflow/dags/src/evaluate_model.py
[2025-10-20T18:53:45.573+0000] {processor.py:841} WARNING - No viable dags retrieved from /opt/airflow/dags/src/evaluate_model.py
[2025-10-20T18:53:45.583+0000] {processor.py:179} INFO - Processing /opt/airflow/dags/src/evaluate_model.py took 0.508 seconds
[2025-10-20T18:54:16.486+0000] {processor.py:157} INFO - Started process (PID=2459) to work on /opt/airflow/dags/src/evaluate_model.py
[2025-10-20T18:54:16.487+0000] {processor.py:829} INFO - Processing file /opt/airflow/dags/src/evaluate_model.py for tasks to queue
[2025-10-20T18:54:16.489+0000] {logging_mixin.py:151} INFO - [2025-10-20T18:54:16.489+0000] {dagbag.py:539} INFO - Filling up the DagBag from /opt/airflow/dags/src/evaluate_model.py
[2025-10-20T18:54:17.113+0000] {processor.py:841} WARNING - No viable dags retrieved from /opt/airflow/dags/src/evaluate_model.py
[2025-10-20T18:54:17.126+0000] {processor.py:179} INFO - Processing /opt/airflow/dags/src/evaluate_model.py took 0.643 seconds
[2025-10-20T18:54:47.949+0000] {processor.py:157} INFO - Started process (PID=2550) to work on /opt/airflow/dags/src/evaluate_model.py
[2025-10-20T18:54:47.950+0000] {processor.py:829} INFO - Processing file /opt/airflow/dags/src/evaluate_model.py for tasks to queue
[2025-10-20T18:54:47.952+0000] {logging_mixin.py:151} INFO - [2025-10-20T18:54:47.952+0000] {dagbag.py:539} INFO - Filling up the DagBag from /opt/airflow/dags/src/evaluate_model.py
[2025-10-20T18:54:48.336+0000] {processor.py:841} WARNING - No viable dags retrieved from /opt/airflow/dags/src/evaluate_model.py
[2025-10-20T18:54:48.344+0000] {processor.py:179} INFO - Processing /opt/airflow/dags/src/evaluate_model.py took 0.397 seconds
[2025-10-20T18:55:19.248+0000] {processor.py:157} INFO - Started process (PID=2641) to work on /opt/airflow/dags/src/evaluate_model.py
[2025-10-20T18:55:19.248+0000] {processor.py:829} INFO - Processing file /opt/airflow/dags/src/evaluate_model.py for tasks to queue
[2025-10-20T18:55:19.249+0000] {logging_mixin.py:151} INFO - [2025-10-20T18:55:19.249+0000] {dagbag.py:539} INFO - Filling up the DagBag from /opt/airflow/dags/src/evaluate_model.py
[2025-10-20T18:55:19.686+0000] {processor.py:841} WARNING - No viable dags retrieved from /opt/airflow/dags/src/evaluate_model.py
[2025-10-20T18:55:19.693+0000] {processor.py:179} INFO - Processing /opt/airflow/dags/src/evaluate_model.py took 0.446 seconds
[2025-10-20T18:55:50.612+0000] {processor.py:157} INFO - Started process (PID=2732) to work on /opt/airflow/dags/src/evaluate_model.py
[2025-10-20T18:55:50.615+0000] {processor.py:829} INFO - Processing file /opt/airflow/dags/src/evaluate_model.py for tasks to queue
[2025-10-20T18:55:50.617+0000] {logging_mixin.py:151} INFO - [2025-10-20T18:55:50.617+0000] {dagbag.py:539} INFO - Filling up the DagBag from /opt/airflow/dags/src/evaluate_model.py
[2025-10-20T18:55:51.156+0000] {processor.py:841} WARNING - No viable dags retrieved from /opt/airflow/dags/src/evaluate_model.py
[2025-10-20T18:55:51.167+0000] {processor.py:179} INFO - Processing /opt/airflow/dags/src/evaluate_model.py took 0.558 seconds
[2025-10-20T18:56:22.014+0000] {processor.py:157} INFO - Started process (PID=2823) to work on /opt/airflow/dags/src/evaluate_model.py
[2025-10-20T18:56:22.016+0000] {processor.py:829} INFO - Processing file /opt/airflow/dags/src/evaluate_model.py for tasks to queue
[2025-10-20T18:56:22.018+0000] {logging_mixin.py:151} INFO - [2025-10-20T18:56:22.017+0000] {dagbag.py:539} INFO - Filling up the DagBag from /opt/airflow/dags/src/evaluate_model.py
[2025-10-20T18:56:22.450+0000] {processor.py:841} WARNING - No viable dags retrieved from /opt/airflow/dags/src/evaluate_model.py
[2025-10-20T18:56:22.459+0000] {processor.py:179} INFO - Processing /opt/airflow/dags/src/evaluate_model.py took 0.448 seconds
[2025-10-20T18:56:53.328+0000] {processor.py:157} INFO - Started process (PID=2914) to work on /opt/airflow/dags/src/evaluate_model.py
[2025-10-20T18:56:53.333+0000] {processor.py:829} INFO - Processing file /opt/airflow/dags/src/evaluate_model.py for tasks to queue
[2025-10-20T18:56:53.335+0000] {logging_mixin.py:151} INFO - [2025-10-20T18:56:53.335+0000] {dagbag.py:539} INFO - Filling up the DagBag from /opt/airflow/dags/src/evaluate_model.py
[2025-10-20T18:56:53.903+0000] {processor.py:841} WARNING - No viable dags retrieved from /opt/airflow/dags/src/evaluate_model.py
[2025-10-20T18:56:53.910+0000] {processor.py:179} INFO - Processing /opt/airflow/dags/src/evaluate_model.py took 0.585 seconds
[2025-10-20T18:57:24.772+0000] {processor.py:157} INFO - Started process (PID=3005) to work on /opt/airflow/dags/src/evaluate_model.py
[2025-10-20T18:57:24.774+0000] {processor.py:829} INFO - Processing file /opt/airflow/dags/src/evaluate_model.py for tasks to queue
[2025-10-20T18:57:24.776+0000] {logging_mixin.py:151} INFO - [2025-10-20T18:57:24.776+0000] {dagbag.py:539} INFO - Filling up the DagBag from /opt/airflow/dags/src/evaluate_model.py
[2025-10-20T18:57:25.219+0000] {processor.py:841} WARNING - No viable dags retrieved from /opt/airflow/dags/src/evaluate_model.py
[2025-10-20T18:57:25.228+0000] {processor.py:179} INFO - Processing /opt/airflow/dags/src/evaluate_model.py took 0.459 seconds
[2025-10-20T18:57:56.005+0000] {processor.py:157} INFO - Started process (PID=3096) to work on /opt/airflow/dags/src/evaluate_model.py
[2025-10-20T18:57:56.007+0000] {processor.py:829} INFO - Processing file /opt/airflow/dags/src/evaluate_model.py for tasks to queue
[2025-10-20T18:57:56.009+0000] {logging_mixin.py:151} INFO - [2025-10-20T18:57:56.009+0000] {dagbag.py:539} INFO - Filling up the DagBag from /opt/airflow/dags/src/evaluate_model.py
[2025-10-20T18:57:56.410+0000] {processor.py:841} WARNING - No viable dags retrieved from /opt/airflow/dags/src/evaluate_model.py
[2025-10-20T18:57:56.425+0000] {processor.py:179} INFO - Processing /opt/airflow/dags/src/evaluate_model.py took 0.422 seconds
[2025-10-20T18:58:27.286+0000] {processor.py:157} INFO - Started process (PID=3187) to work on /opt/airflow/dags/src/evaluate_model.py
[2025-10-20T18:58:27.287+0000] {processor.py:829} INFO - Processing file /opt/airflow/dags/src/evaluate_model.py for tasks to queue
[2025-10-20T18:58:27.290+0000] {logging_mixin.py:151} INFO - [2025-10-20T18:58:27.289+0000] {dagbag.py:539} INFO - Filling up the DagBag from /opt/airflow/dags/src/evaluate_model.py
[2025-10-20T18:58:27.863+0000] {processor.py:841} WARNING - No viable dags retrieved from /opt/airflow/dags/src/evaluate_model.py
[2025-10-20T18:58:27.871+0000] {processor.py:179} INFO - Processing /opt/airflow/dags/src/evaluate_model.py took 0.587 seconds
[2025-10-20T18:58:58.360+0000] {processor.py:157} INFO - Started process (PID=3278) to work on /opt/airflow/dags/src/evaluate_model.py
[2025-10-20T18:58:58.360+0000] {processor.py:829} INFO - Processing file /opt/airflow/dags/src/evaluate_model.py for tasks to queue
[2025-10-20T18:58:58.361+0000] {logging_mixin.py:151} INFO - [2025-10-20T18:58:58.361+0000] {dagbag.py:539} INFO - Filling up the DagBag from /opt/airflow/dags/src/evaluate_model.py
[2025-10-20T18:58:58.830+0000] {processor.py:841} WARNING - No viable dags retrieved from /opt/airflow/dags/src/evaluate_model.py
[2025-10-20T18:58:58.838+0000] {processor.py:179} INFO - Processing /opt/airflow/dags/src/evaluate_model.py took 0.480 seconds
[2025-10-20T18:59:24.191+0000] {processor.py:157} INFO - Started process (PID=3368) to work on /opt/airflow/dags/src/evaluate_model.py
[2025-10-20T18:59:24.192+0000] {processor.py:829} INFO - Processing file /opt/airflow/dags/src/evaluate_model.py for tasks to queue
[2025-10-20T18:59:24.195+0000] {logging_mixin.py:151} INFO - [2025-10-20T18:59:24.195+0000] {dagbag.py:539} INFO - Filling up the DagBag from /opt/airflow/dags/src/evaluate_model.py
[2025-10-20T18:59:24.684+0000] {processor.py:841} WARNING - No viable dags retrieved from /opt/airflow/dags/src/evaluate_model.py
[2025-10-20T18:59:24.689+0000] {processor.py:179} INFO - Processing /opt/airflow/dags/src/evaluate_model.py took 0.503 seconds
[2025-10-20T18:59:54.783+0000] {processor.py:157} INFO - Started process (PID=3461) to work on /opt/airflow/dags/src/evaluate_model.py
[2025-10-20T18:59:54.785+0000] {processor.py:829} INFO - Processing file /opt/airflow/dags/src/evaluate_model.py for tasks to queue
[2025-10-20T18:59:54.787+0000] {logging_mixin.py:151} INFO - [2025-10-20T18:59:54.787+0000] {dagbag.py:539} INFO - Filling up the DagBag from /opt/airflow/dags/src/evaluate_model.py
[2025-10-20T18:59:55.165+0000] {processor.py:841} WARNING - No viable dags retrieved from /opt/airflow/dags/src/evaluate_model.py
[2025-10-20T18:59:55.170+0000] {processor.py:179} INFO - Processing /opt/airflow/dags/src/evaluate_model.py took 0.392 seconds
[2025-10-20T19:00:35.713+0000] {processor.py:157} INFO - Started process (PID=51) to work on /opt/airflow/dags/src/evaluate_model.py
[2025-10-20T19:00:35.713+0000] {processor.py:829} INFO - Processing file /opt/airflow/dags/src/evaluate_model.py for tasks to queue
[2025-10-20T19:00:35.714+0000] {logging_mixin.py:151} INFO - [2025-10-20T19:00:35.714+0000] {dagbag.py:539} INFO - Filling up the DagBag from /opt/airflow/dags/src/evaluate_model.py
[2025-10-20T19:00:36.299+0000] {processor.py:841} WARNING - No viable dags retrieved from /opt/airflow/dags/src/evaluate_model.py
[2025-10-20T19:00:36.325+0000] {processor.py:179} INFO - Processing /opt/airflow/dags/src/evaluate_model.py took 0.614 seconds
[2025-10-20T19:01:07.112+0000] {processor.py:157} INFO - Started process (PID=149) to work on /opt/airflow/dags/src/evaluate_model.py
[2025-10-20T19:01:07.114+0000] {processor.py:829} INFO - Processing file /opt/airflow/dags/src/evaluate_model.py for tasks to queue
[2025-10-20T19:01:07.115+0000] {logging_mixin.py:151} INFO - [2025-10-20T19:01:07.115+0000] {dagbag.py:539} INFO - Filling up the DagBag from /opt/airflow/dags/src/evaluate_model.py
[2025-10-20T19:01:07.669+0000] {processor.py:841} WARNING - No viable dags retrieved from /opt/airflow/dags/src/evaluate_model.py
[2025-10-20T19:01:07.680+0000] {processor.py:179} INFO - Processing /opt/airflow/dags/src/evaluate_model.py took 0.571 seconds
[2025-10-20T19:01:37.801+0000] {processor.py:157} INFO - Started process (PID=240) to work on /opt/airflow/dags/src/evaluate_model.py
[2025-10-20T19:01:37.803+0000] {processor.py:829} INFO - Processing file /opt/airflow/dags/src/evaluate_model.py for tasks to queue
[2025-10-20T19:01:37.805+0000] {logging_mixin.py:151} INFO - [2025-10-20T19:01:37.805+0000] {dagbag.py:539} INFO - Filling up the DagBag from /opt/airflow/dags/src/evaluate_model.py
[2025-10-20T19:01:38.271+0000] {processor.py:841} WARNING - No viable dags retrieved from /opt/airflow/dags/src/evaluate_model.py
[2025-10-20T19:01:38.284+0000] {processor.py:179} INFO - Processing /opt/airflow/dags/src/evaluate_model.py took 0.486 seconds
[2025-10-20T19:02:08.476+0000] {processor.py:157} INFO - Started process (PID=331) to work on /opt/airflow/dags/src/evaluate_model.py
[2025-10-20T19:02:08.478+0000] {processor.py:829} INFO - Processing file /opt/airflow/dags/src/evaluate_model.py for tasks to queue
[2025-10-20T19:02:08.480+0000] {logging_mixin.py:151} INFO - [2025-10-20T19:02:08.480+0000] {dagbag.py:539} INFO - Filling up the DagBag from /opt/airflow/dags/src/evaluate_model.py
[2025-10-20T19:02:08.908+0000] {processor.py:841} WARNING - No viable dags retrieved from /opt/airflow/dags/src/evaluate_model.py
[2025-10-20T19:02:08.914+0000] {processor.py:179} INFO - Processing /opt/airflow/dags/src/evaluate_model.py took 0.441 seconds
[2025-10-20T19:02:39.077+0000] {processor.py:157} INFO - Started process (PID=422) to work on /opt/airflow/dags/src/evaluate_model.py
[2025-10-20T19:02:39.079+0000] {processor.py:829} INFO - Processing file /opt/airflow/dags/src/evaluate_model.py for tasks to queue
[2025-10-20T19:02:39.082+0000] {logging_mixin.py:151} INFO - [2025-10-20T19:02:39.082+0000] {dagbag.py:539} INFO - Filling up the DagBag from /opt/airflow/dags/src/evaluate_model.py
[2025-10-20T19:02:39.625+0000] {processor.py:841} WARNING - No viable dags retrieved from /opt/airflow/dags/src/evaluate_model.py
[2025-10-20T19:02:39.632+0000] {processor.py:179} INFO - Processing /opt/airflow/dags/src/evaluate_model.py took 0.559 seconds
[2025-10-20T19:03:10.361+0000] {processor.py:157} INFO - Started process (PID=513) to work on /opt/airflow/dags/src/evaluate_model.py
[2025-10-20T19:03:10.362+0000] {processor.py:829} INFO - Processing file /opt/airflow/dags/src/evaluate_model.py for tasks to queue
[2025-10-20T19:03:10.364+0000] {logging_mixin.py:151} INFO - [2025-10-20T19:03:10.364+0000] {dagbag.py:539} INFO - Filling up the DagBag from /opt/airflow/dags/src/evaluate_model.py
[2025-10-20T19:03:10.686+0000] {processor.py:841} WARNING - No viable dags retrieved from /opt/airflow/dags/src/evaluate_model.py
[2025-10-20T19:03:10.691+0000] {processor.py:179} INFO - Processing /opt/airflow/dags/src/evaluate_model.py took 0.334 seconds
[2025-10-20T19:03:41.304+0000] {processor.py:157} INFO - Started process (PID=604) to work on /opt/airflow/dags/src/evaluate_model.py
[2025-10-20T19:03:41.305+0000] {processor.py:829} INFO - Processing file /opt/airflow/dags/src/evaluate_model.py for tasks to queue
[2025-10-20T19:03:41.306+0000] {logging_mixin.py:151} INFO - [2025-10-20T19:03:41.306+0000] {dagbag.py:539} INFO - Filling up the DagBag from /opt/airflow/dags/src/evaluate_model.py
[2025-10-20T19:03:41.655+0000] {processor.py:841} WARNING - No viable dags retrieved from /opt/airflow/dags/src/evaluate_model.py
[2025-10-20T19:03:41.660+0000] {processor.py:179} INFO - Processing /opt/airflow/dags/src/evaluate_model.py took 0.358 seconds
[2025-10-20T19:04:12.376+0000] {processor.py:157} INFO - Started process (PID=695) to work on /opt/airflow/dags/src/evaluate_model.py
[2025-10-20T19:04:12.377+0000] {processor.py:829} INFO - Processing file /opt/airflow/dags/src/evaluate_model.py for tasks to queue
[2025-10-20T19:04:12.379+0000] {logging_mixin.py:151} INFO - [2025-10-20T19:04:12.378+0000] {dagbag.py:539} INFO - Filling up the DagBag from /opt/airflow/dags/src/evaluate_model.py
[2025-10-20T19:04:12.803+0000] {processor.py:841} WARNING - No viable dags retrieved from /opt/airflow/dags/src/evaluate_model.py
[2025-10-20T19:04:12.808+0000] {processor.py:179} INFO - Processing /opt/airflow/dags/src/evaluate_model.py took 0.435 seconds
[2025-10-20T19:04:43.686+0000] {processor.py:157} INFO - Started process (PID=786) to work on /opt/airflow/dags/src/evaluate_model.py
[2025-10-20T19:04:43.688+0000] {processor.py:829} INFO - Processing file /opt/airflow/dags/src/evaluate_model.py for tasks to queue
[2025-10-20T19:04:43.690+0000] {logging_mixin.py:151} INFO - [2025-10-20T19:04:43.690+0000] {dagbag.py:539} INFO - Filling up the DagBag from /opt/airflow/dags/src/evaluate_model.py
[2025-10-20T19:04:44.119+0000] {processor.py:841} WARNING - No viable dags retrieved from /opt/airflow/dags/src/evaluate_model.py
[2025-10-20T19:04:44.125+0000] {processor.py:179} INFO - Processing /opt/airflow/dags/src/evaluate_model.py took 0.444 seconds
[2025-10-20T19:05:14.844+0000] {processor.py:157} INFO - Started process (PID=877) to work on /opt/airflow/dags/src/evaluate_model.py
[2025-10-20T19:05:14.846+0000] {processor.py:829} INFO - Processing file /opt/airflow/dags/src/evaluate_model.py for tasks to queue
[2025-10-20T19:05:14.849+0000] {logging_mixin.py:151} INFO - [2025-10-20T19:05:14.848+0000] {dagbag.py:539} INFO - Filling up the DagBag from /opt/airflow/dags/src/evaluate_model.py
[2025-10-20T19:05:15.228+0000] {processor.py:841} WARNING - No viable dags retrieved from /opt/airflow/dags/src/evaluate_model.py
[2025-10-20T19:05:15.234+0000] {processor.py:179} INFO - Processing /opt/airflow/dags/src/evaluate_model.py took 0.393 seconds
[2025-10-20T19:05:45.985+0000] {processor.py:157} INFO - Started process (PID=968) to work on /opt/airflow/dags/src/evaluate_model.py
[2025-10-20T19:05:45.987+0000] {processor.py:829} INFO - Processing file /opt/airflow/dags/src/evaluate_model.py for tasks to queue
[2025-10-20T19:05:45.990+0000] {logging_mixin.py:151} INFO - [2025-10-20T19:05:45.989+0000] {dagbag.py:539} INFO - Filling up the DagBag from /opt/airflow/dags/src/evaluate_model.py
[2025-10-20T19:05:46.359+0000] {processor.py:841} WARNING - No viable dags retrieved from /opt/airflow/dags/src/evaluate_model.py
[2025-10-20T19:05:46.365+0000] {processor.py:179} INFO - Processing /opt/airflow/dags/src/evaluate_model.py took 0.383 seconds
[2025-10-20T19:06:17.053+0000] {processor.py:157} INFO - Started process (PID=1059) to work on /opt/airflow/dags/src/evaluate_model.py
[2025-10-20T19:06:17.055+0000] {processor.py:829} INFO - Processing file /opt/airflow/dags/src/evaluate_model.py for tasks to queue
[2025-10-20T19:06:17.057+0000] {logging_mixin.py:151} INFO - [2025-10-20T19:06:17.057+0000] {dagbag.py:539} INFO - Filling up the DagBag from /opt/airflow/dags/src/evaluate_model.py
[2025-10-20T19:06:17.440+0000] {processor.py:841} WARNING - No viable dags retrieved from /opt/airflow/dags/src/evaluate_model.py
[2025-10-20T19:06:17.446+0000] {processor.py:179} INFO - Processing /opt/airflow/dags/src/evaluate_model.py took 0.397 seconds
[2025-10-20T19:06:48.252+0000] {processor.py:157} INFO - Started process (PID=1150) to work on /opt/airflow/dags/src/evaluate_model.py
[2025-10-20T19:06:48.253+0000] {processor.py:829} INFO - Processing file /opt/airflow/dags/src/evaluate_model.py for tasks to queue
[2025-10-20T19:06:48.255+0000] {logging_mixin.py:151} INFO - [2025-10-20T19:06:48.255+0000] {dagbag.py:539} INFO - Filling up the DagBag from /opt/airflow/dags/src/evaluate_model.py
[2025-10-20T19:06:48.690+0000] {processor.py:841} WARNING - No viable dags retrieved from /opt/airflow/dags/src/evaluate_model.py
[2025-10-20T19:06:48.696+0000] {processor.py:179} INFO - Processing /opt/airflow/dags/src/evaluate_model.py took 0.448 seconds
[2025-10-20T19:07:19.647+0000] {processor.py:157} INFO - Started process (PID=1241) to work on /opt/airflow/dags/src/evaluate_model.py
[2025-10-20T19:07:19.647+0000] {processor.py:829} INFO - Processing file /opt/airflow/dags/src/evaluate_model.py for tasks to queue
[2025-10-20T19:07:19.648+0000] {logging_mixin.py:151} INFO - [2025-10-20T19:07:19.648+0000] {dagbag.py:539} INFO - Filling up the DagBag from /opt/airflow/dags/src/evaluate_model.py
[2025-10-20T19:07:20.069+0000] {processor.py:841} WARNING - No viable dags retrieved from /opt/airflow/dags/src/evaluate_model.py
[2025-10-20T19:07:20.075+0000] {processor.py:179} INFO - Processing /opt/airflow/dags/src/evaluate_model.py took 0.431 seconds
[2025-10-20T19:07:50.688+0000] {processor.py:157} INFO - Started process (PID=1332) to work on /opt/airflow/dags/src/evaluate_model.py
[2025-10-20T19:07:50.692+0000] {processor.py:829} INFO - Processing file /opt/airflow/dags/src/evaluate_model.py for tasks to queue
[2025-10-20T19:07:50.693+0000] {logging_mixin.py:151} INFO - [2025-10-20T19:07:50.693+0000] {dagbag.py:539} INFO - Filling up the DagBag from /opt/airflow/dags/src/evaluate_model.py
[2025-10-20T19:07:51.125+0000] {processor.py:841} WARNING - No viable dags retrieved from /opt/airflow/dags/src/evaluate_model.py
[2025-10-20T19:07:51.131+0000] {processor.py:179} INFO - Processing /opt/airflow/dags/src/evaluate_model.py took 0.446 seconds
[2025-10-20T19:08:22.007+0000] {processor.py:157} INFO - Started process (PID=1423) to work on /opt/airflow/dags/src/evaluate_model.py
[2025-10-20T19:08:22.010+0000] {processor.py:829} INFO - Processing file /opt/airflow/dags/src/evaluate_model.py for tasks to queue
[2025-10-20T19:08:22.012+0000] {logging_mixin.py:151} INFO - [2025-10-20T19:08:22.012+0000] {dagbag.py:539} INFO - Filling up the DagBag from /opt/airflow/dags/src/evaluate_model.py
[2025-10-20T19:08:22.494+0000] {processor.py:841} WARNING - No viable dags retrieved from /opt/airflow/dags/src/evaluate_model.py
[2025-10-20T19:08:22.503+0000] {processor.py:179} INFO - Processing /opt/airflow/dags/src/evaluate_model.py took 0.501 seconds
[2025-10-20T19:08:53.510+0000] {processor.py:157} INFO - Started process (PID=1514) to work on /opt/airflow/dags/src/evaluate_model.py
[2025-10-20T19:08:53.511+0000] {processor.py:829} INFO - Processing file /opt/airflow/dags/src/evaluate_model.py for tasks to queue
[2025-10-20T19:08:53.517+0000] {logging_mixin.py:151} INFO - [2025-10-20T19:08:53.517+0000] {dagbag.py:539} INFO - Filling up the DagBag from /opt/airflow/dags/src/evaluate_model.py
[2025-10-20T19:08:53.886+0000] {processor.py:841} WARNING - No viable dags retrieved from /opt/airflow/dags/src/evaluate_model.py
[2025-10-20T19:08:53.891+0000] {processor.py:179} INFO - Processing /opt/airflow/dags/src/evaluate_model.py took 0.386 seconds
[2025-10-20T19:09:24.860+0000] {processor.py:157} INFO - Started process (PID=1605) to work on /opt/airflow/dags/src/evaluate_model.py
[2025-10-20T19:09:24.861+0000] {processor.py:829} INFO - Processing file /opt/airflow/dags/src/evaluate_model.py for tasks to queue
[2025-10-20T19:09:24.864+0000] {logging_mixin.py:151} INFO - [2025-10-20T19:09:24.864+0000] {dagbag.py:539} INFO - Filling up the DagBag from /opt/airflow/dags/src/evaluate_model.py
[2025-10-20T19:09:25.277+0000] {processor.py:841} WARNING - No viable dags retrieved from /opt/airflow/dags/src/evaluate_model.py
[2025-10-20T19:09:25.291+0000] {processor.py:179} INFO - Processing /opt/airflow/dags/src/evaluate_model.py took 0.434 seconds
[2025-10-20T19:09:56.013+0000] {processor.py:157} INFO - Started process (PID=1696) to work on /opt/airflow/dags/src/evaluate_model.py
[2025-10-20T19:09:56.014+0000] {processor.py:829} INFO - Processing file /opt/airflow/dags/src/evaluate_model.py for tasks to queue
[2025-10-20T19:09:56.016+0000] {logging_mixin.py:151} INFO - [2025-10-20T19:09:56.016+0000] {dagbag.py:539} INFO - Filling up the DagBag from /opt/airflow/dags/src/evaluate_model.py
[2025-10-20T19:09:56.430+0000] {processor.py:841} WARNING - No viable dags retrieved from /opt/airflow/dags/src/evaluate_model.py
[2025-10-20T19:09:56.436+0000] {processor.py:179} INFO - Processing /opt/airflow/dags/src/evaluate_model.py took 0.425 seconds
[2025-10-20T19:10:26.519+0000] {processor.py:157} INFO - Started process (PID=1787) to work on /opt/airflow/dags/src/evaluate_model.py
[2025-10-20T19:10:26.521+0000] {processor.py:829} INFO - Processing file /opt/airflow/dags/src/evaluate_model.py for tasks to queue
[2025-10-20T19:10:26.523+0000] {logging_mixin.py:151} INFO - [2025-10-20T19:10:26.522+0000] {dagbag.py:539} INFO - Filling up the DagBag from /opt/airflow/dags/src/evaluate_model.py
[2025-10-20T19:10:27.124+0000] {processor.py:841} WARNING - No viable dags retrieved from /opt/airflow/dags/src/evaluate_model.py
[2025-10-20T19:10:27.132+0000] {processor.py:179} INFO - Processing /opt/airflow/dags/src/evaluate_model.py took 0.618 seconds
[2025-10-20T19:10:57.652+0000] {processor.py:157} INFO - Started process (PID=1878) to work on /opt/airflow/dags/src/evaluate_model.py
[2025-10-20T19:10:57.654+0000] {processor.py:829} INFO - Processing file /opt/airflow/dags/src/evaluate_model.py for tasks to queue
[2025-10-20T19:10:57.656+0000] {logging_mixin.py:151} INFO - [2025-10-20T19:10:57.655+0000] {dagbag.py:539} INFO - Filling up the DagBag from /opt/airflow/dags/src/evaluate_model.py
[2025-10-20T19:10:58.013+0000] {processor.py:841} WARNING - No viable dags retrieved from /opt/airflow/dags/src/evaluate_model.py
[2025-10-20T19:10:58.017+0000] {processor.py:179} INFO - Processing /opt/airflow/dags/src/evaluate_model.py took 0.369 seconds
[2025-10-20T19:11:28.328+0000] {processor.py:157} INFO - Started process (PID=1970) to work on /opt/airflow/dags/src/evaluate_model.py
[2025-10-20T19:11:28.328+0000] {processor.py:829} INFO - Processing file /opt/airflow/dags/src/evaluate_model.py for tasks to queue
[2025-10-20T19:11:28.330+0000] {logging_mixin.py:151} INFO - [2025-10-20T19:11:28.330+0000] {dagbag.py:539} INFO - Filling up the DagBag from /opt/airflow/dags/src/evaluate_model.py
[2025-10-20T19:11:28.679+0000] {processor.py:841} WARNING - No viable dags retrieved from /opt/airflow/dags/src/evaluate_model.py
[2025-10-20T19:11:28.694+0000] {processor.py:179} INFO - Processing /opt/airflow/dags/src/evaluate_model.py took 0.371 seconds
[2025-10-20T19:11:58.871+0000] {processor.py:157} INFO - Started process (PID=2061) to work on /opt/airflow/dags/src/evaluate_model.py
[2025-10-20T19:11:58.873+0000] {processor.py:829} INFO - Processing file /opt/airflow/dags/src/evaluate_model.py for tasks to queue
[2025-10-20T19:11:58.875+0000] {logging_mixin.py:151} INFO - [2025-10-20T19:11:58.875+0000] {dagbag.py:539} INFO - Filling up the DagBag from /opt/airflow/dags/src/evaluate_model.py
[2025-10-20T19:11:59.290+0000] {processor.py:841} WARNING - No viable dags retrieved from /opt/airflow/dags/src/evaluate_model.py
[2025-10-20T19:11:59.326+0000] {processor.py:179} INFO - Processing /opt/airflow/dags/src/evaluate_model.py took 0.460 seconds
[2025-10-20T19:12:29.798+0000] {processor.py:157} INFO - Started process (PID=2152) to work on /opt/airflow/dags/src/evaluate_model.py
[2025-10-20T19:12:29.800+0000] {processor.py:829} INFO - Processing file /opt/airflow/dags/src/evaluate_model.py for tasks to queue
[2025-10-20T19:12:29.801+0000] {logging_mixin.py:151} INFO - [2025-10-20T19:12:29.801+0000] {dagbag.py:539} INFO - Filling up the DagBag from /opt/airflow/dags/src/evaluate_model.py
[2025-10-20T19:12:30.218+0000] {processor.py:841} WARNING - No viable dags retrieved from /opt/airflow/dags/src/evaluate_model.py
[2025-10-20T19:12:30.225+0000] {processor.py:179} INFO - Processing /opt/airflow/dags/src/evaluate_model.py took 0.430 seconds
[2025-10-20T19:13:00.597+0000] {processor.py:157} INFO - Started process (PID=2243) to work on /opt/airflow/dags/src/evaluate_model.py
[2025-10-20T19:13:00.599+0000] {processor.py:829} INFO - Processing file /opt/airflow/dags/src/evaluate_model.py for tasks to queue
[2025-10-20T19:13:00.602+0000] {logging_mixin.py:151} INFO - [2025-10-20T19:13:00.602+0000] {dagbag.py:539} INFO - Filling up the DagBag from /opt/airflow/dags/src/evaluate_model.py
[2025-10-20T19:13:01.075+0000] {processor.py:841} WARNING - No viable dags retrieved from /opt/airflow/dags/src/evaluate_model.py
[2025-10-20T19:13:01.086+0000] {processor.py:179} INFO - Processing /opt/airflow/dags/src/evaluate_model.py took 0.494 seconds
[2025-10-20T19:13:31.985+0000] {processor.py:157} INFO - Started process (PID=2334) to work on /opt/airflow/dags/src/evaluate_model.py
[2025-10-20T19:13:31.986+0000] {processor.py:829} INFO - Processing file /opt/airflow/dags/src/evaluate_model.py for tasks to queue
[2025-10-20T19:13:31.989+0000] {logging_mixin.py:151} INFO - [2025-10-20T19:13:31.988+0000] {dagbag.py:539} INFO - Filling up the DagBag from /opt/airflow/dags/src/evaluate_model.py
[2025-10-20T19:13:32.386+0000] {processor.py:841} WARNING - No viable dags retrieved from /opt/airflow/dags/src/evaluate_model.py
[2025-10-20T19:13:32.393+0000] {processor.py:179} INFO - Processing /opt/airflow/dags/src/evaluate_model.py took 0.414 seconds
[2025-10-20T19:14:03.235+0000] {processor.py:157} INFO - Started process (PID=2425) to work on /opt/airflow/dags/src/evaluate_model.py
[2025-10-20T19:14:03.237+0000] {processor.py:829} INFO - Processing file /opt/airflow/dags/src/evaluate_model.py for tasks to queue
[2025-10-20T19:14:03.239+0000] {logging_mixin.py:151} INFO - [2025-10-20T19:14:03.239+0000] {dagbag.py:539} INFO - Filling up the DagBag from /opt/airflow/dags/src/evaluate_model.py
[2025-10-20T19:14:03.628+0000] {processor.py:841} WARNING - No viable dags retrieved from /opt/airflow/dags/src/evaluate_model.py
[2025-10-20T19:14:03.634+0000] {processor.py:179} INFO - Processing /opt/airflow/dags/src/evaluate_model.py took 0.404 seconds
[2025-10-20T19:14:34.397+0000] {processor.py:157} INFO - Started process (PID=2516) to work on /opt/airflow/dags/src/evaluate_model.py
[2025-10-20T19:14:34.398+0000] {processor.py:829} INFO - Processing file /opt/airflow/dags/src/evaluate_model.py for tasks to queue
[2025-10-20T19:14:34.400+0000] {logging_mixin.py:151} INFO - [2025-10-20T19:14:34.400+0000] {dagbag.py:539} INFO - Filling up the DagBag from /opt/airflow/dags/src/evaluate_model.py
[2025-10-20T19:14:34.731+0000] {processor.py:841} WARNING - No viable dags retrieved from /opt/airflow/dags/src/evaluate_model.py
[2025-10-20T19:14:34.735+0000] {processor.py:179} INFO - Processing /opt/airflow/dags/src/evaluate_model.py took 0.342 seconds
[2025-10-20T19:15:05.456+0000] {processor.py:157} INFO - Started process (PID=2607) to work on /opt/airflow/dags/src/evaluate_model.py
[2025-10-20T19:15:05.457+0000] {processor.py:829} INFO - Processing file /opt/airflow/dags/src/evaluate_model.py for tasks to queue
[2025-10-20T19:15:05.459+0000] {logging_mixin.py:151} INFO - [2025-10-20T19:15:05.459+0000] {dagbag.py:539} INFO - Filling up the DagBag from /opt/airflow/dags/src/evaluate_model.py
[2025-10-20T19:15:05.904+0000] {processor.py:841} WARNING - No viable dags retrieved from /opt/airflow/dags/src/evaluate_model.py
[2025-10-20T19:15:05.910+0000] {processor.py:179} INFO - Processing /opt/airflow/dags/src/evaluate_model.py took 0.458 seconds
[2025-10-20T19:15:36.583+0000] {processor.py:157} INFO - Started process (PID=2698) to work on /opt/airflow/dags/src/evaluate_model.py
[2025-10-20T19:15:36.584+0000] {processor.py:829} INFO - Processing file /opt/airflow/dags/src/evaluate_model.py for tasks to queue
[2025-10-20T19:15:36.586+0000] {logging_mixin.py:151} INFO - [2025-10-20T19:15:36.585+0000] {dagbag.py:539} INFO - Filling up the DagBag from /opt/airflow/dags/src/evaluate_model.py
[2025-10-20T19:15:36.933+0000] {processor.py:841} WARNING - No viable dags retrieved from /opt/airflow/dags/src/evaluate_model.py
[2025-10-20T19:15:36.939+0000] {processor.py:179} INFO - Processing /opt/airflow/dags/src/evaluate_model.py took 0.357 seconds
[2025-10-20T19:16:07.584+0000] {processor.py:157} INFO - Started process (PID=2789) to work on /opt/airflow/dags/src/evaluate_model.py
[2025-10-20T19:16:07.585+0000] {processor.py:829} INFO - Processing file /opt/airflow/dags/src/evaluate_model.py for tasks to queue
[2025-10-20T19:16:07.586+0000] {logging_mixin.py:151} INFO - [2025-10-20T19:16:07.586+0000] {dagbag.py:539} INFO - Filling up the DagBag from /opt/airflow/dags/src/evaluate_model.py
[2025-10-20T19:16:08.018+0000] {processor.py:841} WARNING - No viable dags retrieved from /opt/airflow/dags/src/evaluate_model.py
[2025-10-20T19:16:08.024+0000] {processor.py:179} INFO - Processing /opt/airflow/dags/src/evaluate_model.py took 0.442 seconds
[2025-10-20T19:16:38.963+0000] {processor.py:157} INFO - Started process (PID=2887) to work on /opt/airflow/dags/src/evaluate_model.py
[2025-10-20T19:16:38.965+0000] {processor.py:829} INFO - Processing file /opt/airflow/dags/src/evaluate_model.py for tasks to queue
[2025-10-20T19:16:38.967+0000] {logging_mixin.py:151} INFO - [2025-10-20T19:16:38.967+0000] {dagbag.py:539} INFO - Filling up the DagBag from /opt/airflow/dags/src/evaluate_model.py
[2025-10-20T19:16:39.539+0000] {processor.py:841} WARNING - No viable dags retrieved from /opt/airflow/dags/src/evaluate_model.py
[2025-10-20T19:16:39.553+0000] {processor.py:179} INFO - Processing /opt/airflow/dags/src/evaluate_model.py took 0.592 seconds
[2025-10-20T19:17:10.246+0000] {processor.py:157} INFO - Started process (PID=2978) to work on /opt/airflow/dags/src/evaluate_model.py
[2025-10-20T19:17:10.248+0000] {processor.py:829} INFO - Processing file /opt/airflow/dags/src/evaluate_model.py for tasks to queue
[2025-10-20T19:17:10.249+0000] {logging_mixin.py:151} INFO - [2025-10-20T19:17:10.249+0000] {dagbag.py:539} INFO - Filling up the DagBag from /opt/airflow/dags/src/evaluate_model.py
[2025-10-20T19:17:10.632+0000] {processor.py:841} WARNING - No viable dags retrieved from /opt/airflow/dags/src/evaluate_model.py
[2025-10-20T19:17:10.639+0000] {processor.py:179} INFO - Processing /opt/airflow/dags/src/evaluate_model.py took 0.395 seconds
[2025-10-20T19:17:41.377+0000] {processor.py:157} INFO - Started process (PID=3069) to work on /opt/airflow/dags/src/evaluate_model.py
[2025-10-20T19:17:41.378+0000] {processor.py:829} INFO - Processing file /opt/airflow/dags/src/evaluate_model.py for tasks to queue
[2025-10-20T19:17:41.380+0000] {logging_mixin.py:151} INFO - [2025-10-20T19:17:41.380+0000] {dagbag.py:539} INFO - Filling up the DagBag from /opt/airflow/dags/src/evaluate_model.py
[2025-10-20T19:17:41.766+0000] {processor.py:841} WARNING - No viable dags retrieved from /opt/airflow/dags/src/evaluate_model.py
[2025-10-20T19:17:41.772+0000] {processor.py:179} INFO - Processing /opt/airflow/dags/src/evaluate_model.py took 0.399 seconds
[2025-10-20T19:18:12.393+0000] {processor.py:157} INFO - Started process (PID=3160) to work on /opt/airflow/dags/src/evaluate_model.py
[2025-10-20T19:18:12.394+0000] {processor.py:829} INFO - Processing file /opt/airflow/dags/src/evaluate_model.py for tasks to queue
[2025-10-20T19:18:12.396+0000] {logging_mixin.py:151} INFO - [2025-10-20T19:18:12.396+0000] {dagbag.py:539} INFO - Filling up the DagBag from /opt/airflow/dags/src/evaluate_model.py
[2025-10-20T19:18:12.842+0000] {processor.py:841} WARNING - No viable dags retrieved from /opt/airflow/dags/src/evaluate_model.py
[2025-10-20T19:18:12.848+0000] {processor.py:179} INFO - Processing /opt/airflow/dags/src/evaluate_model.py took 0.460 seconds
[2025-10-20T19:18:43.719+0000] {processor.py:157} INFO - Started process (PID=3251) to work on /opt/airflow/dags/src/evaluate_model.py
[2025-10-20T19:18:43.721+0000] {processor.py:829} INFO - Processing file /opt/airflow/dags/src/evaluate_model.py for tasks to queue
[2025-10-20T19:18:43.723+0000] {logging_mixin.py:151} INFO - [2025-10-20T19:18:43.723+0000] {dagbag.py:539} INFO - Filling up the DagBag from /opt/airflow/dags/src/evaluate_model.py
[2025-10-20T19:18:44.225+0000] {processor.py:841} WARNING - No viable dags retrieved from /opt/airflow/dags/src/evaluate_model.py
[2025-10-20T19:18:44.232+0000] {processor.py:179} INFO - Processing /opt/airflow/dags/src/evaluate_model.py took 0.515 seconds
[2025-10-20T19:19:14.958+0000] {processor.py:157} INFO - Started process (PID=3342) to work on /opt/airflow/dags/src/evaluate_model.py
[2025-10-20T19:19:14.959+0000] {processor.py:829} INFO - Processing file /opt/airflow/dags/src/evaluate_model.py for tasks to queue
[2025-10-20T19:19:14.962+0000] {logging_mixin.py:151} INFO - [2025-10-20T19:19:14.961+0000] {dagbag.py:539} INFO - Filling up the DagBag from /opt/airflow/dags/src/evaluate_model.py
[2025-10-20T19:19:15.352+0000] {processor.py:841} WARNING - No viable dags retrieved from /opt/airflow/dags/src/evaluate_model.py
[2025-10-20T19:19:15.359+0000] {processor.py:179} INFO - Processing /opt/airflow/dags/src/evaluate_model.py took 0.405 seconds
[2025-10-20T19:19:46.053+0000] {processor.py:157} INFO - Started process (PID=3433) to work on /opt/airflow/dags/src/evaluate_model.py
[2025-10-20T19:19:46.054+0000] {processor.py:829} INFO - Processing file /opt/airflow/dags/src/evaluate_model.py for tasks to queue
[2025-10-20T19:19:46.057+0000] {logging_mixin.py:151} INFO - [2025-10-20T19:19:46.056+0000] {dagbag.py:539} INFO - Filling up the DagBag from /opt/airflow/dags/src/evaluate_model.py
[2025-10-20T19:19:46.639+0000] {processor.py:841} WARNING - No viable dags retrieved from /opt/airflow/dags/src/evaluate_model.py
[2025-10-20T19:19:46.651+0000] {processor.py:179} INFO - Processing /opt/airflow/dags/src/evaluate_model.py took 0.600 seconds
[2025-10-20T19:20:17.443+0000] {processor.py:157} INFO - Started process (PID=3524) to work on /opt/airflow/dags/src/evaluate_model.py
[2025-10-20T19:20:17.445+0000] {processor.py:829} INFO - Processing file /opt/airflow/dags/src/evaluate_model.py for tasks to queue
[2025-10-20T19:20:17.448+0000] {logging_mixin.py:151} INFO - [2025-10-20T19:20:17.448+0000] {dagbag.py:539} INFO - Filling up the DagBag from /opt/airflow/dags/src/evaluate_model.py
[2025-10-20T19:20:17.931+0000] {processor.py:841} WARNING - No viable dags retrieved from /opt/airflow/dags/src/evaluate_model.py
[2025-10-20T19:20:17.945+0000] {processor.py:179} INFO - Processing /opt/airflow/dags/src/evaluate_model.py took 0.507 seconds
[2025-10-20T19:20:48.648+0000] {processor.py:157} INFO - Started process (PID=3614) to work on /opt/airflow/dags/src/evaluate_model.py
[2025-10-20T19:20:48.650+0000] {processor.py:829} INFO - Processing file /opt/airflow/dags/src/evaluate_model.py for tasks to queue
[2025-10-20T19:20:48.651+0000] {logging_mixin.py:151} INFO - [2025-10-20T19:20:48.651+0000] {dagbag.py:539} INFO - Filling up the DagBag from /opt/airflow/dags/src/evaluate_model.py
[2025-10-20T19:20:49.058+0000] {processor.py:841} WARNING - No viable dags retrieved from /opt/airflow/dags/src/evaluate_model.py
[2025-10-20T19:20:49.066+0000] {processor.py:179} INFO - Processing /opt/airflow/dags/src/evaluate_model.py took 0.421 seconds
