[2025-10-20T18:25:15.916+0000] {processor.py:157} INFO - Started process (PID=60) to work on /opt/airflow/dags/src/feature_engineering.py
[2025-10-20T18:25:15.921+0000] {processor.py:829} INFO - Processing file /opt/airflow/dags/src/feature_engineering.py for tasks to queue
[2025-10-20T18:25:15.927+0000] {logging_mixin.py:151} INFO - [2025-10-20T18:25:15.927+0000] {dagbag.py:539} INFO - Filling up the DagBag from /opt/airflow/dags/src/feature_engineering.py
[2025-10-20T18:25:16.783+0000] {processor.py:841} WARNING - No viable dags retrieved from /opt/airflow/dags/src/feature_engineering.py
[2025-10-20T18:25:16.845+0000] {processor.py:179} INFO - Processing /opt/airflow/dags/src/feature_engineering.py took 0.934 seconds
[2025-10-20T18:25:47.110+0000] {processor.py:157} INFO - Started process (PID=125) to work on /opt/airflow/dags/src/feature_engineering.py
[2025-10-20T18:25:47.110+0000] {processor.py:829} INFO - Processing file /opt/airflow/dags/src/feature_engineering.py for tasks to queue
[2025-10-20T18:25:47.112+0000] {logging_mixin.py:151} INFO - [2025-10-20T18:25:47.112+0000] {dagbag.py:539} INFO - Filling up the DagBag from /opt/airflow/dags/src/feature_engineering.py
[2025-10-20T18:25:47.271+0000] {processor.py:841} WARNING - No viable dags retrieved from /opt/airflow/dags/src/feature_engineering.py
[2025-10-20T18:25:47.290+0000] {processor.py:179} INFO - Processing /opt/airflow/dags/src/feature_engineering.py took 0.183 seconds
[2025-10-20T18:26:17.404+0000] {processor.py:157} INFO - Started process (PID=189) to work on /opt/airflow/dags/src/feature_engineering.py
[2025-10-20T18:26:17.408+0000] {processor.py:829} INFO - Processing file /opt/airflow/dags/src/feature_engineering.py for tasks to queue
[2025-10-20T18:26:17.409+0000] {logging_mixin.py:151} INFO - [2025-10-20T18:26:17.409+0000] {dagbag.py:539} INFO - Filling up the DagBag from /opt/airflow/dags/src/feature_engineering.py
[2025-10-20T18:26:17.533+0000] {processor.py:841} WARNING - No viable dags retrieved from /opt/airflow/dags/src/feature_engineering.py
[2025-10-20T18:26:17.538+0000] {processor.py:179} INFO - Processing /opt/airflow/dags/src/feature_engineering.py took 0.136 seconds
[2025-10-20T18:26:47.649+0000] {processor.py:157} INFO - Started process (PID=253) to work on /opt/airflow/dags/src/feature_engineering.py
[2025-10-20T18:26:47.649+0000] {processor.py:829} INFO - Processing file /opt/airflow/dags/src/feature_engineering.py for tasks to queue
[2025-10-20T18:26:47.651+0000] {logging_mixin.py:151} INFO - [2025-10-20T18:26:47.651+0000] {dagbag.py:539} INFO - Filling up the DagBag from /opt/airflow/dags/src/feature_engineering.py
[2025-10-20T18:26:47.827+0000] {processor.py:841} WARNING - No viable dags retrieved from /opt/airflow/dags/src/feature_engineering.py
[2025-10-20T18:26:47.842+0000] {processor.py:179} INFO - Processing /opt/airflow/dags/src/feature_engineering.py took 0.195 seconds
[2025-10-20T18:27:18.514+0000] {processor.py:157} INFO - Started process (PID=324) to work on /opt/airflow/dags/src/feature_engineering.py
[2025-10-20T18:27:18.515+0000] {processor.py:829} INFO - Processing file /opt/airflow/dags/src/feature_engineering.py for tasks to queue
[2025-10-20T18:27:18.516+0000] {logging_mixin.py:151} INFO - [2025-10-20T18:27:18.516+0000] {dagbag.py:539} INFO - Filling up the DagBag from /opt/airflow/dags/src/feature_engineering.py
[2025-10-20T18:27:18.615+0000] {processor.py:841} WARNING - No viable dags retrieved from /opt/airflow/dags/src/feature_engineering.py
[2025-10-20T18:27:18.620+0000] {processor.py:179} INFO - Processing /opt/airflow/dags/src/feature_engineering.py took 0.107 seconds
[2025-10-20T18:27:49.413+0000] {processor.py:157} INFO - Started process (PID=388) to work on /opt/airflow/dags/src/feature_engineering.py
[2025-10-20T18:27:49.413+0000] {processor.py:829} INFO - Processing file /opt/airflow/dags/src/feature_engineering.py for tasks to queue
[2025-10-20T18:27:49.414+0000] {logging_mixin.py:151} INFO - [2025-10-20T18:27:49.414+0000] {dagbag.py:539} INFO - Filling up the DagBag from /opt/airflow/dags/src/feature_engineering.py
[2025-10-20T18:27:49.513+0000] {processor.py:841} WARNING - No viable dags retrieved from /opt/airflow/dags/src/feature_engineering.py
[2025-10-20T18:27:49.518+0000] {processor.py:179} INFO - Processing /opt/airflow/dags/src/feature_engineering.py took 0.106 seconds
[2025-10-20T18:28:20.087+0000] {processor.py:157} INFO - Started process (PID=452) to work on /opt/airflow/dags/src/feature_engineering.py
[2025-10-20T18:28:20.088+0000] {processor.py:829} INFO - Processing file /opt/airflow/dags/src/feature_engineering.py for tasks to queue
[2025-10-20T18:28:20.088+0000] {logging_mixin.py:151} INFO - [2025-10-20T18:28:20.088+0000] {dagbag.py:539} INFO - Filling up the DagBag from /opt/airflow/dags/src/feature_engineering.py
[2025-10-20T18:28:20.196+0000] {processor.py:841} WARNING - No viable dags retrieved from /opt/airflow/dags/src/feature_engineering.py
[2025-10-20T18:28:20.203+0000] {processor.py:179} INFO - Processing /opt/airflow/dags/src/feature_engineering.py took 0.117 seconds
[2025-10-20T18:28:50.996+0000] {processor.py:157} INFO - Started process (PID=515) to work on /opt/airflow/dags/src/feature_engineering.py
[2025-10-20T18:28:50.996+0000] {processor.py:829} INFO - Processing file /opt/airflow/dags/src/feature_engineering.py for tasks to queue
[2025-10-20T18:28:50.997+0000] {logging_mixin.py:151} INFO - [2025-10-20T18:28:50.997+0000] {dagbag.py:539} INFO - Filling up the DagBag from /opt/airflow/dags/src/feature_engineering.py
[2025-10-20T18:28:51.095+0000] {processor.py:841} WARNING - No viable dags retrieved from /opt/airflow/dags/src/feature_engineering.py
[2025-10-20T18:28:51.100+0000] {processor.py:179} INFO - Processing /opt/airflow/dags/src/feature_engineering.py took 0.105 seconds
[2025-10-20T18:29:44.689+0000] {processor.py:157} INFO - Started process (PID=49) to work on /opt/airflow/dags/src/feature_engineering.py
[2025-10-20T18:29:44.689+0000] {processor.py:829} INFO - Processing file /opt/airflow/dags/src/feature_engineering.py for tasks to queue
[2025-10-20T18:29:44.690+0000] {logging_mixin.py:151} INFO - [2025-10-20T18:29:44.690+0000] {dagbag.py:539} INFO - Filling up the DagBag from /opt/airflow/dags/src/feature_engineering.py
[2025-10-20T18:29:44.810+0000] {processor.py:841} WARNING - No viable dags retrieved from /opt/airflow/dags/src/feature_engineering.py
[2025-10-20T18:29:44.819+0000] {processor.py:179} INFO - Processing /opt/airflow/dags/src/feature_engineering.py took 0.132 seconds
[2025-10-20T18:30:15.333+0000] {processor.py:157} INFO - Started process (PID=113) to work on /opt/airflow/dags/src/feature_engineering.py
[2025-10-20T18:30:15.334+0000] {processor.py:829} INFO - Processing file /opt/airflow/dags/src/feature_engineering.py for tasks to queue
[2025-10-20T18:30:15.336+0000] {logging_mixin.py:151} INFO - [2025-10-20T18:30:15.336+0000] {dagbag.py:539} INFO - Filling up the DagBag from /opt/airflow/dags/src/feature_engineering.py
[2025-10-20T18:30:15.447+0000] {processor.py:841} WARNING - No viable dags retrieved from /opt/airflow/dags/src/feature_engineering.py
[2025-10-20T18:30:15.454+0000] {processor.py:179} INFO - Processing /opt/airflow/dags/src/feature_engineering.py took 0.122 seconds
[2025-10-20T18:30:46.399+0000] {processor.py:157} INFO - Started process (PID=177) to work on /opt/airflow/dags/src/feature_engineering.py
[2025-10-20T18:30:46.400+0000] {processor.py:829} INFO - Processing file /opt/airflow/dags/src/feature_engineering.py for tasks to queue
[2025-10-20T18:30:46.401+0000] {logging_mixin.py:151} INFO - [2025-10-20T18:30:46.401+0000] {dagbag.py:539} INFO - Filling up the DagBag from /opt/airflow/dags/src/feature_engineering.py
[2025-10-20T18:30:46.519+0000] {processor.py:841} WARNING - No viable dags retrieved from /opt/airflow/dags/src/feature_engineering.py
[2025-10-20T18:30:46.526+0000] {processor.py:179} INFO - Processing /opt/airflow/dags/src/feature_engineering.py took 0.128 seconds
[2025-10-20T18:31:17.519+0000] {processor.py:157} INFO - Started process (PID=241) to work on /opt/airflow/dags/src/feature_engineering.py
[2025-10-20T18:31:17.520+0000] {processor.py:829} INFO - Processing file /opt/airflow/dags/src/feature_engineering.py for tasks to queue
[2025-10-20T18:31:17.521+0000] {logging_mixin.py:151} INFO - [2025-10-20T18:31:17.521+0000] {dagbag.py:539} INFO - Filling up the DagBag from /opt/airflow/dags/src/feature_engineering.py
[2025-10-20T18:31:17.642+0000] {processor.py:841} WARNING - No viable dags retrieved from /opt/airflow/dags/src/feature_engineering.py
[2025-10-20T18:31:17.650+0000] {processor.py:179} INFO - Processing /opt/airflow/dags/src/feature_engineering.py took 0.133 seconds
[2025-10-20T18:31:47.789+0000] {processor.py:157} INFO - Started process (PID=305) to work on /opt/airflow/dags/src/feature_engineering.py
[2025-10-20T18:31:47.790+0000] {processor.py:829} INFO - Processing file /opt/airflow/dags/src/feature_engineering.py for tasks to queue
[2025-10-20T18:31:47.791+0000] {logging_mixin.py:151} INFO - [2025-10-20T18:31:47.791+0000] {dagbag.py:539} INFO - Filling up the DagBag from /opt/airflow/dags/src/feature_engineering.py
[2025-10-20T18:31:47.899+0000] {processor.py:841} WARNING - No viable dags retrieved from /opt/airflow/dags/src/feature_engineering.py
[2025-10-20T18:31:47.906+0000] {processor.py:179} INFO - Processing /opt/airflow/dags/src/feature_engineering.py took 0.117 seconds
[2025-10-20T18:32:18.688+0000] {processor.py:157} INFO - Started process (PID=368) to work on /opt/airflow/dags/src/feature_engineering.py
[2025-10-20T18:32:18.689+0000] {processor.py:829} INFO - Processing file /opt/airflow/dags/src/feature_engineering.py for tasks to queue
[2025-10-20T18:32:18.691+0000] {logging_mixin.py:151} INFO - [2025-10-20T18:32:18.691+0000] {dagbag.py:539} INFO - Filling up the DagBag from /opt/airflow/dags/src/feature_engineering.py
[2025-10-20T18:32:18.801+0000] {processor.py:841} WARNING - No viable dags retrieved from /opt/airflow/dags/src/feature_engineering.py
[2025-10-20T18:32:18.810+0000] {processor.py:179} INFO - Processing /opt/airflow/dags/src/feature_engineering.py took 0.125 seconds
[2025-10-20T18:33:13.829+0000] {processor.py:157} INFO - Started process (PID=48) to work on /opt/airflow/dags/src/feature_engineering.py
[2025-10-20T18:33:13.830+0000] {processor.py:829} INFO - Processing file /opt/airflow/dags/src/feature_engineering.py for tasks to queue
[2025-10-20T18:33:13.831+0000] {logging_mixin.py:151} INFO - [2025-10-20T18:33:13.831+0000] {dagbag.py:539} INFO - Filling up the DagBag from /opt/airflow/dags/src/feature_engineering.py
[2025-10-20T18:33:14.045+0000] {processor.py:841} WARNING - No viable dags retrieved from /opt/airflow/dags/src/feature_engineering.py
[2025-10-20T18:33:14.054+0000] {processor.py:179} INFO - Processing /opt/airflow/dags/src/feature_engineering.py took 0.226 seconds
[2025-10-20T18:33:44.697+0000] {processor.py:157} INFO - Started process (PID=113) to work on /opt/airflow/dags/src/feature_engineering.py
[2025-10-20T18:33:44.698+0000] {processor.py:829} INFO - Processing file /opt/airflow/dags/src/feature_engineering.py for tasks to queue
[2025-10-20T18:33:44.700+0000] {logging_mixin.py:151} INFO - [2025-10-20T18:33:44.700+0000] {dagbag.py:539} INFO - Filling up the DagBag from /opt/airflow/dags/src/feature_engineering.py
[2025-10-20T18:33:44.809+0000] {processor.py:841} WARNING - No viable dags retrieved from /opt/airflow/dags/src/feature_engineering.py
[2025-10-20T18:33:44.816+0000] {processor.py:179} INFO - Processing /opt/airflow/dags/src/feature_engineering.py took 0.120 seconds
[2025-10-20T18:34:15.696+0000] {processor.py:157} INFO - Started process (PID=177) to work on /opt/airflow/dags/src/feature_engineering.py
[2025-10-20T18:34:15.697+0000] {processor.py:829} INFO - Processing file /opt/airflow/dags/src/feature_engineering.py for tasks to queue
[2025-10-20T18:34:15.698+0000] {logging_mixin.py:151} INFO - [2025-10-20T18:34:15.698+0000] {dagbag.py:539} INFO - Filling up the DagBag from /opt/airflow/dags/src/feature_engineering.py
[2025-10-20T18:34:15.806+0000] {processor.py:841} WARNING - No viable dags retrieved from /opt/airflow/dags/src/feature_engineering.py
[2025-10-20T18:34:15.812+0000] {processor.py:179} INFO - Processing /opt/airflow/dags/src/feature_engineering.py took 0.117 seconds
[2025-10-20T18:34:46.626+0000] {processor.py:157} INFO - Started process (PID=241) to work on /opt/airflow/dags/src/feature_engineering.py
[2025-10-20T18:34:46.626+0000] {processor.py:829} INFO - Processing file /opt/airflow/dags/src/feature_engineering.py for tasks to queue
[2025-10-20T18:34:46.628+0000] {logging_mixin.py:151} INFO - [2025-10-20T18:34:46.628+0000] {dagbag.py:539} INFO - Filling up the DagBag from /opt/airflow/dags/src/feature_engineering.py
[2025-10-20T18:34:46.739+0000] {processor.py:841} WARNING - No viable dags retrieved from /opt/airflow/dags/src/feature_engineering.py
[2025-10-20T18:34:46.745+0000] {processor.py:179} INFO - Processing /opt/airflow/dags/src/feature_engineering.py took 0.121 seconds
[2025-10-20T18:35:17.795+0000] {processor.py:157} INFO - Started process (PID=305) to work on /opt/airflow/dags/src/feature_engineering.py
[2025-10-20T18:35:17.795+0000] {processor.py:829} INFO - Processing file /opt/airflow/dags/src/feature_engineering.py for tasks to queue
[2025-10-20T18:35:17.796+0000] {logging_mixin.py:151} INFO - [2025-10-20T18:35:17.796+0000] {dagbag.py:539} INFO - Filling up the DagBag from /opt/airflow/dags/src/feature_engineering.py
[2025-10-20T18:35:17.908+0000] {processor.py:841} WARNING - No viable dags retrieved from /opt/airflow/dags/src/feature_engineering.py
[2025-10-20T18:35:17.916+0000] {processor.py:179} INFO - Processing /opt/airflow/dags/src/feature_engineering.py took 0.123 seconds
[2025-10-20T18:35:48.963+0000] {processor.py:157} INFO - Started process (PID=376) to work on /opt/airflow/dags/src/feature_engineering.py
[2025-10-20T18:35:48.964+0000] {processor.py:829} INFO - Processing file /opt/airflow/dags/src/feature_engineering.py for tasks to queue
[2025-10-20T18:35:48.965+0000] {logging_mixin.py:151} INFO - [2025-10-20T18:35:48.965+0000] {dagbag.py:539} INFO - Filling up the DagBag from /opt/airflow/dags/src/feature_engineering.py
[2025-10-20T18:35:49.074+0000] {processor.py:841} WARNING - No viable dags retrieved from /opt/airflow/dags/src/feature_engineering.py
[2025-10-20T18:35:49.081+0000] {processor.py:179} INFO - Processing /opt/airflow/dags/src/feature_engineering.py took 0.119 seconds
[2025-10-20T18:36:47.525+0000] {processor.py:157} INFO - Started process (PID=49) to work on /opt/airflow/dags/src/feature_engineering.py
[2025-10-20T18:36:47.526+0000] {processor.py:829} INFO - Processing file /opt/airflow/dags/src/feature_engineering.py for tasks to queue
[2025-10-20T18:36:47.527+0000] {logging_mixin.py:151} INFO - [2025-10-20T18:36:47.527+0000] {dagbag.py:539} INFO - Filling up the DagBag from /opt/airflow/dags/src/feature_engineering.py
[2025-10-20T18:36:47.656+0000] {processor.py:841} WARNING - No viable dags retrieved from /opt/airflow/dags/src/feature_engineering.py
[2025-10-20T18:36:47.664+0000] {processor.py:179} INFO - Processing /opt/airflow/dags/src/feature_engineering.py took 0.141 seconds
[2025-10-20T18:37:18.668+0000] {processor.py:157} INFO - Started process (PID=113) to work on /opt/airflow/dags/src/feature_engineering.py
[2025-10-20T18:37:18.669+0000] {processor.py:829} INFO - Processing file /opt/airflow/dags/src/feature_engineering.py for tasks to queue
[2025-10-20T18:37:18.670+0000] {logging_mixin.py:151} INFO - [2025-10-20T18:37:18.670+0000] {dagbag.py:539} INFO - Filling up the DagBag from /opt/airflow/dags/src/feature_engineering.py
[2025-10-20T18:37:18.778+0000] {processor.py:841} WARNING - No viable dags retrieved from /opt/airflow/dags/src/feature_engineering.py
[2025-10-20T18:37:18.784+0000] {processor.py:179} INFO - Processing /opt/airflow/dags/src/feature_engineering.py took 0.117 seconds
[2025-10-20T18:37:49.585+0000] {processor.py:157} INFO - Started process (PID=177) to work on /opt/airflow/dags/src/feature_engineering.py
[2025-10-20T18:37:49.586+0000] {processor.py:829} INFO - Processing file /opt/airflow/dags/src/feature_engineering.py for tasks to queue
[2025-10-20T18:37:49.587+0000] {logging_mixin.py:151} INFO - [2025-10-20T18:37:49.587+0000] {dagbag.py:539} INFO - Filling up the DagBag from /opt/airflow/dags/src/feature_engineering.py
[2025-10-20T18:37:49.695+0000] {processor.py:841} WARNING - No viable dags retrieved from /opt/airflow/dags/src/feature_engineering.py
[2025-10-20T18:37:49.702+0000] {processor.py:179} INFO - Processing /opt/airflow/dags/src/feature_engineering.py took 0.118 seconds
[2025-10-20T18:38:20.546+0000] {processor.py:157} INFO - Started process (PID=241) to work on /opt/airflow/dags/src/feature_engineering.py
[2025-10-20T18:38:20.547+0000] {processor.py:829} INFO - Processing file /opt/airflow/dags/src/feature_engineering.py for tasks to queue
[2025-10-20T18:38:20.548+0000] {logging_mixin.py:151} INFO - [2025-10-20T18:38:20.548+0000] {dagbag.py:539} INFO - Filling up the DagBag from /opt/airflow/dags/src/feature_engineering.py
[2025-10-20T18:38:20.661+0000] {processor.py:841} WARNING - No viable dags retrieved from /opt/airflow/dags/src/feature_engineering.py
[2025-10-20T18:38:20.676+0000] {processor.py:179} INFO - Processing /opt/airflow/dags/src/feature_engineering.py took 0.131 seconds
[2025-10-20T18:38:50.761+0000] {processor.py:157} INFO - Started process (PID=304) to work on /opt/airflow/dags/src/feature_engineering.py
[2025-10-20T18:38:50.762+0000] {processor.py:829} INFO - Processing file /opt/airflow/dags/src/feature_engineering.py for tasks to queue
[2025-10-20T18:38:50.763+0000] {logging_mixin.py:151} INFO - [2025-10-20T18:38:50.762+0000] {dagbag.py:539} INFO - Filling up the DagBag from /opt/airflow/dags/src/feature_engineering.py
[2025-10-20T18:38:50.876+0000] {processor.py:841} WARNING - No viable dags retrieved from /opt/airflow/dags/src/feature_engineering.py
[2025-10-20T18:38:50.882+0000] {processor.py:179} INFO - Processing /opt/airflow/dags/src/feature_engineering.py took 0.122 seconds
[2025-10-20T18:39:21.701+0000] {processor.py:157} INFO - Started process (PID=368) to work on /opt/airflow/dags/src/feature_engineering.py
[2025-10-20T18:39:21.702+0000] {processor.py:829} INFO - Processing file /opt/airflow/dags/src/feature_engineering.py for tasks to queue
[2025-10-20T18:39:21.703+0000] {logging_mixin.py:151} INFO - [2025-10-20T18:39:21.703+0000] {dagbag.py:539} INFO - Filling up the DagBag from /opt/airflow/dags/src/feature_engineering.py
[2025-10-20T18:39:21.825+0000] {processor.py:841} WARNING - No viable dags retrieved from /opt/airflow/dags/src/feature_engineering.py
[2025-10-20T18:39:21.833+0000] {processor.py:179} INFO - Processing /opt/airflow/dags/src/feature_engineering.py took 0.134 seconds
[2025-10-20T18:40:47.307+0000] {processor.py:157} INFO - Started process (PID=109) to work on /opt/airflow/dags/src/feature_engineering.py
[2025-10-20T18:40:47.310+0000] {processor.py:829} INFO - Processing file /opt/airflow/dags/src/feature_engineering.py for tasks to queue
[2025-10-20T18:40:47.312+0000] {logging_mixin.py:151} INFO - [2025-10-20T18:40:47.311+0000] {dagbag.py:539} INFO - Filling up the DagBag from /opt/airflow/dags/src/feature_engineering.py
[2025-10-20T18:40:47.459+0000] {processor.py:841} WARNING - No viable dags retrieved from /opt/airflow/dags/src/feature_engineering.py
[2025-10-20T18:40:47.465+0000] {processor.py:179} INFO - Processing /opt/airflow/dags/src/feature_engineering.py took 0.160 seconds
[2025-10-20T18:41:18.128+0000] {processor.py:157} INFO - Started process (PID=209) to work on /opt/airflow/dags/src/feature_engineering.py
[2025-10-20T18:41:18.129+0000] {processor.py:829} INFO - Processing file /opt/airflow/dags/src/feature_engineering.py for tasks to queue
[2025-10-20T18:41:18.130+0000] {logging_mixin.py:151} INFO - [2025-10-20T18:41:18.130+0000] {dagbag.py:539} INFO - Filling up the DagBag from /opt/airflow/dags/src/feature_engineering.py
[2025-10-20T18:41:18.249+0000] {processor.py:841} WARNING - No viable dags retrieved from /opt/airflow/dags/src/feature_engineering.py
[2025-10-20T18:41:18.257+0000] {processor.py:179} INFO - Processing /opt/airflow/dags/src/feature_engineering.py took 0.131 seconds
[2025-10-20T18:41:49.126+0000] {processor.py:157} INFO - Started process (PID=300) to work on /opt/airflow/dags/src/feature_engineering.py
[2025-10-20T18:41:49.128+0000] {processor.py:829} INFO - Processing file /opt/airflow/dags/src/feature_engineering.py for tasks to queue
[2025-10-20T18:41:49.129+0000] {logging_mixin.py:151} INFO - [2025-10-20T18:41:49.129+0000] {dagbag.py:539} INFO - Filling up the DagBag from /opt/airflow/dags/src/feature_engineering.py
[2025-10-20T18:41:49.241+0000] {processor.py:841} WARNING - No viable dags retrieved from /opt/airflow/dags/src/feature_engineering.py
[2025-10-20T18:41:49.251+0000] {processor.py:179} INFO - Processing /opt/airflow/dags/src/feature_engineering.py took 0.127 seconds
[2025-10-20T18:42:20.113+0000] {processor.py:157} INFO - Started process (PID=391) to work on /opt/airflow/dags/src/feature_engineering.py
[2025-10-20T18:42:20.114+0000] {processor.py:829} INFO - Processing file /opt/airflow/dags/src/feature_engineering.py for tasks to queue
[2025-10-20T18:42:20.114+0000] {logging_mixin.py:151} INFO - [2025-10-20T18:42:20.114+0000] {dagbag.py:539} INFO - Filling up the DagBag from /opt/airflow/dags/src/feature_engineering.py
[2025-10-20T18:42:20.226+0000] {processor.py:841} WARNING - No viable dags retrieved from /opt/airflow/dags/src/feature_engineering.py
[2025-10-20T18:42:20.234+0000] {processor.py:179} INFO - Processing /opt/airflow/dags/src/feature_engineering.py took 0.122 seconds
[2025-10-20T18:42:50.500+0000] {processor.py:157} INFO - Started process (PID=472) to work on /opt/airflow/dags/src/feature_engineering.py
[2025-10-20T18:42:50.501+0000] {processor.py:829} INFO - Processing file /opt/airflow/dags/src/feature_engineering.py for tasks to queue
[2025-10-20T18:42:50.503+0000] {logging_mixin.py:151} INFO - [2025-10-20T18:42:50.502+0000] {dagbag.py:539} INFO - Filling up the DagBag from /opt/airflow/dags/src/feature_engineering.py
[2025-10-20T18:42:50.612+0000] {processor.py:841} WARNING - No viable dags retrieved from /opt/airflow/dags/src/feature_engineering.py
[2025-10-20T18:42:50.619+0000] {processor.py:179} INFO - Processing /opt/airflow/dags/src/feature_engineering.py took 0.120 seconds
[2025-10-20T18:43:20.765+0000] {processor.py:157} INFO - Started process (PID=552) to work on /opt/airflow/dags/src/feature_engineering.py
[2025-10-20T18:43:20.766+0000] {processor.py:829} INFO - Processing file /opt/airflow/dags/src/feature_engineering.py for tasks to queue
[2025-10-20T18:43:20.767+0000] {logging_mixin.py:151} INFO - [2025-10-20T18:43:20.767+0000] {dagbag.py:539} INFO - Filling up the DagBag from /opt/airflow/dags/src/feature_engineering.py
[2025-10-20T18:43:20.882+0000] {processor.py:841} WARNING - No viable dags retrieved from /opt/airflow/dags/src/feature_engineering.py
[2025-10-20T18:43:20.888+0000] {processor.py:179} INFO - Processing /opt/airflow/dags/src/feature_engineering.py took 0.124 seconds
[2025-10-20T18:43:52.277+0000] {processor.py:157} INFO - Started process (PID=655) to work on /opt/airflow/dags/src/feature_engineering.py
[2025-10-20T18:43:52.278+0000] {processor.py:829} INFO - Processing file /opt/airflow/dags/src/feature_engineering.py for tasks to queue
[2025-10-20T18:43:52.279+0000] {logging_mixin.py:151} INFO - [2025-10-20T18:43:52.279+0000] {dagbag.py:539} INFO - Filling up the DagBag from /opt/airflow/dags/src/feature_engineering.py
[2025-10-20T18:43:52.404+0000] {processor.py:841} WARNING - No viable dags retrieved from /opt/airflow/dags/src/feature_engineering.py
[2025-10-20T18:43:52.414+0000] {processor.py:179} INFO - Processing /opt/airflow/dags/src/feature_engineering.py took 0.139 seconds
[2025-10-20T18:44:23.466+0000] {processor.py:157} INFO - Started process (PID=746) to work on /opt/airflow/dags/src/feature_engineering.py
[2025-10-20T18:44:23.467+0000] {processor.py:829} INFO - Processing file /opt/airflow/dags/src/feature_engineering.py for tasks to queue
[2025-10-20T18:44:23.470+0000] {logging_mixin.py:151} INFO - [2025-10-20T18:44:23.470+0000] {dagbag.py:539} INFO - Filling up the DagBag from /opt/airflow/dags/src/feature_engineering.py
[2025-10-20T18:44:23.598+0000] {processor.py:841} WARNING - No viable dags retrieved from /opt/airflow/dags/src/feature_engineering.py
[2025-10-20T18:44:23.616+0000] {processor.py:179} INFO - Processing /opt/airflow/dags/src/feature_engineering.py took 0.152 seconds
[2025-10-20T18:44:54.752+0000] {processor.py:157} INFO - Started process (PID=837) to work on /opt/airflow/dags/src/feature_engineering.py
[2025-10-20T18:44:54.752+0000] {processor.py:829} INFO - Processing file /opt/airflow/dags/src/feature_engineering.py for tasks to queue
[2025-10-20T18:44:54.753+0000] {logging_mixin.py:151} INFO - [2025-10-20T18:44:54.753+0000] {dagbag.py:539} INFO - Filling up the DagBag from /opt/airflow/dags/src/feature_engineering.py
[2025-10-20T18:44:54.899+0000] {processor.py:841} WARNING - No viable dags retrieved from /opt/airflow/dags/src/feature_engineering.py
[2025-10-20T18:44:54.913+0000] {processor.py:179} INFO - Processing /opt/airflow/dags/src/feature_engineering.py took 0.163 seconds
[2025-10-20T18:45:26.145+0000] {processor.py:157} INFO - Started process (PID=927) to work on /opt/airflow/dags/src/feature_engineering.py
[2025-10-20T18:45:26.146+0000] {processor.py:829} INFO - Processing file /opt/airflow/dags/src/feature_engineering.py for tasks to queue
[2025-10-20T18:45:26.146+0000] {logging_mixin.py:151} INFO - [2025-10-20T18:45:26.146+0000] {dagbag.py:539} INFO - Filling up the DagBag from /opt/airflow/dags/src/feature_engineering.py
[2025-10-20T18:45:26.254+0000] {processor.py:841} WARNING - No viable dags retrieved from /opt/airflow/dags/src/feature_engineering.py
[2025-10-20T18:45:26.264+0000] {processor.py:179} INFO - Processing /opt/airflow/dags/src/feature_engineering.py took 0.120 seconds
[2025-10-20T18:45:57.367+0000] {processor.py:157} INFO - Started process (PID=1019) to work on /opt/airflow/dags/src/feature_engineering.py
[2025-10-20T18:45:57.367+0000] {processor.py:829} INFO - Processing file /opt/airflow/dags/src/feature_engineering.py for tasks to queue
[2025-10-20T18:45:57.368+0000] {logging_mixin.py:151} INFO - [2025-10-20T18:45:57.368+0000] {dagbag.py:539} INFO - Filling up the DagBag from /opt/airflow/dags/src/feature_engineering.py
[2025-10-20T18:45:57.487+0000] {processor.py:841} WARNING - No viable dags retrieved from /opt/airflow/dags/src/feature_engineering.py
[2025-10-20T18:45:57.497+0000] {processor.py:179} INFO - Processing /opt/airflow/dags/src/feature_engineering.py took 0.132 seconds
[2025-10-20T18:46:28.958+0000] {processor.py:157} INFO - Started process (PID=1109) to work on /opt/airflow/dags/src/feature_engineering.py
[2025-10-20T18:46:28.961+0000] {processor.py:829} INFO - Processing file /opt/airflow/dags/src/feature_engineering.py for tasks to queue
[2025-10-20T18:46:28.962+0000] {logging_mixin.py:151} INFO - [2025-10-20T18:46:28.962+0000] {dagbag.py:539} INFO - Filling up the DagBag from /opt/airflow/dags/src/feature_engineering.py
[2025-10-20T18:46:29.105+0000] {processor.py:841} WARNING - No viable dags retrieved from /opt/airflow/dags/src/feature_engineering.py
[2025-10-20T18:46:29.119+0000] {processor.py:179} INFO - Processing /opt/airflow/dags/src/feature_engineering.py took 0.163 seconds
[2025-10-20T18:47:00.339+0000] {processor.py:157} INFO - Started process (PID=1201) to work on /opt/airflow/dags/src/feature_engineering.py
[2025-10-20T18:47:00.339+0000] {processor.py:829} INFO - Processing file /opt/airflow/dags/src/feature_engineering.py for tasks to queue
[2025-10-20T18:47:00.340+0000] {logging_mixin.py:151} INFO - [2025-10-20T18:47:00.340+0000] {dagbag.py:539} INFO - Filling up the DagBag from /opt/airflow/dags/src/feature_engineering.py
[2025-10-20T18:47:00.456+0000] {processor.py:841} WARNING - No viable dags retrieved from /opt/airflow/dags/src/feature_engineering.py
[2025-10-20T18:47:00.466+0000] {processor.py:179} INFO - Processing /opt/airflow/dags/src/feature_engineering.py took 0.129 seconds
[2025-10-20T18:47:31.547+0000] {processor.py:157} INFO - Started process (PID=1292) to work on /opt/airflow/dags/src/feature_engineering.py
[2025-10-20T18:47:31.547+0000] {processor.py:829} INFO - Processing file /opt/airflow/dags/src/feature_engineering.py for tasks to queue
[2025-10-20T18:47:31.548+0000] {logging_mixin.py:151} INFO - [2025-10-20T18:47:31.548+0000] {dagbag.py:539} INFO - Filling up the DagBag from /opt/airflow/dags/src/feature_engineering.py
[2025-10-20T18:47:31.676+0000] {processor.py:841} WARNING - No viable dags retrieved from /opt/airflow/dags/src/feature_engineering.py
[2025-10-20T18:47:31.697+0000] {processor.py:179} INFO - Processing /opt/airflow/dags/src/feature_engineering.py took 0.151 seconds
[2025-10-20T18:48:02.708+0000] {processor.py:157} INFO - Started process (PID=1390) to work on /opt/airflow/dags/src/feature_engineering.py
[2025-10-20T18:48:02.709+0000] {processor.py:829} INFO - Processing file /opt/airflow/dags/src/feature_engineering.py for tasks to queue
[2025-10-20T18:48:02.710+0000] {logging_mixin.py:151} INFO - [2025-10-20T18:48:02.709+0000] {dagbag.py:539} INFO - Filling up the DagBag from /opt/airflow/dags/src/feature_engineering.py
[2025-10-20T18:48:02.827+0000] {processor.py:841} WARNING - No viable dags retrieved from /opt/airflow/dags/src/feature_engineering.py
[2025-10-20T18:48:02.843+0000] {processor.py:179} INFO - Processing /opt/airflow/dags/src/feature_engineering.py took 0.136 seconds
[2025-10-20T18:48:33.898+0000] {processor.py:157} INFO - Started process (PID=1481) to work on /opt/airflow/dags/src/feature_engineering.py
[2025-10-20T18:48:33.899+0000] {processor.py:829} INFO - Processing file /opt/airflow/dags/src/feature_engineering.py for tasks to queue
[2025-10-20T18:48:33.900+0000] {logging_mixin.py:151} INFO - [2025-10-20T18:48:33.900+0000] {dagbag.py:539} INFO - Filling up the DagBag from /opt/airflow/dags/src/feature_engineering.py
[2025-10-20T18:48:34.040+0000] {processor.py:841} WARNING - No viable dags retrieved from /opt/airflow/dags/src/feature_engineering.py
[2025-10-20T18:48:34.056+0000] {processor.py:179} INFO - Processing /opt/airflow/dags/src/feature_engineering.py took 0.160 seconds
[2025-10-20T18:49:05.182+0000] {processor.py:157} INFO - Started process (PID=1571) to work on /opt/airflow/dags/src/feature_engineering.py
[2025-10-20T18:49:05.183+0000] {processor.py:829} INFO - Processing file /opt/airflow/dags/src/feature_engineering.py for tasks to queue
[2025-10-20T18:49:05.184+0000] {logging_mixin.py:151} INFO - [2025-10-20T18:49:05.184+0000] {dagbag.py:539} INFO - Filling up the DagBag from /opt/airflow/dags/src/feature_engineering.py
[2025-10-20T18:49:05.303+0000] {processor.py:841} WARNING - No viable dags retrieved from /opt/airflow/dags/src/feature_engineering.py
[2025-10-20T18:49:05.320+0000] {processor.py:179} INFO - Processing /opt/airflow/dags/src/feature_engineering.py took 0.139 seconds
[2025-10-20T18:49:36.417+0000] {processor.py:157} INFO - Started process (PID=1663) to work on /opt/airflow/dags/src/feature_engineering.py
[2025-10-20T18:49:36.418+0000] {processor.py:829} INFO - Processing file /opt/airflow/dags/src/feature_engineering.py for tasks to queue
[2025-10-20T18:49:36.419+0000] {logging_mixin.py:151} INFO - [2025-10-20T18:49:36.419+0000] {dagbag.py:539} INFO - Filling up the DagBag from /opt/airflow/dags/src/feature_engineering.py
[2025-10-20T18:49:36.551+0000] {processor.py:841} WARNING - No viable dags retrieved from /opt/airflow/dags/src/feature_engineering.py
[2025-10-20T18:49:36.572+0000] {processor.py:179} INFO - Processing /opt/airflow/dags/src/feature_engineering.py took 0.156 seconds
[2025-10-20T18:50:07.827+0000] {processor.py:157} INFO - Started process (PID=1754) to work on /opt/airflow/dags/src/feature_engineering.py
[2025-10-20T18:50:07.828+0000] {processor.py:829} INFO - Processing file /opt/airflow/dags/src/feature_engineering.py for tasks to queue
[2025-10-20T18:50:07.829+0000] {logging_mixin.py:151} INFO - [2025-10-20T18:50:07.829+0000] {dagbag.py:539} INFO - Filling up the DagBag from /opt/airflow/dags/src/feature_engineering.py
[2025-10-20T18:50:07.958+0000] {processor.py:841} WARNING - No viable dags retrieved from /opt/airflow/dags/src/feature_engineering.py
[2025-10-20T18:50:07.976+0000] {processor.py:179} INFO - Processing /opt/airflow/dags/src/feature_engineering.py took 0.151 seconds
[2025-10-20T18:50:38.625+0000] {processor.py:157} INFO - Started process (PID=1843) to work on /opt/airflow/dags/src/feature_engineering.py
[2025-10-20T18:50:38.626+0000] {processor.py:829} INFO - Processing file /opt/airflow/dags/src/feature_engineering.py for tasks to queue
[2025-10-20T18:50:38.627+0000] {logging_mixin.py:151} INFO - [2025-10-20T18:50:38.627+0000] {dagbag.py:539} INFO - Filling up the DagBag from /opt/airflow/dags/src/feature_engineering.py
[2025-10-20T18:50:38.958+0000] {processor.py:841} WARNING - No viable dags retrieved from /opt/airflow/dags/src/feature_engineering.py
[2025-10-20T18:50:38.971+0000] {processor.py:179} INFO - Processing /opt/airflow/dags/src/feature_engineering.py took 0.349 seconds
[2025-10-20T18:51:09.799+0000] {processor.py:157} INFO - Started process (PID=1934) to work on /opt/airflow/dags/src/feature_engineering.py
[2025-10-20T18:51:09.801+0000] {processor.py:829} INFO - Processing file /opt/airflow/dags/src/feature_engineering.py for tasks to queue
[2025-10-20T18:51:09.803+0000] {logging_mixin.py:151} INFO - [2025-10-20T18:51:09.803+0000] {dagbag.py:539} INFO - Filling up the DagBag from /opt/airflow/dags/src/feature_engineering.py
[2025-10-20T18:51:10.042+0000] {processor.py:841} WARNING - No viable dags retrieved from /opt/airflow/dags/src/feature_engineering.py
[2025-10-20T18:51:10.053+0000] {processor.py:179} INFO - Processing /opt/airflow/dags/src/feature_engineering.py took 0.257 seconds
[2025-10-20T18:51:40.615+0000] {processor.py:157} INFO - Started process (PID=2025) to work on /opt/airflow/dags/src/feature_engineering.py
[2025-10-20T18:51:40.615+0000] {processor.py:829} INFO - Processing file /opt/airflow/dags/src/feature_engineering.py for tasks to queue
[2025-10-20T18:51:40.616+0000] {logging_mixin.py:151} INFO - [2025-10-20T18:51:40.616+0000] {dagbag.py:539} INFO - Filling up the DagBag from /opt/airflow/dags/src/feature_engineering.py
[2025-10-20T18:51:40.734+0000] {processor.py:841} WARNING - No viable dags retrieved from /opt/airflow/dags/src/feature_engineering.py
[2025-10-20T18:51:40.744+0000] {processor.py:179} INFO - Processing /opt/airflow/dags/src/feature_engineering.py took 0.131 seconds
[2025-10-20T18:52:11.904+0000] {processor.py:157} INFO - Started process (PID=2118) to work on /opt/airflow/dags/src/feature_engineering.py
[2025-10-20T18:52:11.904+0000] {processor.py:829} INFO - Processing file /opt/airflow/dags/src/feature_engineering.py for tasks to queue
[2025-10-20T18:52:11.905+0000] {logging_mixin.py:151} INFO - [2025-10-20T18:52:11.905+0000] {dagbag.py:539} INFO - Filling up the DagBag from /opt/airflow/dags/src/feature_engineering.py
[2025-10-20T18:52:12.019+0000] {processor.py:841} WARNING - No viable dags retrieved from /opt/airflow/dags/src/feature_engineering.py
[2025-10-20T18:52:12.039+0000] {processor.py:179} INFO - Processing /opt/airflow/dags/src/feature_engineering.py took 0.137 seconds
[2025-10-20T18:52:42.991+0000] {processor.py:157} INFO - Started process (PID=2209) to work on /opt/airflow/dags/src/feature_engineering.py
[2025-10-20T18:52:42.992+0000] {processor.py:829} INFO - Processing file /opt/airflow/dags/src/feature_engineering.py for tasks to queue
[2025-10-20T18:52:42.994+0000] {logging_mixin.py:151} INFO - [2025-10-20T18:52:42.994+0000] {dagbag.py:539} INFO - Filling up the DagBag from /opt/airflow/dags/src/feature_engineering.py
[2025-10-20T18:52:43.139+0000] {processor.py:841} WARNING - No viable dags retrieved from /opt/airflow/dags/src/feature_engineering.py
[2025-10-20T18:52:43.150+0000] {processor.py:179} INFO - Processing /opt/airflow/dags/src/feature_engineering.py took 0.161 seconds
[2025-10-20T18:53:14.220+0000] {processor.py:157} INFO - Started process (PID=2299) to work on /opt/airflow/dags/src/feature_engineering.py
[2025-10-20T18:53:14.220+0000] {processor.py:829} INFO - Processing file /opt/airflow/dags/src/feature_engineering.py for tasks to queue
[2025-10-20T18:53:14.222+0000] {logging_mixin.py:151} INFO - [2025-10-20T18:53:14.221+0000] {dagbag.py:539} INFO - Filling up the DagBag from /opt/airflow/dags/src/feature_engineering.py
[2025-10-20T18:53:14.334+0000] {processor.py:841} WARNING - No viable dags retrieved from /opt/airflow/dags/src/feature_engineering.py
[2025-10-20T18:53:14.346+0000] {processor.py:179} INFO - Processing /opt/airflow/dags/src/feature_engineering.py took 0.128 seconds
[2025-10-20T18:53:45.653+0000] {processor.py:157} INFO - Started process (PID=2391) to work on /opt/airflow/dags/src/feature_engineering.py
[2025-10-20T18:53:45.655+0000] {processor.py:829} INFO - Processing file /opt/airflow/dags/src/feature_engineering.py for tasks to queue
[2025-10-20T18:53:45.656+0000] {logging_mixin.py:151} INFO - [2025-10-20T18:53:45.656+0000] {dagbag.py:539} INFO - Filling up the DagBag from /opt/airflow/dags/src/feature_engineering.py
[2025-10-20T18:53:45.817+0000] {processor.py:841} WARNING - No viable dags retrieved from /opt/airflow/dags/src/feature_engineering.py
[2025-10-20T18:53:45.834+0000] {processor.py:179} INFO - Processing /opt/airflow/dags/src/feature_engineering.py took 0.182 seconds
[2025-10-20T18:54:17.232+0000] {processor.py:157} INFO - Started process (PID=2482) to work on /opt/airflow/dags/src/feature_engineering.py
[2025-10-20T18:54:17.233+0000] {processor.py:829} INFO - Processing file /opt/airflow/dags/src/feature_engineering.py for tasks to queue
[2025-10-20T18:54:17.234+0000] {logging_mixin.py:151} INFO - [2025-10-20T18:54:17.234+0000] {dagbag.py:539} INFO - Filling up the DagBag from /opt/airflow/dags/src/feature_engineering.py
[2025-10-20T18:54:17.380+0000] {processor.py:841} WARNING - No viable dags retrieved from /opt/airflow/dags/src/feature_engineering.py
[2025-10-20T18:54:17.391+0000] {processor.py:179} INFO - Processing /opt/airflow/dags/src/feature_engineering.py took 0.168 seconds
[2025-10-20T18:54:48.400+0000] {processor.py:157} INFO - Started process (PID=2573) to work on /opt/airflow/dags/src/feature_engineering.py
[2025-10-20T18:54:48.401+0000] {processor.py:829} INFO - Processing file /opt/airflow/dags/src/feature_engineering.py for tasks to queue
[2025-10-20T18:54:48.402+0000] {logging_mixin.py:151} INFO - [2025-10-20T18:54:48.402+0000] {dagbag.py:539} INFO - Filling up the DagBag from /opt/airflow/dags/src/feature_engineering.py
[2025-10-20T18:54:48.511+0000] {processor.py:841} WARNING - No viable dags retrieved from /opt/airflow/dags/src/feature_engineering.py
[2025-10-20T18:54:48.522+0000] {processor.py:179} INFO - Processing /opt/airflow/dags/src/feature_engineering.py took 0.123 seconds
[2025-10-20T18:55:19.754+0000] {processor.py:157} INFO - Started process (PID=2664) to work on /opt/airflow/dags/src/feature_engineering.py
[2025-10-20T18:55:19.755+0000] {processor.py:829} INFO - Processing file /opt/airflow/dags/src/feature_engineering.py for tasks to queue
[2025-10-20T18:55:19.756+0000] {logging_mixin.py:151} INFO - [2025-10-20T18:55:19.755+0000] {dagbag.py:539} INFO - Filling up the DagBag from /opt/airflow/dags/src/feature_engineering.py
[2025-10-20T18:55:19.880+0000] {processor.py:841} WARNING - No viable dags retrieved from /opt/airflow/dags/src/feature_engineering.py
[2025-10-20T18:55:19.897+0000] {processor.py:179} INFO - Processing /opt/airflow/dags/src/feature_engineering.py took 0.144 seconds
[2025-10-20T18:55:51.249+0000] {processor.py:157} INFO - Started process (PID=2755) to work on /opt/airflow/dags/src/feature_engineering.py
[2025-10-20T18:55:51.250+0000] {processor.py:829} INFO - Processing file /opt/airflow/dags/src/feature_engineering.py for tasks to queue
[2025-10-20T18:55:51.254+0000] {logging_mixin.py:151} INFO - [2025-10-20T18:55:51.253+0000] {dagbag.py:539} INFO - Filling up the DagBag from /opt/airflow/dags/src/feature_engineering.py
[2025-10-20T18:55:51.391+0000] {processor.py:841} WARNING - No viable dags retrieved from /opt/airflow/dags/src/feature_engineering.py
[2025-10-20T18:55:51.408+0000] {processor.py:179} INFO - Processing /opt/airflow/dags/src/feature_engineering.py took 0.161 seconds
[2025-10-20T18:56:22.530+0000] {processor.py:157} INFO - Started process (PID=2846) to work on /opt/airflow/dags/src/feature_engineering.py
[2025-10-20T18:56:22.532+0000] {processor.py:829} INFO - Processing file /opt/airflow/dags/src/feature_engineering.py for tasks to queue
[2025-10-20T18:56:22.533+0000] {logging_mixin.py:151} INFO - [2025-10-20T18:56:22.533+0000] {dagbag.py:539} INFO - Filling up the DagBag from /opt/airflow/dags/src/feature_engineering.py
[2025-10-20T18:56:22.688+0000] {processor.py:841} WARNING - No viable dags retrieved from /opt/airflow/dags/src/feature_engineering.py
[2025-10-20T18:56:22.701+0000] {processor.py:179} INFO - Processing /opt/airflow/dags/src/feature_engineering.py took 0.172 seconds
[2025-10-20T18:56:53.968+0000] {processor.py:157} INFO - Started process (PID=2937) to work on /opt/airflow/dags/src/feature_engineering.py
[2025-10-20T18:56:53.969+0000] {processor.py:829} INFO - Processing file /opt/airflow/dags/src/feature_engineering.py for tasks to queue
[2025-10-20T18:56:53.970+0000] {logging_mixin.py:151} INFO - [2025-10-20T18:56:53.969+0000] {dagbag.py:539} INFO - Filling up the DagBag from /opt/airflow/dags/src/feature_engineering.py
[2025-10-20T18:56:54.092+0000] {processor.py:841} WARNING - No viable dags retrieved from /opt/airflow/dags/src/feature_engineering.py
[2025-10-20T18:56:54.116+0000] {processor.py:179} INFO - Processing /opt/airflow/dags/src/feature_engineering.py took 0.149 seconds
[2025-10-20T18:57:25.297+0000] {processor.py:157} INFO - Started process (PID=3028) to work on /opt/airflow/dags/src/feature_engineering.py
[2025-10-20T18:57:25.298+0000] {processor.py:829} INFO - Processing file /opt/airflow/dags/src/feature_engineering.py for tasks to queue
[2025-10-20T18:57:25.300+0000] {logging_mixin.py:151} INFO - [2025-10-20T18:57:25.300+0000] {dagbag.py:539} INFO - Filling up the DagBag from /opt/airflow/dags/src/feature_engineering.py
[2025-10-20T18:57:25.431+0000] {processor.py:841} WARNING - No viable dags retrieved from /opt/airflow/dags/src/feature_engineering.py
[2025-10-20T18:57:25.452+0000] {processor.py:179} INFO - Processing /opt/airflow/dags/src/feature_engineering.py took 0.157 seconds
[2025-10-20T18:57:56.495+0000] {processor.py:157} INFO - Started process (PID=3119) to work on /opt/airflow/dags/src/feature_engineering.py
[2025-10-20T18:57:56.496+0000] {processor.py:829} INFO - Processing file /opt/airflow/dags/src/feature_engineering.py for tasks to queue
[2025-10-20T18:57:56.499+0000] {logging_mixin.py:151} INFO - [2025-10-20T18:57:56.498+0000] {dagbag.py:539} INFO - Filling up the DagBag from /opt/airflow/dags/src/feature_engineering.py
[2025-10-20T18:57:56.625+0000] {processor.py:841} WARNING - No viable dags retrieved from /opt/airflow/dags/src/feature_engineering.py
[2025-10-20T18:57:56.649+0000] {processor.py:179} INFO - Processing /opt/airflow/dags/src/feature_engineering.py took 0.156 seconds
[2025-10-20T18:58:27.954+0000] {processor.py:157} INFO - Started process (PID=3210) to work on /opt/airflow/dags/src/feature_engineering.py
[2025-10-20T18:58:27.955+0000] {processor.py:829} INFO - Processing file /opt/airflow/dags/src/feature_engineering.py for tasks to queue
[2025-10-20T18:58:27.956+0000] {logging_mixin.py:151} INFO - [2025-10-20T18:58:27.956+0000] {dagbag.py:539} INFO - Filling up the DagBag from /opt/airflow/dags/src/feature_engineering.py
[2025-10-20T18:58:28.139+0000] {processor.py:841} WARNING - No viable dags retrieved from /opt/airflow/dags/src/feature_engineering.py
[2025-10-20T18:58:28.149+0000] {processor.py:179} INFO - Processing /opt/airflow/dags/src/feature_engineering.py took 0.196 seconds
[2025-10-20T18:58:58.902+0000] {processor.py:157} INFO - Started process (PID=3301) to work on /opt/airflow/dags/src/feature_engineering.py
[2025-10-20T18:58:58.903+0000] {processor.py:829} INFO - Processing file /opt/airflow/dags/src/feature_engineering.py for tasks to queue
[2025-10-20T18:58:58.904+0000] {logging_mixin.py:151} INFO - [2025-10-20T18:58:58.903+0000] {dagbag.py:539} INFO - Filling up the DagBag from /opt/airflow/dags/src/feature_engineering.py
[2025-10-20T18:58:59.220+0000] {processor.py:841} WARNING - No viable dags retrieved from /opt/airflow/dags/src/feature_engineering.py
[2025-10-20T18:58:59.243+0000] {processor.py:179} INFO - Processing /opt/airflow/dags/src/feature_engineering.py took 0.342 seconds
[2025-10-20T18:59:29.665+0000] {processor.py:157} INFO - Started process (PID=3391) to work on /opt/airflow/dags/src/feature_engineering.py
[2025-10-20T18:59:29.666+0000] {processor.py:829} INFO - Processing file /opt/airflow/dags/src/feature_engineering.py for tasks to queue
[2025-10-20T18:59:29.667+0000] {logging_mixin.py:151} INFO - [2025-10-20T18:59:29.667+0000] {dagbag.py:539} INFO - Filling up the DagBag from /opt/airflow/dags/src/feature_engineering.py
[2025-10-20T18:59:29.775+0000] {processor.py:841} WARNING - No viable dags retrieved from /opt/airflow/dags/src/feature_engineering.py
[2025-10-20T18:59:29.793+0000] {processor.py:179} INFO - Processing /opt/airflow/dags/src/feature_engineering.py took 0.130 seconds
[2025-10-20T18:59:57.943+0000] {processor.py:157} INFO - Started process (PID=3472) to work on /opt/airflow/dags/src/feature_engineering.py
[2025-10-20T18:59:57.945+0000] {processor.py:829} INFO - Processing file /opt/airflow/dags/src/feature_engineering.py for tasks to queue
[2025-10-20T18:59:57.946+0000] {logging_mixin.py:151} INFO - [2025-10-20T18:59:57.946+0000] {dagbag.py:539} INFO - Filling up the DagBag from /opt/airflow/dags/src/feature_engineering.py
[2025-10-20T18:59:58.064+0000] {processor.py:841} WARNING - No viable dags retrieved from /opt/airflow/dags/src/feature_engineering.py
[2025-10-20T18:59:58.069+0000] {processor.py:179} INFO - Processing /opt/airflow/dags/src/feature_engineering.py took 0.130 seconds
[2025-10-20T19:00:35.431+0000] {processor.py:157} INFO - Started process (PID=47) to work on /opt/airflow/dags/src/feature_engineering.py
[2025-10-20T19:00:35.433+0000] {processor.py:829} INFO - Processing file /opt/airflow/dags/src/feature_engineering.py for tasks to queue
[2025-10-20T19:00:35.437+0000] {logging_mixin.py:151} INFO - [2025-10-20T19:00:35.437+0000] {dagbag.py:539} INFO - Filling up the DagBag from /opt/airflow/dags/src/feature_engineering.py
[2025-10-20T19:00:35.689+0000] {processor.py:841} WARNING - No viable dags retrieved from /opt/airflow/dags/src/feature_engineering.py
[2025-10-20T19:00:35.701+0000] {processor.py:179} INFO - Processing /opt/airflow/dags/src/feature_engineering.py took 0.272 seconds
[2025-10-20T19:01:06.084+0000] {processor.py:157} INFO - Started process (PID=138) to work on /opt/airflow/dags/src/feature_engineering.py
[2025-10-20T19:01:06.085+0000] {processor.py:829} INFO - Processing file /opt/airflow/dags/src/feature_engineering.py for tasks to queue
[2025-10-20T19:01:06.086+0000] {logging_mixin.py:151} INFO - [2025-10-20T19:01:06.086+0000] {dagbag.py:539} INFO - Filling up the DagBag from /opt/airflow/dags/src/feature_engineering.py
[2025-10-20T19:01:06.220+0000] {processor.py:841} WARNING - No viable dags retrieved from /opt/airflow/dags/src/feature_engineering.py
[2025-10-20T19:01:06.228+0000] {processor.py:179} INFO - Processing /opt/airflow/dags/src/feature_engineering.py took 0.147 seconds
[2025-10-20T19:01:36.771+0000] {processor.py:157} INFO - Started process (PID=229) to work on /opt/airflow/dags/src/feature_engineering.py
[2025-10-20T19:01:36.772+0000] {processor.py:829} INFO - Processing file /opt/airflow/dags/src/feature_engineering.py for tasks to queue
[2025-10-20T19:01:36.773+0000] {logging_mixin.py:151} INFO - [2025-10-20T19:01:36.773+0000] {dagbag.py:539} INFO - Filling up the DagBag from /opt/airflow/dags/src/feature_engineering.py
[2025-10-20T19:01:36.900+0000] {processor.py:841} WARNING - No viable dags retrieved from /opt/airflow/dags/src/feature_engineering.py
[2025-10-20T19:01:36.908+0000] {processor.py:179} INFO - Processing /opt/airflow/dags/src/feature_engineering.py took 0.142 seconds
[2025-10-20T19:02:07.432+0000] {processor.py:157} INFO - Started process (PID=327) to work on /opt/airflow/dags/src/feature_engineering.py
[2025-10-20T19:02:07.434+0000] {processor.py:829} INFO - Processing file /opt/airflow/dags/src/feature_engineering.py for tasks to queue
[2025-10-20T19:02:07.436+0000] {logging_mixin.py:151} INFO - [2025-10-20T19:02:07.436+0000] {dagbag.py:539} INFO - Filling up the DagBag from /opt/airflow/dags/src/feature_engineering.py
[2025-10-20T19:02:07.569+0000] {processor.py:841} WARNING - No viable dags retrieved from /opt/airflow/dags/src/feature_engineering.py
[2025-10-20T19:02:07.578+0000] {processor.py:179} INFO - Processing /opt/airflow/dags/src/feature_engineering.py took 0.149 seconds
[2025-10-20T19:02:37.885+0000] {processor.py:157} INFO - Started process (PID=418) to work on /opt/airflow/dags/src/feature_engineering.py
[2025-10-20T19:02:37.887+0000] {processor.py:829} INFO - Processing file /opt/airflow/dags/src/feature_engineering.py for tasks to queue
[2025-10-20T19:02:37.889+0000] {logging_mixin.py:151} INFO - [2025-10-20T19:02:37.889+0000] {dagbag.py:539} INFO - Filling up the DagBag from /opt/airflow/dags/src/feature_engineering.py
[2025-10-20T19:02:38.038+0000] {processor.py:841} WARNING - No viable dags retrieved from /opt/airflow/dags/src/feature_engineering.py
[2025-10-20T19:02:38.047+0000] {processor.py:179} INFO - Processing /opt/airflow/dags/src/feature_engineering.py took 0.164 seconds
[2025-10-20T19:03:08.327+0000] {processor.py:157} INFO - Started process (PID=509) to work on /opt/airflow/dags/src/feature_engineering.py
[2025-10-20T19:03:08.328+0000] {processor.py:829} INFO - Processing file /opt/airflow/dags/src/feature_engineering.py for tasks to queue
[2025-10-20T19:03:08.330+0000] {logging_mixin.py:151} INFO - [2025-10-20T19:03:08.329+0000] {dagbag.py:539} INFO - Filling up the DagBag from /opt/airflow/dags/src/feature_engineering.py
[2025-10-20T19:03:08.455+0000] {processor.py:841} WARNING - No viable dags retrieved from /opt/airflow/dags/src/feature_engineering.py
[2025-10-20T19:03:08.461+0000] {processor.py:179} INFO - Processing /opt/airflow/dags/src/feature_engineering.py took 0.137 seconds
[2025-10-20T19:03:39.264+0000] {processor.py:157} INFO - Started process (PID=600) to work on /opt/airflow/dags/src/feature_engineering.py
[2025-10-20T19:03:39.264+0000] {processor.py:829} INFO - Processing file /opt/airflow/dags/src/feature_engineering.py for tasks to queue
[2025-10-20T19:03:39.265+0000] {logging_mixin.py:151} INFO - [2025-10-20T19:03:39.265+0000] {dagbag.py:539} INFO - Filling up the DagBag from /opt/airflow/dags/src/feature_engineering.py
[2025-10-20T19:03:39.372+0000] {processor.py:841} WARNING - No viable dags retrieved from /opt/airflow/dags/src/feature_engineering.py
[2025-10-20T19:03:39.378+0000] {processor.py:179} INFO - Processing /opt/airflow/dags/src/feature_engineering.py took 0.115 seconds
[2025-10-20T19:04:10.343+0000] {processor.py:157} INFO - Started process (PID=691) to work on /opt/airflow/dags/src/feature_engineering.py
[2025-10-20T19:04:10.344+0000] {processor.py:829} INFO - Processing file /opt/airflow/dags/src/feature_engineering.py for tasks to queue
[2025-10-20T19:04:10.346+0000] {logging_mixin.py:151} INFO - [2025-10-20T19:04:10.346+0000] {dagbag.py:539} INFO - Filling up the DagBag from /opt/airflow/dags/src/feature_engineering.py
[2025-10-20T19:04:10.488+0000] {processor.py:841} WARNING - No viable dags retrieved from /opt/airflow/dags/src/feature_engineering.py
[2025-10-20T19:04:10.499+0000] {processor.py:179} INFO - Processing /opt/airflow/dags/src/feature_engineering.py took 0.160 seconds
[2025-10-20T19:04:41.504+0000] {processor.py:157} INFO - Started process (PID=782) to work on /opt/airflow/dags/src/feature_engineering.py
[2025-10-20T19:04:41.506+0000] {processor.py:829} INFO - Processing file /opt/airflow/dags/src/feature_engineering.py for tasks to queue
[2025-10-20T19:04:41.508+0000] {logging_mixin.py:151} INFO - [2025-10-20T19:04:41.507+0000] {dagbag.py:539} INFO - Filling up the DagBag from /opt/airflow/dags/src/feature_engineering.py
[2025-10-20T19:04:41.630+0000] {processor.py:841} WARNING - No viable dags retrieved from /opt/airflow/dags/src/feature_engineering.py
[2025-10-20T19:04:41.638+0000] {processor.py:179} INFO - Processing /opt/airflow/dags/src/feature_engineering.py took 0.137 seconds
[2025-10-20T19:05:11.788+0000] {processor.py:157} INFO - Started process (PID=873) to work on /opt/airflow/dags/src/feature_engineering.py
[2025-10-20T19:05:11.790+0000] {processor.py:829} INFO - Processing file /opt/airflow/dags/src/feature_engineering.py for tasks to queue
[2025-10-20T19:05:11.798+0000] {logging_mixin.py:151} INFO - [2025-10-20T19:05:11.797+0000] {dagbag.py:539} INFO - Filling up the DagBag from /opt/airflow/dags/src/feature_engineering.py
[2025-10-20T19:05:11.946+0000] {processor.py:841} WARNING - No viable dags retrieved from /opt/airflow/dags/src/feature_engineering.py
[2025-10-20T19:05:11.955+0000] {processor.py:179} INFO - Processing /opt/airflow/dags/src/feature_engineering.py took 0.172 seconds
[2025-10-20T19:05:42.927+0000] {processor.py:157} INFO - Started process (PID=964) to work on /opt/airflow/dags/src/feature_engineering.py
[2025-10-20T19:05:42.930+0000] {processor.py:829} INFO - Processing file /opt/airflow/dags/src/feature_engineering.py for tasks to queue
[2025-10-20T19:05:42.934+0000] {logging_mixin.py:151} INFO - [2025-10-20T19:05:42.933+0000] {dagbag.py:539} INFO - Filling up the DagBag from /opt/airflow/dags/src/feature_engineering.py
[2025-10-20T19:05:43.062+0000] {processor.py:841} WARNING - No viable dags retrieved from /opt/airflow/dags/src/feature_engineering.py
[2025-10-20T19:05:43.069+0000] {processor.py:179} INFO - Processing /opt/airflow/dags/src/feature_engineering.py took 0.147 seconds
[2025-10-20T19:06:14.004+0000] {processor.py:157} INFO - Started process (PID=1055) to work on /opt/airflow/dags/src/feature_engineering.py
[2025-10-20T19:06:14.006+0000] {processor.py:829} INFO - Processing file /opt/airflow/dags/src/feature_engineering.py for tasks to queue
[2025-10-20T19:06:14.009+0000] {logging_mixin.py:151} INFO - [2025-10-20T19:06:14.008+0000] {dagbag.py:539} INFO - Filling up the DagBag from /opt/airflow/dags/src/feature_engineering.py
[2025-10-20T19:06:14.153+0000] {processor.py:841} WARNING - No viable dags retrieved from /opt/airflow/dags/src/feature_engineering.py
[2025-10-20T19:06:14.162+0000] {processor.py:179} INFO - Processing /opt/airflow/dags/src/feature_engineering.py took 0.162 seconds
[2025-10-20T19:06:45.028+0000] {processor.py:157} INFO - Started process (PID=1146) to work on /opt/airflow/dags/src/feature_engineering.py
[2025-10-20T19:06:45.029+0000] {processor.py:829} INFO - Processing file /opt/airflow/dags/src/feature_engineering.py for tasks to queue
[2025-10-20T19:06:45.033+0000] {logging_mixin.py:151} INFO - [2025-10-20T19:06:45.033+0000] {dagbag.py:539} INFO - Filling up the DagBag from /opt/airflow/dags/src/feature_engineering.py
[2025-10-20T19:06:45.172+0000] {processor.py:841} WARNING - No viable dags retrieved from /opt/airflow/dags/src/feature_engineering.py
[2025-10-20T19:06:45.179+0000] {processor.py:179} INFO - Processing /opt/airflow/dags/src/feature_engineering.py took 0.158 seconds
[2025-10-20T19:07:15.447+0000] {processor.py:157} INFO - Started process (PID=1237) to work on /opt/airflow/dags/src/feature_engineering.py
[2025-10-20T19:07:15.448+0000] {processor.py:829} INFO - Processing file /opt/airflow/dags/src/feature_engineering.py for tasks to queue
[2025-10-20T19:07:15.450+0000] {logging_mixin.py:151} INFO - [2025-10-20T19:07:15.450+0000] {dagbag.py:539} INFO - Filling up the DagBag from /opt/airflow/dags/src/feature_engineering.py
[2025-10-20T19:07:15.574+0000] {processor.py:841} WARNING - No viable dags retrieved from /opt/airflow/dags/src/feature_engineering.py
[2025-10-20T19:07:15.581+0000] {processor.py:179} INFO - Processing /opt/airflow/dags/src/feature_engineering.py took 0.137 seconds
[2025-10-20T19:07:46.612+0000] {processor.py:157} INFO - Started process (PID=1328) to work on /opt/airflow/dags/src/feature_engineering.py
[2025-10-20T19:07:46.613+0000] {processor.py:829} INFO - Processing file /opt/airflow/dags/src/feature_engineering.py for tasks to queue
[2025-10-20T19:07:46.616+0000] {logging_mixin.py:151} INFO - [2025-10-20T19:07:46.616+0000] {dagbag.py:539} INFO - Filling up the DagBag from /opt/airflow/dags/src/feature_engineering.py
[2025-10-20T19:07:46.786+0000] {processor.py:841} WARNING - No viable dags retrieved from /opt/airflow/dags/src/feature_engineering.py
[2025-10-20T19:07:46.797+0000] {processor.py:179} INFO - Processing /opt/airflow/dags/src/feature_engineering.py took 0.190 seconds
[2025-10-20T19:08:16.927+0000] {processor.py:157} INFO - Started process (PID=1419) to work on /opt/airflow/dags/src/feature_engineering.py
[2025-10-20T19:08:16.928+0000] {processor.py:829} INFO - Processing file /opt/airflow/dags/src/feature_engineering.py for tasks to queue
[2025-10-20T19:08:16.934+0000] {logging_mixin.py:151} INFO - [2025-10-20T19:08:16.933+0000] {dagbag.py:539} INFO - Filling up the DagBag from /opt/airflow/dags/src/feature_engineering.py
[2025-10-20T19:08:17.073+0000] {processor.py:841} WARNING - No viable dags retrieved from /opt/airflow/dags/src/feature_engineering.py
[2025-10-20T19:08:17.081+0000] {processor.py:179} INFO - Processing /opt/airflow/dags/src/feature_engineering.py took 0.159 seconds
[2025-10-20T19:08:47.289+0000] {processor.py:157} INFO - Started process (PID=1510) to work on /opt/airflow/dags/src/feature_engineering.py
[2025-10-20T19:08:47.291+0000] {processor.py:829} INFO - Processing file /opt/airflow/dags/src/feature_engineering.py for tasks to queue
[2025-10-20T19:08:47.293+0000] {logging_mixin.py:151} INFO - [2025-10-20T19:08:47.293+0000] {dagbag.py:539} INFO - Filling up the DagBag from /opt/airflow/dags/src/feature_engineering.py
[2025-10-20T19:08:47.425+0000] {processor.py:841} WARNING - No viable dags retrieved from /opt/airflow/dags/src/feature_engineering.py
[2025-10-20T19:08:47.433+0000] {processor.py:179} INFO - Processing /opt/airflow/dags/src/feature_engineering.py took 0.152 seconds
[2025-10-20T19:09:17.643+0000] {processor.py:157} INFO - Started process (PID=1601) to work on /opt/airflow/dags/src/feature_engineering.py
[2025-10-20T19:09:17.644+0000] {processor.py:829} INFO - Processing file /opt/airflow/dags/src/feature_engineering.py for tasks to queue
[2025-10-20T19:09:17.647+0000] {logging_mixin.py:151} INFO - [2025-10-20T19:09:17.647+0000] {dagbag.py:539} INFO - Filling up the DagBag from /opt/airflow/dags/src/feature_engineering.py
[2025-10-20T19:09:17.767+0000] {processor.py:841} WARNING - No viable dags retrieved from /opt/airflow/dags/src/feature_engineering.py
[2025-10-20T19:09:17.775+0000] {processor.py:179} INFO - Processing /opt/airflow/dags/src/feature_engineering.py took 0.136 seconds
[2025-10-20T19:09:47.945+0000] {processor.py:157} INFO - Started process (PID=1692) to work on /opt/airflow/dags/src/feature_engineering.py
[2025-10-20T19:09:47.946+0000] {processor.py:829} INFO - Processing file /opt/airflow/dags/src/feature_engineering.py for tasks to queue
[2025-10-20T19:09:47.948+0000] {logging_mixin.py:151} INFO - [2025-10-20T19:09:47.948+0000] {dagbag.py:539} INFO - Filling up the DagBag from /opt/airflow/dags/src/feature_engineering.py
[2025-10-20T19:09:48.071+0000] {processor.py:841} WARNING - No viable dags retrieved from /opt/airflow/dags/src/feature_engineering.py
[2025-10-20T19:09:48.079+0000] {processor.py:179} INFO - Processing /opt/airflow/dags/src/feature_engineering.py took 0.137 seconds
[2025-10-20T19:10:18.245+0000] {processor.py:157} INFO - Started process (PID=1783) to work on /opt/airflow/dags/src/feature_engineering.py
[2025-10-20T19:10:18.246+0000] {processor.py:829} INFO - Processing file /opt/airflow/dags/src/feature_engineering.py for tasks to queue
[2025-10-20T19:10:18.249+0000] {logging_mixin.py:151} INFO - [2025-10-20T19:10:18.249+0000] {dagbag.py:539} INFO - Filling up the DagBag from /opt/airflow/dags/src/feature_engineering.py
[2025-10-20T19:10:18.421+0000] {processor.py:841} WARNING - No viable dags retrieved from /opt/airflow/dags/src/feature_engineering.py
[2025-10-20T19:10:18.428+0000] {processor.py:179} INFO - Processing /opt/airflow/dags/src/feature_engineering.py took 0.187 seconds
[2025-10-20T19:10:49.388+0000] {processor.py:157} INFO - Started process (PID=1874) to work on /opt/airflow/dags/src/feature_engineering.py
[2025-10-20T19:10:49.391+0000] {processor.py:829} INFO - Processing file /opt/airflow/dags/src/feature_engineering.py for tasks to queue
[2025-10-20T19:10:49.392+0000] {logging_mixin.py:151} INFO - [2025-10-20T19:10:49.392+0000] {dagbag.py:539} INFO - Filling up the DagBag from /opt/airflow/dags/src/feature_engineering.py
[2025-10-20T19:10:49.540+0000] {processor.py:841} WARNING - No viable dags retrieved from /opt/airflow/dags/src/feature_engineering.py
[2025-10-20T19:10:49.554+0000] {processor.py:179} INFO - Processing /opt/airflow/dags/src/feature_engineering.py took 0.168 seconds
[2025-10-20T19:11:20.235+0000] {processor.py:157} INFO - Started process (PID=1966) to work on /opt/airflow/dags/src/feature_engineering.py
[2025-10-20T19:11:20.236+0000] {processor.py:829} INFO - Processing file /opt/airflow/dags/src/feature_engineering.py for tasks to queue
[2025-10-20T19:11:20.238+0000] {logging_mixin.py:151} INFO - [2025-10-20T19:11:20.238+0000] {dagbag.py:539} INFO - Filling up the DagBag from /opt/airflow/dags/src/feature_engineering.py
[2025-10-20T19:11:20.355+0000] {processor.py:841} WARNING - No viable dags retrieved from /opt/airflow/dags/src/feature_engineering.py
[2025-10-20T19:11:20.362+0000] {processor.py:179} INFO - Processing /opt/airflow/dags/src/feature_engineering.py took 0.130 seconds
[2025-10-20T19:11:50.635+0000] {processor.py:157} INFO - Started process (PID=2057) to work on /opt/airflow/dags/src/feature_engineering.py
[2025-10-20T19:11:50.636+0000] {processor.py:829} INFO - Processing file /opt/airflow/dags/src/feature_engineering.py for tasks to queue
[2025-10-20T19:11:50.639+0000] {logging_mixin.py:151} INFO - [2025-10-20T19:11:50.639+0000] {dagbag.py:539} INFO - Filling up the DagBag from /opt/airflow/dags/src/feature_engineering.py
[2025-10-20T19:11:50.774+0000] {processor.py:841} WARNING - No viable dags retrieved from /opt/airflow/dags/src/feature_engineering.py
[2025-10-20T19:11:50.781+0000] {processor.py:179} INFO - Processing /opt/airflow/dags/src/feature_engineering.py took 0.149 seconds
[2025-10-20T19:12:21.698+0000] {processor.py:157} INFO - Started process (PID=2148) to work on /opt/airflow/dags/src/feature_engineering.py
[2025-10-20T19:12:21.701+0000] {processor.py:829} INFO - Processing file /opt/airflow/dags/src/feature_engineering.py for tasks to queue
[2025-10-20T19:12:21.705+0000] {logging_mixin.py:151} INFO - [2025-10-20T19:12:21.705+0000] {dagbag.py:539} INFO - Filling up the DagBag from /opt/airflow/dags/src/feature_engineering.py
[2025-10-20T19:12:21.833+0000] {processor.py:841} WARNING - No viable dags retrieved from /opt/airflow/dags/src/feature_engineering.py
[2025-10-20T19:12:21.841+0000] {processor.py:179} INFO - Processing /opt/airflow/dags/src/feature_engineering.py took 0.148 seconds
[2025-10-20T19:12:52.335+0000] {processor.py:157} INFO - Started process (PID=2239) to work on /opt/airflow/dags/src/feature_engineering.py
[2025-10-20T19:12:52.336+0000] {processor.py:829} INFO - Processing file /opt/airflow/dags/src/feature_engineering.py for tasks to queue
[2025-10-20T19:12:52.340+0000] {logging_mixin.py:151} INFO - [2025-10-20T19:12:52.339+0000] {dagbag.py:539} INFO - Filling up the DagBag from /opt/airflow/dags/src/feature_engineering.py
[2025-10-20T19:12:52.468+0000] {processor.py:841} WARNING - No viable dags retrieved from /opt/airflow/dags/src/feature_engineering.py
[2025-10-20T19:12:52.477+0000] {processor.py:179} INFO - Processing /opt/airflow/dags/src/feature_engineering.py took 0.147 seconds
[2025-10-20T19:13:22.884+0000] {processor.py:157} INFO - Started process (PID=2330) to work on /opt/airflow/dags/src/feature_engineering.py
[2025-10-20T19:13:22.887+0000] {processor.py:829} INFO - Processing file /opt/airflow/dags/src/feature_engineering.py for tasks to queue
[2025-10-20T19:13:22.889+0000] {logging_mixin.py:151} INFO - [2025-10-20T19:13:22.889+0000] {dagbag.py:539} INFO - Filling up the DagBag from /opt/airflow/dags/src/feature_engineering.py
[2025-10-20T19:13:23.009+0000] {processor.py:841} WARNING - No viable dags retrieved from /opt/airflow/dags/src/feature_engineering.py
[2025-10-20T19:13:23.017+0000] {processor.py:179} INFO - Processing /opt/airflow/dags/src/feature_engineering.py took 0.135 seconds
[2025-10-20T19:13:53.122+0000] {processor.py:157} INFO - Started process (PID=2421) to work on /opt/airflow/dags/src/feature_engineering.py
[2025-10-20T19:13:53.123+0000] {processor.py:829} INFO - Processing file /opt/airflow/dags/src/feature_engineering.py for tasks to queue
[2025-10-20T19:13:53.126+0000] {logging_mixin.py:151} INFO - [2025-10-20T19:13:53.126+0000] {dagbag.py:539} INFO - Filling up the DagBag from /opt/airflow/dags/src/feature_engineering.py
[2025-10-20T19:13:53.289+0000] {processor.py:841} WARNING - No viable dags retrieved from /opt/airflow/dags/src/feature_engineering.py
[2025-10-20T19:13:53.297+0000] {processor.py:179} INFO - Processing /opt/airflow/dags/src/feature_engineering.py took 0.180 seconds
[2025-10-20T19:14:24.282+0000] {processor.py:157} INFO - Started process (PID=2512) to work on /opt/airflow/dags/src/feature_engineering.py
[2025-10-20T19:14:24.282+0000] {processor.py:829} INFO - Processing file /opt/airflow/dags/src/feature_engineering.py for tasks to queue
[2025-10-20T19:14:24.283+0000] {logging_mixin.py:151} INFO - [2025-10-20T19:14:24.283+0000] {dagbag.py:539} INFO - Filling up the DagBag from /opt/airflow/dags/src/feature_engineering.py
[2025-10-20T19:14:24.403+0000] {processor.py:841} WARNING - No viable dags retrieved from /opt/airflow/dags/src/feature_engineering.py
[2025-10-20T19:14:24.411+0000] {processor.py:179} INFO - Processing /opt/airflow/dags/src/feature_engineering.py took 0.131 seconds
[2025-10-20T19:14:55.334+0000] {processor.py:157} INFO - Started process (PID=2603) to work on /opt/airflow/dags/src/feature_engineering.py
[2025-10-20T19:14:55.335+0000] {processor.py:829} INFO - Processing file /opt/airflow/dags/src/feature_engineering.py for tasks to queue
[2025-10-20T19:14:55.336+0000] {logging_mixin.py:151} INFO - [2025-10-20T19:14:55.336+0000] {dagbag.py:539} INFO - Filling up the DagBag from /opt/airflow/dags/src/feature_engineering.py
[2025-10-20T19:14:55.460+0000] {processor.py:841} WARNING - No viable dags retrieved from /opt/airflow/dags/src/feature_engineering.py
[2025-10-20T19:14:55.467+0000] {processor.py:179} INFO - Processing /opt/airflow/dags/src/feature_engineering.py took 0.135 seconds
[2025-10-20T19:15:26.457+0000] {processor.py:157} INFO - Started process (PID=2694) to work on /opt/airflow/dags/src/feature_engineering.py
[2025-10-20T19:15:26.458+0000] {processor.py:829} INFO - Processing file /opt/airflow/dags/src/feature_engineering.py for tasks to queue
[2025-10-20T19:15:26.460+0000] {logging_mixin.py:151} INFO - [2025-10-20T19:15:26.460+0000] {dagbag.py:539} INFO - Filling up the DagBag from /opt/airflow/dags/src/feature_engineering.py
[2025-10-20T19:15:26.577+0000] {processor.py:841} WARNING - No viable dags retrieved from /opt/airflow/dags/src/feature_engineering.py
[2025-10-20T19:15:26.584+0000] {processor.py:179} INFO - Processing /opt/airflow/dags/src/feature_engineering.py took 0.131 seconds
[2025-10-20T19:15:57.491+0000] {processor.py:157} INFO - Started process (PID=2785) to work on /opt/airflow/dags/src/feature_engineering.py
[2025-10-20T19:15:57.492+0000] {processor.py:829} INFO - Processing file /opt/airflow/dags/src/feature_engineering.py for tasks to queue
[2025-10-20T19:15:57.495+0000] {logging_mixin.py:151} INFO - [2025-10-20T19:15:57.495+0000] {dagbag.py:539} INFO - Filling up the DagBag from /opt/airflow/dags/src/feature_engineering.py
[2025-10-20T19:15:57.634+0000] {processor.py:841} WARNING - No viable dags retrieved from /opt/airflow/dags/src/feature_engineering.py
[2025-10-20T19:15:57.645+0000] {processor.py:179} INFO - Processing /opt/airflow/dags/src/feature_engineering.py took 0.160 seconds
[2025-10-20T19:16:27.698+0000] {processor.py:157} INFO - Started process (PID=2876) to work on /opt/airflow/dags/src/feature_engineering.py
[2025-10-20T19:16:27.700+0000] {processor.py:829} INFO - Processing file /opt/airflow/dags/src/feature_engineering.py for tasks to queue
[2025-10-20T19:16:27.703+0000] {logging_mixin.py:151} INFO - [2025-10-20T19:16:27.703+0000] {dagbag.py:539} INFO - Filling up the DagBag from /opt/airflow/dags/src/feature_engineering.py
[2025-10-20T19:16:27.830+0000] {processor.py:841} WARNING - No viable dags retrieved from /opt/airflow/dags/src/feature_engineering.py
[2025-10-20T19:16:27.838+0000] {processor.py:179} INFO - Processing /opt/airflow/dags/src/feature_engineering.py took 0.143 seconds
[2025-10-20T19:16:58.135+0000] {processor.py:157} INFO - Started process (PID=2967) to work on /opt/airflow/dags/src/feature_engineering.py
[2025-10-20T19:16:58.137+0000] {processor.py:829} INFO - Processing file /opt/airflow/dags/src/feature_engineering.py for tasks to queue
[2025-10-20T19:16:58.142+0000] {logging_mixin.py:151} INFO - [2025-10-20T19:16:58.141+0000] {dagbag.py:539} INFO - Filling up the DagBag from /opt/airflow/dags/src/feature_engineering.py
[2025-10-20T19:16:58.288+0000] {processor.py:841} WARNING - No viable dags retrieved from /opt/airflow/dags/src/feature_engineering.py
[2025-10-20T19:16:58.298+0000] {processor.py:179} INFO - Processing /opt/airflow/dags/src/feature_engineering.py took 0.166 seconds
[2025-10-20T19:17:29.240+0000] {processor.py:157} INFO - Started process (PID=3058) to work on /opt/airflow/dags/src/feature_engineering.py
[2025-10-20T19:17:29.240+0000] {processor.py:829} INFO - Processing file /opt/airflow/dags/src/feature_engineering.py for tasks to queue
[2025-10-20T19:17:29.242+0000] {logging_mixin.py:151} INFO - [2025-10-20T19:17:29.242+0000] {dagbag.py:539} INFO - Filling up the DagBag from /opt/airflow/dags/src/feature_engineering.py
[2025-10-20T19:17:29.505+0000] {processor.py:841} WARNING - No viable dags retrieved from /opt/airflow/dags/src/feature_engineering.py
[2025-10-20T19:17:29.514+0000] {processor.py:179} INFO - Processing /opt/airflow/dags/src/feature_engineering.py took 0.277 seconds
[2025-10-20T19:18:00.269+0000] {processor.py:157} INFO - Started process (PID=3149) to work on /opt/airflow/dags/src/feature_engineering.py
[2025-10-20T19:18:00.270+0000] {processor.py:829} INFO - Processing file /opt/airflow/dags/src/feature_engineering.py for tasks to queue
[2025-10-20T19:18:00.272+0000] {logging_mixin.py:151} INFO - [2025-10-20T19:18:00.271+0000] {dagbag.py:539} INFO - Filling up the DagBag from /opt/airflow/dags/src/feature_engineering.py
[2025-10-20T19:18:00.396+0000] {processor.py:841} WARNING - No viable dags retrieved from /opt/airflow/dags/src/feature_engineering.py
[2025-10-20T19:18:00.404+0000] {processor.py:179} INFO - Processing /opt/airflow/dags/src/feature_engineering.py took 0.139 seconds
[2025-10-20T19:18:30.541+0000] {processor.py:157} INFO - Started process (PID=3240) to work on /opt/airflow/dags/src/feature_engineering.py
[2025-10-20T19:18:30.543+0000] {processor.py:829} INFO - Processing file /opt/airflow/dags/src/feature_engineering.py for tasks to queue
[2025-10-20T19:18:30.544+0000] {logging_mixin.py:151} INFO - [2025-10-20T19:18:30.544+0000] {dagbag.py:539} INFO - Filling up the DagBag from /opt/airflow/dags/src/feature_engineering.py
[2025-10-20T19:18:30.679+0000] {processor.py:841} WARNING - No viable dags retrieved from /opt/airflow/dags/src/feature_engineering.py
[2025-10-20T19:18:30.690+0000] {processor.py:179} INFO - Processing /opt/airflow/dags/src/feature_engineering.py took 0.151 seconds
[2025-10-20T19:19:00.795+0000] {processor.py:157} INFO - Started process (PID=3331) to work on /opt/airflow/dags/src/feature_engineering.py
[2025-10-20T19:19:00.797+0000] {processor.py:829} INFO - Processing file /opt/airflow/dags/src/feature_engineering.py for tasks to queue
[2025-10-20T19:19:00.799+0000] {logging_mixin.py:151} INFO - [2025-10-20T19:19:00.799+0000] {dagbag.py:539} INFO - Filling up the DagBag from /opt/airflow/dags/src/feature_engineering.py
[2025-10-20T19:19:01.001+0000] {processor.py:841} WARNING - No viable dags retrieved from /opt/airflow/dags/src/feature_engineering.py
[2025-10-20T19:19:01.021+0000] {processor.py:179} INFO - Processing /opt/airflow/dags/src/feature_engineering.py took 0.231 seconds
[2025-10-20T19:19:31.907+0000] {processor.py:157} INFO - Started process (PID=3422) to work on /opt/airflow/dags/src/feature_engineering.py
[2025-10-20T19:19:31.907+0000] {processor.py:829} INFO - Processing file /opt/airflow/dags/src/feature_engineering.py for tasks to queue
[2025-10-20T19:19:31.909+0000] {logging_mixin.py:151} INFO - [2025-10-20T19:19:31.909+0000] {dagbag.py:539} INFO - Filling up the DagBag from /opt/airflow/dags/src/feature_engineering.py
[2025-10-20T19:19:32.049+0000] {processor.py:841} WARNING - No viable dags retrieved from /opt/airflow/dags/src/feature_engineering.py
[2025-10-20T19:19:32.058+0000] {processor.py:179} INFO - Processing /opt/airflow/dags/src/feature_engineering.py took 0.156 seconds
[2025-10-20T19:20:02.268+0000] {processor.py:157} INFO - Started process (PID=3513) to work on /opt/airflow/dags/src/feature_engineering.py
[2025-10-20T19:20:02.270+0000] {processor.py:829} INFO - Processing file /opt/airflow/dags/src/feature_engineering.py for tasks to queue
[2025-10-20T19:20:02.272+0000] {logging_mixin.py:151} INFO - [2025-10-20T19:20:02.272+0000] {dagbag.py:539} INFO - Filling up the DagBag from /opt/airflow/dags/src/feature_engineering.py
[2025-10-20T19:20:02.418+0000] {processor.py:841} WARNING - No viable dags retrieved from /opt/airflow/dags/src/feature_engineering.py
[2025-10-20T19:20:02.432+0000] {processor.py:179} INFO - Processing /opt/airflow/dags/src/feature_engineering.py took 0.168 seconds
[2025-10-20T19:20:32.468+0000] {processor.py:157} INFO - Started process (PID=3604) to work on /opt/airflow/dags/src/feature_engineering.py
[2025-10-20T19:20:32.470+0000] {processor.py:829} INFO - Processing file /opt/airflow/dags/src/feature_engineering.py for tasks to queue
[2025-10-20T19:20:32.471+0000] {logging_mixin.py:151} INFO - [2025-10-20T19:20:32.471+0000] {dagbag.py:539} INFO - Filling up the DagBag from /opt/airflow/dags/src/feature_engineering.py
[2025-10-20T19:20:32.636+0000] {processor.py:841} WARNING - No viable dags retrieved from /opt/airflow/dags/src/feature_engineering.py
[2025-10-20T19:20:32.646+0000] {processor.py:179} INFO - Processing /opt/airflow/dags/src/feature_engineering.py took 0.180 seconds
