[2025-10-20T18:25:16.905+0000] {processor.py:157} INFO - Started process (PID=63) to work on /opt/airflow/dags/src/load_data.py
[2025-10-20T18:25:16.907+0000] {processor.py:829} INFO - Processing file /opt/airflow/dags/src/load_data.py for tasks to queue
[2025-10-20T18:25:16.910+0000] {logging_mixin.py:151} INFO - [2025-10-20T18:25:16.910+0000] {dagbag.py:539} INFO - Filling up the DagBag from /opt/airflow/dags/src/load_data.py
[2025-10-20T18:25:17.702+0000] {processor.py:841} WARNING - No viable dags retrieved from /opt/airflow/dags/src/load_data.py
[2025-10-20T18:25:17.720+0000] {processor.py:179} INFO - Processing /opt/airflow/dags/src/load_data.py took 0.820 seconds
[2025-10-20T18:25:48.134+0000] {processor.py:157} INFO - Started process (PID=134) to work on /opt/airflow/dags/src/load_data.py
[2025-10-20T18:25:48.137+0000] {processor.py:829} INFO - Processing file /opt/airflow/dags/src/load_data.py for tasks to queue
[2025-10-20T18:25:48.143+0000] {logging_mixin.py:151} INFO - [2025-10-20T18:25:48.142+0000] {dagbag.py:539} INFO - Filling up the DagBag from /opt/airflow/dags/src/load_data.py
[2025-10-20T18:25:48.321+0000] {processor.py:841} WARNING - No viable dags retrieved from /opt/airflow/dags/src/load_data.py
[2025-10-20T18:25:48.327+0000] {processor.py:179} INFO - Processing /opt/airflow/dags/src/load_data.py took 0.195 seconds
[2025-10-20T18:26:18.431+0000] {processor.py:157} INFO - Started process (PID=198) to work on /opt/airflow/dags/src/load_data.py
[2025-10-20T18:26:18.433+0000] {processor.py:829} INFO - Processing file /opt/airflow/dags/src/load_data.py for tasks to queue
[2025-10-20T18:26:18.438+0000] {logging_mixin.py:151} INFO - [2025-10-20T18:26:18.437+0000] {dagbag.py:539} INFO - Filling up the DagBag from /opt/airflow/dags/src/load_data.py
[2025-10-20T18:26:18.639+0000] {processor.py:841} WARNING - No viable dags retrieved from /opt/airflow/dags/src/load_data.py
[2025-10-20T18:26:18.649+0000] {processor.py:179} INFO - Processing /opt/airflow/dags/src/load_data.py took 0.226 seconds
[2025-10-20T18:26:48.770+0000] {processor.py:157} INFO - Started process (PID=264) to work on /opt/airflow/dags/src/load_data.py
[2025-10-20T18:26:48.773+0000] {processor.py:829} INFO - Processing file /opt/airflow/dags/src/load_data.py for tasks to queue
[2025-10-20T18:26:48.777+0000] {logging_mixin.py:151} INFO - [2025-10-20T18:26:48.776+0000] {dagbag.py:539} INFO - Filling up the DagBag from /opt/airflow/dags/src/load_data.py
[2025-10-20T18:26:48.901+0000] {processor.py:841} WARNING - No viable dags retrieved from /opt/airflow/dags/src/load_data.py
[2025-10-20T18:26:48.907+0000] {processor.py:179} INFO - Processing /opt/airflow/dags/src/load_data.py took 0.140 seconds
[2025-10-20T18:27:19.532+0000] {processor.py:157} INFO - Started process (PID=326) to work on /opt/airflow/dags/src/load_data.py
[2025-10-20T18:27:19.533+0000] {processor.py:829} INFO - Processing file /opt/airflow/dags/src/load_data.py for tasks to queue
[2025-10-20T18:27:19.535+0000] {logging_mixin.py:151} INFO - [2025-10-20T18:27:19.535+0000] {dagbag.py:539} INFO - Filling up the DagBag from /opt/airflow/dags/src/load_data.py
[2025-10-20T18:27:19.700+0000] {processor.py:841} WARNING - No viable dags retrieved from /opt/airflow/dags/src/load_data.py
[2025-10-20T18:27:19.707+0000] {processor.py:179} INFO - Processing /opt/airflow/dags/src/load_data.py took 0.177 seconds
[2025-10-20T18:27:50.423+0000] {processor.py:157} INFO - Started process (PID=390) to work on /opt/airflow/dags/src/load_data.py
[2025-10-20T18:27:50.424+0000] {processor.py:829} INFO - Processing file /opt/airflow/dags/src/load_data.py for tasks to queue
[2025-10-20T18:27:50.426+0000] {logging_mixin.py:151} INFO - [2025-10-20T18:27:50.426+0000] {dagbag.py:539} INFO - Filling up the DagBag from /opt/airflow/dags/src/load_data.py
[2025-10-20T18:27:50.544+0000] {processor.py:841} WARNING - No viable dags retrieved from /opt/airflow/dags/src/load_data.py
[2025-10-20T18:27:50.548+0000] {processor.py:179} INFO - Processing /opt/airflow/dags/src/load_data.py took 0.127 seconds
[2025-10-20T18:28:21.096+0000] {processor.py:157} INFO - Started process (PID=454) to work on /opt/airflow/dags/src/load_data.py
[2025-10-20T18:28:21.097+0000] {processor.py:829} INFO - Processing file /opt/airflow/dags/src/load_data.py for tasks to queue
[2025-10-20T18:28:21.098+0000] {logging_mixin.py:151} INFO - [2025-10-20T18:28:21.098+0000] {dagbag.py:539} INFO - Filling up the DagBag from /opt/airflow/dags/src/load_data.py
[2025-10-20T18:28:21.228+0000] {processor.py:841} WARNING - No viable dags retrieved from /opt/airflow/dags/src/load_data.py
[2025-10-20T18:28:21.238+0000] {processor.py:179} INFO - Processing /opt/airflow/dags/src/load_data.py took 0.143 seconds
[2025-10-20T18:28:52.004+0000] {processor.py:157} INFO - Started process (PID=517) to work on /opt/airflow/dags/src/load_data.py
[2025-10-20T18:28:52.005+0000] {processor.py:829} INFO - Processing file /opt/airflow/dags/src/load_data.py for tasks to queue
[2025-10-20T18:28:52.007+0000] {logging_mixin.py:151} INFO - [2025-10-20T18:28:52.007+0000] {dagbag.py:539} INFO - Filling up the DagBag from /opt/airflow/dags/src/load_data.py
[2025-10-20T18:28:52.138+0000] {processor.py:841} WARNING - No viable dags retrieved from /opt/airflow/dags/src/load_data.py
[2025-10-20T18:28:52.143+0000] {processor.py:179} INFO - Processing /opt/airflow/dags/src/load_data.py took 0.141 seconds
[2025-10-20T18:29:44.690+0000] {processor.py:157} INFO - Started process (PID=50) to work on /opt/airflow/dags/src/load_data.py
[2025-10-20T18:29:44.691+0000] {processor.py:829} INFO - Processing file /opt/airflow/dags/src/load_data.py for tasks to queue
[2025-10-20T18:29:44.692+0000] {logging_mixin.py:151} INFO - [2025-10-20T18:29:44.691+0000] {dagbag.py:539} INFO - Filling up the DagBag from /opt/airflow/dags/src/load_data.py
[2025-10-20T18:29:44.820+0000] {processor.py:841} WARNING - No viable dags retrieved from /opt/airflow/dags/src/load_data.py
[2025-10-20T18:29:44.826+0000] {processor.py:179} INFO - Processing /opt/airflow/dags/src/load_data.py took 0.138 seconds
[2025-10-20T18:30:15.334+0000] {processor.py:157} INFO - Started process (PID=114) to work on /opt/airflow/dags/src/load_data.py
[2025-10-20T18:30:15.335+0000] {processor.py:829} INFO - Processing file /opt/airflow/dags/src/load_data.py for tasks to queue
[2025-10-20T18:30:15.336+0000] {logging_mixin.py:151} INFO - [2025-10-20T18:30:15.336+0000] {dagbag.py:539} INFO - Filling up the DagBag from /opt/airflow/dags/src/load_data.py
[2025-10-20T18:30:15.448+0000] {processor.py:841} WARNING - No viable dags retrieved from /opt/airflow/dags/src/load_data.py
[2025-10-20T18:30:15.455+0000] {processor.py:179} INFO - Processing /opt/airflow/dags/src/load_data.py took 0.122 seconds
[2025-10-20T18:30:46.400+0000] {processor.py:157} INFO - Started process (PID=178) to work on /opt/airflow/dags/src/load_data.py
[2025-10-20T18:30:46.400+0000] {processor.py:829} INFO - Processing file /opt/airflow/dags/src/load_data.py for tasks to queue
[2025-10-20T18:30:46.402+0000] {logging_mixin.py:151} INFO - [2025-10-20T18:30:46.402+0000] {dagbag.py:539} INFO - Filling up the DagBag from /opt/airflow/dags/src/load_data.py
[2025-10-20T18:30:46.519+0000] {processor.py:841} WARNING - No viable dags retrieved from /opt/airflow/dags/src/load_data.py
[2025-10-20T18:30:46.527+0000] {processor.py:179} INFO - Processing /opt/airflow/dags/src/load_data.py took 0.129 seconds
[2025-10-20T18:31:17.521+0000] {processor.py:157} INFO - Started process (PID=242) to work on /opt/airflow/dags/src/load_data.py
[2025-10-20T18:31:17.522+0000] {processor.py:829} INFO - Processing file /opt/airflow/dags/src/load_data.py for tasks to queue
[2025-10-20T18:31:17.523+0000] {logging_mixin.py:151} INFO - [2025-10-20T18:31:17.523+0000] {dagbag.py:539} INFO - Filling up the DagBag from /opt/airflow/dags/src/load_data.py
[2025-10-20T18:31:17.640+0000] {processor.py:841} WARNING - No viable dags retrieved from /opt/airflow/dags/src/load_data.py
[2025-10-20T18:31:17.649+0000] {processor.py:179} INFO - Processing /opt/airflow/dags/src/load_data.py took 0.130 seconds
[2025-10-20T18:31:47.790+0000] {processor.py:157} INFO - Started process (PID=306) to work on /opt/airflow/dags/src/load_data.py
[2025-10-20T18:31:47.790+0000] {processor.py:829} INFO - Processing file /opt/airflow/dags/src/load_data.py for tasks to queue
[2025-10-20T18:31:47.791+0000] {logging_mixin.py:151} INFO - [2025-10-20T18:31:47.791+0000] {dagbag.py:539} INFO - Filling up the DagBag from /opt/airflow/dags/src/load_data.py
[2025-10-20T18:31:47.899+0000] {processor.py:841} WARNING - No viable dags retrieved from /opt/airflow/dags/src/load_data.py
[2025-10-20T18:31:47.907+0000] {processor.py:179} INFO - Processing /opt/airflow/dags/src/load_data.py took 0.118 seconds
[2025-10-20T18:32:18.818+0000] {processor.py:157} INFO - Started process (PID=371) to work on /opt/airflow/dags/src/load_data.py
[2025-10-20T18:32:18.818+0000] {processor.py:829} INFO - Processing file /opt/airflow/dags/src/load_data.py for tasks to queue
[2025-10-20T18:32:18.819+0000] {logging_mixin.py:151} INFO - [2025-10-20T18:32:18.819+0000] {dagbag.py:539} INFO - Filling up the DagBag from /opt/airflow/dags/src/load_data.py
[2025-10-20T18:32:18.921+0000] {processor.py:841} WARNING - No viable dags retrieved from /opt/airflow/dags/src/load_data.py
[2025-10-20T18:32:18.926+0000] {processor.py:179} INFO - Processing /opt/airflow/dags/src/load_data.py took 0.110 seconds
[2025-10-20T18:33:14.067+0000] {processor.py:157} INFO - Started process (PID=51) to work on /opt/airflow/dags/src/load_data.py
[2025-10-20T18:33:14.067+0000] {processor.py:829} INFO - Processing file /opt/airflow/dags/src/load_data.py for tasks to queue
[2025-10-20T18:33:14.068+0000] {logging_mixin.py:151} INFO - [2025-10-20T18:33:14.068+0000] {dagbag.py:539} INFO - Filling up the DagBag from /opt/airflow/dags/src/load_data.py
[2025-10-20T18:33:14.201+0000] {processor.py:841} WARNING - No viable dags retrieved from /opt/airflow/dags/src/load_data.py
[2025-10-20T18:33:14.207+0000] {processor.py:179} INFO - Processing /opt/airflow/dags/src/load_data.py took 0.142 seconds
[2025-10-20T18:33:44.698+0000] {processor.py:157} INFO - Started process (PID=114) to work on /opt/airflow/dags/src/load_data.py
[2025-10-20T18:33:44.699+0000] {processor.py:829} INFO - Processing file /opt/airflow/dags/src/load_data.py for tasks to queue
[2025-10-20T18:33:44.700+0000] {logging_mixin.py:151} INFO - [2025-10-20T18:33:44.700+0000] {dagbag.py:539} INFO - Filling up the DagBag from /opt/airflow/dags/src/load_data.py
[2025-10-20T18:33:44.809+0000] {processor.py:841} WARNING - No viable dags retrieved from /opt/airflow/dags/src/load_data.py
[2025-10-20T18:33:44.816+0000] {processor.py:179} INFO - Processing /opt/airflow/dags/src/load_data.py took 0.119 seconds
[2025-10-20T18:34:15.696+0000] {processor.py:157} INFO - Started process (PID=178) to work on /opt/airflow/dags/src/load_data.py
[2025-10-20T18:34:15.697+0000] {processor.py:829} INFO - Processing file /opt/airflow/dags/src/load_data.py for tasks to queue
[2025-10-20T18:34:15.698+0000] {logging_mixin.py:151} INFO - [2025-10-20T18:34:15.698+0000] {dagbag.py:539} INFO - Filling up the DagBag from /opt/airflow/dags/src/load_data.py
[2025-10-20T18:34:15.806+0000] {processor.py:841} WARNING - No viable dags retrieved from /opt/airflow/dags/src/load_data.py
[2025-10-20T18:34:15.813+0000] {processor.py:179} INFO - Processing /opt/airflow/dags/src/load_data.py took 0.118 seconds
[2025-10-20T18:34:46.626+0000] {processor.py:157} INFO - Started process (PID=242) to work on /opt/airflow/dags/src/load_data.py
[2025-10-20T18:34:46.627+0000] {processor.py:829} INFO - Processing file /opt/airflow/dags/src/load_data.py for tasks to queue
[2025-10-20T18:34:46.628+0000] {logging_mixin.py:151} INFO - [2025-10-20T18:34:46.628+0000] {dagbag.py:539} INFO - Filling up the DagBag from /opt/airflow/dags/src/load_data.py
[2025-10-20T18:34:46.738+0000] {processor.py:841} WARNING - No viable dags retrieved from /opt/airflow/dags/src/load_data.py
[2025-10-20T18:34:46.745+0000] {processor.py:179} INFO - Processing /opt/airflow/dags/src/load_data.py took 0.120 seconds
[2025-10-20T18:35:17.795+0000] {processor.py:157} INFO - Started process (PID=306) to work on /opt/airflow/dags/src/load_data.py
[2025-10-20T18:35:17.796+0000] {processor.py:829} INFO - Processing file /opt/airflow/dags/src/load_data.py for tasks to queue
[2025-10-20T18:35:17.797+0000] {logging_mixin.py:151} INFO - [2025-10-20T18:35:17.797+0000] {dagbag.py:539} INFO - Filling up the DagBag from /opt/airflow/dags/src/load_data.py
[2025-10-20T18:35:17.908+0000] {processor.py:841} WARNING - No viable dags retrieved from /opt/airflow/dags/src/load_data.py
[2025-10-20T18:35:17.917+0000] {processor.py:179} INFO - Processing /opt/airflow/dags/src/load_data.py took 0.123 seconds
[2025-10-20T18:35:48.964+0000] {processor.py:157} INFO - Started process (PID=377) to work on /opt/airflow/dags/src/load_data.py
[2025-10-20T18:35:48.965+0000] {processor.py:829} INFO - Processing file /opt/airflow/dags/src/load_data.py for tasks to queue
[2025-10-20T18:35:48.966+0000] {logging_mixin.py:151} INFO - [2025-10-20T18:35:48.966+0000] {dagbag.py:539} INFO - Filling up the DagBag from /opt/airflow/dags/src/load_data.py
[2025-10-20T18:35:49.074+0000] {processor.py:841} WARNING - No viable dags retrieved from /opt/airflow/dags/src/load_data.py
[2025-10-20T18:35:49.080+0000] {processor.py:179} INFO - Processing /opt/airflow/dags/src/load_data.py took 0.118 seconds
[2025-10-20T18:36:47.526+0000] {processor.py:157} INFO - Started process (PID=50) to work on /opt/airflow/dags/src/load_data.py
[2025-10-20T18:36:47.526+0000] {processor.py:829} INFO - Processing file /opt/airflow/dags/src/load_data.py for tasks to queue
[2025-10-20T18:36:47.528+0000] {logging_mixin.py:151} INFO - [2025-10-20T18:36:47.527+0000] {dagbag.py:539} INFO - Filling up the DagBag from /opt/airflow/dags/src/load_data.py
[2025-10-20T18:36:47.656+0000] {processor.py:841} WARNING - No viable dags retrieved from /opt/airflow/dags/src/load_data.py
[2025-10-20T18:36:47.665+0000] {processor.py:179} INFO - Processing /opt/airflow/dags/src/load_data.py took 0.141 seconds
[2025-10-20T18:37:18.669+0000] {processor.py:157} INFO - Started process (PID=114) to work on /opt/airflow/dags/src/load_data.py
[2025-10-20T18:37:18.669+0000] {processor.py:829} INFO - Processing file /opt/airflow/dags/src/load_data.py for tasks to queue
[2025-10-20T18:37:18.670+0000] {logging_mixin.py:151} INFO - [2025-10-20T18:37:18.670+0000] {dagbag.py:539} INFO - Filling up the DagBag from /opt/airflow/dags/src/load_data.py
[2025-10-20T18:37:18.777+0000] {processor.py:841} WARNING - No viable dags retrieved from /opt/airflow/dags/src/load_data.py
[2025-10-20T18:37:18.784+0000] {processor.py:179} INFO - Processing /opt/airflow/dags/src/load_data.py took 0.117 seconds
[2025-10-20T18:37:49.586+0000] {processor.py:157} INFO - Started process (PID=178) to work on /opt/airflow/dags/src/load_data.py
[2025-10-20T18:37:49.587+0000] {processor.py:829} INFO - Processing file /opt/airflow/dags/src/load_data.py for tasks to queue
[2025-10-20T18:37:49.588+0000] {logging_mixin.py:151} INFO - [2025-10-20T18:37:49.588+0000] {dagbag.py:539} INFO - Filling up the DagBag from /opt/airflow/dags/src/load_data.py
[2025-10-20T18:37:49.694+0000] {processor.py:841} WARNING - No viable dags retrieved from /opt/airflow/dags/src/load_data.py
[2025-10-20T18:37:49.702+0000] {processor.py:179} INFO - Processing /opt/airflow/dags/src/load_data.py took 0.117 seconds
[2025-10-20T18:38:20.547+0000] {processor.py:157} INFO - Started process (PID=242) to work on /opt/airflow/dags/src/load_data.py
[2025-10-20T18:38:20.547+0000] {processor.py:829} INFO - Processing file /opt/airflow/dags/src/load_data.py for tasks to queue
[2025-10-20T18:38:20.549+0000] {logging_mixin.py:151} INFO - [2025-10-20T18:38:20.549+0000] {dagbag.py:539} INFO - Filling up the DagBag from /opt/airflow/dags/src/load_data.py
[2025-10-20T18:38:20.661+0000] {processor.py:841} WARNING - No viable dags retrieved from /opt/airflow/dags/src/load_data.py
[2025-10-20T18:38:20.677+0000] {processor.py:179} INFO - Processing /opt/airflow/dags/src/load_data.py took 0.132 seconds
[2025-10-20T18:38:50.892+0000] {processor.py:157} INFO - Started process (PID=306) to work on /opt/airflow/dags/src/load_data.py
[2025-10-20T18:38:50.892+0000] {processor.py:829} INFO - Processing file /opt/airflow/dags/src/load_data.py for tasks to queue
[2025-10-20T18:38:50.894+0000] {logging_mixin.py:151} INFO - [2025-10-20T18:38:50.894+0000] {dagbag.py:539} INFO - Filling up the DagBag from /opt/airflow/dags/src/load_data.py
[2025-10-20T18:38:51.012+0000] {processor.py:841} WARNING - No viable dags retrieved from /opt/airflow/dags/src/load_data.py
[2025-10-20T18:38:51.018+0000] {processor.py:179} INFO - Processing /opt/airflow/dags/src/load_data.py took 0.128 seconds
[2025-10-20T18:39:21.701+0000] {processor.py:157} INFO - Started process (PID=369) to work on /opt/airflow/dags/src/load_data.py
[2025-10-20T18:39:21.701+0000] {processor.py:829} INFO - Processing file /opt/airflow/dags/src/load_data.py for tasks to queue
[2025-10-20T18:39:21.702+0000] {logging_mixin.py:151} INFO - [2025-10-20T18:39:21.702+0000] {dagbag.py:539} INFO - Filling up the DagBag from /opt/airflow/dags/src/load_data.py
[2025-10-20T18:39:21.820+0000] {processor.py:841} WARNING - No viable dags retrieved from /opt/airflow/dags/src/load_data.py
[2025-10-20T18:39:21.830+0000] {processor.py:179} INFO - Processing /opt/airflow/dags/src/load_data.py took 0.130 seconds
[2025-10-20T18:40:47.475+0000] {processor.py:157} INFO - Started process (PID=120) to work on /opt/airflow/dags/src/load_data.py
[2025-10-20T18:40:47.476+0000] {processor.py:829} INFO - Processing file /opt/airflow/dags/src/load_data.py for tasks to queue
[2025-10-20T18:40:47.477+0000] {logging_mixin.py:151} INFO - [2025-10-20T18:40:47.477+0000] {dagbag.py:539} INFO - Filling up the DagBag from /opt/airflow/dags/src/load_data.py
[2025-10-20T18:40:47.615+0000] {processor.py:841} WARNING - No viable dags retrieved from /opt/airflow/dags/src/load_data.py
[2025-10-20T18:40:47.625+0000] {processor.py:179} INFO - Processing /opt/airflow/dags/src/load_data.py took 0.151 seconds
[2025-10-20T18:41:18.143+0000] {processor.py:157} INFO - Started process (PID=210) to work on /opt/airflow/dags/src/load_data.py
[2025-10-20T18:41:18.144+0000] {processor.py:829} INFO - Processing file /opt/airflow/dags/src/load_data.py for tasks to queue
[2025-10-20T18:41:18.145+0000] {logging_mixin.py:151} INFO - [2025-10-20T18:41:18.145+0000] {dagbag.py:539} INFO - Filling up the DagBag from /opt/airflow/dags/src/load_data.py
[2025-10-20T18:41:18.258+0000] {processor.py:841} WARNING - No viable dags retrieved from /opt/airflow/dags/src/load_data.py
[2025-10-20T18:41:18.263+0000] {processor.py:179} INFO - Processing /opt/airflow/dags/src/load_data.py took 0.121 seconds
[2025-10-20T18:41:49.147+0000] {processor.py:157} INFO - Started process (PID=301) to work on /opt/airflow/dags/src/load_data.py
[2025-10-20T18:41:49.148+0000] {processor.py:829} INFO - Processing file /opt/airflow/dags/src/load_data.py for tasks to queue
[2025-10-20T18:41:49.148+0000] {logging_mixin.py:151} INFO - [2025-10-20T18:41:49.148+0000] {dagbag.py:539} INFO - Filling up the DagBag from /opt/airflow/dags/src/load_data.py
[2025-10-20T18:41:49.256+0000] {processor.py:841} WARNING - No viable dags retrieved from /opt/airflow/dags/src/load_data.py
[2025-10-20T18:41:49.261+0000] {processor.py:179} INFO - Processing /opt/airflow/dags/src/load_data.py took 0.116 seconds
[2025-10-20T18:42:20.158+0000] {processor.py:157} INFO - Started process (PID=393) to work on /opt/airflow/dags/src/load_data.py
[2025-10-20T18:42:20.159+0000] {processor.py:829} INFO - Processing file /opt/airflow/dags/src/load_data.py for tasks to queue
[2025-10-20T18:42:20.160+0000] {logging_mixin.py:151} INFO - [2025-10-20T18:42:20.159+0000] {dagbag.py:539} INFO - Filling up the DagBag from /opt/airflow/dags/src/load_data.py
[2025-10-20T18:42:20.268+0000] {processor.py:841} WARNING - No viable dags retrieved from /opt/airflow/dags/src/load_data.py
[2025-10-20T18:42:20.273+0000] {processor.py:179} INFO - Processing /opt/airflow/dags/src/load_data.py took 0.116 seconds
[2025-10-20T18:42:50.656+0000] {processor.py:157} INFO - Started process (PID=484) to work on /opt/airflow/dags/src/load_data.py
[2025-10-20T18:42:50.662+0000] {processor.py:829} INFO - Processing file /opt/airflow/dags/src/load_data.py for tasks to queue
[2025-10-20T18:42:50.665+0000] {logging_mixin.py:151} INFO - [2025-10-20T18:42:50.665+0000] {dagbag.py:539} INFO - Filling up the DagBag from /opt/airflow/dags/src/load_data.py
[2025-10-20T18:42:50.814+0000] {processor.py:841} WARNING - No viable dags retrieved from /opt/airflow/dags/src/load_data.py
[2025-10-20T18:42:50.820+0000] {processor.py:179} INFO - Processing /opt/airflow/dags/src/load_data.py took 0.167 seconds
[2025-10-20T18:43:20.920+0000] {processor.py:157} INFO - Started process (PID=564) to work on /opt/airflow/dags/src/load_data.py
[2025-10-20T18:43:20.923+0000] {processor.py:829} INFO - Processing file /opt/airflow/dags/src/load_data.py for tasks to queue
[2025-10-20T18:43:20.924+0000] {logging_mixin.py:151} INFO - [2025-10-20T18:43:20.924+0000] {dagbag.py:539} INFO - Filling up the DagBag from /opt/airflow/dags/src/load_data.py
[2025-10-20T18:43:21.071+0000] {processor.py:841} WARNING - No viable dags retrieved from /opt/airflow/dags/src/load_data.py
[2025-10-20T18:43:21.079+0000] {processor.py:179} INFO - Processing /opt/airflow/dags/src/load_data.py took 0.162 seconds
[2025-10-20T18:43:52.452+0000] {processor.py:157} INFO - Started process (PID=666) to work on /opt/airflow/dags/src/load_data.py
[2025-10-20T18:43:52.453+0000] {processor.py:829} INFO - Processing file /opt/airflow/dags/src/load_data.py for tasks to queue
[2025-10-20T18:43:52.454+0000] {logging_mixin.py:151} INFO - [2025-10-20T18:43:52.454+0000] {dagbag.py:539} INFO - Filling up the DagBag from /opt/airflow/dags/src/load_data.py
[2025-10-20T18:43:52.565+0000] {processor.py:841} WARNING - No viable dags retrieved from /opt/airflow/dags/src/load_data.py
[2025-10-20T18:43:52.570+0000] {processor.py:179} INFO - Processing /opt/airflow/dags/src/load_data.py took 0.120 seconds
[2025-10-20T18:44:23.636+0000] {processor.py:157} INFO - Started process (PID=757) to work on /opt/airflow/dags/src/load_data.py
[2025-10-20T18:44:23.636+0000] {processor.py:829} INFO - Processing file /opt/airflow/dags/src/load_data.py for tasks to queue
[2025-10-20T18:44:23.637+0000] {logging_mixin.py:151} INFO - [2025-10-20T18:44:23.637+0000] {dagbag.py:539} INFO - Filling up the DagBag from /opt/airflow/dags/src/load_data.py
[2025-10-20T18:44:23.750+0000] {processor.py:841} WARNING - No viable dags retrieved from /opt/airflow/dags/src/load_data.py
[2025-10-20T18:44:23.755+0000] {processor.py:179} INFO - Processing /opt/airflow/dags/src/load_data.py took 0.121 seconds
[2025-10-20T18:44:54.938+0000] {processor.py:157} INFO - Started process (PID=848) to work on /opt/airflow/dags/src/load_data.py
[2025-10-20T18:44:54.938+0000] {processor.py:829} INFO - Processing file /opt/airflow/dags/src/load_data.py for tasks to queue
[2025-10-20T18:44:54.940+0000] {logging_mixin.py:151} INFO - [2025-10-20T18:44:54.940+0000] {dagbag.py:539} INFO - Filling up the DagBag from /opt/airflow/dags/src/load_data.py
[2025-10-20T18:44:55.087+0000] {processor.py:841} WARNING - No viable dags retrieved from /opt/airflow/dags/src/load_data.py
[2025-10-20T18:44:55.098+0000] {processor.py:179} INFO - Processing /opt/airflow/dags/src/load_data.py took 0.163 seconds
[2025-10-20T18:45:26.307+0000] {processor.py:157} INFO - Started process (PID=939) to work on /opt/airflow/dags/src/load_data.py
[2025-10-20T18:45:26.312+0000] {processor.py:829} INFO - Processing file /opt/airflow/dags/src/load_data.py for tasks to queue
[2025-10-20T18:45:26.313+0000] {logging_mixin.py:151} INFO - [2025-10-20T18:45:26.313+0000] {dagbag.py:539} INFO - Filling up the DagBag from /opt/airflow/dags/src/load_data.py
[2025-10-20T18:45:26.439+0000] {processor.py:841} WARNING - No viable dags retrieved from /opt/airflow/dags/src/load_data.py
[2025-10-20T18:45:26.444+0000] {processor.py:179} INFO - Processing /opt/airflow/dags/src/load_data.py took 0.140 seconds
[2025-10-20T18:45:57.530+0000] {processor.py:157} INFO - Started process (PID=1030) to work on /opt/airflow/dags/src/load_data.py
[2025-10-20T18:45:57.531+0000] {processor.py:829} INFO - Processing file /opt/airflow/dags/src/load_data.py for tasks to queue
[2025-10-20T18:45:57.531+0000] {logging_mixin.py:151} INFO - [2025-10-20T18:45:57.531+0000] {dagbag.py:539} INFO - Filling up the DagBag from /opt/airflow/dags/src/load_data.py
[2025-10-20T18:45:57.637+0000] {processor.py:841} WARNING - No viable dags retrieved from /opt/airflow/dags/src/load_data.py
[2025-10-20T18:45:57.643+0000] {processor.py:179} INFO - Processing /opt/airflow/dags/src/load_data.py took 0.114 seconds
[2025-10-20T18:46:29.156+0000] {processor.py:157} INFO - Started process (PID=1121) to work on /opt/airflow/dags/src/load_data.py
[2025-10-20T18:46:29.156+0000] {processor.py:829} INFO - Processing file /opt/airflow/dags/src/load_data.py for tasks to queue
[2025-10-20T18:46:29.158+0000] {logging_mixin.py:151} INFO - [2025-10-20T18:46:29.157+0000] {dagbag.py:539} INFO - Filling up the DagBag from /opt/airflow/dags/src/load_data.py
[2025-10-20T18:46:29.286+0000] {processor.py:841} WARNING - No viable dags retrieved from /opt/airflow/dags/src/load_data.py
[2025-10-20T18:46:29.292+0000] {processor.py:179} INFO - Processing /opt/airflow/dags/src/load_data.py took 0.138 seconds
[2025-10-20T18:47:00.508+0000] {processor.py:157} INFO - Started process (PID=1212) to work on /opt/airflow/dags/src/load_data.py
[2025-10-20T18:47:00.509+0000] {processor.py:829} INFO - Processing file /opt/airflow/dags/src/load_data.py for tasks to queue
[2025-10-20T18:47:00.511+0000] {logging_mixin.py:151} INFO - [2025-10-20T18:47:00.511+0000] {dagbag.py:539} INFO - Filling up the DagBag from /opt/airflow/dags/src/load_data.py
[2025-10-20T18:47:00.623+0000] {processor.py:841} WARNING - No viable dags retrieved from /opt/airflow/dags/src/load_data.py
[2025-10-20T18:47:00.628+0000] {processor.py:179} INFO - Processing /opt/airflow/dags/src/load_data.py took 0.122 seconds
[2025-10-20T18:47:31.719+0000] {processor.py:157} INFO - Started process (PID=1303) to work on /opt/airflow/dags/src/load_data.py
[2025-10-20T18:47:31.719+0000] {processor.py:829} INFO - Processing file /opt/airflow/dags/src/load_data.py for tasks to queue
[2025-10-20T18:47:31.720+0000] {logging_mixin.py:151} INFO - [2025-10-20T18:47:31.720+0000] {dagbag.py:539} INFO - Filling up the DagBag from /opt/airflow/dags/src/load_data.py
[2025-10-20T18:47:31.829+0000] {processor.py:841} WARNING - No viable dags retrieved from /opt/airflow/dags/src/load_data.py
[2025-10-20T18:47:31.835+0000] {processor.py:179} INFO - Processing /opt/airflow/dags/src/load_data.py took 0.117 seconds
[2025-10-20T18:48:02.874+0000] {processor.py:157} INFO - Started process (PID=1401) to work on /opt/airflow/dags/src/load_data.py
[2025-10-20T18:48:02.878+0000] {processor.py:829} INFO - Processing file /opt/airflow/dags/src/load_data.py for tasks to queue
[2025-10-20T18:48:02.879+0000] {logging_mixin.py:151} INFO - [2025-10-20T18:48:02.879+0000] {dagbag.py:539} INFO - Filling up the DagBag from /opt/airflow/dags/src/load_data.py
[2025-10-20T18:48:02.996+0000] {processor.py:841} WARNING - No viable dags retrieved from /opt/airflow/dags/src/load_data.py
[2025-10-20T18:48:03.002+0000] {processor.py:179} INFO - Processing /opt/airflow/dags/src/load_data.py took 0.135 seconds
[2025-10-20T18:48:34.071+0000] {processor.py:157} INFO - Started process (PID=1492) to work on /opt/airflow/dags/src/load_data.py
[2025-10-20T18:48:34.071+0000] {processor.py:829} INFO - Processing file /opt/airflow/dags/src/load_data.py for tasks to queue
[2025-10-20T18:48:34.073+0000] {logging_mixin.py:151} INFO - [2025-10-20T18:48:34.073+0000] {dagbag.py:539} INFO - Filling up the DagBag from /opt/airflow/dags/src/load_data.py
[2025-10-20T18:48:34.198+0000] {processor.py:841} WARNING - No viable dags retrieved from /opt/airflow/dags/src/load_data.py
[2025-10-20T18:48:34.205+0000] {processor.py:179} INFO - Processing /opt/airflow/dags/src/load_data.py took 0.136 seconds
[2025-10-20T18:49:05.351+0000] {processor.py:157} INFO - Started process (PID=1583) to work on /opt/airflow/dags/src/load_data.py
[2025-10-20T18:49:05.358+0000] {processor.py:829} INFO - Processing file /opt/airflow/dags/src/load_data.py for tasks to queue
[2025-10-20T18:49:05.359+0000] {logging_mixin.py:151} INFO - [2025-10-20T18:49:05.359+0000] {dagbag.py:539} INFO - Filling up the DagBag from /opt/airflow/dags/src/load_data.py
[2025-10-20T18:49:05.474+0000] {processor.py:841} WARNING - No viable dags retrieved from /opt/airflow/dags/src/load_data.py
[2025-10-20T18:49:05.480+0000] {processor.py:179} INFO - Processing /opt/airflow/dags/src/load_data.py took 0.132 seconds
[2025-10-20T18:49:36.592+0000] {processor.py:157} INFO - Started process (PID=1674) to work on /opt/airflow/dags/src/load_data.py
[2025-10-20T18:49:36.593+0000] {processor.py:829} INFO - Processing file /opt/airflow/dags/src/load_data.py for tasks to queue
[2025-10-20T18:49:36.593+0000] {logging_mixin.py:151} INFO - [2025-10-20T18:49:36.593+0000] {dagbag.py:539} INFO - Filling up the DagBag from /opt/airflow/dags/src/load_data.py
[2025-10-20T18:49:36.704+0000] {processor.py:841} WARNING - No viable dags retrieved from /opt/airflow/dags/src/load_data.py
[2025-10-20T18:49:36.709+0000] {processor.py:179} INFO - Processing /opt/airflow/dags/src/load_data.py took 0.119 seconds
[2025-10-20T18:50:08.011+0000] {processor.py:157} INFO - Started process (PID=1765) to work on /opt/airflow/dags/src/load_data.py
[2025-10-20T18:50:08.012+0000] {processor.py:829} INFO - Processing file /opt/airflow/dags/src/load_data.py for tasks to queue
[2025-10-20T18:50:08.013+0000] {logging_mixin.py:151} INFO - [2025-10-20T18:50:08.013+0000] {dagbag.py:539} INFO - Filling up the DagBag from /opt/airflow/dags/src/load_data.py
[2025-10-20T18:50:08.132+0000] {processor.py:841} WARNING - No viable dags retrieved from /opt/airflow/dags/src/load_data.py
[2025-10-20T18:50:08.138+0000] {processor.py:179} INFO - Processing /opt/airflow/dags/src/load_data.py took 0.128 seconds
[2025-10-20T18:50:38.998+0000] {processor.py:157} INFO - Started process (PID=1847) to work on /opt/airflow/dags/src/load_data.py
[2025-10-20T18:50:38.999+0000] {processor.py:829} INFO - Processing file /opt/airflow/dags/src/load_data.py for tasks to queue
[2025-10-20T18:50:39.003+0000] {logging_mixin.py:151} INFO - [2025-10-20T18:50:39.002+0000] {dagbag.py:539} INFO - Filling up the DagBag from /opt/airflow/dags/src/load_data.py
[2025-10-20T18:50:39.244+0000] {processor.py:841} WARNING - No viable dags retrieved from /opt/airflow/dags/src/load_data.py
[2025-10-20T18:50:39.257+0000] {processor.py:179} INFO - Processing /opt/airflow/dags/src/load_data.py took 0.264 seconds
[2025-10-20T18:51:10.076+0000] {processor.py:157} INFO - Started process (PID=1938) to work on /opt/airflow/dags/src/load_data.py
[2025-10-20T18:51:10.078+0000] {processor.py:829} INFO - Processing file /opt/airflow/dags/src/load_data.py for tasks to queue
[2025-10-20T18:51:10.080+0000] {logging_mixin.py:151} INFO - [2025-10-20T18:51:10.080+0000] {dagbag.py:539} INFO - Filling up the DagBag from /opt/airflow/dags/src/load_data.py
[2025-10-20T18:51:10.366+0000] {processor.py:841} WARNING - No viable dags retrieved from /opt/airflow/dags/src/load_data.py
[2025-10-20T18:51:10.382+0000] {processor.py:179} INFO - Processing /opt/airflow/dags/src/load_data.py took 0.309 seconds
[2025-10-20T18:51:40.759+0000] {processor.py:157} INFO - Started process (PID=2029) to work on /opt/airflow/dags/src/load_data.py
[2025-10-20T18:51:40.759+0000] {processor.py:829} INFO - Processing file /opt/airflow/dags/src/load_data.py for tasks to queue
[2025-10-20T18:51:40.760+0000] {logging_mixin.py:151} INFO - [2025-10-20T18:51:40.760+0000] {dagbag.py:539} INFO - Filling up the DagBag from /opt/airflow/dags/src/load_data.py
[2025-10-20T18:51:40.900+0000] {processor.py:841} WARNING - No viable dags retrieved from /opt/airflow/dags/src/load_data.py
[2025-10-20T18:51:40.906+0000] {processor.py:179} INFO - Processing /opt/airflow/dags/src/load_data.py took 0.149 seconds
[2025-10-20T18:52:12.072+0000] {processor.py:157} INFO - Started process (PID=2129) to work on /opt/airflow/dags/src/load_data.py
[2025-10-20T18:52:12.073+0000] {processor.py:829} INFO - Processing file /opt/airflow/dags/src/load_data.py for tasks to queue
[2025-10-20T18:52:12.074+0000] {logging_mixin.py:151} INFO - [2025-10-20T18:52:12.074+0000] {dagbag.py:539} INFO - Filling up the DagBag from /opt/airflow/dags/src/load_data.py
[2025-10-20T18:52:12.185+0000] {processor.py:841} WARNING - No viable dags retrieved from /opt/airflow/dags/src/load_data.py
[2025-10-20T18:52:12.191+0000] {processor.py:179} INFO - Processing /opt/airflow/dags/src/load_data.py took 0.120 seconds
[2025-10-20T18:52:43.164+0000] {processor.py:157} INFO - Started process (PID=2220) to work on /opt/airflow/dags/src/load_data.py
[2025-10-20T18:52:43.165+0000] {processor.py:829} INFO - Processing file /opt/airflow/dags/src/load_data.py for tasks to queue
[2025-10-20T18:52:43.165+0000] {logging_mixin.py:151} INFO - [2025-10-20T18:52:43.165+0000] {dagbag.py:539} INFO - Filling up the DagBag from /opt/airflow/dags/src/load_data.py
[2025-10-20T18:52:43.273+0000] {processor.py:841} WARNING - No viable dags retrieved from /opt/airflow/dags/src/load_data.py
[2025-10-20T18:52:43.279+0000] {processor.py:179} INFO - Processing /opt/airflow/dags/src/load_data.py took 0.116 seconds
[2025-10-20T18:53:14.387+0000] {processor.py:157} INFO - Started process (PID=2311) to work on /opt/airflow/dags/src/load_data.py
[2025-10-20T18:53:14.391+0000] {processor.py:829} INFO - Processing file /opt/airflow/dags/src/load_data.py for tasks to queue
[2025-10-20T18:53:14.393+0000] {logging_mixin.py:151} INFO - [2025-10-20T18:53:14.393+0000] {dagbag.py:539} INFO - Filling up the DagBag from /opt/airflow/dags/src/load_data.py
[2025-10-20T18:53:14.520+0000] {processor.py:841} WARNING - No viable dags retrieved from /opt/airflow/dags/src/load_data.py
[2025-10-20T18:53:14.526+0000] {processor.py:179} INFO - Processing /opt/airflow/dags/src/load_data.py took 0.142 seconds
[2025-10-20T18:53:45.851+0000] {processor.py:157} INFO - Started process (PID=2402) to work on /opt/airflow/dags/src/load_data.py
[2025-10-20T18:53:45.853+0000] {processor.py:829} INFO - Processing file /opt/airflow/dags/src/load_data.py for tasks to queue
[2025-10-20T18:53:45.854+0000] {logging_mixin.py:151} INFO - [2025-10-20T18:53:45.854+0000] {dagbag.py:539} INFO - Filling up the DagBag from /opt/airflow/dags/src/load_data.py
[2025-10-20T18:53:45.981+0000] {processor.py:841} WARNING - No viable dags retrieved from /opt/airflow/dags/src/load_data.py
[2025-10-20T18:53:45.987+0000] {processor.py:179} INFO - Processing /opt/airflow/dags/src/load_data.py took 0.138 seconds
[2025-10-20T18:54:17.421+0000] {processor.py:157} INFO - Started process (PID=2493) to work on /opt/airflow/dags/src/load_data.py
[2025-10-20T18:54:17.422+0000] {processor.py:829} INFO - Processing file /opt/airflow/dags/src/load_data.py for tasks to queue
[2025-10-20T18:54:17.423+0000] {logging_mixin.py:151} INFO - [2025-10-20T18:54:17.423+0000] {dagbag.py:539} INFO - Filling up the DagBag from /opt/airflow/dags/src/load_data.py
[2025-10-20T18:54:17.560+0000] {processor.py:841} WARNING - No viable dags retrieved from /opt/airflow/dags/src/load_data.py
[2025-10-20T18:54:17.567+0000] {processor.py:179} INFO - Processing /opt/airflow/dags/src/load_data.py took 0.148 seconds
[2025-10-20T18:54:48.569+0000] {processor.py:157} INFO - Started process (PID=2584) to work on /opt/airflow/dags/src/load_data.py
[2025-10-20T18:54:48.574+0000] {processor.py:829} INFO - Processing file /opt/airflow/dags/src/load_data.py for tasks to queue
[2025-10-20T18:54:48.576+0000] {logging_mixin.py:151} INFO - [2025-10-20T18:54:48.576+0000] {dagbag.py:539} INFO - Filling up the DagBag from /opt/airflow/dags/src/load_data.py
[2025-10-20T18:54:48.681+0000] {processor.py:841} WARNING - No viable dags retrieved from /opt/airflow/dags/src/load_data.py
[2025-10-20T18:54:48.686+0000] {processor.py:179} INFO - Processing /opt/airflow/dags/src/load_data.py took 0.120 seconds
[2025-10-20T18:55:19.926+0000] {processor.py:157} INFO - Started process (PID=2675) to work on /opt/airflow/dags/src/load_data.py
[2025-10-20T18:55:19.927+0000] {processor.py:829} INFO - Processing file /opt/airflow/dags/src/load_data.py for tasks to queue
[2025-10-20T18:55:19.928+0000] {logging_mixin.py:151} INFO - [2025-10-20T18:55:19.928+0000] {dagbag.py:539} INFO - Filling up the DagBag from /opt/airflow/dags/src/load_data.py
[2025-10-20T18:55:20.039+0000] {processor.py:841} WARNING - No viable dags retrieved from /opt/airflow/dags/src/load_data.py
[2025-10-20T18:55:20.045+0000] {processor.py:179} INFO - Processing /opt/airflow/dags/src/load_data.py took 0.121 seconds
[2025-10-20T18:55:51.425+0000] {processor.py:157} INFO - Started process (PID=2766) to work on /opt/airflow/dags/src/load_data.py
[2025-10-20T18:55:51.425+0000] {processor.py:829} INFO - Processing file /opt/airflow/dags/src/load_data.py for tasks to queue
[2025-10-20T18:55:51.426+0000] {logging_mixin.py:151} INFO - [2025-10-20T18:55:51.426+0000] {dagbag.py:539} INFO - Filling up the DagBag from /opt/airflow/dags/src/load_data.py
[2025-10-20T18:55:51.538+0000] {processor.py:841} WARNING - No viable dags retrieved from /opt/airflow/dags/src/load_data.py
[2025-10-20T18:55:51.543+0000] {processor.py:179} INFO - Processing /opt/airflow/dags/src/load_data.py took 0.120 seconds
[2025-10-20T18:56:22.718+0000] {processor.py:157} INFO - Started process (PID=2857) to work on /opt/airflow/dags/src/load_data.py
[2025-10-20T18:56:22.721+0000] {processor.py:829} INFO - Processing file /opt/airflow/dags/src/load_data.py for tasks to queue
[2025-10-20T18:56:22.726+0000] {logging_mixin.py:151} INFO - [2025-10-20T18:56:22.726+0000] {dagbag.py:539} INFO - Filling up the DagBag from /opt/airflow/dags/src/load_data.py
[2025-10-20T18:56:22.862+0000] {processor.py:841} WARNING - No viable dags retrieved from /opt/airflow/dags/src/load_data.py
[2025-10-20T18:56:22.868+0000] {processor.py:179} INFO - Processing /opt/airflow/dags/src/load_data.py took 0.152 seconds
[2025-10-20T18:56:54.147+0000] {processor.py:157} INFO - Started process (PID=2948) to work on /opt/airflow/dags/src/load_data.py
[2025-10-20T18:56:54.148+0000] {processor.py:829} INFO - Processing file /opt/airflow/dags/src/load_data.py for tasks to queue
[2025-10-20T18:56:54.149+0000] {logging_mixin.py:151} INFO - [2025-10-20T18:56:54.149+0000] {dagbag.py:539} INFO - Filling up the DagBag from /opt/airflow/dags/src/load_data.py
[2025-10-20T18:56:54.262+0000] {processor.py:841} WARNING - No viable dags retrieved from /opt/airflow/dags/src/load_data.py
[2025-10-20T18:56:54.267+0000] {processor.py:179} INFO - Processing /opt/airflow/dags/src/load_data.py took 0.122 seconds
[2025-10-20T18:57:25.480+0000] {processor.py:157} INFO - Started process (PID=3039) to work on /opt/airflow/dags/src/load_data.py
[2025-10-20T18:57:25.480+0000] {processor.py:829} INFO - Processing file /opt/airflow/dags/src/load_data.py for tasks to queue
[2025-10-20T18:57:25.481+0000] {logging_mixin.py:151} INFO - [2025-10-20T18:57:25.481+0000] {dagbag.py:539} INFO - Filling up the DagBag from /opt/airflow/dags/src/load_data.py
[2025-10-20T18:57:25.596+0000] {processor.py:841} WARNING - No viable dags retrieved from /opt/airflow/dags/src/load_data.py
[2025-10-20T18:57:25.601+0000] {processor.py:179} INFO - Processing /opt/airflow/dags/src/load_data.py took 0.123 seconds
[2025-10-20T18:57:56.675+0000] {processor.py:157} INFO - Started process (PID=3130) to work on /opt/airflow/dags/src/load_data.py
[2025-10-20T18:57:56.676+0000] {processor.py:829} INFO - Processing file /opt/airflow/dags/src/load_data.py for tasks to queue
[2025-10-20T18:57:56.676+0000] {logging_mixin.py:151} INFO - [2025-10-20T18:57:56.676+0000] {dagbag.py:539} INFO - Filling up the DagBag from /opt/airflow/dags/src/load_data.py
[2025-10-20T18:57:56.782+0000] {processor.py:841} WARNING - No viable dags retrieved from /opt/airflow/dags/src/load_data.py
[2025-10-20T18:57:56.788+0000] {processor.py:179} INFO - Processing /opt/airflow/dags/src/load_data.py took 0.114 seconds
[2025-10-20T18:58:28.161+0000] {processor.py:157} INFO - Started process (PID=3221) to work on /opt/airflow/dags/src/load_data.py
[2025-10-20T18:58:28.161+0000] {processor.py:829} INFO - Processing file /opt/airflow/dags/src/load_data.py for tasks to queue
[2025-10-20T18:58:28.162+0000] {logging_mixin.py:151} INFO - [2025-10-20T18:58:28.162+0000] {dagbag.py:539} INFO - Filling up the DagBag from /opt/airflow/dags/src/load_data.py
[2025-10-20T18:58:28.281+0000] {processor.py:841} WARNING - No viable dags retrieved from /opt/airflow/dags/src/load_data.py
[2025-10-20T18:58:28.287+0000] {processor.py:179} INFO - Processing /opt/airflow/dags/src/load_data.py took 0.128 seconds
[2025-10-20T18:58:59.262+0000] {processor.py:157} INFO - Started process (PID=3312) to work on /opt/airflow/dags/src/load_data.py
[2025-10-20T18:58:59.263+0000] {processor.py:829} INFO - Processing file /opt/airflow/dags/src/load_data.py for tasks to queue
[2025-10-20T18:58:59.264+0000] {logging_mixin.py:151} INFO - [2025-10-20T18:58:59.264+0000] {dagbag.py:539} INFO - Filling up the DagBag from /opt/airflow/dags/src/load_data.py
[2025-10-20T18:58:59.401+0000] {processor.py:841} WARNING - No viable dags retrieved from /opt/airflow/dags/src/load_data.py
[2025-10-20T18:58:59.407+0000] {processor.py:179} INFO - Processing /opt/airflow/dags/src/load_data.py took 0.147 seconds
[2025-10-20T18:59:29.837+0000] {processor.py:157} INFO - Started process (PID=3403) to work on /opt/airflow/dags/src/load_data.py
[2025-10-20T18:59:29.840+0000] {processor.py:829} INFO - Processing file /opt/airflow/dags/src/load_data.py for tasks to queue
[2025-10-20T18:59:29.844+0000] {logging_mixin.py:151} INFO - [2025-10-20T18:59:29.843+0000] {dagbag.py:539} INFO - Filling up the DagBag from /opt/airflow/dags/src/load_data.py
[2025-10-20T18:59:30.000+0000] {processor.py:841} WARNING - No viable dags retrieved from /opt/airflow/dags/src/load_data.py
[2025-10-20T18:59:30.006+0000] {processor.py:179} INFO - Processing /opt/airflow/dags/src/load_data.py took 0.177 seconds
[2025-10-20T18:59:43.653+0000] {processor.py:157} INFO - Started process (PID=3459) to work on /opt/airflow/dags/src/load_data.py
[2025-10-20T18:59:43.654+0000] {processor.py:829} INFO - Processing file /opt/airflow/dags/src/load_data.py for tasks to queue
[2025-10-20T18:59:43.656+0000] {logging_mixin.py:151} INFO - [2025-10-20T18:59:43.656+0000] {dagbag.py:539} INFO - Filling up the DagBag from /opt/airflow/dags/src/load_data.py
[2025-10-20T18:59:43.806+0000] {processor.py:841} WARNING - No viable dags retrieved from /opt/airflow/dags/src/load_data.py
[2025-10-20T18:59:43.813+0000] {processor.py:179} INFO - Processing /opt/airflow/dags/src/load_data.py took 0.163 seconds
[2025-10-20T19:00:13.881+0000] {processor.py:157} INFO - Started process (PID=3550) to work on /opt/airflow/dags/src/load_data.py
[2025-10-20T19:00:13.883+0000] {processor.py:829} INFO - Processing file /opt/airflow/dags/src/load_data.py for tasks to queue
[2025-10-20T19:00:13.885+0000] {logging_mixin.py:151} INFO - [2025-10-20T19:00:13.885+0000] {dagbag.py:539} INFO - Filling up the DagBag from /opt/airflow/dags/src/load_data.py
[2025-10-20T19:00:14.010+0000] {processor.py:841} WARNING - No viable dags retrieved from /opt/airflow/dags/src/load_data.py
[2025-10-20T19:00:14.016+0000] {processor.py:179} INFO - Processing /opt/airflow/dags/src/load_data.py took 0.139 seconds
[2025-10-20T19:00:35.431+0000] {processor.py:157} INFO - Started process (PID=48) to work on /opt/airflow/dags/src/load_data.py
[2025-10-20T19:00:35.433+0000] {processor.py:829} INFO - Processing file /opt/airflow/dags/src/load_data.py for tasks to queue
[2025-10-20T19:00:35.439+0000] {logging_mixin.py:151} INFO - [2025-10-20T19:00:35.439+0000] {dagbag.py:539} INFO - Filling up the DagBag from /opt/airflow/dags/src/load_data.py
[2025-10-20T19:00:35.689+0000] {processor.py:841} WARNING - No viable dags retrieved from /opt/airflow/dags/src/load_data.py
[2025-10-20T19:00:35.699+0000] {processor.py:179} INFO - Processing /opt/airflow/dags/src/load_data.py took 0.270 seconds
[2025-10-20T19:01:06.084+0000] {processor.py:157} INFO - Started process (PID=139) to work on /opt/airflow/dags/src/load_data.py
[2025-10-20T19:01:06.085+0000] {processor.py:829} INFO - Processing file /opt/airflow/dags/src/load_data.py for tasks to queue
[2025-10-20T19:01:06.088+0000] {logging_mixin.py:151} INFO - [2025-10-20T19:01:06.087+0000] {dagbag.py:539} INFO - Filling up the DagBag from /opt/airflow/dags/src/load_data.py
[2025-10-20T19:01:06.220+0000] {processor.py:841} WARNING - No viable dags retrieved from /opt/airflow/dags/src/load_data.py
[2025-10-20T19:01:06.229+0000] {processor.py:179} INFO - Processing /opt/airflow/dags/src/load_data.py took 0.148 seconds
[2025-10-20T19:01:36.771+0000] {processor.py:157} INFO - Started process (PID=230) to work on /opt/airflow/dags/src/load_data.py
[2025-10-20T19:01:36.772+0000] {processor.py:829} INFO - Processing file /opt/airflow/dags/src/load_data.py for tasks to queue
[2025-10-20T19:01:36.773+0000] {logging_mixin.py:151} INFO - [2025-10-20T19:01:36.773+0000] {dagbag.py:539} INFO - Filling up the DagBag from /opt/airflow/dags/src/load_data.py
[2025-10-20T19:01:36.900+0000] {processor.py:841} WARNING - No viable dags retrieved from /opt/airflow/dags/src/load_data.py
[2025-10-20T19:01:36.908+0000] {processor.py:179} INFO - Processing /opt/airflow/dags/src/load_data.py took 0.141 seconds
[2025-10-20T19:02:07.434+0000] {processor.py:157} INFO - Started process (PID=328) to work on /opt/airflow/dags/src/load_data.py
[2025-10-20T19:02:07.435+0000] {processor.py:829} INFO - Processing file /opt/airflow/dags/src/load_data.py for tasks to queue
[2025-10-20T19:02:07.436+0000] {logging_mixin.py:151} INFO - [2025-10-20T19:02:07.436+0000] {dagbag.py:539} INFO - Filling up the DagBag from /opt/airflow/dags/src/load_data.py
[2025-10-20T19:02:07.569+0000] {processor.py:841} WARNING - No viable dags retrieved from /opt/airflow/dags/src/load_data.py
[2025-10-20T19:02:07.579+0000] {processor.py:179} INFO - Processing /opt/airflow/dags/src/load_data.py took 0.146 seconds
[2025-10-20T19:02:37.885+0000] {processor.py:157} INFO - Started process (PID=419) to work on /opt/airflow/dags/src/load_data.py
[2025-10-20T19:02:37.887+0000] {processor.py:829} INFO - Processing file /opt/airflow/dags/src/load_data.py for tasks to queue
[2025-10-20T19:02:37.889+0000] {logging_mixin.py:151} INFO - [2025-10-20T19:02:37.889+0000] {dagbag.py:539} INFO - Filling up the DagBag from /opt/airflow/dags/src/load_data.py
[2025-10-20T19:02:38.038+0000] {processor.py:841} WARNING - No viable dags retrieved from /opt/airflow/dags/src/load_data.py
[2025-10-20T19:02:38.047+0000] {processor.py:179} INFO - Processing /opt/airflow/dags/src/load_data.py took 0.164 seconds
[2025-10-20T19:03:08.329+0000] {processor.py:157} INFO - Started process (PID=510) to work on /opt/airflow/dags/src/load_data.py
[2025-10-20T19:03:08.329+0000] {processor.py:829} INFO - Processing file /opt/airflow/dags/src/load_data.py for tasks to queue
[2025-10-20T19:03:08.331+0000] {logging_mixin.py:151} INFO - [2025-10-20T19:03:08.331+0000] {dagbag.py:539} INFO - Filling up the DagBag from /opt/airflow/dags/src/load_data.py
[2025-10-20T19:03:08.454+0000] {processor.py:841} WARNING - No viable dags retrieved from /opt/airflow/dags/src/load_data.py
[2025-10-20T19:03:08.462+0000] {processor.py:179} INFO - Processing /opt/airflow/dags/src/load_data.py took 0.136 seconds
[2025-10-20T19:03:39.264+0000] {processor.py:157} INFO - Started process (PID=601) to work on /opt/airflow/dags/src/load_data.py
[2025-10-20T19:03:39.264+0000] {processor.py:829} INFO - Processing file /opt/airflow/dags/src/load_data.py for tasks to queue
[2025-10-20T19:03:39.265+0000] {logging_mixin.py:151} INFO - [2025-10-20T19:03:39.265+0000] {dagbag.py:539} INFO - Filling up the DagBag from /opt/airflow/dags/src/load_data.py
[2025-10-20T19:03:39.372+0000] {processor.py:841} WARNING - No viable dags retrieved from /opt/airflow/dags/src/load_data.py
[2025-10-20T19:03:39.378+0000] {processor.py:179} INFO - Processing /opt/airflow/dags/src/load_data.py took 0.115 seconds
[2025-10-20T19:04:10.343+0000] {processor.py:157} INFO - Started process (PID=692) to work on /opt/airflow/dags/src/load_data.py
[2025-10-20T19:04:10.344+0000] {processor.py:829} INFO - Processing file /opt/airflow/dags/src/load_data.py for tasks to queue
[2025-10-20T19:04:10.347+0000] {logging_mixin.py:151} INFO - [2025-10-20T19:04:10.347+0000] {dagbag.py:539} INFO - Filling up the DagBag from /opt/airflow/dags/src/load_data.py
[2025-10-20T19:04:10.489+0000] {processor.py:841} WARNING - No viable dags retrieved from /opt/airflow/dags/src/load_data.py
[2025-10-20T19:04:10.500+0000] {processor.py:179} INFO - Processing /opt/airflow/dags/src/load_data.py took 0.159 seconds
[2025-10-20T19:04:41.504+0000] {processor.py:157} INFO - Started process (PID=783) to work on /opt/airflow/dags/src/load_data.py
[2025-10-20T19:04:41.506+0000] {processor.py:829} INFO - Processing file /opt/airflow/dags/src/load_data.py for tasks to queue
[2025-10-20T19:04:41.508+0000] {logging_mixin.py:151} INFO - [2025-10-20T19:04:41.508+0000] {dagbag.py:539} INFO - Filling up the DagBag from /opt/airflow/dags/src/load_data.py
[2025-10-20T19:04:41.631+0000] {processor.py:841} WARNING - No viable dags retrieved from /opt/airflow/dags/src/load_data.py
[2025-10-20T19:04:41.638+0000] {processor.py:179} INFO - Processing /opt/airflow/dags/src/load_data.py took 0.137 seconds
[2025-10-20T19:05:11.788+0000] {processor.py:157} INFO - Started process (PID=874) to work on /opt/airflow/dags/src/load_data.py
[2025-10-20T19:05:11.790+0000] {processor.py:829} INFO - Processing file /opt/airflow/dags/src/load_data.py for tasks to queue
[2025-10-20T19:05:11.797+0000] {logging_mixin.py:151} INFO - [2025-10-20T19:05:11.797+0000] {dagbag.py:539} INFO - Filling up the DagBag from /opt/airflow/dags/src/load_data.py
[2025-10-20T19:05:11.944+0000] {processor.py:841} WARNING - No viable dags retrieved from /opt/airflow/dags/src/load_data.py
[2025-10-20T19:05:11.953+0000] {processor.py:179} INFO - Processing /opt/airflow/dags/src/load_data.py took 0.169 seconds
[2025-10-20T19:05:42.928+0000] {processor.py:157} INFO - Started process (PID=965) to work on /opt/airflow/dags/src/load_data.py
[2025-10-20T19:05:42.930+0000] {processor.py:829} INFO - Processing file /opt/airflow/dags/src/load_data.py for tasks to queue
[2025-10-20T19:05:42.933+0000] {logging_mixin.py:151} INFO - [2025-10-20T19:05:42.933+0000] {dagbag.py:539} INFO - Filling up the DagBag from /opt/airflow/dags/src/load_data.py
[2025-10-20T19:05:43.062+0000] {processor.py:841} WARNING - No viable dags retrieved from /opt/airflow/dags/src/load_data.py
[2025-10-20T19:05:43.070+0000] {processor.py:179} INFO - Processing /opt/airflow/dags/src/load_data.py took 0.145 seconds
[2025-10-20T19:06:14.004+0000] {processor.py:157} INFO - Started process (PID=1056) to work on /opt/airflow/dags/src/load_data.py
[2025-10-20T19:06:14.006+0000] {processor.py:829} INFO - Processing file /opt/airflow/dags/src/load_data.py for tasks to queue
[2025-10-20T19:06:14.009+0000] {logging_mixin.py:151} INFO - [2025-10-20T19:06:14.008+0000] {dagbag.py:539} INFO - Filling up the DagBag from /opt/airflow/dags/src/load_data.py
[2025-10-20T19:06:14.153+0000] {processor.py:841} WARNING - No viable dags retrieved from /opt/airflow/dags/src/load_data.py
[2025-10-20T19:06:14.163+0000] {processor.py:179} INFO - Processing /opt/airflow/dags/src/load_data.py took 0.161 seconds
[2025-10-20T19:06:45.031+0000] {processor.py:157} INFO - Started process (PID=1147) to work on /opt/airflow/dags/src/load_data.py
[2025-10-20T19:06:45.032+0000] {processor.py:829} INFO - Processing file /opt/airflow/dags/src/load_data.py for tasks to queue
[2025-10-20T19:06:45.034+0000] {logging_mixin.py:151} INFO - [2025-10-20T19:06:45.033+0000] {dagbag.py:539} INFO - Filling up the DagBag from /opt/airflow/dags/src/load_data.py
[2025-10-20T19:06:45.172+0000] {processor.py:841} WARNING - No viable dags retrieved from /opt/airflow/dags/src/load_data.py
[2025-10-20T19:06:45.179+0000] {processor.py:179} INFO - Processing /opt/airflow/dags/src/load_data.py took 0.151 seconds
[2025-10-20T19:07:15.447+0000] {processor.py:157} INFO - Started process (PID=1238) to work on /opt/airflow/dags/src/load_data.py
[2025-10-20T19:07:15.449+0000] {processor.py:829} INFO - Processing file /opt/airflow/dags/src/load_data.py for tasks to queue
[2025-10-20T19:07:15.451+0000] {logging_mixin.py:151} INFO - [2025-10-20T19:07:15.451+0000] {dagbag.py:539} INFO - Filling up the DagBag from /opt/airflow/dags/src/load_data.py
[2025-10-20T19:07:15.573+0000] {processor.py:841} WARNING - No viable dags retrieved from /opt/airflow/dags/src/load_data.py
[2025-10-20T19:07:15.582+0000] {processor.py:179} INFO - Processing /opt/airflow/dags/src/load_data.py took 0.137 seconds
[2025-10-20T19:07:46.615+0000] {processor.py:157} INFO - Started process (PID=1329) to work on /opt/airflow/dags/src/load_data.py
[2025-10-20T19:07:46.617+0000] {processor.py:829} INFO - Processing file /opt/airflow/dags/src/load_data.py for tasks to queue
[2025-10-20T19:07:46.618+0000] {logging_mixin.py:151} INFO - [2025-10-20T19:07:46.618+0000] {dagbag.py:539} INFO - Filling up the DagBag from /opt/airflow/dags/src/load_data.py
[2025-10-20T19:07:46.787+0000] {processor.py:841} WARNING - No viable dags retrieved from /opt/airflow/dags/src/load_data.py
[2025-10-20T19:07:46.797+0000] {processor.py:179} INFO - Processing /opt/airflow/dags/src/load_data.py took 0.186 seconds
[2025-10-20T19:08:16.928+0000] {processor.py:157} INFO - Started process (PID=1420) to work on /opt/airflow/dags/src/load_data.py
[2025-10-20T19:08:16.932+0000] {processor.py:829} INFO - Processing file /opt/airflow/dags/src/load_data.py for tasks to queue
[2025-10-20T19:08:16.934+0000] {logging_mixin.py:151} INFO - [2025-10-20T19:08:16.933+0000] {dagbag.py:539} INFO - Filling up the DagBag from /opt/airflow/dags/src/load_data.py
[2025-10-20T19:08:17.073+0000] {processor.py:841} WARNING - No viable dags retrieved from /opt/airflow/dags/src/load_data.py
[2025-10-20T19:08:17.081+0000] {processor.py:179} INFO - Processing /opt/airflow/dags/src/load_data.py took 0.155 seconds
[2025-10-20T19:08:47.292+0000] {processor.py:157} INFO - Started process (PID=1511) to work on /opt/airflow/dags/src/load_data.py
[2025-10-20T19:08:47.293+0000] {processor.py:829} INFO - Processing file /opt/airflow/dags/src/load_data.py for tasks to queue
[2025-10-20T19:08:47.295+0000] {logging_mixin.py:151} INFO - [2025-10-20T19:08:47.295+0000] {dagbag.py:539} INFO - Filling up the DagBag from /opt/airflow/dags/src/load_data.py
[2025-10-20T19:08:47.425+0000] {processor.py:841} WARNING - No viable dags retrieved from /opt/airflow/dags/src/load_data.py
[2025-10-20T19:08:47.432+0000] {processor.py:179} INFO - Processing /opt/airflow/dags/src/load_data.py took 0.144 seconds
[2025-10-20T19:09:17.644+0000] {processor.py:157} INFO - Started process (PID=1602) to work on /opt/airflow/dags/src/load_data.py
[2025-10-20T19:09:17.645+0000] {processor.py:829} INFO - Processing file /opt/airflow/dags/src/load_data.py for tasks to queue
[2025-10-20T19:09:17.647+0000] {logging_mixin.py:151} INFO - [2025-10-20T19:09:17.647+0000] {dagbag.py:539} INFO - Filling up the DagBag from /opt/airflow/dags/src/load_data.py
[2025-10-20T19:09:17.765+0000] {processor.py:841} WARNING - No viable dags retrieved from /opt/airflow/dags/src/load_data.py
[2025-10-20T19:09:17.771+0000] {processor.py:179} INFO - Processing /opt/airflow/dags/src/load_data.py took 0.130 seconds
[2025-10-20T19:09:47.946+0000] {processor.py:157} INFO - Started process (PID=1693) to work on /opt/airflow/dags/src/load_data.py
[2025-10-20T19:09:47.946+0000] {processor.py:829} INFO - Processing file /opt/airflow/dags/src/load_data.py for tasks to queue
[2025-10-20T19:09:47.949+0000] {logging_mixin.py:151} INFO - [2025-10-20T19:09:47.948+0000] {dagbag.py:539} INFO - Filling up the DagBag from /opt/airflow/dags/src/load_data.py
[2025-10-20T19:09:48.071+0000] {processor.py:841} WARNING - No viable dags retrieved from /opt/airflow/dags/src/load_data.py
[2025-10-20T19:09:48.078+0000] {processor.py:179} INFO - Processing /opt/airflow/dags/src/load_data.py took 0.135 seconds
[2025-10-20T19:10:18.245+0000] {processor.py:157} INFO - Started process (PID=1784) to work on /opt/airflow/dags/src/load_data.py
[2025-10-20T19:10:18.246+0000] {processor.py:829} INFO - Processing file /opt/airflow/dags/src/load_data.py for tasks to queue
[2025-10-20T19:10:18.250+0000] {logging_mixin.py:151} INFO - [2025-10-20T19:10:18.250+0000] {dagbag.py:539} INFO - Filling up the DagBag from /opt/airflow/dags/src/load_data.py
[2025-10-20T19:10:18.421+0000] {processor.py:841} WARNING - No viable dags retrieved from /opt/airflow/dags/src/load_data.py
[2025-10-20T19:10:18.428+0000] {processor.py:179} INFO - Processing /opt/airflow/dags/src/load_data.py took 0.187 seconds
[2025-10-20T19:10:49.388+0000] {processor.py:157} INFO - Started process (PID=1875) to work on /opt/airflow/dags/src/load_data.py
[2025-10-20T19:10:49.389+0000] {processor.py:829} INFO - Processing file /opt/airflow/dags/src/load_data.py for tasks to queue
[2025-10-20T19:10:49.391+0000] {logging_mixin.py:151} INFO - [2025-10-20T19:10:49.391+0000] {dagbag.py:539} INFO - Filling up the DagBag from /opt/airflow/dags/src/load_data.py
[2025-10-20T19:10:49.551+0000] {processor.py:841} WARNING - No viable dags retrieved from /opt/airflow/dags/src/load_data.py
[2025-10-20T19:10:49.559+0000] {processor.py:179} INFO - Processing /opt/airflow/dags/src/load_data.py took 0.174 seconds
[2025-10-20T19:11:20.236+0000] {processor.py:157} INFO - Started process (PID=1967) to work on /opt/airflow/dags/src/load_data.py
[2025-10-20T19:11:20.237+0000] {processor.py:829} INFO - Processing file /opt/airflow/dags/src/load_data.py for tasks to queue
[2025-10-20T19:11:20.239+0000] {logging_mixin.py:151} INFO - [2025-10-20T19:11:20.239+0000] {dagbag.py:539} INFO - Filling up the DagBag from /opt/airflow/dags/src/load_data.py
[2025-10-20T19:11:20.355+0000] {processor.py:841} WARNING - No viable dags retrieved from /opt/airflow/dags/src/load_data.py
[2025-10-20T19:11:20.362+0000] {processor.py:179} INFO - Processing /opt/airflow/dags/src/load_data.py took 0.129 seconds
[2025-10-20T19:11:50.635+0000] {processor.py:157} INFO - Started process (PID=2058) to work on /opt/airflow/dags/src/load_data.py
[2025-10-20T19:11:50.636+0000] {processor.py:829} INFO - Processing file /opt/airflow/dags/src/load_data.py for tasks to queue
[2025-10-20T19:11:50.639+0000] {logging_mixin.py:151} INFO - [2025-10-20T19:11:50.639+0000] {dagbag.py:539} INFO - Filling up the DagBag from /opt/airflow/dags/src/load_data.py
[2025-10-20T19:11:50.774+0000] {processor.py:841} WARNING - No viable dags retrieved from /opt/airflow/dags/src/load_data.py
[2025-10-20T19:11:50.781+0000] {processor.py:179} INFO - Processing /opt/airflow/dags/src/load_data.py took 0.150 seconds
[2025-10-20T19:12:21.699+0000] {processor.py:157} INFO - Started process (PID=2149) to work on /opt/airflow/dags/src/load_data.py
[2025-10-20T19:12:21.701+0000] {processor.py:829} INFO - Processing file /opt/airflow/dags/src/load_data.py for tasks to queue
[2025-10-20T19:12:21.705+0000] {logging_mixin.py:151} INFO - [2025-10-20T19:12:21.705+0000] {dagbag.py:539} INFO - Filling up the DagBag from /opt/airflow/dags/src/load_data.py
[2025-10-20T19:12:21.833+0000] {processor.py:841} WARNING - No viable dags retrieved from /opt/airflow/dags/src/load_data.py
[2025-10-20T19:12:21.841+0000] {processor.py:179} INFO - Processing /opt/airflow/dags/src/load_data.py took 0.145 seconds
[2025-10-20T19:12:52.336+0000] {processor.py:157} INFO - Started process (PID=2240) to work on /opt/airflow/dags/src/load_data.py
[2025-10-20T19:12:52.336+0000] {processor.py:829} INFO - Processing file /opt/airflow/dags/src/load_data.py for tasks to queue
[2025-10-20T19:12:52.339+0000] {logging_mixin.py:151} INFO - [2025-10-20T19:12:52.339+0000] {dagbag.py:539} INFO - Filling up the DagBag from /opt/airflow/dags/src/load_data.py
[2025-10-20T19:12:52.469+0000] {processor.py:841} WARNING - No viable dags retrieved from /opt/airflow/dags/src/load_data.py
[2025-10-20T19:12:52.478+0000] {processor.py:179} INFO - Processing /opt/airflow/dags/src/load_data.py took 0.145 seconds
[2025-10-20T19:13:22.884+0000] {processor.py:157} INFO - Started process (PID=2331) to work on /opt/airflow/dags/src/load_data.py
[2025-10-20T19:13:22.887+0000] {processor.py:829} INFO - Processing file /opt/airflow/dags/src/load_data.py for tasks to queue
[2025-10-20T19:13:22.889+0000] {logging_mixin.py:151} INFO - [2025-10-20T19:13:22.889+0000] {dagbag.py:539} INFO - Filling up the DagBag from /opt/airflow/dags/src/load_data.py
[2025-10-20T19:13:23.009+0000] {processor.py:841} WARNING - No viable dags retrieved from /opt/airflow/dags/src/load_data.py
[2025-10-20T19:13:23.018+0000] {processor.py:179} INFO - Processing /opt/airflow/dags/src/load_data.py took 0.136 seconds
[2025-10-20T19:13:53.123+0000] {processor.py:157} INFO - Started process (PID=2422) to work on /opt/airflow/dags/src/load_data.py
[2025-10-20T19:13:53.124+0000] {processor.py:829} INFO - Processing file /opt/airflow/dags/src/load_data.py for tasks to queue
[2025-10-20T19:13:53.127+0000] {logging_mixin.py:151} INFO - [2025-10-20T19:13:53.127+0000] {dagbag.py:539} INFO - Filling up the DagBag from /opt/airflow/dags/src/load_data.py
[2025-10-20T19:13:53.289+0000] {processor.py:841} WARNING - No viable dags retrieved from /opt/airflow/dags/src/load_data.py
[2025-10-20T19:13:53.297+0000] {processor.py:179} INFO - Processing /opt/airflow/dags/src/load_data.py took 0.178 seconds
[2025-10-20T19:14:24.282+0000] {processor.py:157} INFO - Started process (PID=2513) to work on /opt/airflow/dags/src/load_data.py
[2025-10-20T19:14:24.282+0000] {processor.py:829} INFO - Processing file /opt/airflow/dags/src/load_data.py for tasks to queue
[2025-10-20T19:14:24.284+0000] {logging_mixin.py:151} INFO - [2025-10-20T19:14:24.283+0000] {dagbag.py:539} INFO - Filling up the DagBag from /opt/airflow/dags/src/load_data.py
[2025-10-20T19:14:24.401+0000] {processor.py:841} WARNING - No viable dags retrieved from /opt/airflow/dags/src/load_data.py
[2025-10-20T19:14:24.410+0000] {processor.py:179} INFO - Processing /opt/airflow/dags/src/load_data.py took 0.129 seconds
[2025-10-20T19:14:55.334+0000] {processor.py:157} INFO - Started process (PID=2604) to work on /opt/airflow/dags/src/load_data.py
[2025-10-20T19:14:55.335+0000] {processor.py:829} INFO - Processing file /opt/airflow/dags/src/load_data.py for tasks to queue
[2025-10-20T19:14:55.337+0000] {logging_mixin.py:151} INFO - [2025-10-20T19:14:55.337+0000] {dagbag.py:539} INFO - Filling up the DagBag from /opt/airflow/dags/src/load_data.py
[2025-10-20T19:14:55.459+0000] {processor.py:841} WARNING - No viable dags retrieved from /opt/airflow/dags/src/load_data.py
[2025-10-20T19:14:55.468+0000] {processor.py:179} INFO - Processing /opt/airflow/dags/src/load_data.py took 0.136 seconds
[2025-10-20T19:15:26.459+0000] {processor.py:157} INFO - Started process (PID=2695) to work on /opt/airflow/dags/src/load_data.py
[2025-10-20T19:15:26.461+0000] {processor.py:829} INFO - Processing file /opt/airflow/dags/src/load_data.py for tasks to queue
[2025-10-20T19:15:26.463+0000] {logging_mixin.py:151} INFO - [2025-10-20T19:15:26.462+0000] {dagbag.py:539} INFO - Filling up the DagBag from /opt/airflow/dags/src/load_data.py
[2025-10-20T19:15:26.577+0000] {processor.py:841} WARNING - No viable dags retrieved from /opt/airflow/dags/src/load_data.py
[2025-10-20T19:15:26.583+0000] {processor.py:179} INFO - Processing /opt/airflow/dags/src/load_data.py took 0.127 seconds
[2025-10-20T19:15:57.491+0000] {processor.py:157} INFO - Started process (PID=2786) to work on /opt/airflow/dags/src/load_data.py
[2025-10-20T19:15:57.492+0000] {processor.py:829} INFO - Processing file /opt/airflow/dags/src/load_data.py for tasks to queue
[2025-10-20T19:15:57.496+0000] {logging_mixin.py:151} INFO - [2025-10-20T19:15:57.496+0000] {dagbag.py:539} INFO - Filling up the DagBag from /opt/airflow/dags/src/load_data.py
[2025-10-20T19:15:57.634+0000] {processor.py:841} WARNING - No viable dags retrieved from /opt/airflow/dags/src/load_data.py
[2025-10-20T19:15:57.644+0000] {processor.py:179} INFO - Processing /opt/airflow/dags/src/load_data.py took 0.157 seconds
[2025-10-20T19:16:27.698+0000] {processor.py:157} INFO - Started process (PID=2877) to work on /opt/airflow/dags/src/load_data.py
[2025-10-20T19:16:27.702+0000] {processor.py:829} INFO - Processing file /opt/airflow/dags/src/load_data.py for tasks to queue
[2025-10-20T19:16:27.703+0000] {logging_mixin.py:151} INFO - [2025-10-20T19:16:27.703+0000] {dagbag.py:539} INFO - Filling up the DagBag from /opt/airflow/dags/src/load_data.py
[2025-10-20T19:16:27.830+0000] {processor.py:841} WARNING - No viable dags retrieved from /opt/airflow/dags/src/load_data.py
[2025-10-20T19:16:27.837+0000] {processor.py:179} INFO - Processing /opt/airflow/dags/src/load_data.py took 0.142 seconds
[2025-10-20T19:16:58.135+0000] {processor.py:157} INFO - Started process (PID=2968) to work on /opt/airflow/dags/src/load_data.py
[2025-10-20T19:16:58.137+0000] {processor.py:829} INFO - Processing file /opt/airflow/dags/src/load_data.py for tasks to queue
[2025-10-20T19:16:58.141+0000] {logging_mixin.py:151} INFO - [2025-10-20T19:16:58.141+0000] {dagbag.py:539} INFO - Filling up the DagBag from /opt/airflow/dags/src/load_data.py
[2025-10-20T19:16:58.288+0000] {processor.py:841} WARNING - No viable dags retrieved from /opt/airflow/dags/src/load_data.py
[2025-10-20T19:16:58.298+0000] {processor.py:179} INFO - Processing /opt/airflow/dags/src/load_data.py took 0.166 seconds
[2025-10-20T19:17:29.240+0000] {processor.py:157} INFO - Started process (PID=3059) to work on /opt/airflow/dags/src/load_data.py
[2025-10-20T19:17:29.240+0000] {processor.py:829} INFO - Processing file /opt/airflow/dags/src/load_data.py for tasks to queue
[2025-10-20T19:17:29.242+0000] {logging_mixin.py:151} INFO - [2025-10-20T19:17:29.242+0000] {dagbag.py:539} INFO - Filling up the DagBag from /opt/airflow/dags/src/load_data.py
[2025-10-20T19:17:29.504+0000] {processor.py:841} WARNING - No viable dags retrieved from /opt/airflow/dags/src/load_data.py
[2025-10-20T19:17:29.515+0000] {processor.py:179} INFO - Processing /opt/airflow/dags/src/load_data.py took 0.278 seconds
[2025-10-20T19:18:00.269+0000] {processor.py:157} INFO - Started process (PID=3150) to work on /opt/airflow/dags/src/load_data.py
[2025-10-20T19:18:00.270+0000] {processor.py:829} INFO - Processing file /opt/airflow/dags/src/load_data.py for tasks to queue
[2025-10-20T19:18:00.272+0000] {logging_mixin.py:151} INFO - [2025-10-20T19:18:00.271+0000] {dagbag.py:539} INFO - Filling up the DagBag from /opt/airflow/dags/src/load_data.py
[2025-10-20T19:18:00.396+0000] {processor.py:841} WARNING - No viable dags retrieved from /opt/airflow/dags/src/load_data.py
[2025-10-20T19:18:00.404+0000] {processor.py:179} INFO - Processing /opt/airflow/dags/src/load_data.py took 0.138 seconds
[2025-10-20T19:18:30.541+0000] {processor.py:157} INFO - Started process (PID=3241) to work on /opt/airflow/dags/src/load_data.py
[2025-10-20T19:18:30.543+0000] {processor.py:829} INFO - Processing file /opt/airflow/dags/src/load_data.py for tasks to queue
[2025-10-20T19:18:30.544+0000] {logging_mixin.py:151} INFO - [2025-10-20T19:18:30.543+0000] {dagbag.py:539} INFO - Filling up the DagBag from /opt/airflow/dags/src/load_data.py
[2025-10-20T19:18:30.681+0000] {processor.py:841} WARNING - No viable dags retrieved from /opt/airflow/dags/src/load_data.py
[2025-10-20T19:18:30.690+0000] {processor.py:179} INFO - Processing /opt/airflow/dags/src/load_data.py took 0.151 seconds
[2025-10-20T19:19:00.796+0000] {processor.py:157} INFO - Started process (PID=3332) to work on /opt/airflow/dags/src/load_data.py
[2025-10-20T19:19:00.798+0000] {processor.py:829} INFO - Processing file /opt/airflow/dags/src/load_data.py for tasks to queue
[2025-10-20T19:19:00.799+0000] {logging_mixin.py:151} INFO - [2025-10-20T19:19:00.799+0000] {dagbag.py:539} INFO - Filling up the DagBag from /opt/airflow/dags/src/load_data.py
[2025-10-20T19:19:01.001+0000] {processor.py:841} WARNING - No viable dags retrieved from /opt/airflow/dags/src/load_data.py
[2025-10-20T19:19:01.020+0000] {processor.py:179} INFO - Processing /opt/airflow/dags/src/load_data.py took 0.227 seconds
[2025-10-20T19:19:31.907+0000] {processor.py:157} INFO - Started process (PID=3423) to work on /opt/airflow/dags/src/load_data.py
[2025-10-20T19:19:31.907+0000] {processor.py:829} INFO - Processing file /opt/airflow/dags/src/load_data.py for tasks to queue
[2025-10-20T19:19:31.909+0000] {logging_mixin.py:151} INFO - [2025-10-20T19:19:31.909+0000] {dagbag.py:539} INFO - Filling up the DagBag from /opt/airflow/dags/src/load_data.py
[2025-10-20T19:19:32.050+0000] {processor.py:841} WARNING - No viable dags retrieved from /opt/airflow/dags/src/load_data.py
[2025-10-20T19:19:32.059+0000] {processor.py:179} INFO - Processing /opt/airflow/dags/src/load_data.py took 0.156 seconds
[2025-10-20T19:20:02.268+0000] {processor.py:157} INFO - Started process (PID=3514) to work on /opt/airflow/dags/src/load_data.py
[2025-10-20T19:20:02.270+0000] {processor.py:829} INFO - Processing file /opt/airflow/dags/src/load_data.py for tasks to queue
[2025-10-20T19:20:02.272+0000] {logging_mixin.py:151} INFO - [2025-10-20T19:20:02.272+0000] {dagbag.py:539} INFO - Filling up the DagBag from /opt/airflow/dags/src/load_data.py
[2025-10-20T19:20:02.418+0000] {processor.py:841} WARNING - No viable dags retrieved from /opt/airflow/dags/src/load_data.py
[2025-10-20T19:20:02.430+0000] {processor.py:179} INFO - Processing /opt/airflow/dags/src/load_data.py took 0.166 seconds
[2025-10-20T19:20:32.468+0000] {processor.py:157} INFO - Started process (PID=3605) to work on /opt/airflow/dags/src/load_data.py
[2025-10-20T19:20:32.470+0000] {processor.py:829} INFO - Processing file /opt/airflow/dags/src/load_data.py for tasks to queue
[2025-10-20T19:20:32.472+0000] {logging_mixin.py:151} INFO - [2025-10-20T19:20:32.472+0000] {dagbag.py:539} INFO - Filling up the DagBag from /opt/airflow/dags/src/load_data.py
[2025-10-20T19:20:32.635+0000] {processor.py:841} WARNING - No viable dags retrieved from /opt/airflow/dags/src/load_data.py
[2025-10-20T19:20:32.646+0000] {processor.py:179} INFO - Processing /opt/airflow/dags/src/load_data.py took 0.180 seconds
