[2025-10-20T18:25:15.881+0000] {processor.py:157} INFO - Started process (PID=59) to work on /opt/airflow/dags/src/train_model.py
[2025-10-20T18:25:15.883+0000] {processor.py:829} INFO - Processing file /opt/airflow/dags/src/train_model.py for tasks to queue
[2025-10-20T18:25:15.888+0000] {logging_mixin.py:151} INFO - [2025-10-20T18:25:15.887+0000] {dagbag.py:539} INFO - Filling up the DagBag from /opt/airflow/dags/src/train_model.py
[2025-10-20T18:25:16.845+0000] {logging_mixin.py:151} INFO - [2025-10-20T18:25:16.842+0000] {dagbag.py:347} ERROR - Failed to import: /opt/airflow/dags/src/train_model.py
Traceback (most recent call last):
  File "/home/airflow/.local/lib/python3.8/site-packages/airflow/models/dagbag.py", line 343, in parse
    loader.exec_module(new_module)
  File "<frozen importlib._bootstrap_external>", line 843, in exec_module
  File "<frozen importlib._bootstrap>", line 219, in _call_with_frames_removed
  File "/opt/airflow/dags/src/train_model.py", line 2, in <module>
    from sklearn.model_selection import train_test_split
ModuleNotFoundError: No module named 'sklearn'
[2025-10-20T18:25:16.846+0000] {processor.py:841} WARNING - No viable dags retrieved from /opt/airflow/dags/src/train_model.py
[2025-10-20T18:25:16.868+0000] {processor.py:179} INFO - Processing /opt/airflow/dags/src/train_model.py took 0.991 seconds
[2025-10-20T18:25:46.942+0000] {processor.py:157} INFO - Started process (PID=123) to work on /opt/airflow/dags/src/train_model.py
[2025-10-20T18:25:46.944+0000] {processor.py:829} INFO - Processing file /opt/airflow/dags/src/train_model.py for tasks to queue
[2025-10-20T18:25:46.945+0000] {logging_mixin.py:151} INFO - [2025-10-20T18:25:46.945+0000] {dagbag.py:539} INFO - Filling up the DagBag from /opt/airflow/dags/src/train_model.py
[2025-10-20T18:25:47.089+0000] {logging_mixin.py:151} INFO - [2025-10-20T18:25:47.088+0000] {dagbag.py:347} ERROR - Failed to import: /opt/airflow/dags/src/train_model.py
Traceback (most recent call last):
  File "/home/airflow/.local/lib/python3.8/site-packages/airflow/models/dagbag.py", line 343, in parse
    loader.exec_module(new_module)
  File "<frozen importlib._bootstrap_external>", line 843, in exec_module
  File "<frozen importlib._bootstrap>", line 219, in _call_with_frames_removed
  File "/opt/airflow/dags/src/train_model.py", line 2, in <module>
    from sklearn.model_selection import train_test_split
ModuleNotFoundError: No module named 'sklearn'
[2025-10-20T18:25:47.089+0000] {processor.py:841} WARNING - No viable dags retrieved from /opt/airflow/dags/src/train_model.py
[2025-10-20T18:25:47.098+0000] {processor.py:179} INFO - Processing /opt/airflow/dags/src/train_model.py took 0.157 seconds
[2025-10-20T18:26:17.226+0000] {processor.py:157} INFO - Started process (PID=187) to work on /opt/airflow/dags/src/train_model.py
[2025-10-20T18:26:17.226+0000] {processor.py:829} INFO - Processing file /opt/airflow/dags/src/train_model.py for tasks to queue
[2025-10-20T18:26:17.227+0000] {logging_mixin.py:151} INFO - [2025-10-20T18:26:17.227+0000] {dagbag.py:539} INFO - Filling up the DagBag from /opt/airflow/dags/src/train_model.py
[2025-10-20T18:26:17.374+0000] {logging_mixin.py:151} INFO - [2025-10-20T18:26:17.372+0000] {dagbag.py:347} ERROR - Failed to import: /opt/airflow/dags/src/train_model.py
Traceback (most recent call last):
  File "/home/airflow/.local/lib/python3.8/site-packages/airflow/models/dagbag.py", line 343, in parse
    loader.exec_module(new_module)
  File "<frozen importlib._bootstrap_external>", line 843, in exec_module
  File "<frozen importlib._bootstrap>", line 219, in _call_with_frames_removed
  File "/opt/airflow/dags/src/train_model.py", line 2, in <module>
    from sklearn.model_selection import train_test_split
ModuleNotFoundError: No module named 'sklearn'
[2025-10-20T18:26:17.374+0000] {processor.py:841} WARNING - No viable dags retrieved from /opt/airflow/dags/src/train_model.py
[2025-10-20T18:26:17.388+0000] {processor.py:179} INFO - Processing /opt/airflow/dags/src/train_model.py took 0.164 seconds
[2025-10-20T18:26:47.484+0000] {processor.py:157} INFO - Started process (PID=251) to work on /opt/airflow/dags/src/train_model.py
[2025-10-20T18:26:47.485+0000] {processor.py:829} INFO - Processing file /opt/airflow/dags/src/train_model.py for tasks to queue
[2025-10-20T18:26:47.486+0000] {logging_mixin.py:151} INFO - [2025-10-20T18:26:47.486+0000] {dagbag.py:539} INFO - Filling up the DagBag from /opt/airflow/dags/src/train_model.py
[2025-10-20T18:26:47.623+0000] {logging_mixin.py:151} INFO - [2025-10-20T18:26:47.622+0000] {dagbag.py:347} ERROR - Failed to import: /opt/airflow/dags/src/train_model.py
Traceback (most recent call last):
  File "/home/airflow/.local/lib/python3.8/site-packages/airflow/models/dagbag.py", line 343, in parse
    loader.exec_module(new_module)
  File "<frozen importlib._bootstrap_external>", line 843, in exec_module
  File "<frozen importlib._bootstrap>", line 219, in _call_with_frames_removed
  File "/opt/airflow/dags/src/train_model.py", line 2, in <module>
    from sklearn.model_selection import train_test_split
ModuleNotFoundError: No module named 'sklearn'
[2025-10-20T18:26:47.624+0000] {processor.py:841} WARNING - No viable dags retrieved from /opt/airflow/dags/src/train_model.py
[2025-10-20T18:26:47.633+0000] {processor.py:179} INFO - Processing /opt/airflow/dags/src/train_model.py took 0.152 seconds
[2025-10-20T18:27:18.395+0000] {processor.py:157} INFO - Started process (PID=322) to work on /opt/airflow/dags/src/train_model.py
[2025-10-20T18:27:18.395+0000] {processor.py:829} INFO - Processing file /opt/airflow/dags/src/train_model.py for tasks to queue
[2025-10-20T18:27:18.396+0000] {logging_mixin.py:151} INFO - [2025-10-20T18:27:18.396+0000] {dagbag.py:539} INFO - Filling up the DagBag from /opt/airflow/dags/src/train_model.py
[2025-10-20T18:27:18.499+0000] {logging_mixin.py:151} INFO - [2025-10-20T18:27:18.498+0000] {dagbag.py:347} ERROR - Failed to import: /opt/airflow/dags/src/train_model.py
Traceback (most recent call last):
  File "/home/airflow/.local/lib/python3.8/site-packages/airflow/models/dagbag.py", line 343, in parse
    loader.exec_module(new_module)
  File "<frozen importlib._bootstrap_external>", line 843, in exec_module
  File "<frozen importlib._bootstrap>", line 219, in _call_with_frames_removed
  File "/opt/airflow/dags/src/train_model.py", line 2, in <module>
    from sklearn.model_selection import train_test_split
ModuleNotFoundError: No module named 'sklearn'
[2025-10-20T18:27:18.499+0000] {processor.py:841} WARNING - No viable dags retrieved from /opt/airflow/dags/src/train_model.py
[2025-10-20T18:27:18.505+0000] {processor.py:179} INFO - Processing /opt/airflow/dags/src/train_model.py took 0.112 seconds
[2025-10-20T18:27:49.295+0000] {processor.py:157} INFO - Started process (PID=386) to work on /opt/airflow/dags/src/train_model.py
[2025-10-20T18:27:49.295+0000] {processor.py:829} INFO - Processing file /opt/airflow/dags/src/train_model.py for tasks to queue
[2025-10-20T18:27:49.296+0000] {logging_mixin.py:151} INFO - [2025-10-20T18:27:49.296+0000] {dagbag.py:539} INFO - Filling up the DagBag from /opt/airflow/dags/src/train_model.py
[2025-10-20T18:27:49.398+0000] {logging_mixin.py:151} INFO - [2025-10-20T18:27:49.397+0000] {dagbag.py:347} ERROR - Failed to import: /opt/airflow/dags/src/train_model.py
Traceback (most recent call last):
  File "/home/airflow/.local/lib/python3.8/site-packages/airflow/models/dagbag.py", line 343, in parse
    loader.exec_module(new_module)
  File "<frozen importlib._bootstrap_external>", line 843, in exec_module
  File "<frozen importlib._bootstrap>", line 219, in _call_with_frames_removed
  File "/opt/airflow/dags/src/train_model.py", line 2, in <module>
    from sklearn.model_selection import train_test_split
ModuleNotFoundError: No module named 'sklearn'
[2025-10-20T18:27:49.398+0000] {processor.py:841} WARNING - No viable dags retrieved from /opt/airflow/dags/src/train_model.py
[2025-10-20T18:27:49.404+0000] {processor.py:179} INFO - Processing /opt/airflow/dags/src/train_model.py took 0.111 seconds
[2025-10-20T18:28:19.973+0000] {processor.py:157} INFO - Started process (PID=450) to work on /opt/airflow/dags/src/train_model.py
[2025-10-20T18:28:19.973+0000] {processor.py:829} INFO - Processing file /opt/airflow/dags/src/train_model.py for tasks to queue
[2025-10-20T18:28:19.974+0000] {logging_mixin.py:151} INFO - [2025-10-20T18:28:19.974+0000] {dagbag.py:539} INFO - Filling up the DagBag from /opt/airflow/dags/src/train_model.py
[2025-10-20T18:28:20.072+0000] {logging_mixin.py:151} INFO - [2025-10-20T18:28:20.072+0000] {dagbag.py:347} ERROR - Failed to import: /opt/airflow/dags/src/train_model.py
Traceback (most recent call last):
  File "/home/airflow/.local/lib/python3.8/site-packages/airflow/models/dagbag.py", line 343, in parse
    loader.exec_module(new_module)
  File "<frozen importlib._bootstrap_external>", line 843, in exec_module
  File "<frozen importlib._bootstrap>", line 219, in _call_with_frames_removed
  File "/opt/airflow/dags/src/train_model.py", line 2, in <module>
    from sklearn.model_selection import train_test_split
ModuleNotFoundError: No module named 'sklearn'
[2025-10-20T18:28:20.073+0000] {processor.py:841} WARNING - No viable dags retrieved from /opt/airflow/dags/src/train_model.py
[2025-10-20T18:28:20.079+0000] {processor.py:179} INFO - Processing /opt/airflow/dags/src/train_model.py took 0.108 seconds
[2025-10-20T18:28:50.877+0000] {processor.py:157} INFO - Started process (PID=513) to work on /opt/airflow/dags/src/train_model.py
[2025-10-20T18:28:50.877+0000] {processor.py:829} INFO - Processing file /opt/airflow/dags/src/train_model.py for tasks to queue
[2025-10-20T18:28:50.878+0000] {logging_mixin.py:151} INFO - [2025-10-20T18:28:50.878+0000] {dagbag.py:539} INFO - Filling up the DagBag from /opt/airflow/dags/src/train_model.py
[2025-10-20T18:28:50.981+0000] {logging_mixin.py:151} INFO - [2025-10-20T18:28:50.981+0000] {dagbag.py:347} ERROR - Failed to import: /opt/airflow/dags/src/train_model.py
Traceback (most recent call last):
  File "/home/airflow/.local/lib/python3.8/site-packages/airflow/models/dagbag.py", line 343, in parse
    loader.exec_module(new_module)
  File "<frozen importlib._bootstrap_external>", line 843, in exec_module
  File "<frozen importlib._bootstrap>", line 219, in _call_with_frames_removed
  File "/opt/airflow/dags/src/train_model.py", line 2, in <module>
    from sklearn.model_selection import train_test_split
ModuleNotFoundError: No module named 'sklearn'
[2025-10-20T18:28:50.982+0000] {processor.py:841} WARNING - No viable dags retrieved from /opt/airflow/dags/src/train_model.py
[2025-10-20T18:28:50.988+0000] {processor.py:179} INFO - Processing /opt/airflow/dags/src/train_model.py took 0.112 seconds
[2025-10-20T18:29:44.546+0000] {processor.py:157} INFO - Started process (PID=46) to work on /opt/airflow/dags/src/train_model.py
[2025-10-20T18:29:44.547+0000] {processor.py:829} INFO - Processing file /opt/airflow/dags/src/train_model.py for tasks to queue
[2025-10-20T18:29:44.548+0000] {logging_mixin.py:151} INFO - [2025-10-20T18:29:44.548+0000] {dagbag.py:539} INFO - Filling up the DagBag from /opt/airflow/dags/src/train_model.py
[2025-10-20T18:29:44.670+0000] {logging_mixin.py:151} INFO - [2025-10-20T18:29:44.669+0000] {dagbag.py:347} ERROR - Failed to import: /opt/airflow/dags/src/train_model.py
Traceback (most recent call last):
  File "/home/airflow/.local/lib/python3.8/site-packages/airflow/models/dagbag.py", line 343, in parse
    loader.exec_module(new_module)
  File "<frozen importlib._bootstrap_external>", line 843, in exec_module
  File "<frozen importlib._bootstrap>", line 219, in _call_with_frames_removed
  File "/opt/airflow/dags/src/train_model.py", line 2, in <module>
    from sklearn.model_selection import train_test_split
ModuleNotFoundError: No module named 'sklearn'
[2025-10-20T18:29:44.670+0000] {processor.py:841} WARNING - No viable dags retrieved from /opt/airflow/dags/src/train_model.py
[2025-10-20T18:29:44.678+0000] {processor.py:179} INFO - Processing /opt/airflow/dags/src/train_model.py took 0.134 seconds
[2025-10-20T18:30:15.213+0000] {processor.py:157} INFO - Started process (PID=111) to work on /opt/airflow/dags/src/train_model.py
[2025-10-20T18:30:15.213+0000] {processor.py:829} INFO - Processing file /opt/airflow/dags/src/train_model.py for tasks to queue
[2025-10-20T18:30:15.214+0000] {logging_mixin.py:151} INFO - [2025-10-20T18:30:15.214+0000] {dagbag.py:539} INFO - Filling up the DagBag from /opt/airflow/dags/src/train_model.py
[2025-10-20T18:30:15.317+0000] {logging_mixin.py:151} INFO - [2025-10-20T18:30:15.316+0000] {dagbag.py:347} ERROR - Failed to import: /opt/airflow/dags/src/train_model.py
Traceback (most recent call last):
  File "/home/airflow/.local/lib/python3.8/site-packages/airflow/models/dagbag.py", line 343, in parse
    loader.exec_module(new_module)
  File "<frozen importlib._bootstrap_external>", line 843, in exec_module
  File "<frozen importlib._bootstrap>", line 219, in _call_with_frames_removed
  File "/opt/airflow/dags/src/train_model.py", line 2, in <module>
    from sklearn.model_selection import train_test_split
ModuleNotFoundError: No module named 'sklearn'
[2025-10-20T18:30:15.317+0000] {processor.py:841} WARNING - No viable dags retrieved from /opt/airflow/dags/src/train_model.py
[2025-10-20T18:30:15.324+0000] {processor.py:179} INFO - Processing /opt/airflow/dags/src/train_model.py took 0.113 seconds
[2025-10-20T18:30:46.266+0000] {processor.py:157} INFO - Started process (PID=175) to work on /opt/airflow/dags/src/train_model.py
[2025-10-20T18:30:46.267+0000] {processor.py:829} INFO - Processing file /opt/airflow/dags/src/train_model.py for tasks to queue
[2025-10-20T18:30:46.268+0000] {logging_mixin.py:151} INFO - [2025-10-20T18:30:46.267+0000] {dagbag.py:539} INFO - Filling up the DagBag from /opt/airflow/dags/src/train_model.py
[2025-10-20T18:30:46.381+0000] {logging_mixin.py:151} INFO - [2025-10-20T18:30:46.380+0000] {dagbag.py:347} ERROR - Failed to import: /opt/airflow/dags/src/train_model.py
Traceback (most recent call last):
  File "/home/airflow/.local/lib/python3.8/site-packages/airflow/models/dagbag.py", line 343, in parse
    loader.exec_module(new_module)
  File "<frozen importlib._bootstrap_external>", line 843, in exec_module
  File "<frozen importlib._bootstrap>", line 219, in _call_with_frames_removed
  File "/opt/airflow/dags/src/train_model.py", line 2, in <module>
    from sklearn.model_selection import train_test_split
ModuleNotFoundError: No module named 'sklearn'
[2025-10-20T18:30:46.382+0000] {processor.py:841} WARNING - No viable dags retrieved from /opt/airflow/dags/src/train_model.py
[2025-10-20T18:30:46.389+0000] {processor.py:179} INFO - Processing /opt/airflow/dags/src/train_model.py took 0.125 seconds
[2025-10-20T18:31:17.360+0000] {processor.py:157} INFO - Started process (PID=239) to work on /opt/airflow/dags/src/train_model.py
[2025-10-20T18:31:17.361+0000] {processor.py:829} INFO - Processing file /opt/airflow/dags/src/train_model.py for tasks to queue
[2025-10-20T18:31:17.361+0000] {logging_mixin.py:151} INFO - [2025-10-20T18:31:17.361+0000] {dagbag.py:539} INFO - Filling up the DagBag from /opt/airflow/dags/src/train_model.py
[2025-10-20T18:31:17.492+0000] {logging_mixin.py:151} INFO - [2025-10-20T18:31:17.490+0000] {dagbag.py:347} ERROR - Failed to import: /opt/airflow/dags/src/train_model.py
Traceback (most recent call last):
  File "/home/airflow/.local/lib/python3.8/site-packages/airflow/models/dagbag.py", line 343, in parse
    loader.exec_module(new_module)
  File "<frozen importlib._bootstrap_external>", line 843, in exec_module
  File "<frozen importlib._bootstrap>", line 219, in _call_with_frames_removed
  File "/opt/airflow/dags/src/train_model.py", line 2, in <module>
    from sklearn.model_selection import train_test_split
ModuleNotFoundError: No module named 'sklearn'
[2025-10-20T18:31:17.492+0000] {processor.py:841} WARNING - No viable dags retrieved from /opt/airflow/dags/src/train_model.py
[2025-10-20T18:31:17.502+0000] {processor.py:179} INFO - Processing /opt/airflow/dags/src/train_model.py took 0.143 seconds
[2025-10-20T18:31:47.668+0000] {processor.py:157} INFO - Started process (PID=303) to work on /opt/airflow/dags/src/train_model.py
[2025-10-20T18:31:47.668+0000] {processor.py:829} INFO - Processing file /opt/airflow/dags/src/train_model.py for tasks to queue
[2025-10-20T18:31:47.669+0000] {logging_mixin.py:151} INFO - [2025-10-20T18:31:47.669+0000] {dagbag.py:539} INFO - Filling up the DagBag from /opt/airflow/dags/src/train_model.py
[2025-10-20T18:31:47.772+0000] {logging_mixin.py:151} INFO - [2025-10-20T18:31:47.771+0000] {dagbag.py:347} ERROR - Failed to import: /opt/airflow/dags/src/train_model.py
Traceback (most recent call last):
  File "/home/airflow/.local/lib/python3.8/site-packages/airflow/models/dagbag.py", line 343, in parse
    loader.exec_module(new_module)
  File "<frozen importlib._bootstrap_external>", line 843, in exec_module
  File "<frozen importlib._bootstrap>", line 219, in _call_with_frames_removed
  File "/opt/airflow/dags/src/train_model.py", line 2, in <module>
    from sklearn.model_selection import train_test_split
ModuleNotFoundError: No module named 'sklearn'
[2025-10-20T18:31:47.772+0000] {processor.py:841} WARNING - No viable dags retrieved from /opt/airflow/dags/src/train_model.py
[2025-10-20T18:31:47.780+0000] {processor.py:179} INFO - Processing /opt/airflow/dags/src/train_model.py took 0.113 seconds
[2025-10-20T18:32:18.676+0000] {processor.py:157} INFO - Started process (PID=367) to work on /opt/airflow/dags/src/train_model.py
[2025-10-20T18:32:18.677+0000] {processor.py:829} INFO - Processing file /opt/airflow/dags/src/train_model.py for tasks to queue
[2025-10-20T18:32:18.678+0000] {logging_mixin.py:151} INFO - [2025-10-20T18:32:18.678+0000] {dagbag.py:539} INFO - Filling up the DagBag from /opt/airflow/dags/src/train_model.py
[2025-10-20T18:32:18.800+0000] {logging_mixin.py:151} INFO - [2025-10-20T18:32:18.794+0000] {dagbag.py:347} ERROR - Failed to import: /opt/airflow/dags/src/train_model.py
Traceback (most recent call last):
  File "/home/airflow/.local/lib/python3.8/site-packages/airflow/models/dagbag.py", line 343, in parse
    loader.exec_module(new_module)
  File "<frozen importlib._bootstrap_external>", line 843, in exec_module
  File "<frozen importlib._bootstrap>", line 219, in _call_with_frames_removed
  File "/opt/airflow/dags/src/train_model.py", line 2, in <module>
    from sklearn.model_selection import train_test_split
ModuleNotFoundError: No module named 'sklearn'
[2025-10-20T18:32:18.802+0000] {processor.py:841} WARNING - No viable dags retrieved from /opt/airflow/dags/src/train_model.py
[2025-10-20T18:32:18.809+0000] {processor.py:179} INFO - Processing /opt/airflow/dags/src/train_model.py took 0.134 seconds
[2025-10-20T18:33:13.828+0000] {processor.py:157} INFO - Started process (PID=47) to work on /opt/airflow/dags/src/train_model.py
[2025-10-20T18:33:13.829+0000] {processor.py:829} INFO - Processing file /opt/airflow/dags/src/train_model.py for tasks to queue
[2025-10-20T18:33:13.830+0000] {logging_mixin.py:151} INFO - [2025-10-20T18:33:13.830+0000] {dagbag.py:539} INFO - Filling up the DagBag from /opt/airflow/dags/src/train_model.py
[2025-10-20T18:33:14.047+0000] {logging_mixin.py:151} INFO - [2025-10-20T18:33:14.044+0000] {dagbag.py:347} ERROR - Failed to import: /opt/airflow/dags/src/train_model.py
Traceback (most recent call last):
  File "/home/airflow/.local/lib/python3.8/site-packages/airflow/models/dagbag.py", line 343, in parse
    loader.exec_module(new_module)
  File "<frozen importlib._bootstrap_external>", line 843, in exec_module
  File "<frozen importlib._bootstrap>", line 219, in _call_with_frames_removed
  File "/opt/airflow/dags/src/train_model.py", line 2, in <module>
    from sklearn.model_selection import train_test_split
ModuleNotFoundError: No module named 'sklearn'
[2025-10-20T18:33:14.047+0000] {processor.py:841} WARNING - No viable dags retrieved from /opt/airflow/dags/src/train_model.py
[2025-10-20T18:33:14.058+0000] {processor.py:179} INFO - Processing /opt/airflow/dags/src/train_model.py took 0.231 seconds
[2025-10-20T18:33:44.565+0000] {processor.py:157} INFO - Started process (PID=111) to work on /opt/airflow/dags/src/train_model.py
[2025-10-20T18:33:44.566+0000] {processor.py:829} INFO - Processing file /opt/airflow/dags/src/train_model.py for tasks to queue
[2025-10-20T18:33:44.567+0000] {logging_mixin.py:151} INFO - [2025-10-20T18:33:44.567+0000] {dagbag.py:539} INFO - Filling up the DagBag from /opt/airflow/dags/src/train_model.py
[2025-10-20T18:33:44.681+0000] {logging_mixin.py:151} INFO - [2025-10-20T18:33:44.680+0000] {dagbag.py:347} ERROR - Failed to import: /opt/airflow/dags/src/train_model.py
Traceback (most recent call last):
  File "/home/airflow/.local/lib/python3.8/site-packages/airflow/models/dagbag.py", line 343, in parse
    loader.exec_module(new_module)
  File "<frozen importlib._bootstrap_external>", line 843, in exec_module
  File "<frozen importlib._bootstrap>", line 219, in _call_with_frames_removed
  File "/opt/airflow/dags/src/train_model.py", line 2, in <module>
    from sklearn.model_selection import train_test_split
ModuleNotFoundError: No module named 'sklearn'
[2025-10-20T18:33:44.681+0000] {processor.py:841} WARNING - No viable dags retrieved from /opt/airflow/dags/src/train_model.py
[2025-10-20T18:33:44.688+0000] {processor.py:179} INFO - Processing /opt/airflow/dags/src/train_model.py took 0.125 seconds
[2025-10-20T18:34:15.571+0000] {processor.py:157} INFO - Started process (PID=175) to work on /opt/airflow/dags/src/train_model.py
[2025-10-20T18:34:15.571+0000] {processor.py:829} INFO - Processing file /opt/airflow/dags/src/train_model.py for tasks to queue
[2025-10-20T18:34:15.572+0000] {logging_mixin.py:151} INFO - [2025-10-20T18:34:15.572+0000] {dagbag.py:539} INFO - Filling up the DagBag from /opt/airflow/dags/src/train_model.py
[2025-10-20T18:34:15.680+0000] {logging_mixin.py:151} INFO - [2025-10-20T18:34:15.679+0000] {dagbag.py:347} ERROR - Failed to import: /opt/airflow/dags/src/train_model.py
Traceback (most recent call last):
  File "/home/airflow/.local/lib/python3.8/site-packages/airflow/models/dagbag.py", line 343, in parse
    loader.exec_module(new_module)
  File "<frozen importlib._bootstrap_external>", line 843, in exec_module
  File "<frozen importlib._bootstrap>", line 219, in _call_with_frames_removed
  File "/opt/airflow/dags/src/train_model.py", line 2, in <module>
    from sklearn.model_selection import train_test_split
ModuleNotFoundError: No module named 'sklearn'
[2025-10-20T18:34:15.680+0000] {processor.py:841} WARNING - No viable dags retrieved from /opt/airflow/dags/src/train_model.py
[2025-10-20T18:34:15.686+0000] {processor.py:179} INFO - Processing /opt/airflow/dags/src/train_model.py took 0.117 seconds
[2025-10-20T18:34:46.492+0000] {processor.py:157} INFO - Started process (PID=239) to work on /opt/airflow/dags/src/train_model.py
[2025-10-20T18:34:46.492+0000] {processor.py:829} INFO - Processing file /opt/airflow/dags/src/train_model.py for tasks to queue
[2025-10-20T18:34:46.493+0000] {logging_mixin.py:151} INFO - [2025-10-20T18:34:46.493+0000] {dagbag.py:539} INFO - Filling up the DagBag from /opt/airflow/dags/src/train_model.py
[2025-10-20T18:34:46.609+0000] {logging_mixin.py:151} INFO - [2025-10-20T18:34:46.608+0000] {dagbag.py:347} ERROR - Failed to import: /opt/airflow/dags/src/train_model.py
Traceback (most recent call last):
  File "/home/airflow/.local/lib/python3.8/site-packages/airflow/models/dagbag.py", line 343, in parse
    loader.exec_module(new_module)
  File "<frozen importlib._bootstrap_external>", line 843, in exec_module
  File "<frozen importlib._bootstrap>", line 219, in _call_with_frames_removed
  File "/opt/airflow/dags/src/train_model.py", line 2, in <module>
    from sklearn.model_selection import train_test_split
ModuleNotFoundError: No module named 'sklearn'
[2025-10-20T18:34:46.610+0000] {processor.py:841} WARNING - No viable dags retrieved from /opt/airflow/dags/src/train_model.py
[2025-10-20T18:34:46.616+0000] {processor.py:179} INFO - Processing /opt/airflow/dags/src/train_model.py took 0.126 seconds
[2025-10-20T18:35:17.674+0000] {processor.py:157} INFO - Started process (PID=303) to work on /opt/airflow/dags/src/train_model.py
[2025-10-20T18:35:17.675+0000] {processor.py:829} INFO - Processing file /opt/airflow/dags/src/train_model.py for tasks to queue
[2025-10-20T18:35:17.675+0000] {logging_mixin.py:151} INFO - [2025-10-20T18:35:17.675+0000] {dagbag.py:539} INFO - Filling up the DagBag from /opt/airflow/dags/src/train_model.py
[2025-10-20T18:35:17.779+0000] {logging_mixin.py:151} INFO - [2025-10-20T18:35:17.778+0000] {dagbag.py:347} ERROR - Failed to import: /opt/airflow/dags/src/train_model.py
Traceback (most recent call last):
  File "/home/airflow/.local/lib/python3.8/site-packages/airflow/models/dagbag.py", line 343, in parse
    loader.exec_module(new_module)
  File "<frozen importlib._bootstrap_external>", line 843, in exec_module
  File "<frozen importlib._bootstrap>", line 219, in _call_with_frames_removed
  File "/opt/airflow/dags/src/train_model.py", line 2, in <module>
    from sklearn.model_selection import train_test_split
ModuleNotFoundError: No module named 'sklearn'
[2025-10-20T18:35:17.779+0000] {processor.py:841} WARNING - No viable dags retrieved from /opt/airflow/dags/src/train_model.py
[2025-10-20T18:35:17.785+0000] {processor.py:179} INFO - Processing /opt/airflow/dags/src/train_model.py took 0.112 seconds
[2025-10-20T18:35:48.838+0000] {processor.py:157} INFO - Started process (PID=374) to work on /opt/airflow/dags/src/train_model.py
[2025-10-20T18:35:48.839+0000] {processor.py:829} INFO - Processing file /opt/airflow/dags/src/train_model.py for tasks to queue
[2025-10-20T18:35:48.839+0000] {logging_mixin.py:151} INFO - [2025-10-20T18:35:48.839+0000] {dagbag.py:539} INFO - Filling up the DagBag from /opt/airflow/dags/src/train_model.py
[2025-10-20T18:35:48.947+0000] {logging_mixin.py:151} INFO - [2025-10-20T18:35:48.946+0000] {dagbag.py:347} ERROR - Failed to import: /opt/airflow/dags/src/train_model.py
Traceback (most recent call last):
  File "/home/airflow/.local/lib/python3.8/site-packages/airflow/models/dagbag.py", line 343, in parse
    loader.exec_module(new_module)
  File "<frozen importlib._bootstrap_external>", line 843, in exec_module
  File "<frozen importlib._bootstrap>", line 219, in _call_with_frames_removed
  File "/opt/airflow/dags/src/train_model.py", line 2, in <module>
    from sklearn.model_selection import train_test_split
ModuleNotFoundError: No module named 'sklearn'
[2025-10-20T18:35:48.947+0000] {processor.py:841} WARNING - No viable dags retrieved from /opt/airflow/dags/src/train_model.py
[2025-10-20T18:35:48.954+0000] {processor.py:179} INFO - Processing /opt/airflow/dags/src/train_model.py took 0.117 seconds
[2025-10-20T18:36:47.353+0000] {processor.py:157} INFO - Started process (PID=47) to work on /opt/airflow/dags/src/train_model.py
[2025-10-20T18:36:47.354+0000] {processor.py:829} INFO - Processing file /opt/airflow/dags/src/train_model.py for tasks to queue
[2025-10-20T18:36:47.355+0000] {logging_mixin.py:151} INFO - [2025-10-20T18:36:47.355+0000] {dagbag.py:539} INFO - Filling up the DagBag from /opt/airflow/dags/src/train_model.py
[2025-10-20T18:36:47.502+0000] {logging_mixin.py:151} INFO - [2025-10-20T18:36:47.502+0000] {dagbag.py:347} ERROR - Failed to import: /opt/airflow/dags/src/train_model.py
Traceback (most recent call last):
  File "/home/airflow/.local/lib/python3.8/site-packages/airflow/models/dagbag.py", line 343, in parse
    loader.exec_module(new_module)
  File "<frozen importlib._bootstrap_external>", line 843, in exec_module
  File "<frozen importlib._bootstrap>", line 219, in _call_with_frames_removed
  File "/opt/airflow/dags/src/train_model.py", line 2, in <module>
    from sklearn.model_selection import train_test_split
ModuleNotFoundError: No module named 'sklearn'
[2025-10-20T18:36:47.503+0000] {processor.py:841} WARNING - No viable dags retrieved from /opt/airflow/dags/src/train_model.py
[2025-10-20T18:36:47.512+0000] {processor.py:179} INFO - Processing /opt/airflow/dags/src/train_model.py took 0.160 seconds
[2025-10-20T18:37:18.517+0000] {processor.py:157} INFO - Started process (PID=111) to work on /opt/airflow/dags/src/train_model.py
[2025-10-20T18:37:18.518+0000] {processor.py:829} INFO - Processing file /opt/airflow/dags/src/train_model.py for tasks to queue
[2025-10-20T18:37:18.521+0000] {logging_mixin.py:151} INFO - [2025-10-20T18:37:18.521+0000] {dagbag.py:539} INFO - Filling up the DagBag from /opt/airflow/dags/src/train_model.py
[2025-10-20T18:37:18.652+0000] {logging_mixin.py:151} INFO - [2025-10-20T18:37:18.651+0000] {dagbag.py:347} ERROR - Failed to import: /opt/airflow/dags/src/train_model.py
Traceback (most recent call last):
  File "/home/airflow/.local/lib/python3.8/site-packages/airflow/models/dagbag.py", line 343, in parse
    loader.exec_module(new_module)
  File "<frozen importlib._bootstrap_external>", line 843, in exec_module
  File "<frozen importlib._bootstrap>", line 219, in _call_with_frames_removed
  File "/opt/airflow/dags/src/train_model.py", line 2, in <module>
    from sklearn.model_selection import train_test_split
ModuleNotFoundError: No module named 'sklearn'
[2025-10-20T18:37:18.652+0000] {processor.py:841} WARNING - No viable dags retrieved from /opt/airflow/dags/src/train_model.py
[2025-10-20T18:37:18.659+0000] {processor.py:179} INFO - Processing /opt/airflow/dags/src/train_model.py took 0.144 seconds
[2025-10-20T18:37:49.467+0000] {processor.py:157} INFO - Started process (PID=175) to work on /opt/airflow/dags/src/train_model.py
[2025-10-20T18:37:49.467+0000] {processor.py:829} INFO - Processing file /opt/airflow/dags/src/train_model.py for tasks to queue
[2025-10-20T18:37:49.468+0000] {logging_mixin.py:151} INFO - [2025-10-20T18:37:49.468+0000] {dagbag.py:539} INFO - Filling up the DagBag from /opt/airflow/dags/src/train_model.py
[2025-10-20T18:37:49.570+0000] {logging_mixin.py:151} INFO - [2025-10-20T18:37:49.569+0000] {dagbag.py:347} ERROR - Failed to import: /opt/airflow/dags/src/train_model.py
Traceback (most recent call last):
  File "/home/airflow/.local/lib/python3.8/site-packages/airflow/models/dagbag.py", line 343, in parse
    loader.exec_module(new_module)
  File "<frozen importlib._bootstrap_external>", line 843, in exec_module
  File "<frozen importlib._bootstrap>", line 219, in _call_with_frames_removed
  File "/opt/airflow/dags/src/train_model.py", line 2, in <module>
    from sklearn.model_selection import train_test_split
ModuleNotFoundError: No module named 'sklearn'
[2025-10-20T18:37:49.570+0000] {processor.py:841} WARNING - No viable dags retrieved from /opt/airflow/dags/src/train_model.py
[2025-10-20T18:37:49.576+0000] {processor.py:179} INFO - Processing /opt/airflow/dags/src/train_model.py took 0.111 seconds
[2025-10-20T18:38:20.422+0000] {processor.py:157} INFO - Started process (PID=239) to work on /opt/airflow/dags/src/train_model.py
[2025-10-20T18:38:20.423+0000] {processor.py:829} INFO - Processing file /opt/airflow/dags/src/train_model.py for tasks to queue
[2025-10-20T18:38:20.424+0000] {logging_mixin.py:151} INFO - [2025-10-20T18:38:20.424+0000] {dagbag.py:539} INFO - Filling up the DagBag from /opt/airflow/dags/src/train_model.py
[2025-10-20T18:38:20.530+0000] {logging_mixin.py:151} INFO - [2025-10-20T18:38:20.529+0000] {dagbag.py:347} ERROR - Failed to import: /opt/airflow/dags/src/train_model.py
Traceback (most recent call last):
  File "/home/airflow/.local/lib/python3.8/site-packages/airflow/models/dagbag.py", line 343, in parse
    loader.exec_module(new_module)
  File "<frozen importlib._bootstrap_external>", line 843, in exec_module
  File "<frozen importlib._bootstrap>", line 219, in _call_with_frames_removed
  File "/opt/airflow/dags/src/train_model.py", line 2, in <module>
    from sklearn.model_selection import train_test_split
ModuleNotFoundError: No module named 'sklearn'
[2025-10-20T18:38:20.530+0000] {processor.py:841} WARNING - No viable dags retrieved from /opt/airflow/dags/src/train_model.py
[2025-10-20T18:38:20.536+0000] {processor.py:179} INFO - Processing /opt/airflow/dags/src/train_model.py took 0.115 seconds
[2025-10-20T18:38:50.603+0000] {processor.py:157} INFO - Started process (PID=301) to work on /opt/airflow/dags/src/train_model.py
[2025-10-20T18:38:50.603+0000] {processor.py:829} INFO - Processing file /opt/airflow/dags/src/train_model.py for tasks to queue
[2025-10-20T18:38:50.604+0000] {logging_mixin.py:151} INFO - [2025-10-20T18:38:50.604+0000] {dagbag.py:539} INFO - Filling up the DagBag from /opt/airflow/dags/src/train_model.py
[2025-10-20T18:38:50.737+0000] {logging_mixin.py:151} INFO - [2025-10-20T18:38:50.731+0000] {dagbag.py:347} ERROR - Failed to import: /opt/airflow/dags/src/train_model.py
Traceback (most recent call last):
  File "/home/airflow/.local/lib/python3.8/site-packages/airflow/models/dagbag.py", line 343, in parse
    loader.exec_module(new_module)
  File "<frozen importlib._bootstrap_external>", line 843, in exec_module
  File "<frozen importlib._bootstrap>", line 219, in _call_with_frames_removed
  File "/opt/airflow/dags/src/train_model.py", line 2, in <module>
    from sklearn.model_selection import train_test_split
ModuleNotFoundError: No module named 'sklearn'
[2025-10-20T18:38:50.738+0000] {processor.py:841} WARNING - No viable dags retrieved from /opt/airflow/dags/src/train_model.py
[2025-10-20T18:38:50.751+0000] {processor.py:179} INFO - Processing /opt/airflow/dags/src/train_model.py took 0.149 seconds
[2025-10-20T18:39:21.572+0000] {processor.py:157} INFO - Started process (PID=366) to work on /opt/airflow/dags/src/train_model.py
[2025-10-20T18:39:21.572+0000] {processor.py:829} INFO - Processing file /opt/airflow/dags/src/train_model.py for tasks to queue
[2025-10-20T18:39:21.573+0000] {logging_mixin.py:151} INFO - [2025-10-20T18:39:21.573+0000] {dagbag.py:539} INFO - Filling up the DagBag from /opt/airflow/dags/src/train_model.py
[2025-10-20T18:39:21.682+0000] {logging_mixin.py:151} INFO - [2025-10-20T18:39:21.681+0000] {dagbag.py:347} ERROR - Failed to import: /opt/airflow/dags/src/train_model.py
Traceback (most recent call last):
  File "/home/airflow/.local/lib/python3.8/site-packages/airflow/models/dagbag.py", line 343, in parse
    loader.exec_module(new_module)
  File "<frozen importlib._bootstrap_external>", line 843, in exec_module
  File "<frozen importlib._bootstrap>", line 219, in _call_with_frames_removed
  File "/opt/airflow/dags/src/train_model.py", line 2, in <module>
    from sklearn.model_selection import train_test_split
ModuleNotFoundError: No module named 'sklearn'
[2025-10-20T18:39:21.682+0000] {processor.py:841} WARNING - No viable dags retrieved from /opt/airflow/dags/src/train_model.py
[2025-10-20T18:39:21.689+0000] {processor.py:179} INFO - Processing /opt/airflow/dags/src/train_model.py took 0.119 seconds
[2025-10-20T18:40:47.139+0000] {processor.py:157} INFO - Started process (PID=107) to work on /opt/airflow/dags/src/train_model.py
[2025-10-20T18:40:47.141+0000] {processor.py:829} INFO - Processing file /opt/airflow/dags/src/train_model.py for tasks to queue
[2025-10-20T18:40:47.143+0000] {logging_mixin.py:151} INFO - [2025-10-20T18:40:47.143+0000] {dagbag.py:539} INFO - Filling up the DagBag from /opt/airflow/dags/src/train_model.py
[2025-10-20T18:40:47.623+0000] {processor.py:841} WARNING - No viable dags retrieved from /opt/airflow/dags/src/train_model.py
[2025-10-20T18:40:47.630+0000] {processor.py:179} INFO - Processing /opt/airflow/dags/src/train_model.py took 0.494 seconds
[2025-10-20T18:41:17.677+0000] {processor.py:157} INFO - Started process (PID=188) to work on /opt/airflow/dags/src/train_model.py
[2025-10-20T18:41:17.678+0000] {processor.py:829} INFO - Processing file /opt/airflow/dags/src/train_model.py for tasks to queue
[2025-10-20T18:41:17.678+0000] {logging_mixin.py:151} INFO - [2025-10-20T18:41:17.678+0000] {dagbag.py:539} INFO - Filling up the DagBag from /opt/airflow/dags/src/train_model.py
[2025-10-20T18:41:18.102+0000] {processor.py:841} WARNING - No viable dags retrieved from /opt/airflow/dags/src/train_model.py
[2025-10-20T18:41:18.112+0000] {processor.py:179} INFO - Processing /opt/airflow/dags/src/train_model.py took 0.436 seconds
[2025-10-20T18:41:48.527+0000] {processor.py:157} INFO - Started process (PID=279) to work on /opt/airflow/dags/src/train_model.py
[2025-10-20T18:41:48.529+0000] {processor.py:829} INFO - Processing file /opt/airflow/dags/src/train_model.py for tasks to queue
[2025-10-20T18:41:48.531+0000] {logging_mixin.py:151} INFO - [2025-10-20T18:41:48.531+0000] {dagbag.py:539} INFO - Filling up the DagBag from /opt/airflow/dags/src/train_model.py
[2025-10-20T18:41:49.101+0000] {processor.py:841} WARNING - No viable dags retrieved from /opt/airflow/dags/src/train_model.py
[2025-10-20T18:41:49.110+0000] {processor.py:179} INFO - Processing /opt/airflow/dags/src/train_model.py took 0.589 seconds
[2025-10-20T18:42:19.743+0000] {processor.py:157} INFO - Started process (PID=370) to work on /opt/airflow/dags/src/train_model.py
[2025-10-20T18:42:19.744+0000] {processor.py:829} INFO - Processing file /opt/airflow/dags/src/train_model.py for tasks to queue
[2025-10-20T18:42:19.746+0000] {logging_mixin.py:151} INFO - [2025-10-20T18:42:19.746+0000] {dagbag.py:539} INFO - Filling up the DagBag from /opt/airflow/dags/src/train_model.py
[2025-10-20T18:42:20.089+0000] {processor.py:841} WARNING - No viable dags retrieved from /opt/airflow/dags/src/train_model.py
[2025-10-20T18:42:20.096+0000] {processor.py:179} INFO - Processing /opt/airflow/dags/src/train_model.py took 0.354 seconds
[2025-10-20T18:42:50.147+0000] {processor.py:157} INFO - Started process (PID=460) to work on /opt/airflow/dags/src/train_model.py
[2025-10-20T18:42:50.147+0000] {processor.py:829} INFO - Processing file /opt/airflow/dags/src/train_model.py for tasks to queue
[2025-10-20T18:42:50.148+0000] {logging_mixin.py:151} INFO - [2025-10-20T18:42:50.148+0000] {dagbag.py:539} INFO - Filling up the DagBag from /opt/airflow/dags/src/train_model.py
[2025-10-20T18:42:50.481+0000] {processor.py:841} WARNING - No viable dags retrieved from /opt/airflow/dags/src/train_model.py
[2025-10-20T18:42:50.486+0000] {processor.py:179} INFO - Processing /opt/airflow/dags/src/train_model.py took 0.340 seconds
[2025-10-20T18:43:20.765+0000] {processor.py:157} INFO - Started process (PID=551) to work on /opt/airflow/dags/src/train_model.py
[2025-10-20T18:43:20.765+0000] {processor.py:829} INFO - Processing file /opt/airflow/dags/src/train_model.py for tasks to queue
[2025-10-20T18:43:20.767+0000] {logging_mixin.py:151} INFO - [2025-10-20T18:43:20.767+0000] {dagbag.py:539} INFO - Filling up the DagBag from /opt/airflow/dags/src/train_model.py
[2025-10-20T18:43:21.156+0000] {processor.py:841} WARNING - No viable dags retrieved from /opt/airflow/dags/src/train_model.py
[2025-10-20T18:43:21.163+0000] {processor.py:179} INFO - Processing /opt/airflow/dags/src/train_model.py took 0.400 seconds
[2025-10-20T18:43:52.230+0000] {processor.py:157} INFO - Started process (PID=653) to work on /opt/airflow/dags/src/train_model.py
[2025-10-20T18:43:52.232+0000] {processor.py:829} INFO - Processing file /opt/airflow/dags/src/train_model.py for tasks to queue
[2025-10-20T18:43:52.233+0000] {logging_mixin.py:151} INFO - [2025-10-20T18:43:52.233+0000] {dagbag.py:539} INFO - Filling up the DagBag from /opt/airflow/dags/src/train_model.py
[2025-10-20T18:43:52.581+0000] {processor.py:841} WARNING - No viable dags retrieved from /opt/airflow/dags/src/train_model.py
[2025-10-20T18:43:52.589+0000] {processor.py:179} INFO - Processing /opt/airflow/dags/src/train_model.py took 0.361 seconds
[2025-10-20T18:44:23.417+0000] {processor.py:157} INFO - Started process (PID=744) to work on /opt/airflow/dags/src/train_model.py
[2025-10-20T18:44:23.418+0000] {processor.py:829} INFO - Processing file /opt/airflow/dags/src/train_model.py for tasks to queue
[2025-10-20T18:44:23.419+0000] {logging_mixin.py:151} INFO - [2025-10-20T18:44:23.419+0000] {dagbag.py:539} INFO - Filling up the DagBag from /opt/airflow/dags/src/train_model.py
[2025-10-20T18:44:23.776+0000] {processor.py:841} WARNING - No viable dags retrieved from /opt/airflow/dags/src/train_model.py
[2025-10-20T18:44:23.780+0000] {processor.py:179} INFO - Processing /opt/airflow/dags/src/train_model.py took 0.364 seconds
[2025-10-20T18:44:54.709+0000] {processor.py:157} INFO - Started process (PID=835) to work on /opt/airflow/dags/src/train_model.py
[2025-10-20T18:44:54.710+0000] {processor.py:829} INFO - Processing file /opt/airflow/dags/src/train_model.py for tasks to queue
[2025-10-20T18:44:54.710+0000] {logging_mixin.py:151} INFO - [2025-10-20T18:44:54.710+0000] {dagbag.py:539} INFO - Filling up the DagBag from /opt/airflow/dags/src/train_model.py
[2025-10-20T18:44:55.139+0000] {processor.py:841} WARNING - No viable dags retrieved from /opt/airflow/dags/src/train_model.py
[2025-10-20T18:44:55.148+0000] {processor.py:179} INFO - Processing /opt/airflow/dags/src/train_model.py took 0.440 seconds
[2025-10-20T18:45:26.122+0000] {processor.py:157} INFO - Started process (PID=926) to work on /opt/airflow/dags/src/train_model.py
[2025-10-20T18:45:26.123+0000] {processor.py:829} INFO - Processing file /opt/airflow/dags/src/train_model.py for tasks to queue
[2025-10-20T18:45:26.124+0000] {logging_mixin.py:151} INFO - [2025-10-20T18:45:26.124+0000] {dagbag.py:539} INFO - Filling up the DagBag from /opt/airflow/dags/src/train_model.py
[2025-10-20T18:45:26.474+0000] {processor.py:841} WARNING - No viable dags retrieved from /opt/airflow/dags/src/train_model.py
[2025-10-20T18:45:26.482+0000] {processor.py:179} INFO - Processing /opt/airflow/dags/src/train_model.py took 0.361 seconds
[2025-10-20T18:45:57.320+0000] {processor.py:157} INFO - Started process (PID=1017) to work on /opt/airflow/dags/src/train_model.py
[2025-10-20T18:45:57.320+0000] {processor.py:829} INFO - Processing file /opt/airflow/dags/src/train_model.py for tasks to queue
[2025-10-20T18:45:57.321+0000] {logging_mixin.py:151} INFO - [2025-10-20T18:45:57.321+0000] {dagbag.py:539} INFO - Filling up the DagBag from /opt/airflow/dags/src/train_model.py
[2025-10-20T18:45:57.656+0000] {processor.py:841} WARNING - No viable dags retrieved from /opt/airflow/dags/src/train_model.py
[2025-10-20T18:45:57.662+0000] {processor.py:179} INFO - Processing /opt/airflow/dags/src/train_model.py took 0.343 seconds
[2025-10-20T18:46:28.917+0000] {processor.py:157} INFO - Started process (PID=1108) to work on /opt/airflow/dags/src/train_model.py
[2025-10-20T18:46:28.918+0000] {processor.py:829} INFO - Processing file /opt/airflow/dags/src/train_model.py for tasks to queue
[2025-10-20T18:46:28.919+0000] {logging_mixin.py:151} INFO - [2025-10-20T18:46:28.919+0000] {dagbag.py:539} INFO - Filling up the DagBag from /opt/airflow/dags/src/train_model.py
[2025-10-20T18:46:29.309+0000] {processor.py:841} WARNING - No viable dags retrieved from /opt/airflow/dags/src/train_model.py
[2025-10-20T18:46:29.317+0000] {processor.py:179} INFO - Processing /opt/airflow/dags/src/train_model.py took 0.403 seconds
[2025-10-20T18:47:00.297+0000] {processor.py:157} INFO - Started process (PID=1199) to work on /opt/airflow/dags/src/train_model.py
[2025-10-20T18:47:00.298+0000] {processor.py:829} INFO - Processing file /opt/airflow/dags/src/train_model.py for tasks to queue
[2025-10-20T18:47:00.298+0000] {logging_mixin.py:151} INFO - [2025-10-20T18:47:00.298+0000] {dagbag.py:539} INFO - Filling up the DagBag from /opt/airflow/dags/src/train_model.py
[2025-10-20T18:47:00.650+0000] {processor.py:841} WARNING - No viable dags retrieved from /opt/airflow/dags/src/train_model.py
[2025-10-20T18:47:00.656+0000] {processor.py:179} INFO - Processing /opt/airflow/dags/src/train_model.py took 0.361 seconds
[2025-10-20T18:47:31.503+0000] {processor.py:157} INFO - Started process (PID=1290) to work on /opt/airflow/dags/src/train_model.py
[2025-10-20T18:47:31.504+0000] {processor.py:829} INFO - Processing file /opt/airflow/dags/src/train_model.py for tasks to queue
[2025-10-20T18:47:31.504+0000] {logging_mixin.py:151} INFO - [2025-10-20T18:47:31.504+0000] {dagbag.py:539} INFO - Filling up the DagBag from /opt/airflow/dags/src/train_model.py
[2025-10-20T18:47:31.840+0000] {processor.py:841} WARNING - No viable dags retrieved from /opt/airflow/dags/src/train_model.py
[2025-10-20T18:47:31.848+0000] {processor.py:179} INFO - Processing /opt/airflow/dags/src/train_model.py took 0.346 seconds
[2025-10-20T18:48:02.673+0000] {processor.py:157} INFO - Started process (PID=1388) to work on /opt/airflow/dags/src/train_model.py
[2025-10-20T18:48:02.675+0000] {processor.py:829} INFO - Processing file /opt/airflow/dags/src/train_model.py for tasks to queue
[2025-10-20T18:48:02.676+0000] {logging_mixin.py:151} INFO - [2025-10-20T18:48:02.676+0000] {dagbag.py:539} INFO - Filling up the DagBag from /opt/airflow/dags/src/train_model.py
[2025-10-20T18:48:03.020+0000] {processor.py:841} WARNING - No viable dags retrieved from /opt/airflow/dags/src/train_model.py
[2025-10-20T18:48:03.025+0000] {processor.py:179} INFO - Processing /opt/airflow/dags/src/train_model.py took 0.354 seconds
[2025-10-20T18:48:33.842+0000] {processor.py:157} INFO - Started process (PID=1479) to work on /opt/airflow/dags/src/train_model.py
[2025-10-20T18:48:33.843+0000] {processor.py:829} INFO - Processing file /opt/airflow/dags/src/train_model.py for tasks to queue
[2025-10-20T18:48:33.843+0000] {logging_mixin.py:151} INFO - [2025-10-20T18:48:33.843+0000] {dagbag.py:539} INFO - Filling up the DagBag from /opt/airflow/dags/src/train_model.py
[2025-10-20T18:48:34.213+0000] {processor.py:841} WARNING - No viable dags retrieved from /opt/airflow/dags/src/train_model.py
[2025-10-20T18:48:34.219+0000] {processor.py:179} INFO - Processing /opt/airflow/dags/src/train_model.py took 0.379 seconds
[2025-10-20T18:49:05.147+0000] {processor.py:157} INFO - Started process (PID=1570) to work on /opt/airflow/dags/src/train_model.py
[2025-10-20T18:49:05.148+0000] {processor.py:829} INFO - Processing file /opt/airflow/dags/src/train_model.py for tasks to queue
[2025-10-20T18:49:05.151+0000] {logging_mixin.py:151} INFO - [2025-10-20T18:49:05.151+0000] {dagbag.py:539} INFO - Filling up the DagBag from /opt/airflow/dags/src/train_model.py
[2025-10-20T18:49:05.508+0000] {processor.py:841} WARNING - No viable dags retrieved from /opt/airflow/dags/src/train_model.py
[2025-10-20T18:49:05.515+0000] {processor.py:179} INFO - Processing /opt/airflow/dags/src/train_model.py took 0.369 seconds
[2025-10-20T18:49:36.364+0000] {processor.py:157} INFO - Started process (PID=1661) to work on /opt/airflow/dags/src/train_model.py
[2025-10-20T18:49:36.365+0000] {processor.py:829} INFO - Processing file /opt/airflow/dags/src/train_model.py for tasks to queue
[2025-10-20T18:49:36.366+0000] {logging_mixin.py:151} INFO - [2025-10-20T18:49:36.366+0000] {dagbag.py:539} INFO - Filling up the DagBag from /opt/airflow/dags/src/train_model.py
[2025-10-20T18:49:36.728+0000] {processor.py:841} WARNING - No viable dags retrieved from /opt/airflow/dags/src/train_model.py
[2025-10-20T18:49:36.735+0000] {processor.py:179} INFO - Processing /opt/airflow/dags/src/train_model.py took 0.373 seconds
[2025-10-20T18:50:07.779+0000] {processor.py:157} INFO - Started process (PID=1752) to work on /opt/airflow/dags/src/train_model.py
[2025-10-20T18:50:07.780+0000] {processor.py:829} INFO - Processing file /opt/airflow/dags/src/train_model.py for tasks to queue
[2025-10-20T18:50:07.781+0000] {logging_mixin.py:151} INFO - [2025-10-20T18:50:07.780+0000] {dagbag.py:539} INFO - Filling up the DagBag from /opt/airflow/dags/src/train_model.py
[2025-10-20T18:50:08.173+0000] {processor.py:841} WARNING - No viable dags retrieved from /opt/airflow/dags/src/train_model.py
[2025-10-20T18:50:08.180+0000] {processor.py:179} INFO - Processing /opt/airflow/dags/src/train_model.py took 0.406 seconds
[2025-10-20T18:50:38.679+0000] {processor.py:157} INFO - Started process (PID=1845) to work on /opt/airflow/dags/src/train_model.py
[2025-10-20T18:50:38.680+0000] {processor.py:829} INFO - Processing file /opt/airflow/dags/src/train_model.py for tasks to queue
[2025-10-20T18:50:38.681+0000] {logging_mixin.py:151} INFO - [2025-10-20T18:50:38.681+0000] {dagbag.py:539} INFO - Filling up the DagBag from /opt/airflow/dags/src/train_model.py
[2025-10-20T18:50:39.437+0000] {processor.py:841} WARNING - No viable dags retrieved from /opt/airflow/dags/src/train_model.py
[2025-10-20T18:50:39.444+0000] {processor.py:179} INFO - Processing /opt/airflow/dags/src/train_model.py took 0.767 seconds
[2025-10-20T18:51:09.932+0000] {processor.py:157} INFO - Started process (PID=1936) to work on /opt/airflow/dags/src/train_model.py
[2025-10-20T18:51:09.933+0000] {processor.py:829} INFO - Processing file /opt/airflow/dags/src/train_model.py for tasks to queue
[2025-10-20T18:51:09.935+0000] {logging_mixin.py:151} INFO - [2025-10-20T18:51:09.934+0000] {dagbag.py:539} INFO - Filling up the DagBag from /opt/airflow/dags/src/train_model.py
[2025-10-20T18:51:10.604+0000] {processor.py:841} WARNING - No viable dags retrieved from /opt/airflow/dags/src/train_model.py
[2025-10-20T18:51:10.619+0000] {processor.py:179} INFO - Processing /opt/airflow/dags/src/train_model.py took 0.690 seconds
[2025-10-20T18:51:40.664+0000] {processor.py:157} INFO - Started process (PID=2027) to work on /opt/airflow/dags/src/train_model.py
[2025-10-20T18:51:40.665+0000] {processor.py:829} INFO - Processing file /opt/airflow/dags/src/train_model.py for tasks to queue
[2025-10-20T18:51:40.666+0000] {logging_mixin.py:151} INFO - [2025-10-20T18:51:40.666+0000] {dagbag.py:539} INFO - Filling up the DagBag from /opt/airflow/dags/src/train_model.py
[2025-10-20T18:51:41.017+0000] {processor.py:841} WARNING - No viable dags retrieved from /opt/airflow/dags/src/train_model.py
[2025-10-20T18:51:41.023+0000] {processor.py:179} INFO - Processing /opt/airflow/dags/src/train_model.py took 0.361 seconds
[2025-10-20T18:52:11.856+0000] {processor.py:157} INFO - Started process (PID=2116) to work on /opt/airflow/dags/src/train_model.py
[2025-10-20T18:52:11.857+0000] {processor.py:829} INFO - Processing file /opt/airflow/dags/src/train_model.py for tasks to queue
[2025-10-20T18:52:11.858+0000] {logging_mixin.py:151} INFO - [2025-10-20T18:52:11.858+0000] {dagbag.py:539} INFO - Filling up the DagBag from /opt/airflow/dags/src/train_model.py
[2025-10-20T18:52:12.201+0000] {processor.py:841} WARNING - No viable dags retrieved from /opt/airflow/dags/src/train_model.py
[2025-10-20T18:52:12.210+0000] {processor.py:179} INFO - Processing /opt/airflow/dags/src/train_model.py took 0.356 seconds
[2025-10-20T18:52:42.941+0000] {processor.py:157} INFO - Started process (PID=2207) to work on /opt/airflow/dags/src/train_model.py
[2025-10-20T18:52:42.942+0000] {processor.py:829} INFO - Processing file /opt/airflow/dags/src/train_model.py for tasks to queue
[2025-10-20T18:52:42.943+0000] {logging_mixin.py:151} INFO - [2025-10-20T18:52:42.943+0000] {dagbag.py:539} INFO - Filling up the DagBag from /opt/airflow/dags/src/train_model.py
[2025-10-20T18:52:43.282+0000] {processor.py:841} WARNING - No viable dags retrieved from /opt/airflow/dags/src/train_model.py
[2025-10-20T18:52:43.286+0000] {processor.py:179} INFO - Processing /opt/airflow/dags/src/train_model.py took 0.347 seconds
[2025-10-20T18:53:14.204+0000] {processor.py:157} INFO - Started process (PID=2298) to work on /opt/airflow/dags/src/train_model.py
[2025-10-20T18:53:14.204+0000] {processor.py:829} INFO - Processing file /opt/airflow/dags/src/train_model.py for tasks to queue
[2025-10-20T18:53:14.205+0000] {logging_mixin.py:151} INFO - [2025-10-20T18:53:14.205+0000] {dagbag.py:539} INFO - Filling up the DagBag from /opt/airflow/dags/src/train_model.py
[2025-10-20T18:53:14.547+0000] {processor.py:841} WARNING - No viable dags retrieved from /opt/airflow/dags/src/train_model.py
[2025-10-20T18:53:14.552+0000] {processor.py:179} INFO - Processing /opt/airflow/dags/src/train_model.py took 0.349 seconds
[2025-10-20T18:53:45.600+0000] {processor.py:157} INFO - Started process (PID=2389) to work on /opt/airflow/dags/src/train_model.py
[2025-10-20T18:53:45.600+0000] {processor.py:829} INFO - Processing file /opt/airflow/dags/src/train_model.py for tasks to queue
[2025-10-20T18:53:45.601+0000] {logging_mixin.py:151} INFO - [2025-10-20T18:53:45.601+0000] {dagbag.py:539} INFO - Filling up the DagBag from /opt/airflow/dags/src/train_model.py
[2025-10-20T18:53:46.004+0000] {processor.py:841} WARNING - No viable dags retrieved from /opt/airflow/dags/src/train_model.py
[2025-10-20T18:53:46.012+0000] {processor.py:179} INFO - Processing /opt/airflow/dags/src/train_model.py took 0.415 seconds
[2025-10-20T18:54:17.152+0000] {processor.py:157} INFO - Started process (PID=2480) to work on /opt/airflow/dags/src/train_model.py
[2025-10-20T18:54:17.153+0000] {processor.py:829} INFO - Processing file /opt/airflow/dags/src/train_model.py for tasks to queue
[2025-10-20T18:54:17.156+0000] {logging_mixin.py:151} INFO - [2025-10-20T18:54:17.156+0000] {dagbag.py:539} INFO - Filling up the DagBag from /opt/airflow/dags/src/train_model.py
[2025-10-20T18:54:17.573+0000] {processor.py:841} WARNING - No viable dags retrieved from /opt/airflow/dags/src/train_model.py
[2025-10-20T18:54:17.578+0000] {processor.py:179} INFO - Processing /opt/airflow/dags/src/train_model.py took 0.427 seconds
[2025-10-20T18:54:48.359+0000] {processor.py:157} INFO - Started process (PID=2571) to work on /opt/airflow/dags/src/train_model.py
[2025-10-20T18:54:48.361+0000] {processor.py:829} INFO - Processing file /opt/airflow/dags/src/train_model.py for tasks to queue
[2025-10-20T18:54:48.362+0000] {logging_mixin.py:151} INFO - [2025-10-20T18:54:48.362+0000] {dagbag.py:539} INFO - Filling up the DagBag from /opt/airflow/dags/src/train_model.py
[2025-10-20T18:54:48.694+0000] {processor.py:841} WARNING - No viable dags retrieved from /opt/airflow/dags/src/train_model.py
[2025-10-20T18:54:48.699+0000] {processor.py:179} INFO - Processing /opt/airflow/dags/src/train_model.py took 0.342 seconds
[2025-10-20T18:55:19.707+0000] {processor.py:157} INFO - Started process (PID=2662) to work on /opt/airflow/dags/src/train_model.py
[2025-10-20T18:55:19.707+0000] {processor.py:829} INFO - Processing file /opt/airflow/dags/src/train_model.py for tasks to queue
[2025-10-20T18:55:19.708+0000] {logging_mixin.py:151} INFO - [2025-10-20T18:55:19.708+0000] {dagbag.py:539} INFO - Filling up the DagBag from /opt/airflow/dags/src/train_model.py
[2025-10-20T18:55:20.052+0000] {processor.py:841} WARNING - No viable dags retrieved from /opt/airflow/dags/src/train_model.py
[2025-10-20T18:55:20.059+0000] {processor.py:179} INFO - Processing /opt/airflow/dags/src/train_model.py took 0.353 seconds
[2025-10-20T18:55:51.184+0000] {processor.py:157} INFO - Started process (PID=2753) to work on /opt/airflow/dags/src/train_model.py
[2025-10-20T18:55:51.185+0000] {processor.py:829} INFO - Processing file /opt/airflow/dags/src/train_model.py for tasks to queue
[2025-10-20T18:55:51.188+0000] {logging_mixin.py:151} INFO - [2025-10-20T18:55:51.188+0000] {dagbag.py:539} INFO - Filling up the DagBag from /opt/airflow/dags/src/train_model.py
[2025-10-20T18:55:51.559+0000] {processor.py:841} WARNING - No viable dags retrieved from /opt/airflow/dags/src/train_model.py
[2025-10-20T18:55:51.565+0000] {processor.py:179} INFO - Processing /opt/airflow/dags/src/train_model.py took 0.383 seconds
[2025-10-20T18:56:22.472+0000] {processor.py:157} INFO - Started process (PID=2844) to work on /opt/airflow/dags/src/train_model.py
[2025-10-20T18:56:22.473+0000] {processor.py:829} INFO - Processing file /opt/airflow/dags/src/train_model.py for tasks to queue
[2025-10-20T18:56:22.474+0000] {logging_mixin.py:151} INFO - [2025-10-20T18:56:22.474+0000] {dagbag.py:539} INFO - Filling up the DagBag from /opt/airflow/dags/src/train_model.py
[2025-10-20T18:56:22.873+0000] {processor.py:841} WARNING - No viable dags retrieved from /opt/airflow/dags/src/train_model.py
[2025-10-20T18:56:22.877+0000] {processor.py:179} INFO - Processing /opt/airflow/dags/src/train_model.py took 0.407 seconds
[2025-10-20T18:56:53.926+0000] {processor.py:157} INFO - Started process (PID=2935) to work on /opt/airflow/dags/src/train_model.py
[2025-10-20T18:56:53.928+0000] {processor.py:829} INFO - Processing file /opt/airflow/dags/src/train_model.py for tasks to queue
[2025-10-20T18:56:53.930+0000] {logging_mixin.py:151} INFO - [2025-10-20T18:56:53.929+0000] {dagbag.py:539} INFO - Filling up the DagBag from /opt/airflow/dags/src/train_model.py
[2025-10-20T18:56:54.283+0000] {processor.py:841} WARNING - No viable dags retrieved from /opt/airflow/dags/src/train_model.py
[2025-10-20T18:56:54.293+0000] {processor.py:179} INFO - Processing /opt/airflow/dags/src/train_model.py took 0.368 seconds
[2025-10-20T18:57:25.248+0000] {processor.py:157} INFO - Started process (PID=3026) to work on /opt/airflow/dags/src/train_model.py
[2025-10-20T18:57:25.248+0000] {processor.py:829} INFO - Processing file /opt/airflow/dags/src/train_model.py for tasks to queue
[2025-10-20T18:57:25.250+0000] {logging_mixin.py:151} INFO - [2025-10-20T18:57:25.249+0000] {dagbag.py:539} INFO - Filling up the DagBag from /opt/airflow/dags/src/train_model.py
[2025-10-20T18:57:25.614+0000] {processor.py:841} WARNING - No viable dags retrieved from /opt/airflow/dags/src/train_model.py
[2025-10-20T18:57:25.620+0000] {processor.py:179} INFO - Processing /opt/airflow/dags/src/train_model.py took 0.374 seconds
[2025-10-20T18:57:56.442+0000] {processor.py:157} INFO - Started process (PID=3117) to work on /opt/airflow/dags/src/train_model.py
[2025-10-20T18:57:56.443+0000] {processor.py:829} INFO - Processing file /opt/airflow/dags/src/train_model.py for tasks to queue
[2025-10-20T18:57:56.444+0000] {logging_mixin.py:151} INFO - [2025-10-20T18:57:56.444+0000] {dagbag.py:539} INFO - Filling up the DagBag from /opt/airflow/dags/src/train_model.py
[2025-10-20T18:57:56.802+0000] {processor.py:841} WARNING - No viable dags retrieved from /opt/airflow/dags/src/train_model.py
[2025-10-20T18:57:56.808+0000] {processor.py:179} INFO - Processing /opt/airflow/dags/src/train_model.py took 0.368 seconds
[2025-10-20T18:58:27.896+0000] {processor.py:157} INFO - Started process (PID=3208) to work on /opt/airflow/dags/src/train_model.py
[2025-10-20T18:58:27.898+0000] {processor.py:829} INFO - Processing file /opt/airflow/dags/src/train_model.py for tasks to queue
[2025-10-20T18:58:27.899+0000] {logging_mixin.py:151} INFO - [2025-10-20T18:58:27.898+0000] {dagbag.py:539} INFO - Filling up the DagBag from /opt/airflow/dags/src/train_model.py
[2025-10-20T18:58:28.331+0000] {processor.py:841} WARNING - No viable dags retrieved from /opt/airflow/dags/src/train_model.py
[2025-10-20T18:58:28.336+0000] {processor.py:179} INFO - Processing /opt/airflow/dags/src/train_model.py took 0.446 seconds
[2025-10-20T18:58:58.859+0000] {processor.py:157} INFO - Started process (PID=3299) to work on /opt/airflow/dags/src/train_model.py
[2025-10-20T18:58:58.860+0000] {processor.py:829} INFO - Processing file /opt/airflow/dags/src/train_model.py for tasks to queue
[2025-10-20T18:58:58.862+0000] {logging_mixin.py:151} INFO - [2025-10-20T18:58:58.862+0000] {dagbag.py:539} INFO - Filling up the DagBag from /opt/airflow/dags/src/train_model.py
[2025-10-20T18:58:59.410+0000] {processor.py:841} WARNING - No viable dags retrieved from /opt/airflow/dags/src/train_model.py
[2025-10-20T18:58:59.414+0000] {processor.py:179} INFO - Processing /opt/airflow/dags/src/train_model.py took 0.556 seconds
[2025-10-20T18:59:29.665+0000] {processor.py:157} INFO - Started process (PID=3390) to work on /opt/airflow/dags/src/train_model.py
[2025-10-20T18:59:29.666+0000] {processor.py:829} INFO - Processing file /opt/airflow/dags/src/train_model.py for tasks to queue
[2025-10-20T18:59:29.667+0000] {logging_mixin.py:151} INFO - [2025-10-20T18:59:29.666+0000] {dagbag.py:539} INFO - Filling up the DagBag from /opt/airflow/dags/src/train_model.py
[2025-10-20T18:59:30.050+0000] {processor.py:841} WARNING - No viable dags retrieved from /opt/airflow/dags/src/train_model.py
[2025-10-20T18:59:30.057+0000] {processor.py:179} INFO - Processing /opt/airflow/dags/src/train_model.py took 0.394 seconds
[2025-10-20T19:00:00.156+0000] {processor.py:157} INFO - Started process (PID=3485) to work on /opt/airflow/dags/src/train_model.py
[2025-10-20T19:00:00.160+0000] {processor.py:829} INFO - Processing file /opt/airflow/dags/src/train_model.py for tasks to queue
[2025-10-20T19:00:00.161+0000] {logging_mixin.py:151} INFO - [2025-10-20T19:00:00.161+0000] {dagbag.py:539} INFO - Filling up the DagBag from /opt/airflow/dags/src/train_model.py
[2025-10-20T19:00:00.553+0000] {processor.py:841} WARNING - No viable dags retrieved from /opt/airflow/dags/src/train_model.py
[2025-10-20T19:00:00.561+0000] {processor.py:179} INFO - Processing /opt/airflow/dags/src/train_model.py took 0.407 seconds
[2025-10-20T19:00:36.358+0000] {processor.py:157} INFO - Started process (PID=62) to work on /opt/airflow/dags/src/train_model.py
[2025-10-20T19:00:36.361+0000] {processor.py:829} INFO - Processing file /opt/airflow/dags/src/train_model.py for tasks to queue
[2025-10-20T19:00:36.363+0000] {logging_mixin.py:151} INFO - [2025-10-20T19:00:36.363+0000] {dagbag.py:539} INFO - Filling up the DagBag from /opt/airflow/dags/src/train_model.py
[2025-10-20T19:00:37.127+0000] {processor.py:841} WARNING - No viable dags retrieved from /opt/airflow/dags/src/train_model.py
[2025-10-20T19:00:37.141+0000] {processor.py:179} INFO - Processing /opt/airflow/dags/src/train_model.py took 0.788 seconds
[2025-10-20T19:01:07.250+0000] {processor.py:157} INFO - Started process (PID=151) to work on /opt/airflow/dags/src/train_model.py
[2025-10-20T19:01:07.252+0000] {processor.py:829} INFO - Processing file /opt/airflow/dags/src/train_model.py for tasks to queue
[2025-10-20T19:01:07.253+0000] {logging_mixin.py:151} INFO - [2025-10-20T19:01:07.253+0000] {dagbag.py:539} INFO - Filling up the DagBag from /opt/airflow/dags/src/train_model.py
[2025-10-20T19:01:07.805+0000] {processor.py:841} WARNING - No viable dags retrieved from /opt/airflow/dags/src/train_model.py
[2025-10-20T19:01:07.809+0000] {processor.py:179} INFO - Processing /opt/airflow/dags/src/train_model.py took 0.561 seconds
[2025-10-20T19:01:37.925+0000] {processor.py:157} INFO - Started process (PID=242) to work on /opt/airflow/dags/src/train_model.py
[2025-10-20T19:01:37.926+0000] {processor.py:829} INFO - Processing file /opt/airflow/dags/src/train_model.py for tasks to queue
[2025-10-20T19:01:37.927+0000] {logging_mixin.py:151} INFO - [2025-10-20T19:01:37.927+0000] {dagbag.py:539} INFO - Filling up the DagBag from /opt/airflow/dags/src/train_model.py
[2025-10-20T19:01:38.383+0000] {processor.py:841} WARNING - No viable dags retrieved from /opt/airflow/dags/src/train_model.py
[2025-10-20T19:01:38.393+0000] {processor.py:179} INFO - Processing /opt/airflow/dags/src/train_model.py took 0.469 seconds
[2025-10-20T19:02:08.480+0000] {processor.py:157} INFO - Started process (PID=332) to work on /opt/airflow/dags/src/train_model.py
[2025-10-20T19:02:08.481+0000] {processor.py:829} INFO - Processing file /opt/airflow/dags/src/train_model.py for tasks to queue
[2025-10-20T19:02:08.482+0000] {logging_mixin.py:151} INFO - [2025-10-20T19:02:08.482+0000] {dagbag.py:539} INFO - Filling up the DagBag from /opt/airflow/dags/src/train_model.py
[2025-10-20T19:02:08.937+0000] {processor.py:841} WARNING - No viable dags retrieved from /opt/airflow/dags/src/train_model.py
[2025-10-20T19:02:08.944+0000] {processor.py:179} INFO - Processing /opt/airflow/dags/src/train_model.py took 0.467 seconds
[2025-10-20T19:02:39.089+0000] {processor.py:157} INFO - Started process (PID=423) to work on /opt/airflow/dags/src/train_model.py
[2025-10-20T19:02:39.091+0000] {processor.py:829} INFO - Processing file /opt/airflow/dags/src/train_model.py for tasks to queue
[2025-10-20T19:02:39.095+0000] {logging_mixin.py:151} INFO - [2025-10-20T19:02:39.094+0000] {dagbag.py:539} INFO - Filling up the DagBag from /opt/airflow/dags/src/train_model.py
[2025-10-20T19:02:39.652+0000] {processor.py:841} WARNING - No viable dags retrieved from /opt/airflow/dags/src/train_model.py
[2025-10-20T19:02:39.659+0000] {processor.py:179} INFO - Processing /opt/airflow/dags/src/train_model.py took 0.575 seconds
[2025-10-20T19:03:10.362+0000] {processor.py:157} INFO - Started process (PID=514) to work on /opt/airflow/dags/src/train_model.py
[2025-10-20T19:03:10.363+0000] {processor.py:829} INFO - Processing file /opt/airflow/dags/src/train_model.py for tasks to queue
[2025-10-20T19:03:10.365+0000] {logging_mixin.py:151} INFO - [2025-10-20T19:03:10.364+0000] {dagbag.py:539} INFO - Filling up the DagBag from /opt/airflow/dags/src/train_model.py
[2025-10-20T19:03:10.722+0000] {processor.py:841} WARNING - No viable dags retrieved from /opt/airflow/dags/src/train_model.py
[2025-10-20T19:03:10.731+0000] {processor.py:179} INFO - Processing /opt/airflow/dags/src/train_model.py took 0.371 seconds
[2025-10-20T19:03:41.305+0000] {processor.py:157} INFO - Started process (PID=605) to work on /opt/airflow/dags/src/train_model.py
[2025-10-20T19:03:41.306+0000] {processor.py:829} INFO - Processing file /opt/airflow/dags/src/train_model.py for tasks to queue
[2025-10-20T19:03:41.308+0000] {logging_mixin.py:151} INFO - [2025-10-20T19:03:41.308+0000] {dagbag.py:539} INFO - Filling up the DagBag from /opt/airflow/dags/src/train_model.py
[2025-10-20T19:03:41.678+0000] {processor.py:841} WARNING - No viable dags retrieved from /opt/airflow/dags/src/train_model.py
[2025-10-20T19:03:41.683+0000] {processor.py:179} INFO - Processing /opt/airflow/dags/src/train_model.py took 0.380 seconds
[2025-10-20T19:04:12.377+0000] {processor.py:157} INFO - Started process (PID=696) to work on /opt/airflow/dags/src/train_model.py
[2025-10-20T19:04:12.378+0000] {processor.py:829} INFO - Processing file /opt/airflow/dags/src/train_model.py for tasks to queue
[2025-10-20T19:04:12.379+0000] {logging_mixin.py:151} INFO - [2025-10-20T19:04:12.379+0000] {dagbag.py:539} INFO - Filling up the DagBag from /opt/airflow/dags/src/train_model.py
[2025-10-20T19:04:12.833+0000] {processor.py:841} WARNING - No viable dags retrieved from /opt/airflow/dags/src/train_model.py
[2025-10-20T19:04:12.838+0000] {processor.py:179} INFO - Processing /opt/airflow/dags/src/train_model.py took 0.463 seconds
[2025-10-20T19:04:43.691+0000] {processor.py:157} INFO - Started process (PID=787) to work on /opt/airflow/dags/src/train_model.py
[2025-10-20T19:04:43.692+0000] {processor.py:829} INFO - Processing file /opt/airflow/dags/src/train_model.py for tasks to queue
[2025-10-20T19:04:43.693+0000] {logging_mixin.py:151} INFO - [2025-10-20T19:04:43.693+0000] {dagbag.py:539} INFO - Filling up the DagBag from /opt/airflow/dags/src/train_model.py
[2025-10-20T19:04:44.153+0000] {processor.py:841} WARNING - No viable dags retrieved from /opt/airflow/dags/src/train_model.py
[2025-10-20T19:04:44.159+0000] {processor.py:179} INFO - Processing /opt/airflow/dags/src/train_model.py took 0.472 seconds
[2025-10-20T19:05:14.847+0000] {processor.py:157} INFO - Started process (PID=878) to work on /opt/airflow/dags/src/train_model.py
[2025-10-20T19:05:14.848+0000] {processor.py:829} INFO - Processing file /opt/airflow/dags/src/train_model.py for tasks to queue
[2025-10-20T19:05:14.850+0000] {logging_mixin.py:151} INFO - [2025-10-20T19:05:14.850+0000] {dagbag.py:539} INFO - Filling up the DagBag from /opt/airflow/dags/src/train_model.py
[2025-10-20T19:05:15.264+0000] {processor.py:841} WARNING - No viable dags retrieved from /opt/airflow/dags/src/train_model.py
[2025-10-20T19:05:15.269+0000] {processor.py:179} INFO - Processing /opt/airflow/dags/src/train_model.py took 0.425 seconds
[2025-10-20T19:05:45.987+0000] {processor.py:157} INFO - Started process (PID=969) to work on /opt/airflow/dags/src/train_model.py
[2025-10-20T19:05:45.988+0000] {processor.py:829} INFO - Processing file /opt/airflow/dags/src/train_model.py for tasks to queue
[2025-10-20T19:05:45.989+0000] {logging_mixin.py:151} INFO - [2025-10-20T19:05:45.989+0000] {dagbag.py:539} INFO - Filling up the DagBag from /opt/airflow/dags/src/train_model.py
[2025-10-20T19:05:46.387+0000] {processor.py:841} WARNING - No viable dags retrieved from /opt/airflow/dags/src/train_model.py
[2025-10-20T19:05:46.391+0000] {processor.py:179} INFO - Processing /opt/airflow/dags/src/train_model.py took 0.407 seconds
[2025-10-20T19:06:17.056+0000] {processor.py:157} INFO - Started process (PID=1060) to work on /opt/airflow/dags/src/train_model.py
[2025-10-20T19:06:17.057+0000] {processor.py:829} INFO - Processing file /opt/airflow/dags/src/train_model.py for tasks to queue
[2025-10-20T19:06:17.059+0000] {logging_mixin.py:151} INFO - [2025-10-20T19:06:17.059+0000] {dagbag.py:539} INFO - Filling up the DagBag from /opt/airflow/dags/src/train_model.py
[2025-10-20T19:06:17.468+0000] {processor.py:841} WARNING - No viable dags retrieved from /opt/airflow/dags/src/train_model.py
[2025-10-20T19:06:17.473+0000] {processor.py:179} INFO - Processing /opt/airflow/dags/src/train_model.py took 0.420 seconds
[2025-10-20T19:06:48.254+0000] {processor.py:157} INFO - Started process (PID=1151) to work on /opt/airflow/dags/src/train_model.py
[2025-10-20T19:06:48.254+0000] {processor.py:829} INFO - Processing file /opt/airflow/dags/src/train_model.py for tasks to queue
[2025-10-20T19:06:48.256+0000] {logging_mixin.py:151} INFO - [2025-10-20T19:06:48.256+0000] {dagbag.py:539} INFO - Filling up the DagBag from /opt/airflow/dags/src/train_model.py
[2025-10-20T19:06:48.727+0000] {processor.py:841} WARNING - No viable dags retrieved from /opt/airflow/dags/src/train_model.py
[2025-10-20T19:06:48.732+0000] {processor.py:179} INFO - Processing /opt/airflow/dags/src/train_model.py took 0.481 seconds
[2025-10-20T19:07:19.647+0000] {processor.py:157} INFO - Started process (PID=1242) to work on /opt/airflow/dags/src/train_model.py
[2025-10-20T19:07:19.648+0000] {processor.py:829} INFO - Processing file /opt/airflow/dags/src/train_model.py for tasks to queue
[2025-10-20T19:07:19.649+0000] {logging_mixin.py:151} INFO - [2025-10-20T19:07:19.649+0000] {dagbag.py:539} INFO - Filling up the DagBag from /opt/airflow/dags/src/train_model.py
[2025-10-20T19:07:20.103+0000] {processor.py:841} WARNING - No viable dags retrieved from /opt/airflow/dags/src/train_model.py
[2025-10-20T19:07:20.112+0000] {processor.py:179} INFO - Processing /opt/airflow/dags/src/train_model.py took 0.467 seconds
[2025-10-20T19:07:50.691+0000] {processor.py:157} INFO - Started process (PID=1333) to work on /opt/airflow/dags/src/train_model.py
[2025-10-20T19:07:50.693+0000] {processor.py:829} INFO - Processing file /opt/airflow/dags/src/train_model.py for tasks to queue
[2025-10-20T19:07:50.694+0000] {logging_mixin.py:151} INFO - [2025-10-20T19:07:50.694+0000] {dagbag.py:539} INFO - Filling up the DagBag from /opt/airflow/dags/src/train_model.py
[2025-10-20T19:07:51.157+0000] {processor.py:841} WARNING - No viable dags retrieved from /opt/airflow/dags/src/train_model.py
[2025-10-20T19:07:51.170+0000] {processor.py:179} INFO - Processing /opt/airflow/dags/src/train_model.py took 0.481 seconds
[2025-10-20T19:08:22.011+0000] {processor.py:157} INFO - Started process (PID=1424) to work on /opt/airflow/dags/src/train_model.py
[2025-10-20T19:08:22.013+0000] {processor.py:829} INFO - Processing file /opt/airflow/dags/src/train_model.py for tasks to queue
[2025-10-20T19:08:22.015+0000] {logging_mixin.py:151} INFO - [2025-10-20T19:08:22.015+0000] {dagbag.py:539} INFO - Filling up the DagBag from /opt/airflow/dags/src/train_model.py
[2025-10-20T19:08:22.526+0000] {processor.py:841} WARNING - No viable dags retrieved from /opt/airflow/dags/src/train_model.py
[2025-10-20T19:08:22.536+0000] {processor.py:179} INFO - Processing /opt/airflow/dags/src/train_model.py took 0.529 seconds
[2025-10-20T19:08:53.511+0000] {processor.py:157} INFO - Started process (PID=1515) to work on /opt/airflow/dags/src/train_model.py
[2025-10-20T19:08:53.514+0000] {processor.py:829} INFO - Processing file /opt/airflow/dags/src/train_model.py for tasks to queue
[2025-10-20T19:08:53.516+0000] {logging_mixin.py:151} INFO - [2025-10-20T19:08:53.516+0000] {dagbag.py:539} INFO - Filling up the DagBag from /opt/airflow/dags/src/train_model.py
[2025-10-20T19:08:53.907+0000] {processor.py:841} WARNING - No viable dags retrieved from /opt/airflow/dags/src/train_model.py
[2025-10-20T19:08:53.918+0000] {processor.py:179} INFO - Processing /opt/airflow/dags/src/train_model.py took 0.410 seconds
[2025-10-20T19:09:24.866+0000] {processor.py:157} INFO - Started process (PID=1606) to work on /opt/airflow/dags/src/train_model.py
[2025-10-20T19:09:24.870+0000] {processor.py:829} INFO - Processing file /opt/airflow/dags/src/train_model.py for tasks to queue
[2025-10-20T19:09:24.872+0000] {logging_mixin.py:151} INFO - [2025-10-20T19:09:24.872+0000] {dagbag.py:539} INFO - Filling up the DagBag from /opt/airflow/dags/src/train_model.py
[2025-10-20T19:09:25.301+0000] {processor.py:841} WARNING - No viable dags retrieved from /opt/airflow/dags/src/train_model.py
[2025-10-20T19:09:25.307+0000] {processor.py:179} INFO - Processing /opt/airflow/dags/src/train_model.py took 0.444 seconds
[2025-10-20T19:09:56.014+0000] {processor.py:157} INFO - Started process (PID=1697) to work on /opt/airflow/dags/src/train_model.py
[2025-10-20T19:09:56.015+0000] {processor.py:829} INFO - Processing file /opt/airflow/dags/src/train_model.py for tasks to queue
[2025-10-20T19:09:56.017+0000] {logging_mixin.py:151} INFO - [2025-10-20T19:09:56.016+0000] {dagbag.py:539} INFO - Filling up the DagBag from /opt/airflow/dags/src/train_model.py
[2025-10-20T19:09:56.518+0000] {processor.py:841} WARNING - No viable dags retrieved from /opt/airflow/dags/src/train_model.py
[2025-10-20T19:09:56.537+0000] {processor.py:179} INFO - Processing /opt/airflow/dags/src/train_model.py took 0.524 seconds
[2025-10-20T19:10:27.173+0000] {processor.py:157} INFO - Started process (PID=1798) to work on /opt/airflow/dags/src/train_model.py
[2025-10-20T19:10:27.174+0000] {processor.py:829} INFO - Processing file /opt/airflow/dags/src/train_model.py for tasks to queue
[2025-10-20T19:10:27.175+0000] {logging_mixin.py:151} INFO - [2025-10-20T19:10:27.175+0000] {dagbag.py:539} INFO - Filling up the DagBag from /opt/airflow/dags/src/train_model.py
[2025-10-20T19:10:27.742+0000] {processor.py:841} WARNING - No viable dags retrieved from /opt/airflow/dags/src/train_model.py
[2025-10-20T19:10:27.753+0000] {processor.py:179} INFO - Processing /opt/airflow/dags/src/train_model.py took 0.583 seconds
[2025-10-20T19:10:58.030+0000] {processor.py:157} INFO - Started process (PID=1889) to work on /opt/airflow/dags/src/train_model.py
[2025-10-20T19:10:58.031+0000] {processor.py:829} INFO - Processing file /opt/airflow/dags/src/train_model.py for tasks to queue
[2025-10-20T19:10:58.032+0000] {logging_mixin.py:151} INFO - [2025-10-20T19:10:58.032+0000] {dagbag.py:539} INFO - Filling up the DagBag from /opt/airflow/dags/src/train_model.py
[2025-10-20T19:10:58.472+0000] {processor.py:841} WARNING - No viable dags retrieved from /opt/airflow/dags/src/train_model.py
[2025-10-20T19:10:58.486+0000] {processor.py:179} INFO - Processing /opt/airflow/dags/src/train_model.py took 0.457 seconds
[2025-10-20T19:11:28.714+0000] {processor.py:157} INFO - Started process (PID=1992) to work on /opt/airflow/dags/src/train_model.py
[2025-10-20T19:11:28.714+0000] {processor.py:829} INFO - Processing file /opt/airflow/dags/src/train_model.py for tasks to queue
[2025-10-20T19:11:28.715+0000] {logging_mixin.py:151} INFO - [2025-10-20T19:11:28.715+0000] {dagbag.py:539} INFO - Filling up the DagBag from /opt/airflow/dags/src/train_model.py
[2025-10-20T19:11:29.058+0000] {processor.py:841} WARNING - No viable dags retrieved from /opt/airflow/dags/src/train_model.py
[2025-10-20T19:11:29.068+0000] {processor.py:179} INFO - Processing /opt/airflow/dags/src/train_model.py took 0.356 seconds
[2025-10-20T19:11:59.381+0000] {processor.py:157} INFO - Started process (PID=2072) to work on /opt/airflow/dags/src/train_model.py
[2025-10-20T19:11:59.382+0000] {processor.py:829} INFO - Processing file /opt/airflow/dags/src/train_model.py for tasks to queue
[2025-10-20T19:11:59.387+0000] {logging_mixin.py:151} INFO - [2025-10-20T19:11:59.386+0000] {dagbag.py:539} INFO - Filling up the DagBag from /opt/airflow/dags/src/train_model.py
[2025-10-20T19:11:59.896+0000] {processor.py:841} WARNING - No viable dags retrieved from /opt/airflow/dags/src/train_model.py
[2025-10-20T19:11:59.904+0000] {processor.py:179} INFO - Processing /opt/airflow/dags/src/train_model.py took 0.530 seconds
[2025-10-20T19:12:29.955+0000] {processor.py:157} INFO - Started process (PID=2163) to work on /opt/airflow/dags/src/train_model.py
[2025-10-20T19:12:29.956+0000] {processor.py:829} INFO - Processing file /opt/airflow/dags/src/train_model.py for tasks to queue
[2025-10-20T19:12:29.959+0000] {logging_mixin.py:151} INFO - [2025-10-20T19:12:29.959+0000] {dagbag.py:539} INFO - Filling up the DagBag from /opt/airflow/dags/src/train_model.py
[2025-10-20T19:12:30.353+0000] {processor.py:841} WARNING - No viable dags retrieved from /opt/airflow/dags/src/train_model.py
[2025-10-20T19:12:30.362+0000] {processor.py:179} INFO - Processing /opt/airflow/dags/src/train_model.py took 0.414 seconds
[2025-10-20T19:13:00.600+0000] {processor.py:157} INFO - Started process (PID=2244) to work on /opt/airflow/dags/src/train_model.py
[2025-10-20T19:13:00.601+0000] {processor.py:829} INFO - Processing file /opt/airflow/dags/src/train_model.py for tasks to queue
[2025-10-20T19:13:00.603+0000] {logging_mixin.py:151} INFO - [2025-10-20T19:13:00.603+0000] {dagbag.py:539} INFO - Filling up the DagBag from /opt/airflow/dags/src/train_model.py
[2025-10-20T19:13:01.106+0000] {processor.py:841} WARNING - No viable dags retrieved from /opt/airflow/dags/src/train_model.py
[2025-10-20T19:13:01.116+0000] {processor.py:179} INFO - Processing /opt/airflow/dags/src/train_model.py took 0.520 seconds
[2025-10-20T19:13:31.989+0000] {processor.py:157} INFO - Started process (PID=2335) to work on /opt/airflow/dags/src/train_model.py
[2025-10-20T19:13:31.990+0000] {processor.py:829} INFO - Processing file /opt/airflow/dags/src/train_model.py for tasks to queue
[2025-10-20T19:13:31.992+0000] {logging_mixin.py:151} INFO - [2025-10-20T19:13:31.992+0000] {dagbag.py:539} INFO - Filling up the DagBag from /opt/airflow/dags/src/train_model.py
[2025-10-20T19:13:32.406+0000] {processor.py:841} WARNING - No viable dags retrieved from /opt/airflow/dags/src/train_model.py
[2025-10-20T19:13:32.414+0000] {processor.py:179} INFO - Processing /opt/airflow/dags/src/train_model.py took 0.429 seconds
[2025-10-20T19:14:03.240+0000] {processor.py:157} INFO - Started process (PID=2426) to work on /opt/airflow/dags/src/train_model.py
[2025-10-20T19:14:03.242+0000] {processor.py:829} INFO - Processing file /opt/airflow/dags/src/train_model.py for tasks to queue
[2025-10-20T19:14:03.243+0000] {logging_mixin.py:151} INFO - [2025-10-20T19:14:03.243+0000] {dagbag.py:539} INFO - Filling up the DagBag from /opt/airflow/dags/src/train_model.py
[2025-10-20T19:14:03.654+0000] {processor.py:841} WARNING - No viable dags retrieved from /opt/airflow/dags/src/train_model.py
[2025-10-20T19:14:03.666+0000] {processor.py:179} INFO - Processing /opt/airflow/dags/src/train_model.py took 0.430 seconds
[2025-10-20T19:14:34.399+0000] {processor.py:157} INFO - Started process (PID=2517) to work on /opt/airflow/dags/src/train_model.py
[2025-10-20T19:14:34.400+0000] {processor.py:829} INFO - Processing file /opt/airflow/dags/src/train_model.py for tasks to queue
[2025-10-20T19:14:34.402+0000] {logging_mixin.py:151} INFO - [2025-10-20T19:14:34.402+0000] {dagbag.py:539} INFO - Filling up the DagBag from /opt/airflow/dags/src/train_model.py
[2025-10-20T19:14:34.752+0000] {processor.py:841} WARNING - No viable dags retrieved from /opt/airflow/dags/src/train_model.py
[2025-10-20T19:14:34.758+0000] {processor.py:179} INFO - Processing /opt/airflow/dags/src/train_model.py took 0.362 seconds
[2025-10-20T19:15:05.457+0000] {processor.py:157} INFO - Started process (PID=2608) to work on /opt/airflow/dags/src/train_model.py
[2025-10-20T19:15:05.458+0000] {processor.py:829} INFO - Processing file /opt/airflow/dags/src/train_model.py for tasks to queue
[2025-10-20T19:15:05.460+0000] {logging_mixin.py:151} INFO - [2025-10-20T19:15:05.460+0000] {dagbag.py:539} INFO - Filling up the DagBag from /opt/airflow/dags/src/train_model.py
[2025-10-20T19:15:05.929+0000] {processor.py:841} WARNING - No viable dags retrieved from /opt/airflow/dags/src/train_model.py
[2025-10-20T19:15:05.937+0000] {processor.py:179} INFO - Processing /opt/airflow/dags/src/train_model.py took 0.483 seconds
[2025-10-20T19:15:36.584+0000] {processor.py:157} INFO - Started process (PID=2699) to work on /opt/airflow/dags/src/train_model.py
[2025-10-20T19:15:36.585+0000] {processor.py:829} INFO - Processing file /opt/airflow/dags/src/train_model.py for tasks to queue
[2025-10-20T19:15:36.586+0000] {logging_mixin.py:151} INFO - [2025-10-20T19:15:36.586+0000] {dagbag.py:539} INFO - Filling up the DagBag from /opt/airflow/dags/src/train_model.py
[2025-10-20T19:15:36.956+0000] {processor.py:841} WARNING - No viable dags retrieved from /opt/airflow/dags/src/train_model.py
[2025-10-20T19:15:36.964+0000] {processor.py:179} INFO - Processing /opt/airflow/dags/src/train_model.py took 0.381 seconds
[2025-10-20T19:16:07.584+0000] {processor.py:157} INFO - Started process (PID=2790) to work on /opt/airflow/dags/src/train_model.py
[2025-10-20T19:16:07.585+0000] {processor.py:829} INFO - Processing file /opt/airflow/dags/src/train_model.py for tasks to queue
[2025-10-20T19:16:07.587+0000] {logging_mixin.py:151} INFO - [2025-10-20T19:16:07.587+0000] {dagbag.py:539} INFO - Filling up the DagBag from /opt/airflow/dags/src/train_model.py
[2025-10-20T19:16:08.045+0000] {processor.py:841} WARNING - No viable dags retrieved from /opt/airflow/dags/src/train_model.py
[2025-10-20T19:16:08.051+0000] {processor.py:179} INFO - Processing /opt/airflow/dags/src/train_model.py took 0.469 seconds
[2025-10-20T19:16:38.968+0000] {processor.py:157} INFO - Started process (PID=2888) to work on /opt/airflow/dags/src/train_model.py
[2025-10-20T19:16:38.970+0000] {processor.py:829} INFO - Processing file /opt/airflow/dags/src/train_model.py for tasks to queue
[2025-10-20T19:16:38.971+0000] {logging_mixin.py:151} INFO - [2025-10-20T19:16:38.971+0000] {dagbag.py:539} INFO - Filling up the DagBag from /opt/airflow/dags/src/train_model.py
[2025-10-20T19:16:39.584+0000] {processor.py:841} WARNING - No viable dags retrieved from /opt/airflow/dags/src/train_model.py
[2025-10-20T19:16:39.595+0000] {processor.py:179} INFO - Processing /opt/airflow/dags/src/train_model.py took 0.629 seconds
[2025-10-20T19:17:10.246+0000] {processor.py:157} INFO - Started process (PID=2979) to work on /opt/airflow/dags/src/train_model.py
[2025-10-20T19:17:10.248+0000] {processor.py:829} INFO - Processing file /opt/airflow/dags/src/train_model.py for tasks to queue
[2025-10-20T19:17:10.249+0000] {logging_mixin.py:151} INFO - [2025-10-20T19:17:10.249+0000] {dagbag.py:539} INFO - Filling up the DagBag from /opt/airflow/dags/src/train_model.py
[2025-10-20T19:17:10.663+0000] {processor.py:841} WARNING - No viable dags retrieved from /opt/airflow/dags/src/train_model.py
[2025-10-20T19:17:10.668+0000] {processor.py:179} INFO - Processing /opt/airflow/dags/src/train_model.py took 0.424 seconds
[2025-10-20T19:17:41.380+0000] {processor.py:157} INFO - Started process (PID=3070) to work on /opt/airflow/dags/src/train_model.py
[2025-10-20T19:17:41.381+0000] {processor.py:829} INFO - Processing file /opt/airflow/dags/src/train_model.py for tasks to queue
[2025-10-20T19:17:41.383+0000] {logging_mixin.py:151} INFO - [2025-10-20T19:17:41.382+0000] {dagbag.py:539} INFO - Filling up the DagBag from /opt/airflow/dags/src/train_model.py
[2025-10-20T19:17:41.790+0000] {processor.py:841} WARNING - No viable dags retrieved from /opt/airflow/dags/src/train_model.py
[2025-10-20T19:17:41.796+0000] {processor.py:179} INFO - Processing /opt/airflow/dags/src/train_model.py took 0.419 seconds
[2025-10-20T19:18:12.393+0000] {processor.py:157} INFO - Started process (PID=3161) to work on /opt/airflow/dags/src/train_model.py
[2025-10-20T19:18:12.395+0000] {processor.py:829} INFO - Processing file /opt/airflow/dags/src/train_model.py for tasks to queue
[2025-10-20T19:18:12.396+0000] {logging_mixin.py:151} INFO - [2025-10-20T19:18:12.396+0000] {dagbag.py:539} INFO - Filling up the DagBag from /opt/airflow/dags/src/train_model.py
[2025-10-20T19:18:12.870+0000] {processor.py:841} WARNING - No viable dags retrieved from /opt/airflow/dags/src/train_model.py
[2025-10-20T19:18:12.876+0000] {processor.py:179} INFO - Processing /opt/airflow/dags/src/train_model.py took 0.487 seconds
[2025-10-20T19:18:43.720+0000] {processor.py:157} INFO - Started process (PID=3252) to work on /opt/airflow/dags/src/train_model.py
[2025-10-20T19:18:43.721+0000] {processor.py:829} INFO - Processing file /opt/airflow/dags/src/train_model.py for tasks to queue
[2025-10-20T19:18:43.723+0000] {logging_mixin.py:151} INFO - [2025-10-20T19:18:43.723+0000] {dagbag.py:539} INFO - Filling up the DagBag from /opt/airflow/dags/src/train_model.py
[2025-10-20T19:18:44.252+0000] {processor.py:841} WARNING - No viable dags retrieved from /opt/airflow/dags/src/train_model.py
[2025-10-20T19:18:44.257+0000] {processor.py:179} INFO - Processing /opt/airflow/dags/src/train_model.py took 0.539 seconds
[2025-10-20T19:19:14.961+0000] {processor.py:157} INFO - Started process (PID=3343) to work on /opt/airflow/dags/src/train_model.py
[2025-10-20T19:19:14.963+0000] {processor.py:829} INFO - Processing file /opt/airflow/dags/src/train_model.py for tasks to queue
[2025-10-20T19:19:14.965+0000] {logging_mixin.py:151} INFO - [2025-10-20T19:19:14.965+0000] {dagbag.py:539} INFO - Filling up the DagBag from /opt/airflow/dags/src/train_model.py
[2025-10-20T19:19:15.386+0000] {processor.py:841} WARNING - No viable dags retrieved from /opt/airflow/dags/src/train_model.py
[2025-10-20T19:19:15.391+0000] {processor.py:179} INFO - Processing /opt/airflow/dags/src/train_model.py took 0.432 seconds
[2025-10-20T19:19:46.055+0000] {processor.py:157} INFO - Started process (PID=3434) to work on /opt/airflow/dags/src/train_model.py
[2025-10-20T19:19:46.055+0000] {processor.py:829} INFO - Processing file /opt/airflow/dags/src/train_model.py for tasks to queue
[2025-10-20T19:19:46.057+0000] {logging_mixin.py:151} INFO - [2025-10-20T19:19:46.057+0000] {dagbag.py:539} INFO - Filling up the DagBag from /opt/airflow/dags/src/train_model.py
[2025-10-20T19:19:46.678+0000] {processor.py:841} WARNING - No viable dags retrieved from /opt/airflow/dags/src/train_model.py
[2025-10-20T19:19:46.689+0000] {processor.py:179} INFO - Processing /opt/airflow/dags/src/train_model.py took 0.636 seconds
[2025-10-20T19:20:17.445+0000] {processor.py:157} INFO - Started process (PID=3525) to work on /opt/airflow/dags/src/train_model.py
[2025-10-20T19:20:17.446+0000] {processor.py:829} INFO - Processing file /opt/airflow/dags/src/train_model.py for tasks to queue
[2025-10-20T19:20:17.448+0000] {logging_mixin.py:151} INFO - [2025-10-20T19:20:17.448+0000] {dagbag.py:539} INFO - Filling up the DagBag from /opt/airflow/dags/src/train_model.py
[2025-10-20T19:20:17.966+0000] {processor.py:841} WARNING - No viable dags retrieved from /opt/airflow/dags/src/train_model.py
[2025-10-20T19:20:17.975+0000] {processor.py:179} INFO - Processing /opt/airflow/dags/src/train_model.py took 0.532 seconds
[2025-10-20T19:20:48.649+0000] {processor.py:157} INFO - Started process (PID=3615) to work on /opt/airflow/dags/src/train_model.py
[2025-10-20T19:20:48.651+0000] {processor.py:829} INFO - Processing file /opt/airflow/dags/src/train_model.py for tasks to queue
[2025-10-20T19:20:48.652+0000] {logging_mixin.py:151} INFO - [2025-10-20T19:20:48.652+0000] {dagbag.py:539} INFO - Filling up the DagBag from /opt/airflow/dags/src/train_model.py
[2025-10-20T19:20:49.088+0000] {processor.py:841} WARNING - No viable dags retrieved from /opt/airflow/dags/src/train_model.py
[2025-10-20T19:20:49.098+0000] {processor.py:179} INFO - Processing /opt/airflow/dags/src/train_model.py took 0.451 seconds
