[2025-10-09T00:20:31.295+0000] {processor.py:157} INFO - Started process (PID=55) to work on /opt/airflow/dags/src/feature_engineering.py
[2025-10-09T00:20:31.296+0000] {processor.py:829} INFO - Processing file /opt/airflow/dags/src/feature_engineering.py for tasks to queue
[2025-10-09T00:20:31.299+0000] {logging_mixin.py:151} INFO - [2025-10-09T00:20:31.299+0000] {dagbag.py:539} INFO - Filling up the DagBag from /opt/airflow/dags/src/feature_engineering.py
[2025-10-09T00:20:31.601+0000] {processor.py:841} WARNING - No viable dags retrieved from /opt/airflow/dags/src/feature_engineering.py
[2025-10-09T00:20:31.625+0000] {processor.py:179} INFO - Processing /opt/airflow/dags/src/feature_engineering.py took 0.334 seconds
[2025-10-09T00:21:01.681+0000] {processor.py:157} INFO - Started process (PID=119) to work on /opt/airflow/dags/src/feature_engineering.py
[2025-10-09T00:21:01.681+0000] {processor.py:829} INFO - Processing file /opt/airflow/dags/src/feature_engineering.py for tasks to queue
[2025-10-09T00:21:01.684+0000] {logging_mixin.py:151} INFO - [2025-10-09T00:21:01.684+0000] {dagbag.py:539} INFO - Filling up the DagBag from /opt/airflow/dags/src/feature_engineering.py
[2025-10-09T00:21:01.905+0000] {processor.py:841} WARNING - No viable dags retrieved from /opt/airflow/dags/src/feature_engineering.py
[2025-10-09T00:21:01.918+0000] {processor.py:179} INFO - Processing /opt/airflow/dags/src/feature_engineering.py took 0.241 seconds
[2025-10-09T00:21:32.312+0000] {processor.py:157} INFO - Started process (PID=183) to work on /opt/airflow/dags/src/feature_engineering.py
[2025-10-09T00:21:32.314+0000] {processor.py:829} INFO - Processing file /opt/airflow/dags/src/feature_engineering.py for tasks to queue
[2025-10-09T00:21:32.316+0000] {logging_mixin.py:151} INFO - [2025-10-09T00:21:32.316+0000] {dagbag.py:539} INFO - Filling up the DagBag from /opt/airflow/dags/src/feature_engineering.py
[2025-10-09T00:21:32.524+0000] {processor.py:841} WARNING - No viable dags retrieved from /opt/airflow/dags/src/feature_engineering.py
[2025-10-09T00:21:32.535+0000] {processor.py:179} INFO - Processing /opt/airflow/dags/src/feature_engineering.py took 0.226 seconds
[2025-10-09T00:22:03.200+0000] {processor.py:157} INFO - Started process (PID=247) to work on /opt/airflow/dags/src/feature_engineering.py
[2025-10-09T00:22:03.201+0000] {processor.py:829} INFO - Processing file /opt/airflow/dags/src/feature_engineering.py for tasks to queue
[2025-10-09T00:22:03.203+0000] {logging_mixin.py:151} INFO - [2025-10-09T00:22:03.203+0000] {dagbag.py:539} INFO - Filling up the DagBag from /opt/airflow/dags/src/feature_engineering.py
[2025-10-09T00:22:03.412+0000] {processor.py:841} WARNING - No viable dags retrieved from /opt/airflow/dags/src/feature_engineering.py
[2025-10-09T00:22:03.426+0000] {processor.py:179} INFO - Processing /opt/airflow/dags/src/feature_engineering.py took 0.230 seconds
[2025-10-09T00:22:34.792+0000] {processor.py:157} INFO - Started process (PID=311) to work on /opt/airflow/dags/src/feature_engineering.py
[2025-10-09T00:22:34.793+0000] {processor.py:829} INFO - Processing file /opt/airflow/dags/src/feature_engineering.py for tasks to queue
[2025-10-09T00:22:34.795+0000] {logging_mixin.py:151} INFO - [2025-10-09T00:22:34.794+0000] {dagbag.py:539} INFO - Filling up the DagBag from /opt/airflow/dags/src/feature_engineering.py
[2025-10-09T00:22:35.048+0000] {processor.py:841} WARNING - No viable dags retrieved from /opt/airflow/dags/src/feature_engineering.py
[2025-10-09T00:22:35.065+0000] {processor.py:179} INFO - Processing /opt/airflow/dags/src/feature_engineering.py took 0.277 seconds
[2025-10-09T00:23:05.453+0000] {processor.py:157} INFO - Started process (PID=375) to work on /opt/airflow/dags/src/feature_engineering.py
[2025-10-09T00:23:05.454+0000] {processor.py:829} INFO - Processing file /opt/airflow/dags/src/feature_engineering.py for tasks to queue
[2025-10-09T00:23:05.457+0000] {logging_mixin.py:151} INFO - [2025-10-09T00:23:05.456+0000] {dagbag.py:539} INFO - Filling up the DagBag from /opt/airflow/dags/src/feature_engineering.py
[2025-10-09T00:23:05.678+0000] {processor.py:841} WARNING - No viable dags retrieved from /opt/airflow/dags/src/feature_engineering.py
[2025-10-09T00:23:05.689+0000] {processor.py:179} INFO - Processing /opt/airflow/dags/src/feature_engineering.py took 0.240 seconds
[2025-10-09T00:23:35.907+0000] {processor.py:157} INFO - Started process (PID=438) to work on /opt/airflow/dags/src/feature_engineering.py
[2025-10-09T00:23:35.909+0000] {processor.py:829} INFO - Processing file /opt/airflow/dags/src/feature_engineering.py for tasks to queue
[2025-10-09T00:23:35.913+0000] {logging_mixin.py:151} INFO - [2025-10-09T00:23:35.913+0000] {dagbag.py:539} INFO - Filling up the DagBag from /opt/airflow/dags/src/feature_engineering.py
[2025-10-09T00:23:36.108+0000] {processor.py:841} WARNING - No viable dags retrieved from /opt/airflow/dags/src/feature_engineering.py
[2025-10-09T00:23:36.120+0000] {processor.py:179} INFO - Processing /opt/airflow/dags/src/feature_engineering.py took 0.216 seconds
[2025-10-09T00:24:06.444+0000] {processor.py:157} INFO - Started process (PID=503) to work on /opt/airflow/dags/src/feature_engineering.py
[2025-10-09T00:24:06.445+0000] {processor.py:829} INFO - Processing file /opt/airflow/dags/src/feature_engineering.py for tasks to queue
[2025-10-09T00:24:06.447+0000] {logging_mixin.py:151} INFO - [2025-10-09T00:24:06.447+0000] {dagbag.py:539} INFO - Filling up the DagBag from /opt/airflow/dags/src/feature_engineering.py
[2025-10-09T00:24:06.657+0000] {processor.py:841} WARNING - No viable dags retrieved from /opt/airflow/dags/src/feature_engineering.py
[2025-10-09T00:24:06.666+0000] {processor.py:179} INFO - Processing /opt/airflow/dags/src/feature_engineering.py took 0.225 seconds
[2025-10-09T00:24:36.790+0000] {processor.py:157} INFO - Started process (PID=567) to work on /opt/airflow/dags/src/feature_engineering.py
[2025-10-09T00:24:36.791+0000] {processor.py:829} INFO - Processing file /opt/airflow/dags/src/feature_engineering.py for tasks to queue
[2025-10-09T00:24:36.794+0000] {logging_mixin.py:151} INFO - [2025-10-09T00:24:36.794+0000] {dagbag.py:539} INFO - Filling up the DagBag from /opt/airflow/dags/src/feature_engineering.py
[2025-10-09T00:24:37.018+0000] {processor.py:841} WARNING - No viable dags retrieved from /opt/airflow/dags/src/feature_engineering.py
[2025-10-09T00:24:37.038+0000] {processor.py:179} INFO - Processing /opt/airflow/dags/src/feature_engineering.py took 0.251 seconds
[2025-10-09T00:25:07.242+0000] {processor.py:157} INFO - Started process (PID=632) to work on /opt/airflow/dags/src/feature_engineering.py
[2025-10-09T00:25:07.244+0000] {processor.py:829} INFO - Processing file /opt/airflow/dags/src/feature_engineering.py for tasks to queue
[2025-10-09T00:25:07.246+0000] {logging_mixin.py:151} INFO - [2025-10-09T00:25:07.246+0000] {dagbag.py:539} INFO - Filling up the DagBag from /opt/airflow/dags/src/feature_engineering.py
[2025-10-09T00:25:07.465+0000] {processor.py:841} WARNING - No viable dags retrieved from /opt/airflow/dags/src/feature_engineering.py
[2025-10-09T00:25:07.476+0000] {processor.py:179} INFO - Processing /opt/airflow/dags/src/feature_engineering.py took 0.240 seconds
[2025-10-09T00:25:37.537+0000] {processor.py:157} INFO - Started process (PID=697) to work on /opt/airflow/dags/src/feature_engineering.py
[2025-10-09T00:25:37.538+0000] {processor.py:829} INFO - Processing file /opt/airflow/dags/src/feature_engineering.py for tasks to queue
[2025-10-09T00:25:37.541+0000] {logging_mixin.py:151} INFO - [2025-10-09T00:25:37.540+0000] {dagbag.py:539} INFO - Filling up the DagBag from /opt/airflow/dags/src/feature_engineering.py
[2025-10-09T00:25:37.761+0000] {processor.py:841} WARNING - No viable dags retrieved from /opt/airflow/dags/src/feature_engineering.py
[2025-10-09T00:25:37.775+0000] {processor.py:179} INFO - Processing /opt/airflow/dags/src/feature_engineering.py took 0.240 seconds
[2025-10-09T00:26:07.851+0000] {processor.py:157} INFO - Started process (PID=761) to work on /opt/airflow/dags/src/feature_engineering.py
[2025-10-09T00:26:07.853+0000] {processor.py:829} INFO - Processing file /opt/airflow/dags/src/feature_engineering.py for tasks to queue
[2025-10-09T00:26:07.854+0000] {logging_mixin.py:151} INFO - [2025-10-09T00:26:07.854+0000] {dagbag.py:539} INFO - Filling up the DagBag from /opt/airflow/dags/src/feature_engineering.py
[2025-10-09T00:26:08.075+0000] {processor.py:841} WARNING - No viable dags retrieved from /opt/airflow/dags/src/feature_engineering.py
[2025-10-09T00:26:08.088+0000] {processor.py:179} INFO - Processing /opt/airflow/dags/src/feature_engineering.py took 0.240 seconds
[2025-10-09T00:26:38.594+0000] {processor.py:157} INFO - Started process (PID=823) to work on /opt/airflow/dags/src/feature_engineering.py
[2025-10-09T00:26:38.597+0000] {processor.py:829} INFO - Processing file /opt/airflow/dags/src/feature_engineering.py for tasks to queue
[2025-10-09T00:26:38.600+0000] {logging_mixin.py:151} INFO - [2025-10-09T00:26:38.599+0000] {dagbag.py:539} INFO - Filling up the DagBag from /opt/airflow/dags/src/feature_engineering.py
[2025-10-09T00:26:38.842+0000] {processor.py:841} WARNING - No viable dags retrieved from /opt/airflow/dags/src/feature_engineering.py
[2025-10-09T00:26:38.856+0000] {processor.py:179} INFO - Processing /opt/airflow/dags/src/feature_engineering.py took 0.264 seconds
[2025-10-09T00:27:09.155+0000] {processor.py:157} INFO - Started process (PID=894) to work on /opt/airflow/dags/src/feature_engineering.py
[2025-10-09T00:27:09.156+0000] {processor.py:829} INFO - Processing file /opt/airflow/dags/src/feature_engineering.py for tasks to queue
[2025-10-09T00:27:09.158+0000] {logging_mixin.py:151} INFO - [2025-10-09T00:27:09.158+0000] {dagbag.py:539} INFO - Filling up the DagBag from /opt/airflow/dags/src/feature_engineering.py
[2025-10-09T00:27:09.369+0000] {processor.py:841} WARNING - No viable dags retrieved from /opt/airflow/dags/src/feature_engineering.py
[2025-10-09T00:27:09.381+0000] {processor.py:179} INFO - Processing /opt/airflow/dags/src/feature_engineering.py took 0.227 seconds
[2025-10-09T00:27:39.453+0000] {processor.py:157} INFO - Started process (PID=957) to work on /opt/airflow/dags/src/feature_engineering.py
[2025-10-09T00:27:39.455+0000] {processor.py:829} INFO - Processing file /opt/airflow/dags/src/feature_engineering.py for tasks to queue
[2025-10-09T00:27:39.458+0000] {logging_mixin.py:151} INFO - [2025-10-09T00:27:39.458+0000] {dagbag.py:539} INFO - Filling up the DagBag from /opt/airflow/dags/src/feature_engineering.py
[2025-10-09T00:27:39.690+0000] {processor.py:841} WARNING - No viable dags retrieved from /opt/airflow/dags/src/feature_engineering.py
[2025-10-09T00:27:39.703+0000] {processor.py:179} INFO - Processing /opt/airflow/dags/src/feature_engineering.py took 0.252 seconds
[2025-10-09T00:28:10.101+0000] {processor.py:157} INFO - Started process (PID=1022) to work on /opt/airflow/dags/src/feature_engineering.py
[2025-10-09T00:28:10.102+0000] {processor.py:829} INFO - Processing file /opt/airflow/dags/src/feature_engineering.py for tasks to queue
[2025-10-09T00:28:10.104+0000] {logging_mixin.py:151} INFO - [2025-10-09T00:28:10.104+0000] {dagbag.py:539} INFO - Filling up the DagBag from /opt/airflow/dags/src/feature_engineering.py
[2025-10-09T00:28:10.324+0000] {processor.py:841} WARNING - No viable dags retrieved from /opt/airflow/dags/src/feature_engineering.py
[2025-10-09T00:28:10.338+0000] {processor.py:179} INFO - Processing /opt/airflow/dags/src/feature_engineering.py took 0.240 seconds
[2025-10-09T00:29:23.480+0000] {processor.py:157} INFO - Started process (PID=56) to work on /opt/airflow/dags/src/feature_engineering.py
[2025-10-09T00:29:23.481+0000] {processor.py:829} INFO - Processing file /opt/airflow/dags/src/feature_engineering.py for tasks to queue
[2025-10-09T00:29:23.482+0000] {logging_mixin.py:151} INFO - [2025-10-09T00:29:23.482+0000] {dagbag.py:539} INFO - Filling up the DagBag from /opt/airflow/dags/src/feature_engineering.py
[2025-10-09T00:29:23.765+0000] {processor.py:841} WARNING - No viable dags retrieved from /opt/airflow/dags/src/feature_engineering.py
[2025-10-09T00:29:23.777+0000] {processor.py:179} INFO - Processing /opt/airflow/dags/src/feature_engineering.py took 0.300 seconds
[2025-10-09T00:29:54.756+0000] {processor.py:157} INFO - Started process (PID=120) to work on /opt/airflow/dags/src/feature_engineering.py
[2025-10-09T00:29:54.757+0000] {processor.py:829} INFO - Processing file /opt/airflow/dags/src/feature_engineering.py for tasks to queue
[2025-10-09T00:29:54.759+0000] {logging_mixin.py:151} INFO - [2025-10-09T00:29:54.759+0000] {dagbag.py:539} INFO - Filling up the DagBag from /opt/airflow/dags/src/feature_engineering.py
[2025-10-09T00:29:54.990+0000] {processor.py:841} WARNING - No viable dags retrieved from /opt/airflow/dags/src/feature_engineering.py
[2025-10-09T00:29:55.001+0000] {processor.py:179} INFO - Processing /opt/airflow/dags/src/feature_engineering.py took 0.247 seconds
[2025-10-09T00:30:25.100+0000] {processor.py:157} INFO - Started process (PID=184) to work on /opt/airflow/dags/src/feature_engineering.py
[2025-10-09T00:30:25.103+0000] {processor.py:829} INFO - Processing file /opt/airflow/dags/src/feature_engineering.py for tasks to queue
[2025-10-09T00:30:25.106+0000] {logging_mixin.py:151} INFO - [2025-10-09T00:30:25.106+0000] {dagbag.py:539} INFO - Filling up the DagBag from /opt/airflow/dags/src/feature_engineering.py
[2025-10-09T00:30:25.325+0000] {processor.py:841} WARNING - No viable dags retrieved from /opt/airflow/dags/src/feature_engineering.py
[2025-10-09T00:30:25.336+0000] {processor.py:179} INFO - Processing /opt/airflow/dags/src/feature_engineering.py took 0.241 seconds
[2025-10-09T00:30:55.744+0000] {processor.py:157} INFO - Started process (PID=248) to work on /opt/airflow/dags/src/feature_engineering.py
[2025-10-09T00:30:55.745+0000] {processor.py:829} INFO - Processing file /opt/airflow/dags/src/feature_engineering.py for tasks to queue
[2025-10-09T00:30:55.749+0000] {logging_mixin.py:151} INFO - [2025-10-09T00:30:55.749+0000] {dagbag.py:539} INFO - Filling up the DagBag from /opt/airflow/dags/src/feature_engineering.py
[2025-10-09T00:30:55.957+0000] {processor.py:841} WARNING - No viable dags retrieved from /opt/airflow/dags/src/feature_engineering.py
[2025-10-09T00:30:55.968+0000] {processor.py:179} INFO - Processing /opt/airflow/dags/src/feature_engineering.py took 0.229 seconds
[2025-10-09T00:31:26.513+0000] {processor.py:157} INFO - Started process (PID=312) to work on /opt/airflow/dags/src/feature_engineering.py
[2025-10-09T00:31:26.514+0000] {processor.py:829} INFO - Processing file /opt/airflow/dags/src/feature_engineering.py for tasks to queue
[2025-10-09T00:31:26.516+0000] {logging_mixin.py:151} INFO - [2025-10-09T00:31:26.516+0000] {dagbag.py:539} INFO - Filling up the DagBag from /opt/airflow/dags/src/feature_engineering.py
[2025-10-09T00:31:26.715+0000] {processor.py:841} WARNING - No viable dags retrieved from /opt/airflow/dags/src/feature_engineering.py
[2025-10-09T00:31:26.727+0000] {processor.py:179} INFO - Processing /opt/airflow/dags/src/feature_engineering.py took 0.218 seconds
[2025-10-09T00:31:57.286+0000] {processor.py:157} INFO - Started process (PID=376) to work on /opt/airflow/dags/src/feature_engineering.py
[2025-10-09T00:31:57.287+0000] {processor.py:829} INFO - Processing file /opt/airflow/dags/src/feature_engineering.py for tasks to queue
[2025-10-09T00:31:57.289+0000] {logging_mixin.py:151} INFO - [2025-10-09T00:31:57.289+0000] {dagbag.py:539} INFO - Filling up the DagBag from /opt/airflow/dags/src/feature_engineering.py
[2025-10-09T00:31:57.494+0000] {processor.py:841} WARNING - No viable dags retrieved from /opt/airflow/dags/src/feature_engineering.py
[2025-10-09T00:31:57.505+0000] {processor.py:179} INFO - Processing /opt/airflow/dags/src/feature_engineering.py took 0.223 seconds
[2025-10-09T00:32:28.106+0000] {processor.py:157} INFO - Started process (PID=440) to work on /opt/airflow/dags/src/feature_engineering.py
[2025-10-09T00:32:28.107+0000] {processor.py:829} INFO - Processing file /opt/airflow/dags/src/feature_engineering.py for tasks to queue
[2025-10-09T00:32:28.110+0000] {logging_mixin.py:151} INFO - [2025-10-09T00:32:28.109+0000] {dagbag.py:539} INFO - Filling up the DagBag from /opt/airflow/dags/src/feature_engineering.py
[2025-10-09T00:32:28.320+0000] {processor.py:841} WARNING - No viable dags retrieved from /opt/airflow/dags/src/feature_engineering.py
[2025-10-09T00:32:28.332+0000] {processor.py:179} INFO - Processing /opt/airflow/dags/src/feature_engineering.py took 0.230 seconds
[2025-10-09T00:32:58.376+0000] {processor.py:157} INFO - Started process (PID=504) to work on /opt/airflow/dags/src/feature_engineering.py
[2025-10-09T00:32:58.377+0000] {processor.py:829} INFO - Processing file /opt/airflow/dags/src/feature_engineering.py for tasks to queue
[2025-10-09T00:32:58.380+0000] {logging_mixin.py:151} INFO - [2025-10-09T00:32:58.380+0000] {dagbag.py:539} INFO - Filling up the DagBag from /opt/airflow/dags/src/feature_engineering.py
[2025-10-09T00:32:58.596+0000] {processor.py:841} WARNING - No viable dags retrieved from /opt/airflow/dags/src/feature_engineering.py
[2025-10-09T00:32:58.609+0000] {processor.py:179} INFO - Processing /opt/airflow/dags/src/feature_engineering.py took 0.236 seconds
[2025-10-09T00:54:37.000+0000] {processor.py:157} INFO - Started process (PID=560) to work on /opt/airflow/dags/src/feature_engineering.py
[2025-10-09T00:54:37.005+0000] {processor.py:829} INFO - Processing file /opt/airflow/dags/src/feature_engineering.py for tasks to queue
[2025-10-09T00:54:37.011+0000] {logging_mixin.py:151} INFO - [2025-10-09T00:54:37.011+0000] {dagbag.py:539} INFO - Filling up the DagBag from /opt/airflow/dags/src/feature_engineering.py
[2025-10-09T00:54:37.293+0000] {processor.py:841} WARNING - No viable dags retrieved from /opt/airflow/dags/src/feature_engineering.py
[2025-10-09T00:54:37.306+0000] {processor.py:179} INFO - Processing /opt/airflow/dags/src/feature_engineering.py took 0.309 seconds
[2025-10-09T03:52:03.387+0000] {processor.py:157} INFO - Started process (PID=625) to work on /opt/airflow/dags/src/feature_engineering.py
[2025-10-09T03:52:03.388+0000] {processor.py:829} INFO - Processing file /opt/airflow/dags/src/feature_engineering.py for tasks to queue
[2025-10-09T03:52:03.390+0000] {logging_mixin.py:151} INFO - [2025-10-09T03:52:03.390+0000] {dagbag.py:539} INFO - Filling up the DagBag from /opt/airflow/dags/src/feature_engineering.py
[2025-10-09T03:52:03.617+0000] {processor.py:841} WARNING - No viable dags retrieved from /opt/airflow/dags/src/feature_engineering.py
[2025-10-09T03:52:03.627+0000] {processor.py:179} INFO - Processing /opt/airflow/dags/src/feature_engineering.py took 0.243 seconds
[2025-10-09T04:16:15.163+0000] {processor.py:157} INFO - Started process (PID=689) to work on /opt/airflow/dags/src/feature_engineering.py
[2025-10-09T04:16:15.166+0000] {processor.py:829} INFO - Processing file /opt/airflow/dags/src/feature_engineering.py for tasks to queue
[2025-10-09T04:16:15.168+0000] {logging_mixin.py:151} INFO - [2025-10-09T04:16:15.168+0000] {dagbag.py:539} INFO - Filling up the DagBag from /opt/airflow/dags/src/feature_engineering.py
[2025-10-09T04:16:15.412+0000] {processor.py:841} WARNING - No viable dags retrieved from /opt/airflow/dags/src/feature_engineering.py
[2025-10-09T04:16:15.422+0000] {processor.py:179} INFO - Processing /opt/airflow/dags/src/feature_engineering.py took 0.262 seconds
[2025-10-09T04:49:47.965+0000] {processor.py:157} INFO - Started process (PID=753) to work on /opt/airflow/dags/src/feature_engineering.py
[2025-10-09T04:49:47.966+0000] {processor.py:829} INFO - Processing file /opt/airflow/dags/src/feature_engineering.py for tasks to queue
[2025-10-09T04:49:47.969+0000] {logging_mixin.py:151} INFO - [2025-10-09T04:49:47.969+0000] {dagbag.py:539} INFO - Filling up the DagBag from /opt/airflow/dags/src/feature_engineering.py
[2025-10-09T04:49:48.194+0000] {processor.py:841} WARNING - No viable dags retrieved from /opt/airflow/dags/src/feature_engineering.py
[2025-10-09T04:49:48.211+0000] {processor.py:179} INFO - Processing /opt/airflow/dags/src/feature_engineering.py took 0.249 seconds
[2025-10-09T05:08:07.017+0000] {processor.py:157} INFO - Started process (PID=817) to work on /opt/airflow/dags/src/feature_engineering.py
[2025-10-09T05:08:07.020+0000] {processor.py:829} INFO - Processing file /opt/airflow/dags/src/feature_engineering.py for tasks to queue
[2025-10-09T05:08:07.023+0000] {logging_mixin.py:151} INFO - [2025-10-09T05:08:07.023+0000] {dagbag.py:539} INFO - Filling up the DagBag from /opt/airflow/dags/src/feature_engineering.py
[2025-10-09T05:08:07.243+0000] {processor.py:841} WARNING - No viable dags retrieved from /opt/airflow/dags/src/feature_engineering.py
[2025-10-09T05:08:07.251+0000] {processor.py:179} INFO - Processing /opt/airflow/dags/src/feature_engineering.py took 0.237 seconds
[2025-10-09T05:50:41.037+0000] {processor.py:157} INFO - Started process (PID=881) to work on /opt/airflow/dags/src/feature_engineering.py
[2025-10-09T05:50:41.040+0000] {processor.py:829} INFO - Processing file /opt/airflow/dags/src/feature_engineering.py for tasks to queue
[2025-10-09T05:50:41.042+0000] {logging_mixin.py:151} INFO - [2025-10-09T05:50:41.042+0000] {dagbag.py:539} INFO - Filling up the DagBag from /opt/airflow/dags/src/feature_engineering.py
[2025-10-09T05:50:41.276+0000] {processor.py:841} WARNING - No viable dags retrieved from /opt/airflow/dags/src/feature_engineering.py
[2025-10-09T05:50:41.295+0000] {processor.py:179} INFO - Processing /opt/airflow/dags/src/feature_engineering.py took 0.261 seconds
[2025-10-09T05:51:12.267+0000] {processor.py:157} INFO - Started process (PID=945) to work on /opt/airflow/dags/src/feature_engineering.py
[2025-10-09T05:51:12.269+0000] {processor.py:829} INFO - Processing file /opt/airflow/dags/src/feature_engineering.py for tasks to queue
[2025-10-09T05:51:12.271+0000] {logging_mixin.py:151} INFO - [2025-10-09T05:51:12.270+0000] {dagbag.py:539} INFO - Filling up the DagBag from /opt/airflow/dags/src/feature_engineering.py
[2025-10-09T05:51:12.510+0000] {processor.py:841} WARNING - No viable dags retrieved from /opt/airflow/dags/src/feature_engineering.py
[2025-10-09T05:51:12.521+0000] {processor.py:179} INFO - Processing /opt/airflow/dags/src/feature_engineering.py took 0.259 seconds
[2025-10-09T05:51:43.456+0000] {processor.py:157} INFO - Started process (PID=1009) to work on /opt/airflow/dags/src/feature_engineering.py
[2025-10-09T05:51:43.457+0000] {processor.py:829} INFO - Processing file /opt/airflow/dags/src/feature_engineering.py for tasks to queue
[2025-10-09T05:51:43.463+0000] {logging_mixin.py:151} INFO - [2025-10-09T05:51:43.462+0000] {dagbag.py:539} INFO - Filling up the DagBag from /opt/airflow/dags/src/feature_engineering.py
[2025-10-09T05:51:43.758+0000] {processor.py:841} WARNING - No viable dags retrieved from /opt/airflow/dags/src/feature_engineering.py
[2025-10-09T05:51:43.775+0000] {processor.py:179} INFO - Processing /opt/airflow/dags/src/feature_engineering.py took 0.323 seconds
[2025-10-09T05:52:14.494+0000] {processor.py:157} INFO - Started process (PID=1073) to work on /opt/airflow/dags/src/feature_engineering.py
[2025-10-09T05:52:14.496+0000] {processor.py:829} INFO - Processing file /opt/airflow/dags/src/feature_engineering.py for tasks to queue
[2025-10-09T05:52:14.499+0000] {logging_mixin.py:151} INFO - [2025-10-09T05:52:14.499+0000] {dagbag.py:539} INFO - Filling up the DagBag from /opt/airflow/dags/src/feature_engineering.py
[2025-10-09T05:52:14.727+0000] {processor.py:841} WARNING - No viable dags retrieved from /opt/airflow/dags/src/feature_engineering.py
[2025-10-09T05:52:14.739+0000] {processor.py:179} INFO - Processing /opt/airflow/dags/src/feature_engineering.py took 0.247 seconds
[2025-10-09T05:52:46.017+0000] {processor.py:157} INFO - Started process (PID=1137) to work on /opt/airflow/dags/src/feature_engineering.py
[2025-10-09T05:52:46.018+0000] {processor.py:829} INFO - Processing file /opt/airflow/dags/src/feature_engineering.py for tasks to queue
[2025-10-09T05:52:46.021+0000] {logging_mixin.py:151} INFO - [2025-10-09T05:52:46.021+0000] {dagbag.py:539} INFO - Filling up the DagBag from /opt/airflow/dags/src/feature_engineering.py
[2025-10-09T05:52:46.422+0000] {processor.py:841} WARNING - No viable dags retrieved from /opt/airflow/dags/src/feature_engineering.py
[2025-10-09T05:52:46.451+0000] {processor.py:179} INFO - Processing /opt/airflow/dags/src/feature_engineering.py took 0.437 seconds
[2025-10-09T05:53:17.199+0000] {processor.py:157} INFO - Started process (PID=1201) to work on /opt/airflow/dags/src/feature_engineering.py
[2025-10-09T05:53:17.200+0000] {processor.py:829} INFO - Processing file /opt/airflow/dags/src/feature_engineering.py for tasks to queue
[2025-10-09T05:53:17.204+0000] {logging_mixin.py:151} INFO - [2025-10-09T05:53:17.203+0000] {dagbag.py:539} INFO - Filling up the DagBag from /opt/airflow/dags/src/feature_engineering.py
[2025-10-09T05:53:17.576+0000] {processor.py:841} WARNING - No viable dags retrieved from /opt/airflow/dags/src/feature_engineering.py
[2025-10-09T05:53:17.596+0000] {processor.py:179} INFO - Processing /opt/airflow/dags/src/feature_engineering.py took 0.402 seconds
[2025-10-09T05:53:48.261+0000] {processor.py:157} INFO - Started process (PID=1265) to work on /opt/airflow/dags/src/feature_engineering.py
[2025-10-09T05:53:48.262+0000] {processor.py:829} INFO - Processing file /opt/airflow/dags/src/feature_engineering.py for tasks to queue
[2025-10-09T05:53:48.267+0000] {logging_mixin.py:151} INFO - [2025-10-09T05:53:48.267+0000] {dagbag.py:539} INFO - Filling up the DagBag from /opt/airflow/dags/src/feature_engineering.py
[2025-10-09T05:53:48.587+0000] {processor.py:841} WARNING - No viable dags retrieved from /opt/airflow/dags/src/feature_engineering.py
[2025-10-09T05:53:48.607+0000] {processor.py:179} INFO - Processing /opt/airflow/dags/src/feature_engineering.py took 0.350 seconds
[2025-10-09T05:54:19.090+0000] {processor.py:157} INFO - Started process (PID=1329) to work on /opt/airflow/dags/src/feature_engineering.py
[2025-10-09T05:54:19.091+0000] {processor.py:829} INFO - Processing file /opt/airflow/dags/src/feature_engineering.py for tasks to queue
[2025-10-09T05:54:19.092+0000] {logging_mixin.py:151} INFO - [2025-10-09T05:54:19.092+0000] {dagbag.py:539} INFO - Filling up the DagBag from /opt/airflow/dags/src/feature_engineering.py
[2025-10-09T05:54:19.669+0000] {processor.py:841} WARNING - No viable dags retrieved from /opt/airflow/dags/src/feature_engineering.py
[2025-10-09T05:54:19.698+0000] {processor.py:179} INFO - Processing /opt/airflow/dags/src/feature_engineering.py took 0.611 seconds
[2025-10-09T05:54:49.826+0000] {processor.py:157} INFO - Started process (PID=1393) to work on /opt/airflow/dags/src/feature_engineering.py
[2025-10-09T05:54:49.827+0000] {processor.py:829} INFO - Processing file /opt/airflow/dags/src/feature_engineering.py for tasks to queue
[2025-10-09T05:54:49.829+0000] {logging_mixin.py:151} INFO - [2025-10-09T05:54:49.829+0000] {dagbag.py:539} INFO - Filling up the DagBag from /opt/airflow/dags/src/feature_engineering.py
[2025-10-09T05:54:50.076+0000] {processor.py:841} WARNING - No viable dags retrieved from /opt/airflow/dags/src/feature_engineering.py
[2025-10-09T05:54:50.092+0000] {processor.py:179} INFO - Processing /opt/airflow/dags/src/feature_engineering.py took 0.269 seconds
[2025-10-09T05:55:20.534+0000] {processor.py:157} INFO - Started process (PID=1456) to work on /opt/airflow/dags/src/feature_engineering.py
[2025-10-09T05:55:20.538+0000] {processor.py:829} INFO - Processing file /opt/airflow/dags/src/feature_engineering.py for tasks to queue
[2025-10-09T05:55:20.541+0000] {logging_mixin.py:151} INFO - [2025-10-09T05:55:20.541+0000] {dagbag.py:539} INFO - Filling up the DagBag from /opt/airflow/dags/src/feature_engineering.py
[2025-10-09T05:55:20.763+0000] {processor.py:841} WARNING - No viable dags retrieved from /opt/airflow/dags/src/feature_engineering.py
[2025-10-09T05:55:20.771+0000] {processor.py:179} INFO - Processing /opt/airflow/dags/src/feature_engineering.py took 0.239 seconds
[2025-10-09T05:55:51.137+0000] {processor.py:157} INFO - Started process (PID=1521) to work on /opt/airflow/dags/src/feature_engineering.py
[2025-10-09T05:55:51.138+0000] {processor.py:829} INFO - Processing file /opt/airflow/dags/src/feature_engineering.py for tasks to queue
[2025-10-09T05:55:51.140+0000] {logging_mixin.py:151} INFO - [2025-10-09T05:55:51.140+0000] {dagbag.py:539} INFO - Filling up the DagBag from /opt/airflow/dags/src/feature_engineering.py
[2025-10-09T05:55:51.384+0000] {processor.py:841} WARNING - No viable dags retrieved from /opt/airflow/dags/src/feature_engineering.py
[2025-10-09T05:55:51.396+0000] {processor.py:179} INFO - Processing /opt/airflow/dags/src/feature_engineering.py took 0.263 seconds
[2025-10-09T05:56:21.437+0000] {processor.py:157} INFO - Started process (PID=1585) to work on /opt/airflow/dags/src/feature_engineering.py
[2025-10-09T05:56:21.438+0000] {processor.py:829} INFO - Processing file /opt/airflow/dags/src/feature_engineering.py for tasks to queue
[2025-10-09T05:56:21.440+0000] {logging_mixin.py:151} INFO - [2025-10-09T05:56:21.440+0000] {dagbag.py:539} INFO - Filling up the DagBag from /opt/airflow/dags/src/feature_engineering.py
[2025-10-09T05:56:21.901+0000] {processor.py:841} WARNING - No viable dags retrieved from /opt/airflow/dags/src/feature_engineering.py
[2025-10-09T05:56:21.930+0000] {processor.py:179} INFO - Processing /opt/airflow/dags/src/feature_engineering.py took 0.497 seconds
[2025-10-09T05:56:52.601+0000] {processor.py:157} INFO - Started process (PID=1649) to work on /opt/airflow/dags/src/feature_engineering.py
[2025-10-09T05:56:52.602+0000] {processor.py:829} INFO - Processing file /opt/airflow/dags/src/feature_engineering.py for tasks to queue
[2025-10-09T05:56:52.604+0000] {logging_mixin.py:151} INFO - [2025-10-09T05:56:52.604+0000] {dagbag.py:539} INFO - Filling up the DagBag from /opt/airflow/dags/src/feature_engineering.py
[2025-10-09T05:56:52.842+0000] {processor.py:841} WARNING - No viable dags retrieved from /opt/airflow/dags/src/feature_engineering.py
[2025-10-09T05:56:52.852+0000] {processor.py:179} INFO - Processing /opt/airflow/dags/src/feature_engineering.py took 0.255 seconds
[2025-10-09T05:57:23.143+0000] {processor.py:157} INFO - Started process (PID=1713) to work on /opt/airflow/dags/src/feature_engineering.py
[2025-10-09T05:57:23.144+0000] {processor.py:829} INFO - Processing file /opt/airflow/dags/src/feature_engineering.py for tasks to queue
[2025-10-09T05:57:23.146+0000] {logging_mixin.py:151} INFO - [2025-10-09T05:57:23.146+0000] {dagbag.py:539} INFO - Filling up the DagBag from /opt/airflow/dags/src/feature_engineering.py
[2025-10-09T05:57:23.368+0000] {processor.py:841} WARNING - No viable dags retrieved from /opt/airflow/dags/src/feature_engineering.py
[2025-10-09T05:57:23.382+0000] {processor.py:179} INFO - Processing /opt/airflow/dags/src/feature_engineering.py took 0.242 seconds
[2025-10-09T05:57:53.657+0000] {processor.py:157} INFO - Started process (PID=1777) to work on /opt/airflow/dags/src/feature_engineering.py
[2025-10-09T05:57:53.658+0000] {processor.py:829} INFO - Processing file /opt/airflow/dags/src/feature_engineering.py for tasks to queue
[2025-10-09T05:57:53.660+0000] {logging_mixin.py:151} INFO - [2025-10-09T05:57:53.660+0000] {dagbag.py:539} INFO - Filling up the DagBag from /opt/airflow/dags/src/feature_engineering.py
[2025-10-09T05:57:53.907+0000] {processor.py:841} WARNING - No viable dags retrieved from /opt/airflow/dags/src/feature_engineering.py
[2025-10-09T05:57:53.923+0000] {processor.py:179} INFO - Processing /opt/airflow/dags/src/feature_engineering.py took 0.268 seconds
[2025-10-09T05:58:24.399+0000] {processor.py:157} INFO - Started process (PID=1841) to work on /opt/airflow/dags/src/feature_engineering.py
[2025-10-09T05:58:24.400+0000] {processor.py:829} INFO - Processing file /opt/airflow/dags/src/feature_engineering.py for tasks to queue
[2025-10-09T05:58:24.402+0000] {logging_mixin.py:151} INFO - [2025-10-09T05:58:24.401+0000] {dagbag.py:539} INFO - Filling up the DagBag from /opt/airflow/dags/src/feature_engineering.py
[2025-10-09T05:58:24.633+0000] {processor.py:841} WARNING - No viable dags retrieved from /opt/airflow/dags/src/feature_engineering.py
[2025-10-09T05:58:24.644+0000] {processor.py:179} INFO - Processing /opt/airflow/dags/src/feature_engineering.py took 0.248 seconds
[2025-10-09T05:58:54.912+0000] {processor.py:157} INFO - Started process (PID=1905) to work on /opt/airflow/dags/src/feature_engineering.py
[2025-10-09T05:58:54.913+0000] {processor.py:829} INFO - Processing file /opt/airflow/dags/src/feature_engineering.py for tasks to queue
[2025-10-09T05:58:54.915+0000] {logging_mixin.py:151} INFO - [2025-10-09T05:58:54.915+0000] {dagbag.py:539} INFO - Filling up the DagBag from /opt/airflow/dags/src/feature_engineering.py
[2025-10-09T05:58:55.141+0000] {processor.py:841} WARNING - No viable dags retrieved from /opt/airflow/dags/src/feature_engineering.py
[2025-10-09T05:58:55.152+0000] {processor.py:179} INFO - Processing /opt/airflow/dags/src/feature_engineering.py took 0.244 seconds
[2025-10-09T05:59:26.238+0000] {processor.py:157} INFO - Started process (PID=1969) to work on /opt/airflow/dags/src/feature_engineering.py
[2025-10-09T05:59:26.239+0000] {processor.py:829} INFO - Processing file /opt/airflow/dags/src/feature_engineering.py for tasks to queue
[2025-10-09T05:59:26.241+0000] {logging_mixin.py:151} INFO - [2025-10-09T05:59:26.241+0000] {dagbag.py:539} INFO - Filling up the DagBag from /opt/airflow/dags/src/feature_engineering.py
[2025-10-09T05:59:26.487+0000] {processor.py:841} WARNING - No viable dags retrieved from /opt/airflow/dags/src/feature_engineering.py
[2025-10-09T05:59:26.499+0000] {processor.py:179} INFO - Processing /opt/airflow/dags/src/feature_engineering.py took 0.264 seconds
[2025-10-09T05:59:56.623+0000] {processor.py:157} INFO - Started process (PID=2033) to work on /opt/airflow/dags/src/feature_engineering.py
[2025-10-09T05:59:56.624+0000] {processor.py:829} INFO - Processing file /opt/airflow/dags/src/feature_engineering.py for tasks to queue
[2025-10-09T05:59:56.627+0000] {logging_mixin.py:151} INFO - [2025-10-09T05:59:56.626+0000] {dagbag.py:539} INFO - Filling up the DagBag from /opt/airflow/dags/src/feature_engineering.py
[2025-10-09T05:59:56.839+0000] {processor.py:841} WARNING - No viable dags retrieved from /opt/airflow/dags/src/feature_engineering.py
[2025-10-09T05:59:56.850+0000] {processor.py:179} INFO - Processing /opt/airflow/dags/src/feature_engineering.py took 0.229 seconds
[2025-10-09T06:00:28.047+0000] {processor.py:157} INFO - Started process (PID=2097) to work on /opt/airflow/dags/src/feature_engineering.py
[2025-10-09T06:00:28.050+0000] {processor.py:829} INFO - Processing file /opt/airflow/dags/src/feature_engineering.py for tasks to queue
[2025-10-09T06:00:28.051+0000] {logging_mixin.py:151} INFO - [2025-10-09T06:00:28.051+0000] {dagbag.py:539} INFO - Filling up the DagBag from /opt/airflow/dags/src/feature_engineering.py
[2025-10-09T06:00:28.265+0000] {processor.py:841} WARNING - No viable dags retrieved from /opt/airflow/dags/src/feature_engineering.py
[2025-10-09T06:00:28.274+0000] {processor.py:179} INFO - Processing /opt/airflow/dags/src/feature_engineering.py took 0.229 seconds
[2025-10-09T06:00:58.770+0000] {processor.py:157} INFO - Started process (PID=2161) to work on /opt/airflow/dags/src/feature_engineering.py
[2025-10-09T06:00:58.771+0000] {processor.py:829} INFO - Processing file /opt/airflow/dags/src/feature_engineering.py for tasks to queue
[2025-10-09T06:00:58.773+0000] {logging_mixin.py:151} INFO - [2025-10-09T06:00:58.773+0000] {dagbag.py:539} INFO - Filling up the DagBag from /opt/airflow/dags/src/feature_engineering.py
[2025-10-09T06:00:58.990+0000] {processor.py:841} WARNING - No viable dags retrieved from /opt/airflow/dags/src/feature_engineering.py
[2025-10-09T06:00:59.000+0000] {processor.py:179} INFO - Processing /opt/airflow/dags/src/feature_engineering.py took 0.233 seconds
[2025-10-09T06:01:29.741+0000] {processor.py:157} INFO - Started process (PID=2224) to work on /opt/airflow/dags/src/feature_engineering.py
[2025-10-09T06:01:29.743+0000] {processor.py:829} INFO - Processing file /opt/airflow/dags/src/feature_engineering.py for tasks to queue
[2025-10-09T06:01:29.747+0000] {logging_mixin.py:151} INFO - [2025-10-09T06:01:29.747+0000] {dagbag.py:539} INFO - Filling up the DagBag from /opt/airflow/dags/src/feature_engineering.py
[2025-10-09T06:01:30.090+0000] {processor.py:841} WARNING - No viable dags retrieved from /opt/airflow/dags/src/feature_engineering.py
[2025-10-09T06:01:30.106+0000] {processor.py:179} INFO - Processing /opt/airflow/dags/src/feature_engineering.py took 0.373 seconds
[2025-10-09T06:02:00.550+0000] {processor.py:157} INFO - Started process (PID=2289) to work on /opt/airflow/dags/src/feature_engineering.py
[2025-10-09T06:02:00.551+0000] {processor.py:829} INFO - Processing file /opt/airflow/dags/src/feature_engineering.py for tasks to queue
[2025-10-09T06:02:00.554+0000] {logging_mixin.py:151} INFO - [2025-10-09T06:02:00.554+0000] {dagbag.py:539} INFO - Filling up the DagBag from /opt/airflow/dags/src/feature_engineering.py
[2025-10-09T06:02:00.783+0000] {processor.py:841} WARNING - No viable dags retrieved from /opt/airflow/dags/src/feature_engineering.py
[2025-10-09T06:02:00.799+0000] {processor.py:179} INFO - Processing /opt/airflow/dags/src/feature_engineering.py took 0.252 seconds
[2025-10-09T06:02:31.163+0000] {processor.py:157} INFO - Started process (PID=2352) to work on /opt/airflow/dags/src/feature_engineering.py
[2025-10-09T06:02:31.164+0000] {processor.py:829} INFO - Processing file /opt/airflow/dags/src/feature_engineering.py for tasks to queue
[2025-10-09T06:02:31.167+0000] {logging_mixin.py:151} INFO - [2025-10-09T06:02:31.167+0000] {dagbag.py:539} INFO - Filling up the DagBag from /opt/airflow/dags/src/feature_engineering.py
[2025-10-09T06:02:31.387+0000] {processor.py:841} WARNING - No viable dags retrieved from /opt/airflow/dags/src/feature_engineering.py
[2025-10-09T06:02:31.400+0000] {processor.py:179} INFO - Processing /opt/airflow/dags/src/feature_engineering.py took 0.242 seconds
[2025-10-09T06:03:02.442+0000] {processor.py:157} INFO - Started process (PID=2423) to work on /opt/airflow/dags/src/feature_engineering.py
[2025-10-09T06:03:02.444+0000] {processor.py:829} INFO - Processing file /opt/airflow/dags/src/feature_engineering.py for tasks to queue
[2025-10-09T06:03:02.446+0000] {logging_mixin.py:151} INFO - [2025-10-09T06:03:02.446+0000] {dagbag.py:539} INFO - Filling up the DagBag from /opt/airflow/dags/src/feature_engineering.py
[2025-10-09T06:03:02.667+0000] {processor.py:841} WARNING - No viable dags retrieved from /opt/airflow/dags/src/feature_engineering.py
[2025-10-09T06:03:02.678+0000] {processor.py:179} INFO - Processing /opt/airflow/dags/src/feature_engineering.py took 0.240 seconds
[2025-10-09T06:03:33.024+0000] {processor.py:157} INFO - Started process (PID=2487) to work on /opt/airflow/dags/src/feature_engineering.py
[2025-10-09T06:03:33.025+0000] {processor.py:829} INFO - Processing file /opt/airflow/dags/src/feature_engineering.py for tasks to queue
[2025-10-09T06:03:33.029+0000] {logging_mixin.py:151} INFO - [2025-10-09T06:03:33.029+0000] {dagbag.py:539} INFO - Filling up the DagBag from /opt/airflow/dags/src/feature_engineering.py
[2025-10-09T06:03:33.300+0000] {processor.py:841} WARNING - No viable dags retrieved from /opt/airflow/dags/src/feature_engineering.py
[2025-10-09T06:03:33.319+0000] {processor.py:179} INFO - Processing /opt/airflow/dags/src/feature_engineering.py took 0.299 seconds
[2025-10-09T06:04:03.950+0000] {processor.py:157} INFO - Started process (PID=2551) to work on /opt/airflow/dags/src/feature_engineering.py
[2025-10-09T06:04:03.952+0000] {processor.py:829} INFO - Processing file /opt/airflow/dags/src/feature_engineering.py for tasks to queue
[2025-10-09T06:04:03.954+0000] {logging_mixin.py:151} INFO - [2025-10-09T06:04:03.954+0000] {dagbag.py:539} INFO - Filling up the DagBag from /opt/airflow/dags/src/feature_engineering.py
[2025-10-09T06:04:04.275+0000] {processor.py:841} WARNING - No viable dags retrieved from /opt/airflow/dags/src/feature_engineering.py
[2025-10-09T06:04:04.295+0000] {processor.py:179} INFO - Processing /opt/airflow/dags/src/feature_engineering.py took 0.348 seconds
[2025-10-09T06:04:35.020+0000] {processor.py:157} INFO - Started process (PID=2615) to work on /opt/airflow/dags/src/feature_engineering.py
[2025-10-09T06:04:35.021+0000] {processor.py:829} INFO - Processing file /opt/airflow/dags/src/feature_engineering.py for tasks to queue
[2025-10-09T06:04:35.023+0000] {logging_mixin.py:151} INFO - [2025-10-09T06:04:35.023+0000] {dagbag.py:539} INFO - Filling up the DagBag from /opt/airflow/dags/src/feature_engineering.py
[2025-10-09T06:04:35.271+0000] {processor.py:841} WARNING - No viable dags retrieved from /opt/airflow/dags/src/feature_engineering.py
[2025-10-09T06:04:35.285+0000] {processor.py:179} INFO - Processing /opt/airflow/dags/src/feature_engineering.py took 0.268 seconds
[2025-10-09T06:05:06.097+0000] {processor.py:157} INFO - Started process (PID=2678) to work on /opt/airflow/dags/src/feature_engineering.py
[2025-10-09T06:05:06.103+0000] {processor.py:829} INFO - Processing file /opt/airflow/dags/src/feature_engineering.py for tasks to queue
[2025-10-09T06:05:06.106+0000] {logging_mixin.py:151} INFO - [2025-10-09T06:05:06.105+0000] {dagbag.py:539} INFO - Filling up the DagBag from /opt/airflow/dags/src/feature_engineering.py
[2025-10-09T06:05:06.365+0000] {processor.py:841} WARNING - No viable dags retrieved from /opt/airflow/dags/src/feature_engineering.py
[2025-10-09T06:05:06.379+0000] {processor.py:179} INFO - Processing /opt/airflow/dags/src/feature_engineering.py took 0.284 seconds
[2025-10-09T06:05:36.903+0000] {processor.py:157} INFO - Started process (PID=2743) to work on /opt/airflow/dags/src/feature_engineering.py
[2025-10-09T06:05:36.905+0000] {processor.py:829} INFO - Processing file /opt/airflow/dags/src/feature_engineering.py for tasks to queue
[2025-10-09T06:05:36.912+0000] {logging_mixin.py:151} INFO - [2025-10-09T06:05:36.911+0000] {dagbag.py:539} INFO - Filling up the DagBag from /opt/airflow/dags/src/feature_engineering.py
[2025-10-09T06:05:37.526+0000] {processor.py:841} WARNING - No viable dags retrieved from /opt/airflow/dags/src/feature_engineering.py
[2025-10-09T06:05:37.574+0000] {processor.py:179} INFO - Processing /opt/airflow/dags/src/feature_engineering.py took 0.675 seconds
[2025-10-09T06:06:08.225+0000] {processor.py:157} INFO - Started process (PID=2807) to work on /opt/airflow/dags/src/feature_engineering.py
[2025-10-09T06:06:08.226+0000] {processor.py:829} INFO - Processing file /opt/airflow/dags/src/feature_engineering.py for tasks to queue
[2025-10-09T06:06:08.228+0000] {logging_mixin.py:151} INFO - [2025-10-09T06:06:08.228+0000] {dagbag.py:539} INFO - Filling up the DagBag from /opt/airflow/dags/src/feature_engineering.py
[2025-10-09T06:06:08.448+0000] {processor.py:841} WARNING - No viable dags retrieved from /opt/airflow/dags/src/feature_engineering.py
[2025-10-09T06:06:08.458+0000] {processor.py:179} INFO - Processing /opt/airflow/dags/src/feature_engineering.py took 0.238 seconds
[2025-10-09T06:06:38.507+0000] {processor.py:157} INFO - Started process (PID=2871) to work on /opt/airflow/dags/src/feature_engineering.py
[2025-10-09T06:06:38.508+0000] {processor.py:829} INFO - Processing file /opt/airflow/dags/src/feature_engineering.py for tasks to queue
[2025-10-09T06:06:38.510+0000] {logging_mixin.py:151} INFO - [2025-10-09T06:06:38.510+0000] {dagbag.py:539} INFO - Filling up the DagBag from /opt/airflow/dags/src/feature_engineering.py
[2025-10-09T06:06:38.723+0000] {processor.py:841} WARNING - No viable dags retrieved from /opt/airflow/dags/src/feature_engineering.py
[2025-10-09T06:06:38.734+0000] {processor.py:179} INFO - Processing /opt/airflow/dags/src/feature_engineering.py took 0.230 seconds
[2025-10-09T06:07:09.170+0000] {processor.py:157} INFO - Started process (PID=2935) to work on /opt/airflow/dags/src/feature_engineering.py
[2025-10-09T06:07:09.170+0000] {processor.py:829} INFO - Processing file /opt/airflow/dags/src/feature_engineering.py for tasks to queue
[2025-10-09T06:07:09.173+0000] {logging_mixin.py:151} INFO - [2025-10-09T06:07:09.173+0000] {dagbag.py:539} INFO - Filling up the DagBag from /opt/airflow/dags/src/feature_engineering.py
[2025-10-09T06:07:09.373+0000] {processor.py:841} WARNING - No viable dags retrieved from /opt/airflow/dags/src/feature_engineering.py
[2025-10-09T06:07:09.383+0000] {processor.py:179} INFO - Processing /opt/airflow/dags/src/feature_engineering.py took 0.218 seconds
[2025-10-09T06:07:40.485+0000] {processor.py:157} INFO - Started process (PID=2999) to work on /opt/airflow/dags/src/feature_engineering.py
[2025-10-09T06:07:40.486+0000] {processor.py:829} INFO - Processing file /opt/airflow/dags/src/feature_engineering.py for tasks to queue
[2025-10-09T06:07:40.489+0000] {logging_mixin.py:151} INFO - [2025-10-09T06:07:40.488+0000] {dagbag.py:539} INFO - Filling up the DagBag from /opt/airflow/dags/src/feature_engineering.py
[2025-10-09T06:07:40.735+0000] {processor.py:841} WARNING - No viable dags retrieved from /opt/airflow/dags/src/feature_engineering.py
[2025-10-09T06:07:40.746+0000] {processor.py:179} INFO - Processing /opt/airflow/dags/src/feature_engineering.py took 0.265 seconds
[2025-10-09T06:08:10.827+0000] {processor.py:157} INFO - Started process (PID=3063) to work on /opt/airflow/dags/src/feature_engineering.py
[2025-10-09T06:08:10.828+0000] {processor.py:829} INFO - Processing file /opt/airflow/dags/src/feature_engineering.py for tasks to queue
[2025-10-09T06:08:10.832+0000] {logging_mixin.py:151} INFO - [2025-10-09T06:08:10.831+0000] {dagbag.py:539} INFO - Filling up the DagBag from /opt/airflow/dags/src/feature_engineering.py
[2025-10-09T06:08:11.050+0000] {processor.py:841} WARNING - No viable dags retrieved from /opt/airflow/dags/src/feature_engineering.py
[2025-10-09T06:08:11.062+0000] {processor.py:179} INFO - Processing /opt/airflow/dags/src/feature_engineering.py took 0.239 seconds
[2025-10-09T06:08:41.141+0000] {processor.py:157} INFO - Started process (PID=3127) to work on /opt/airflow/dags/src/feature_engineering.py
[2025-10-09T06:08:41.141+0000] {processor.py:829} INFO - Processing file /opt/airflow/dags/src/feature_engineering.py for tasks to queue
[2025-10-09T06:08:41.143+0000] {logging_mixin.py:151} INFO - [2025-10-09T06:08:41.143+0000] {dagbag.py:539} INFO - Filling up the DagBag from /opt/airflow/dags/src/feature_engineering.py
[2025-10-09T06:08:41.353+0000] {processor.py:841} WARNING - No viable dags retrieved from /opt/airflow/dags/src/feature_engineering.py
[2025-10-09T06:08:41.366+0000] {processor.py:179} INFO - Processing /opt/airflow/dags/src/feature_engineering.py took 0.228 seconds
[2025-10-09T06:09:12.576+0000] {processor.py:157} INFO - Started process (PID=3191) to work on /opt/airflow/dags/src/feature_engineering.py
[2025-10-09T06:09:12.577+0000] {processor.py:829} INFO - Processing file /opt/airflow/dags/src/feature_engineering.py for tasks to queue
[2025-10-09T06:09:12.580+0000] {logging_mixin.py:151} INFO - [2025-10-09T06:09:12.579+0000] {dagbag.py:539} INFO - Filling up the DagBag from /opt/airflow/dags/src/feature_engineering.py
[2025-10-09T06:09:12.923+0000] {processor.py:841} WARNING - No viable dags retrieved from /opt/airflow/dags/src/feature_engineering.py
[2025-10-09T06:09:12.936+0000] {processor.py:179} INFO - Processing /opt/airflow/dags/src/feature_engineering.py took 0.362 seconds
[2025-10-09T06:09:43.014+0000] {processor.py:157} INFO - Started process (PID=3255) to work on /opt/airflow/dags/src/feature_engineering.py
[2025-10-09T06:09:43.015+0000] {processor.py:829} INFO - Processing file /opt/airflow/dags/src/feature_engineering.py for tasks to queue
[2025-10-09T06:09:43.017+0000] {logging_mixin.py:151} INFO - [2025-10-09T06:09:43.016+0000] {dagbag.py:539} INFO - Filling up the DagBag from /opt/airflow/dags/src/feature_engineering.py
[2025-10-09T06:09:43.233+0000] {processor.py:841} WARNING - No viable dags retrieved from /opt/airflow/dags/src/feature_engineering.py
[2025-10-09T06:09:43.243+0000] {processor.py:179} INFO - Processing /opt/airflow/dags/src/feature_engineering.py took 0.232 seconds
[2025-10-09T06:10:13.645+0000] {processor.py:157} INFO - Started process (PID=3319) to work on /opt/airflow/dags/src/feature_engineering.py
[2025-10-09T06:10:13.646+0000] {processor.py:829} INFO - Processing file /opt/airflow/dags/src/feature_engineering.py for tasks to queue
[2025-10-09T06:10:13.648+0000] {logging_mixin.py:151} INFO - [2025-10-09T06:10:13.647+0000] {dagbag.py:539} INFO - Filling up the DagBag from /opt/airflow/dags/src/feature_engineering.py
[2025-10-09T06:10:13.853+0000] {processor.py:841} WARNING - No viable dags retrieved from /opt/airflow/dags/src/feature_engineering.py
[2025-10-09T06:10:13.865+0000] {processor.py:179} INFO - Processing /opt/airflow/dags/src/feature_engineering.py took 0.222 seconds
[2025-10-09T06:10:43.945+0000] {processor.py:157} INFO - Started process (PID=3383) to work on /opt/airflow/dags/src/feature_engineering.py
[2025-10-09T06:10:43.946+0000] {processor.py:829} INFO - Processing file /opt/airflow/dags/src/feature_engineering.py for tasks to queue
[2025-10-09T06:10:43.949+0000] {logging_mixin.py:151} INFO - [2025-10-09T06:10:43.949+0000] {dagbag.py:539} INFO - Filling up the DagBag from /opt/airflow/dags/src/feature_engineering.py
[2025-10-09T06:10:44.170+0000] {processor.py:841} WARNING - No viable dags retrieved from /opt/airflow/dags/src/feature_engineering.py
[2025-10-09T06:10:44.182+0000] {processor.py:179} INFO - Processing /opt/airflow/dags/src/feature_engineering.py took 0.241 seconds
[2025-10-09T06:11:14.615+0000] {processor.py:157} INFO - Started process (PID=3447) to work on /opt/airflow/dags/src/feature_engineering.py
[2025-10-09T06:11:14.616+0000] {processor.py:829} INFO - Processing file /opt/airflow/dags/src/feature_engineering.py for tasks to queue
[2025-10-09T06:11:14.617+0000] {logging_mixin.py:151} INFO - [2025-10-09T06:11:14.617+0000] {dagbag.py:539} INFO - Filling up the DagBag from /opt/airflow/dags/src/feature_engineering.py
[2025-10-09T06:11:14.988+0000] {processor.py:841} WARNING - No viable dags retrieved from /opt/airflow/dags/src/feature_engineering.py
[2025-10-09T06:11:14.999+0000] {processor.py:179} INFO - Processing /opt/airflow/dags/src/feature_engineering.py took 0.387 seconds
[2025-10-09T06:11:45.034+0000] {processor.py:157} INFO - Started process (PID=3511) to work on /opt/airflow/dags/src/feature_engineering.py
[2025-10-09T06:11:45.035+0000] {processor.py:829} INFO - Processing file /opt/airflow/dags/src/feature_engineering.py for tasks to queue
[2025-10-09T06:11:45.038+0000] {logging_mixin.py:151} INFO - [2025-10-09T06:11:45.038+0000] {dagbag.py:539} INFO - Filling up the DagBag from /opt/airflow/dags/src/feature_engineering.py
[2025-10-09T06:11:45.246+0000] {processor.py:841} WARNING - No viable dags retrieved from /opt/airflow/dags/src/feature_engineering.py
[2025-10-09T06:11:45.258+0000] {processor.py:179} INFO - Processing /opt/airflow/dags/src/feature_engineering.py took 0.227 seconds
[2025-10-09T06:27:58.846+0000] {processor.py:157} INFO - Started process (PID=3575) to work on /opt/airflow/dags/src/feature_engineering.py
[2025-10-09T06:27:58.847+0000] {processor.py:829} INFO - Processing file /opt/airflow/dags/src/feature_engineering.py for tasks to queue
[2025-10-09T06:27:58.850+0000] {logging_mixin.py:151} INFO - [2025-10-09T06:27:58.850+0000] {dagbag.py:539} INFO - Filling up the DagBag from /opt/airflow/dags/src/feature_engineering.py
[2025-10-09T06:27:59.128+0000] {processor.py:841} WARNING - No viable dags retrieved from /opt/airflow/dags/src/feature_engineering.py
[2025-10-09T06:27:59.144+0000] {processor.py:179} INFO - Processing /opt/airflow/dags/src/feature_engineering.py took 0.302 seconds
[2025-10-09T06:35:27.980+0000] {processor.py:157} INFO - Started process (PID=3638) to work on /opt/airflow/dags/src/feature_engineering.py
[2025-10-09T06:35:27.982+0000] {processor.py:829} INFO - Processing file /opt/airflow/dags/src/feature_engineering.py for tasks to queue
[2025-10-09T06:35:27.983+0000] {logging_mixin.py:151} INFO - [2025-10-09T06:35:27.983+0000] {dagbag.py:539} INFO - Filling up the DagBag from /opt/airflow/dags/src/feature_engineering.py
[2025-10-09T06:35:28.377+0000] {processor.py:841} WARNING - No viable dags retrieved from /opt/airflow/dags/src/feature_engineering.py
[2025-10-09T06:35:28.390+0000] {processor.py:179} INFO - Processing /opt/airflow/dags/src/feature_engineering.py took 0.412 seconds
[2025-10-09T06:59:40.538+0000] {processor.py:157} INFO - Started process (PID=3703) to work on /opt/airflow/dags/src/feature_engineering.py
[2025-10-09T06:59:40.545+0000] {processor.py:829} INFO - Processing file /opt/airflow/dags/src/feature_engineering.py for tasks to queue
[2025-10-09T06:59:40.548+0000] {logging_mixin.py:151} INFO - [2025-10-09T06:59:40.548+0000] {dagbag.py:539} INFO - Filling up the DagBag from /opt/airflow/dags/src/feature_engineering.py
[2025-10-09T06:59:41.016+0000] {processor.py:841} WARNING - No viable dags retrieved from /opt/airflow/dags/src/feature_engineering.py
[2025-10-09T06:59:41.026+0000] {processor.py:179} INFO - Processing /opt/airflow/dags/src/feature_engineering.py took 0.492 seconds
[2025-10-09T07:16:10.800+0000] {processor.py:157} INFO - Started process (PID=3767) to work on /opt/airflow/dags/src/feature_engineering.py
[2025-10-09T07:16:10.802+0000] {processor.py:829} INFO - Processing file /opt/airflow/dags/src/feature_engineering.py for tasks to queue
[2025-10-09T07:16:10.807+0000] {logging_mixin.py:151} INFO - [2025-10-09T07:16:10.806+0000] {dagbag.py:539} INFO - Filling up the DagBag from /opt/airflow/dags/src/feature_engineering.py
[2025-10-09T07:16:11.227+0000] {processor.py:841} WARNING - No viable dags retrieved from /opt/airflow/dags/src/feature_engineering.py
[2025-10-09T07:16:11.237+0000] {processor.py:179} INFO - Processing /opt/airflow/dags/src/feature_engineering.py took 0.442 seconds
[2025-10-09T07:16:42.110+0000] {processor.py:157} INFO - Started process (PID=3831) to work on /opt/airflow/dags/src/feature_engineering.py
[2025-10-09T07:16:42.111+0000] {processor.py:829} INFO - Processing file /opt/airflow/dags/src/feature_engineering.py for tasks to queue
[2025-10-09T07:16:42.113+0000] {logging_mixin.py:151} INFO - [2025-10-09T07:16:42.112+0000] {dagbag.py:539} INFO - Filling up the DagBag from /opt/airflow/dags/src/feature_engineering.py
[2025-10-09T07:16:42.432+0000] {processor.py:841} WARNING - No viable dags retrieved from /opt/airflow/dags/src/feature_engineering.py
[2025-10-09T07:16:42.442+0000] {processor.py:179} INFO - Processing /opt/airflow/dags/src/feature_engineering.py took 0.335 seconds
[2025-10-09T07:17:49.034+0000] {processor.py:157} INFO - Started process (PID=3895) to work on /opt/airflow/dags/src/feature_engineering.py
[2025-10-09T07:17:49.038+0000] {processor.py:829} INFO - Processing file /opt/airflow/dags/src/feature_engineering.py for tasks to queue
[2025-10-09T07:17:49.041+0000] {logging_mixin.py:151} INFO - [2025-10-09T07:17:49.041+0000] {dagbag.py:539} INFO - Filling up the DagBag from /opt/airflow/dags/src/feature_engineering.py
[2025-10-09T07:17:49.432+0000] {processor.py:841} WARNING - No viable dags retrieved from /opt/airflow/dags/src/feature_engineering.py
[2025-10-09T07:17:49.443+0000] {processor.py:179} INFO - Processing /opt/airflow/dags/src/feature_engineering.py took 0.413 seconds
[2025-10-09T07:18:20.267+0000] {processor.py:157} INFO - Started process (PID=3959) to work on /opt/airflow/dags/src/feature_engineering.py
[2025-10-09T07:18:20.268+0000] {processor.py:829} INFO - Processing file /opt/airflow/dags/src/feature_engineering.py for tasks to queue
[2025-10-09T07:18:20.270+0000] {logging_mixin.py:151} INFO - [2025-10-09T07:18:20.270+0000] {dagbag.py:539} INFO - Filling up the DagBag from /opt/airflow/dags/src/feature_engineering.py
[2025-10-09T07:18:20.579+0000] {processor.py:841} WARNING - No viable dags retrieved from /opt/airflow/dags/src/feature_engineering.py
[2025-10-09T07:18:20.587+0000] {processor.py:179} INFO - Processing /opt/airflow/dags/src/feature_engineering.py took 0.323 seconds
[2025-10-09T07:19:20.513+0000] {processor.py:157} INFO - Started process (PID=4023) to work on /opt/airflow/dags/src/feature_engineering.py
[2025-10-09T07:19:20.514+0000] {processor.py:829} INFO - Processing file /opt/airflow/dags/src/feature_engineering.py for tasks to queue
[2025-10-09T07:19:20.516+0000] {logging_mixin.py:151} INFO - [2025-10-09T07:19:20.516+0000] {dagbag.py:539} INFO - Filling up the DagBag from /opt/airflow/dags/src/feature_engineering.py
[2025-10-09T07:19:20.832+0000] {processor.py:841} WARNING - No viable dags retrieved from /opt/airflow/dags/src/feature_engineering.py
[2025-10-09T07:19:20.843+0000] {processor.py:179} INFO - Processing /opt/airflow/dags/src/feature_engineering.py took 0.333 seconds
[2025-10-09T07:21:38.206+0000] {processor.py:157} INFO - Started process (PID=4087) to work on /opt/airflow/dags/src/feature_engineering.py
[2025-10-09T07:21:38.208+0000] {processor.py:829} INFO - Processing file /opt/airflow/dags/src/feature_engineering.py for tasks to queue
[2025-10-09T07:21:38.210+0000] {logging_mixin.py:151} INFO - [2025-10-09T07:21:38.209+0000] {dagbag.py:539} INFO - Filling up the DagBag from /opt/airflow/dags/src/feature_engineering.py
[2025-10-09T07:21:38.533+0000] {processor.py:841} WARNING - No viable dags retrieved from /opt/airflow/dags/src/feature_engineering.py
[2025-10-09T07:21:38.544+0000] {processor.py:179} INFO - Processing /opt/airflow/dags/src/feature_engineering.py took 0.341 seconds
[2025-10-09T07:22:22.934+0000] {processor.py:157} INFO - Started process (PID=4151) to work on /opt/airflow/dags/src/feature_engineering.py
[2025-10-09T07:22:22.938+0000] {processor.py:829} INFO - Processing file /opt/airflow/dags/src/feature_engineering.py for tasks to queue
[2025-10-09T07:22:22.940+0000] {logging_mixin.py:151} INFO - [2025-10-09T07:22:22.939+0000] {dagbag.py:539} INFO - Filling up the DagBag from /opt/airflow/dags/src/feature_engineering.py
[2025-10-09T07:22:23.331+0000] {processor.py:841} WARNING - No viable dags retrieved from /opt/airflow/dags/src/feature_engineering.py
[2025-10-09T07:22:23.345+0000] {processor.py:179} INFO - Processing /opt/airflow/dags/src/feature_engineering.py took 0.413 seconds
[2025-10-09T07:23:11.550+0000] {processor.py:157} INFO - Started process (PID=4215) to work on /opt/airflow/dags/src/feature_engineering.py
[2025-10-09T07:23:11.551+0000] {processor.py:829} INFO - Processing file /opt/airflow/dags/src/feature_engineering.py for tasks to queue
[2025-10-09T07:23:11.555+0000] {logging_mixin.py:151} INFO - [2025-10-09T07:23:11.555+0000] {dagbag.py:539} INFO - Filling up the DagBag from /opt/airflow/dags/src/feature_engineering.py
[2025-10-09T07:23:12.063+0000] {processor.py:841} WARNING - No viable dags retrieved from /opt/airflow/dags/src/feature_engineering.py
[2025-10-09T07:23:12.072+0000] {processor.py:179} INFO - Processing /opt/airflow/dags/src/feature_engineering.py took 0.525 seconds
[2025-10-09T07:24:31.763+0000] {processor.py:157} INFO - Started process (PID=4279) to work on /opt/airflow/dags/src/feature_engineering.py
[2025-10-09T07:24:31.765+0000] {processor.py:829} INFO - Processing file /opt/airflow/dags/src/feature_engineering.py for tasks to queue
[2025-10-09T07:24:31.768+0000] {logging_mixin.py:151} INFO - [2025-10-09T07:24:31.767+0000] {dagbag.py:539} INFO - Filling up the DagBag from /opt/airflow/dags/src/feature_engineering.py
[2025-10-09T07:24:32.203+0000] {processor.py:841} WARNING - No viable dags retrieved from /opt/airflow/dags/src/feature_engineering.py
[2025-10-09T07:24:32.212+0000] {processor.py:179} INFO - Processing /opt/airflow/dags/src/feature_engineering.py took 0.452 seconds
[2025-10-09T07:25:04.048+0000] {processor.py:157} INFO - Started process (PID=4343) to work on /opt/airflow/dags/src/feature_engineering.py
[2025-10-09T07:25:04.049+0000] {processor.py:829} INFO - Processing file /opt/airflow/dags/src/feature_engineering.py for tasks to queue
[2025-10-09T07:25:04.050+0000] {logging_mixin.py:151} INFO - [2025-10-09T07:25:04.050+0000] {dagbag.py:539} INFO - Filling up the DagBag from /opt/airflow/dags/src/feature_engineering.py
[2025-10-09T07:25:04.366+0000] {processor.py:841} WARNING - No viable dags retrieved from /opt/airflow/dags/src/feature_engineering.py
[2025-10-09T07:25:04.374+0000] {processor.py:179} INFO - Processing /opt/airflow/dags/src/feature_engineering.py took 0.329 seconds
[2025-10-09T07:25:34.897+0000] {processor.py:157} INFO - Started process (PID=4407) to work on /opt/airflow/dags/src/feature_engineering.py
[2025-10-09T07:25:34.898+0000] {processor.py:829} INFO - Processing file /opt/airflow/dags/src/feature_engineering.py for tasks to queue
[2025-10-09T07:25:34.902+0000] {logging_mixin.py:151} INFO - [2025-10-09T07:25:34.902+0000] {dagbag.py:539} INFO - Filling up the DagBag from /opt/airflow/dags/src/feature_engineering.py
[2025-10-09T07:25:35.219+0000] {processor.py:841} WARNING - No viable dags retrieved from /opt/airflow/dags/src/feature_engineering.py
[2025-10-09T07:25:35.236+0000] {processor.py:179} INFO - Processing /opt/airflow/dags/src/feature_engineering.py took 0.342 seconds
[2025-10-09T07:27:19.285+0000] {processor.py:157} INFO - Started process (PID=4471) to work on /opt/airflow/dags/src/feature_engineering.py
[2025-10-09T07:27:19.286+0000] {processor.py:829} INFO - Processing file /opt/airflow/dags/src/feature_engineering.py for tasks to queue
[2025-10-09T07:27:19.287+0000] {logging_mixin.py:151} INFO - [2025-10-09T07:27:19.287+0000] {dagbag.py:539} INFO - Filling up the DagBag from /opt/airflow/dags/src/feature_engineering.py
[2025-10-09T07:27:19.606+0000] {processor.py:841} WARNING - No viable dags retrieved from /opt/airflow/dags/src/feature_engineering.py
[2025-10-09T07:27:19.619+0000] {processor.py:179} INFO - Processing /opt/airflow/dags/src/feature_engineering.py took 0.337 seconds
[2025-10-09T07:28:32.745+0000] {processor.py:157} INFO - Started process (PID=4535) to work on /opt/airflow/dags/src/feature_engineering.py
[2025-10-09T07:28:32.746+0000] {processor.py:829} INFO - Processing file /opt/airflow/dags/src/feature_engineering.py for tasks to queue
[2025-10-09T07:28:32.749+0000] {logging_mixin.py:151} INFO - [2025-10-09T07:28:32.749+0000] {dagbag.py:539} INFO - Filling up the DagBag from /opt/airflow/dags/src/feature_engineering.py
[2025-10-09T07:28:33.204+0000] {processor.py:841} WARNING - No viable dags retrieved from /opt/airflow/dags/src/feature_engineering.py
[2025-10-09T07:28:33.218+0000] {processor.py:179} INFO - Processing /opt/airflow/dags/src/feature_engineering.py took 0.477 seconds
[2025-10-09T07:29:18.494+0000] {processor.py:157} INFO - Started process (PID=4599) to work on /opt/airflow/dags/src/feature_engineering.py
[2025-10-09T07:29:18.495+0000] {processor.py:829} INFO - Processing file /opt/airflow/dags/src/feature_engineering.py for tasks to queue
[2025-10-09T07:29:18.497+0000] {logging_mixin.py:151} INFO - [2025-10-09T07:29:18.496+0000] {dagbag.py:539} INFO - Filling up the DagBag from /opt/airflow/dags/src/feature_engineering.py
[2025-10-09T07:29:18.858+0000] {processor.py:841} WARNING - No viable dags retrieved from /opt/airflow/dags/src/feature_engineering.py
[2025-10-09T07:29:18.876+0000] {processor.py:179} INFO - Processing /opt/airflow/dags/src/feature_engineering.py took 0.384 seconds
[2025-10-09T07:30:34.589+0000] {processor.py:157} INFO - Started process (PID=4663) to work on /opt/airflow/dags/src/feature_engineering.py
[2025-10-09T07:30:34.591+0000] {processor.py:829} INFO - Processing file /opt/airflow/dags/src/feature_engineering.py for tasks to queue
[2025-10-09T07:30:34.595+0000] {logging_mixin.py:151} INFO - [2025-10-09T07:30:34.595+0000] {dagbag.py:539} INFO - Filling up the DagBag from /opt/airflow/dags/src/feature_engineering.py
[2025-10-09T07:30:34.920+0000] {processor.py:841} WARNING - No viable dags retrieved from /opt/airflow/dags/src/feature_engineering.py
[2025-10-09T07:30:34.928+0000] {processor.py:179} INFO - Processing /opt/airflow/dags/src/feature_engineering.py took 0.341 seconds
[2025-10-09T07:32:35.205+0000] {processor.py:157} INFO - Started process (PID=4727) to work on /opt/airflow/dags/src/feature_engineering.py
[2025-10-09T07:32:35.206+0000] {processor.py:829} INFO - Processing file /opt/airflow/dags/src/feature_engineering.py for tasks to queue
[2025-10-09T07:32:35.207+0000] {logging_mixin.py:151} INFO - [2025-10-09T07:32:35.207+0000] {dagbag.py:539} INFO - Filling up the DagBag from /opt/airflow/dags/src/feature_engineering.py
[2025-10-09T07:32:35.645+0000] {processor.py:841} WARNING - No viable dags retrieved from /opt/airflow/dags/src/feature_engineering.py
[2025-10-09T07:32:35.681+0000] {processor.py:179} INFO - Processing /opt/airflow/dags/src/feature_engineering.py took 0.479 seconds
[2025-10-09T07:33:06.924+0000] {processor.py:157} INFO - Started process (PID=4791) to work on /opt/airflow/dags/src/feature_engineering.py
[2025-10-09T07:33:06.925+0000] {processor.py:829} INFO - Processing file /opt/airflow/dags/src/feature_engineering.py for tasks to queue
[2025-10-09T07:33:06.927+0000] {logging_mixin.py:151} INFO - [2025-10-09T07:33:06.926+0000] {dagbag.py:539} INFO - Filling up the DagBag from /opt/airflow/dags/src/feature_engineering.py
[2025-10-09T07:33:07.249+0000] {processor.py:841} WARNING - No viable dags retrieved from /opt/airflow/dags/src/feature_engineering.py
[2025-10-09T07:33:07.259+0000] {processor.py:179} INFO - Processing /opt/airflow/dags/src/feature_engineering.py took 0.337 seconds
[2025-10-09T07:34:36.390+0000] {processor.py:157} INFO - Started process (PID=4855) to work on /opt/airflow/dags/src/feature_engineering.py
[2025-10-09T07:34:36.391+0000] {processor.py:829} INFO - Processing file /opt/airflow/dags/src/feature_engineering.py for tasks to queue
[2025-10-09T07:34:36.396+0000] {logging_mixin.py:151} INFO - [2025-10-09T07:34:36.395+0000] {dagbag.py:539} INFO - Filling up the DagBag from /opt/airflow/dags/src/feature_engineering.py
[2025-10-09T07:34:36.711+0000] {processor.py:841} WARNING - No viable dags retrieved from /opt/airflow/dags/src/feature_engineering.py
[2025-10-09T07:34:36.721+0000] {processor.py:179} INFO - Processing /opt/airflow/dags/src/feature_engineering.py took 0.333 seconds
[2025-10-09T07:35:08.641+0000] {processor.py:157} INFO - Started process (PID=4919) to work on /opt/airflow/dags/src/feature_engineering.py
[2025-10-09T07:35:08.642+0000] {processor.py:829} INFO - Processing file /opt/airflow/dags/src/feature_engineering.py for tasks to queue
[2025-10-09T07:35:08.644+0000] {logging_mixin.py:151} INFO - [2025-10-09T07:35:08.643+0000] {dagbag.py:539} INFO - Filling up the DagBag from /opt/airflow/dags/src/feature_engineering.py
[2025-10-09T07:35:09.288+0000] {processor.py:841} WARNING - No viable dags retrieved from /opt/airflow/dags/src/feature_engineering.py
[2025-10-09T07:35:09.306+0000] {processor.py:179} INFO - Processing /opt/airflow/dags/src/feature_engineering.py took 0.667 seconds
[2025-10-09T08:05:49.162+0000] {processor.py:157} INFO - Started process (PID=4983) to work on /opt/airflow/dags/src/feature_engineering.py
[2025-10-09T08:05:49.163+0000] {processor.py:829} INFO - Processing file /opt/airflow/dags/src/feature_engineering.py for tasks to queue
[2025-10-09T08:05:49.165+0000] {logging_mixin.py:151} INFO - [2025-10-09T08:05:49.165+0000] {dagbag.py:539} INFO - Filling up the DagBag from /opt/airflow/dags/src/feature_engineering.py
[2025-10-09T08:05:49.513+0000] {processor.py:841} WARNING - No viable dags retrieved from /opt/airflow/dags/src/feature_engineering.py
[2025-10-09T08:05:49.521+0000] {processor.py:179} INFO - Processing /opt/airflow/dags/src/feature_engineering.py took 0.362 seconds
[2025-10-09T08:30:30.796+0000] {processor.py:157} INFO - Started process (PID=5047) to work on /opt/airflow/dags/src/feature_engineering.py
[2025-10-09T08:30:30.797+0000] {processor.py:829} INFO - Processing file /opt/airflow/dags/src/feature_engineering.py for tasks to queue
[2025-10-09T08:30:30.799+0000] {logging_mixin.py:151} INFO - [2025-10-09T08:30:30.799+0000] {dagbag.py:539} INFO - Filling up the DagBag from /opt/airflow/dags/src/feature_engineering.py
[2025-10-09T08:30:31.271+0000] {processor.py:841} WARNING - No viable dags retrieved from /opt/airflow/dags/src/feature_engineering.py
[2025-10-09T08:30:31.350+0000] {processor.py:179} INFO - Processing /opt/airflow/dags/src/feature_engineering.py took 0.557 seconds
[2025-10-09T08:46:52.761+0000] {processor.py:157} INFO - Started process (PID=5110) to work on /opt/airflow/dags/src/feature_engineering.py
[2025-10-09T08:46:52.762+0000] {processor.py:829} INFO - Processing file /opt/airflow/dags/src/feature_engineering.py for tasks to queue
[2025-10-09T08:46:52.764+0000] {logging_mixin.py:151} INFO - [2025-10-09T08:46:52.763+0000] {dagbag.py:539} INFO - Filling up the DagBag from /opt/airflow/dags/src/feature_engineering.py
[2025-10-09T08:46:53.491+0000] {processor.py:841} WARNING - No viable dags retrieved from /opt/airflow/dags/src/feature_engineering.py
[2025-10-09T08:46:53.511+0000] {processor.py:179} INFO - Processing /opt/airflow/dags/src/feature_engineering.py took 0.752 seconds
[2025-10-09T09:57:05.251+0000] {processor.py:157} INFO - Started process (PID=5175) to work on /opt/airflow/dags/src/feature_engineering.py
[2025-10-09T09:57:05.253+0000] {processor.py:829} INFO - Processing file /opt/airflow/dags/src/feature_engineering.py for tasks to queue
[2025-10-09T09:57:05.258+0000] {logging_mixin.py:151} INFO - [2025-10-09T09:57:05.258+0000] {dagbag.py:539} INFO - Filling up the DagBag from /opt/airflow/dags/src/feature_engineering.py
[2025-10-09T09:57:05.917+0000] {processor.py:841} WARNING - No viable dags retrieved from /opt/airflow/dags/src/feature_engineering.py
[2025-10-09T09:57:05.939+0000] {processor.py:179} INFO - Processing /opt/airflow/dags/src/feature_engineering.py took 0.695 seconds
[2025-10-09T11:25:22.803+0000] {processor.py:157} INFO - Started process (PID=5238) to work on /opt/airflow/dags/src/feature_engineering.py
[2025-10-09T11:25:22.804+0000] {processor.py:829} INFO - Processing file /opt/airflow/dags/src/feature_engineering.py for tasks to queue
[2025-10-09T11:25:22.807+0000] {logging_mixin.py:151} INFO - [2025-10-09T11:25:22.807+0000] {dagbag.py:539} INFO - Filling up the DagBag from /opt/airflow/dags/src/feature_engineering.py
[2025-10-09T11:25:23.152+0000] {processor.py:841} WARNING - No viable dags retrieved from /opt/airflow/dags/src/feature_engineering.py
[2025-10-09T11:25:23.160+0000] {processor.py:179} INFO - Processing /opt/airflow/dags/src/feature_engineering.py took 0.359 seconds
[2025-10-09T12:36:33.901+0000] {processor.py:157} INFO - Started process (PID=5303) to work on /opt/airflow/dags/src/feature_engineering.py
[2025-10-09T12:36:33.903+0000] {processor.py:829} INFO - Processing file /opt/airflow/dags/src/feature_engineering.py for tasks to queue
[2025-10-09T12:36:33.907+0000] {logging_mixin.py:151} INFO - [2025-10-09T12:36:33.907+0000] {dagbag.py:539} INFO - Filling up the DagBag from /opt/airflow/dags/src/feature_engineering.py
[2025-10-09T12:36:34.589+0000] {processor.py:841} WARNING - No viable dags retrieved from /opt/airflow/dags/src/feature_engineering.py
[2025-10-09T12:36:34.607+0000] {processor.py:179} INFO - Processing /opt/airflow/dags/src/feature_engineering.py took 0.709 seconds
[2025-10-09T12:37:05.056+0000] {processor.py:157} INFO - Started process (PID=5367) to work on /opt/airflow/dags/src/feature_engineering.py
[2025-10-09T12:37:05.056+0000] {processor.py:829} INFO - Processing file /opt/airflow/dags/src/feature_engineering.py for tasks to queue
[2025-10-09T12:37:05.058+0000] {logging_mixin.py:151} INFO - [2025-10-09T12:37:05.058+0000] {dagbag.py:539} INFO - Filling up the DagBag from /opt/airflow/dags/src/feature_engineering.py
[2025-10-09T12:37:05.363+0000] {processor.py:841} WARNING - No viable dags retrieved from /opt/airflow/dags/src/feature_engineering.py
[2025-10-09T12:37:05.373+0000] {processor.py:179} INFO - Processing /opt/airflow/dags/src/feature_engineering.py took 0.320 seconds
[2025-10-09T14:05:27.726+0000] {processor.py:157} INFO - Started process (PID=5431) to work on /opt/airflow/dags/src/feature_engineering.py
[2025-10-09T14:05:27.726+0000] {processor.py:829} INFO - Processing file /opt/airflow/dags/src/feature_engineering.py for tasks to queue
[2025-10-09T14:05:27.728+0000] {logging_mixin.py:151} INFO - [2025-10-09T14:05:27.728+0000] {dagbag.py:539} INFO - Filling up the DagBag from /opt/airflow/dags/src/feature_engineering.py
[2025-10-09T14:05:28.049+0000] {processor.py:841} WARNING - No viable dags retrieved from /opt/airflow/dags/src/feature_engineering.py
[2025-10-09T14:05:28.058+0000] {processor.py:179} INFO - Processing /opt/airflow/dags/src/feature_engineering.py took 0.336 seconds
[2025-10-09T14:24:35.504+0000] {processor.py:157} INFO - Started process (PID=5494) to work on /opt/airflow/dags/src/feature_engineering.py
[2025-10-09T14:24:35.507+0000] {processor.py:829} INFO - Processing file /opt/airflow/dags/src/feature_engineering.py for tasks to queue
[2025-10-09T14:24:35.519+0000] {logging_mixin.py:151} INFO - [2025-10-09T14:24:35.516+0000] {dagbag.py:539} INFO - Filling up the DagBag from /opt/airflow/dags/src/feature_engineering.py
[2025-10-09T14:24:36.499+0000] {processor.py:841} WARNING - No viable dags retrieved from /opt/airflow/dags/src/feature_engineering.py
[2025-10-09T14:24:36.517+0000] {processor.py:179} INFO - Processing /opt/airflow/dags/src/feature_engineering.py took 1.021 seconds
[2025-10-09T15:06:48.367+0000] {processor.py:157} INFO - Started process (PID=5559) to work on /opt/airflow/dags/src/feature_engineering.py
[2025-10-09T15:06:48.368+0000] {processor.py:829} INFO - Processing file /opt/airflow/dags/src/feature_engineering.py for tasks to queue
[2025-10-09T15:06:48.372+0000] {logging_mixin.py:151} INFO - [2025-10-09T15:06:48.371+0000] {dagbag.py:539} INFO - Filling up the DagBag from /opt/airflow/dags/src/feature_engineering.py
[2025-10-09T15:06:48.879+0000] {processor.py:841} WARNING - No viable dags retrieved from /opt/airflow/dags/src/feature_engineering.py
[2025-10-09T15:06:48.890+0000] {processor.py:179} INFO - Processing /opt/airflow/dags/src/feature_engineering.py took 0.529 seconds
[2025-10-09T15:49:11.550+0000] {processor.py:157} INFO - Started process (PID=5622) to work on /opt/airflow/dags/src/feature_engineering.py
[2025-10-09T15:49:11.551+0000] {processor.py:829} INFO - Processing file /opt/airflow/dags/src/feature_engineering.py for tasks to queue
[2025-10-09T15:49:11.554+0000] {logging_mixin.py:151} INFO - [2025-10-09T15:49:11.553+0000] {dagbag.py:539} INFO - Filling up the DagBag from /opt/airflow/dags/src/feature_engineering.py
[2025-10-09T15:49:11.895+0000] {processor.py:841} WARNING - No viable dags retrieved from /opt/airflow/dags/src/feature_engineering.py
[2025-10-09T15:49:11.904+0000] {processor.py:179} INFO - Processing /opt/airflow/dags/src/feature_engineering.py took 0.359 seconds
[2025-10-09T15:49:42.857+0000] {processor.py:157} INFO - Started process (PID=5687) to work on /opt/airflow/dags/src/feature_engineering.py
[2025-10-09T15:49:42.859+0000] {processor.py:829} INFO - Processing file /opt/airflow/dags/src/feature_engineering.py for tasks to queue
[2025-10-09T15:49:42.860+0000] {logging_mixin.py:151} INFO - [2025-10-09T15:49:42.860+0000] {dagbag.py:539} INFO - Filling up the DagBag from /opt/airflow/dags/src/feature_engineering.py
[2025-10-09T15:49:43.164+0000] {processor.py:841} WARNING - No viable dags retrieved from /opt/airflow/dags/src/feature_engineering.py
[2025-10-09T15:49:43.172+0000] {processor.py:179} INFO - Processing /opt/airflow/dags/src/feature_engineering.py took 0.317 seconds
[2025-10-09T15:50:13.272+0000] {processor.py:157} INFO - Started process (PID=5751) to work on /opt/airflow/dags/src/feature_engineering.py
[2025-10-09T15:50:13.273+0000] {processor.py:829} INFO - Processing file /opt/airflow/dags/src/feature_engineering.py for tasks to queue
[2025-10-09T15:50:13.275+0000] {logging_mixin.py:151} INFO - [2025-10-09T15:50:13.274+0000] {dagbag.py:539} INFO - Filling up the DagBag from /opt/airflow/dags/src/feature_engineering.py
[2025-10-09T15:50:13.577+0000] {processor.py:841} WARNING - No viable dags retrieved from /opt/airflow/dags/src/feature_engineering.py
[2025-10-09T15:50:13.585+0000] {processor.py:179} INFO - Processing /opt/airflow/dags/src/feature_engineering.py took 0.316 seconds
[2025-10-09T15:50:43.661+0000] {processor.py:157} INFO - Started process (PID=5815) to work on /opt/airflow/dags/src/feature_engineering.py
[2025-10-09T15:50:43.662+0000] {processor.py:829} INFO - Processing file /opt/airflow/dags/src/feature_engineering.py for tasks to queue
[2025-10-09T15:50:43.663+0000] {logging_mixin.py:151} INFO - [2025-10-09T15:50:43.663+0000] {dagbag.py:539} INFO - Filling up the DagBag from /opt/airflow/dags/src/feature_engineering.py
[2025-10-09T15:50:43.969+0000] {processor.py:841} WARNING - No viable dags retrieved from /opt/airflow/dags/src/feature_engineering.py
[2025-10-09T15:50:43.976+0000] {processor.py:179} INFO - Processing /opt/airflow/dags/src/feature_engineering.py took 0.317 seconds
[2025-10-09T16:07:42.440+0000] {processor.py:157} INFO - Started process (PID=5879) to work on /opt/airflow/dags/src/feature_engineering.py
[2025-10-09T16:07:42.440+0000] {processor.py:829} INFO - Processing file /opt/airflow/dags/src/feature_engineering.py for tasks to queue
[2025-10-09T16:07:42.442+0000] {logging_mixin.py:151} INFO - [2025-10-09T16:07:42.442+0000] {dagbag.py:539} INFO - Filling up the DagBag from /opt/airflow/dags/src/feature_engineering.py
[2025-10-09T16:07:42.873+0000] {processor.py:841} WARNING - No viable dags retrieved from /opt/airflow/dags/src/feature_engineering.py
[2025-10-09T16:07:42.885+0000] {processor.py:179} INFO - Processing /opt/airflow/dags/src/feature_engineering.py took 0.448 seconds
[2025-10-09T16:19:54.780+0000] {processor.py:157} INFO - Started process (PID=5943) to work on /opt/airflow/dags/src/feature_engineering.py
[2025-10-09T16:19:54.782+0000] {processor.py:829} INFO - Processing file /opt/airflow/dags/src/feature_engineering.py for tasks to queue
[2025-10-09T16:19:54.788+0000] {logging_mixin.py:151} INFO - [2025-10-09T16:19:54.786+0000] {dagbag.py:539} INFO - Filling up the DagBag from /opt/airflow/dags/src/feature_engineering.py
[2025-10-09T16:19:55.473+0000] {processor.py:841} WARNING - No viable dags retrieved from /opt/airflow/dags/src/feature_engineering.py
[2025-10-09T16:19:55.496+0000] {processor.py:179} INFO - Processing /opt/airflow/dags/src/feature_engineering.py took 0.720 seconds
[2025-10-09T16:20:26.055+0000] {processor.py:157} INFO - Started process (PID=6007) to work on /opt/airflow/dags/src/feature_engineering.py
[2025-10-09T16:20:26.060+0000] {processor.py:829} INFO - Processing file /opt/airflow/dags/src/feature_engineering.py for tasks to queue
[2025-10-09T16:20:26.062+0000] {logging_mixin.py:151} INFO - [2025-10-09T16:20:26.062+0000] {dagbag.py:539} INFO - Filling up the DagBag from /opt/airflow/dags/src/feature_engineering.py
[2025-10-09T16:20:26.507+0000] {processor.py:841} WARNING - No viable dags retrieved from /opt/airflow/dags/src/feature_engineering.py
[2025-10-09T16:20:26.524+0000] {processor.py:179} INFO - Processing /opt/airflow/dags/src/feature_engineering.py took 0.471 seconds
[2025-10-09T16:20:57.175+0000] {processor.py:157} INFO - Started process (PID=6071) to work on /opt/airflow/dags/src/feature_engineering.py
[2025-10-09T16:20:57.176+0000] {processor.py:829} INFO - Processing file /opt/airflow/dags/src/feature_engineering.py for tasks to queue
[2025-10-09T16:20:57.179+0000] {logging_mixin.py:151} INFO - [2025-10-09T16:20:57.179+0000] {dagbag.py:539} INFO - Filling up the DagBag from /opt/airflow/dags/src/feature_engineering.py
[2025-10-09T16:20:57.522+0000] {processor.py:841} WARNING - No viable dags retrieved from /opt/airflow/dags/src/feature_engineering.py
[2025-10-09T16:20:57.533+0000] {processor.py:179} INFO - Processing /opt/airflow/dags/src/feature_engineering.py took 0.361 seconds
[2025-10-09T16:21:29.332+0000] {processor.py:157} INFO - Started process (PID=6135) to work on /opt/airflow/dags/src/feature_engineering.py
[2025-10-09T16:21:29.335+0000] {processor.py:829} INFO - Processing file /opt/airflow/dags/src/feature_engineering.py for tasks to queue
[2025-10-09T16:21:29.339+0000] {logging_mixin.py:151} INFO - [2025-10-09T16:21:29.338+0000] {dagbag.py:539} INFO - Filling up the DagBag from /opt/airflow/dags/src/feature_engineering.py
[2025-10-09T16:21:29.814+0000] {processor.py:841} WARNING - No viable dags retrieved from /opt/airflow/dags/src/feature_engineering.py
[2025-10-09T16:21:29.826+0000] {processor.py:179} INFO - Processing /opt/airflow/dags/src/feature_engineering.py took 0.497 seconds
[2025-10-09T16:22:00.373+0000] {processor.py:157} INFO - Started process (PID=6198) to work on /opt/airflow/dags/src/feature_engineering.py
[2025-10-09T16:22:00.374+0000] {processor.py:829} INFO - Processing file /opt/airflow/dags/src/feature_engineering.py for tasks to queue
[2025-10-09T16:22:00.376+0000] {logging_mixin.py:151} INFO - [2025-10-09T16:22:00.376+0000] {dagbag.py:539} INFO - Filling up the DagBag from /opt/airflow/dags/src/feature_engineering.py
[2025-10-09T16:22:00.725+0000] {processor.py:841} WARNING - No viable dags retrieved from /opt/airflow/dags/src/feature_engineering.py
[2025-10-09T16:22:00.732+0000] {processor.py:179} INFO - Processing /opt/airflow/dags/src/feature_engineering.py took 0.362 seconds
