[2025-10-09T00:20:31.297+0000] {processor.py:157} INFO - Started process (PID=56) to work on /opt/airflow/dags/src/load_data.py
[2025-10-09T00:20:31.298+0000] {processor.py:829} INFO - Processing file /opt/airflow/dags/src/load_data.py for tasks to queue
[2025-10-09T00:20:31.301+0000] {logging_mixin.py:151} INFO - [2025-10-09T00:20:31.301+0000] {dagbag.py:539} INFO - Filling up the DagBag from /opt/airflow/dags/src/load_data.py
[2025-10-09T00:20:31.625+0000] {processor.py:841} WARNING - No viable dags retrieved from /opt/airflow/dags/src/load_data.py
[2025-10-09T00:20:31.642+0000] {processor.py:179} INFO - Processing /opt/airflow/dags/src/load_data.py took 0.348 seconds
[2025-10-09T00:21:01.681+0000] {processor.py:157} INFO - Started process (PID=120) to work on /opt/airflow/dags/src/load_data.py
[2025-10-09T00:21:01.683+0000] {processor.py:829} INFO - Processing file /opt/airflow/dags/src/load_data.py for tasks to queue
[2025-10-09T00:21:01.684+0000] {logging_mixin.py:151} INFO - [2025-10-09T00:21:01.684+0000] {dagbag.py:539} INFO - Filling up the DagBag from /opt/airflow/dags/src/load_data.py
[2025-10-09T00:21:01.907+0000] {processor.py:841} WARNING - No viable dags retrieved from /opt/airflow/dags/src/load_data.py
[2025-10-09T00:21:01.918+0000] {processor.py:179} INFO - Processing /opt/airflow/dags/src/load_data.py took 0.240 seconds
[2025-10-09T00:21:32.313+0000] {processor.py:157} INFO - Started process (PID=184) to work on /opt/airflow/dags/src/load_data.py
[2025-10-09T00:21:32.315+0000] {processor.py:829} INFO - Processing file /opt/airflow/dags/src/load_data.py for tasks to queue
[2025-10-09T00:21:32.317+0000] {logging_mixin.py:151} INFO - [2025-10-09T00:21:32.316+0000] {dagbag.py:539} INFO - Filling up the DagBag from /opt/airflow/dags/src/load_data.py
[2025-10-09T00:21:32.524+0000] {processor.py:841} WARNING - No viable dags retrieved from /opt/airflow/dags/src/load_data.py
[2025-10-09T00:21:32.538+0000] {processor.py:179} INFO - Processing /opt/airflow/dags/src/load_data.py took 0.228 seconds
[2025-10-09T00:22:03.202+0000] {processor.py:157} INFO - Started process (PID=248) to work on /opt/airflow/dags/src/load_data.py
[2025-10-09T00:22:03.203+0000] {processor.py:829} INFO - Processing file /opt/airflow/dags/src/load_data.py for tasks to queue
[2025-10-09T00:22:03.205+0000] {logging_mixin.py:151} INFO - [2025-10-09T00:22:03.205+0000] {dagbag.py:539} INFO - Filling up the DagBag from /opt/airflow/dags/src/load_data.py
[2025-10-09T00:22:03.413+0000] {processor.py:841} WARNING - No viable dags retrieved from /opt/airflow/dags/src/load_data.py
[2025-10-09T00:22:03.425+0000] {processor.py:179} INFO - Processing /opt/airflow/dags/src/load_data.py took 0.227 seconds
[2025-10-09T00:22:34.793+0000] {processor.py:157} INFO - Started process (PID=312) to work on /opt/airflow/dags/src/load_data.py
[2025-10-09T00:22:34.794+0000] {processor.py:829} INFO - Processing file /opt/airflow/dags/src/load_data.py for tasks to queue
[2025-10-09T00:22:34.796+0000] {logging_mixin.py:151} INFO - [2025-10-09T00:22:34.796+0000] {dagbag.py:539} INFO - Filling up the DagBag from /opt/airflow/dags/src/load_data.py
[2025-10-09T00:22:35.039+0000] {processor.py:841} WARNING - No viable dags retrieved from /opt/airflow/dags/src/load_data.py
[2025-10-09T00:22:35.054+0000] {processor.py:179} INFO - Processing /opt/airflow/dags/src/load_data.py took 0.264 seconds
[2025-10-09T00:23:05.454+0000] {processor.py:157} INFO - Started process (PID=376) to work on /opt/airflow/dags/src/load_data.py
[2025-10-09T00:23:05.456+0000] {processor.py:829} INFO - Processing file /opt/airflow/dags/src/load_data.py for tasks to queue
[2025-10-09T00:23:05.458+0000] {logging_mixin.py:151} INFO - [2025-10-09T00:23:05.458+0000] {dagbag.py:539} INFO - Filling up the DagBag from /opt/airflow/dags/src/load_data.py
[2025-10-09T00:23:05.678+0000] {processor.py:841} WARNING - No viable dags retrieved from /opt/airflow/dags/src/load_data.py
[2025-10-09T00:23:05.691+0000] {processor.py:179} INFO - Processing /opt/airflow/dags/src/load_data.py took 0.240 seconds
[2025-10-09T00:23:36.136+0000] {processor.py:157} INFO - Started process (PID=441) to work on /opt/airflow/dags/src/load_data.py
[2025-10-09T00:23:36.137+0000] {processor.py:829} INFO - Processing file /opt/airflow/dags/src/load_data.py for tasks to queue
[2025-10-09T00:23:36.139+0000] {logging_mixin.py:151} INFO - [2025-10-09T00:23:36.138+0000] {dagbag.py:539} INFO - Filling up the DagBag from /opt/airflow/dags/src/load_data.py
[2025-10-09T00:23:36.336+0000] {processor.py:841} WARNING - No viable dags retrieved from /opt/airflow/dags/src/load_data.py
[2025-10-09T00:23:36.348+0000] {processor.py:179} INFO - Processing /opt/airflow/dags/src/load_data.py took 0.213 seconds
[2025-10-09T00:24:06.684+0000] {processor.py:157} INFO - Started process (PID=505) to work on /opt/airflow/dags/src/load_data.py
[2025-10-09T00:24:06.684+0000] {processor.py:829} INFO - Processing file /opt/airflow/dags/src/load_data.py for tasks to queue
[2025-10-09T00:24:06.687+0000] {logging_mixin.py:151} INFO - [2025-10-09T00:24:06.687+0000] {dagbag.py:539} INFO - Filling up the DagBag from /opt/airflow/dags/src/load_data.py
[2025-10-09T00:24:06.912+0000] {processor.py:841} WARNING - No viable dags retrieved from /opt/airflow/dags/src/load_data.py
[2025-10-09T00:24:06.920+0000] {processor.py:179} INFO - Processing /opt/airflow/dags/src/load_data.py took 0.239 seconds
[2025-10-09T00:24:36.992+0000] {processor.py:157} INFO - Started process (PID=572) to work on /opt/airflow/dags/src/load_data.py
[2025-10-09T00:24:36.992+0000] {processor.py:829} INFO - Processing file /opt/airflow/dags/src/load_data.py for tasks to queue
[2025-10-09T00:24:36.994+0000] {logging_mixin.py:151} INFO - [2025-10-09T00:24:36.994+0000] {dagbag.py:539} INFO - Filling up the DagBag from /opt/airflow/dags/src/load_data.py
[2025-10-09T00:24:37.202+0000] {processor.py:841} WARNING - No viable dags retrieved from /opt/airflow/dags/src/load_data.py
[2025-10-09T00:24:37.216+0000] {processor.py:179} INFO - Processing /opt/airflow/dags/src/load_data.py took 0.227 seconds
[2025-10-09T00:25:07.243+0000] {processor.py:157} INFO - Started process (PID=633) to work on /opt/airflow/dags/src/load_data.py
[2025-10-09T00:25:07.244+0000] {processor.py:829} INFO - Processing file /opt/airflow/dags/src/load_data.py for tasks to queue
[2025-10-09T00:25:07.246+0000] {logging_mixin.py:151} INFO - [2025-10-09T00:25:07.246+0000] {dagbag.py:539} INFO - Filling up the DagBag from /opt/airflow/dags/src/load_data.py
[2025-10-09T00:25:07.468+0000] {processor.py:841} WARNING - No viable dags retrieved from /opt/airflow/dags/src/load_data.py
[2025-10-09T00:25:07.481+0000] {processor.py:179} INFO - Processing /opt/airflow/dags/src/load_data.py took 0.243 seconds
[2025-10-09T00:25:37.542+0000] {processor.py:157} INFO - Started process (PID=698) to work on /opt/airflow/dags/src/load_data.py
[2025-10-09T00:25:37.542+0000] {processor.py:829} INFO - Processing file /opt/airflow/dags/src/load_data.py for tasks to queue
[2025-10-09T00:25:37.544+0000] {logging_mixin.py:151} INFO - [2025-10-09T00:25:37.544+0000] {dagbag.py:539} INFO - Filling up the DagBag from /opt/airflow/dags/src/load_data.py
[2025-10-09T00:25:37.769+0000] {processor.py:841} WARNING - No viable dags retrieved from /opt/airflow/dags/src/load_data.py
[2025-10-09T00:25:37.782+0000] {processor.py:179} INFO - Processing /opt/airflow/dags/src/load_data.py took 0.243 seconds
[2025-10-09T00:26:07.910+0000] {processor.py:157} INFO - Started process (PID=762) to work on /opt/airflow/dags/src/load_data.py
[2025-10-09T00:26:07.911+0000] {processor.py:829} INFO - Processing file /opt/airflow/dags/src/load_data.py for tasks to queue
[2025-10-09T00:26:07.913+0000] {logging_mixin.py:151} INFO - [2025-10-09T00:26:07.913+0000] {dagbag.py:539} INFO - Filling up the DagBag from /opt/airflow/dags/src/load_data.py
[2025-10-09T00:26:08.116+0000] {processor.py:841} WARNING - No viable dags retrieved from /opt/airflow/dags/src/load_data.py
[2025-10-09T00:26:08.129+0000] {processor.py:179} INFO - Processing /opt/airflow/dags/src/load_data.py took 0.222 seconds
[2025-10-09T00:26:38.873+0000] {processor.py:157} INFO - Started process (PID=826) to work on /opt/airflow/dags/src/load_data.py
[2025-10-09T00:26:38.874+0000] {processor.py:829} INFO - Processing file /opt/airflow/dags/src/load_data.py for tasks to queue
[2025-10-09T00:26:38.875+0000] {logging_mixin.py:151} INFO - [2025-10-09T00:26:38.875+0000] {dagbag.py:539} INFO - Filling up the DagBag from /opt/airflow/dags/src/load_data.py
[2025-10-09T00:26:39.164+0000] {processor.py:841} WARNING - No viable dags retrieved from /opt/airflow/dags/src/load_data.py
[2025-10-09T00:26:39.178+0000] {processor.py:179} INFO - Processing /opt/airflow/dags/src/load_data.py took 0.308 seconds
[2025-10-09T00:27:09.404+0000] {processor.py:157} INFO - Started process (PID=896) to work on /opt/airflow/dags/src/load_data.py
[2025-10-09T00:27:09.405+0000] {processor.py:829} INFO - Processing file /opt/airflow/dags/src/load_data.py for tasks to queue
[2025-10-09T00:27:09.407+0000] {logging_mixin.py:151} INFO - [2025-10-09T00:27:09.407+0000] {dagbag.py:539} INFO - Filling up the DagBag from /opt/airflow/dags/src/load_data.py
[2025-10-09T00:27:09.633+0000] {processor.py:841} WARNING - No viable dags retrieved from /opt/airflow/dags/src/load_data.py
[2025-10-09T00:27:09.647+0000] {processor.py:179} INFO - Processing /opt/airflow/dags/src/load_data.py took 0.247 seconds
[2025-10-09T00:27:39.709+0000] {processor.py:157} INFO - Started process (PID=960) to work on /opt/airflow/dags/src/load_data.py
[2025-10-09T00:27:39.710+0000] {processor.py:829} INFO - Processing file /opt/airflow/dags/src/load_data.py for tasks to queue
[2025-10-09T00:27:39.711+0000] {logging_mixin.py:151} INFO - [2025-10-09T00:27:39.711+0000] {dagbag.py:539} INFO - Filling up the DagBag from /opt/airflow/dags/src/load_data.py
[2025-10-09T00:27:39.928+0000] {processor.py:841} WARNING - No viable dags retrieved from /opt/airflow/dags/src/load_data.py
[2025-10-09T00:27:39.941+0000] {processor.py:179} INFO - Processing /opt/airflow/dags/src/load_data.py took 0.235 seconds
[2025-10-09T00:28:10.250+0000] {processor.py:157} INFO - Started process (PID=1026) to work on /opt/airflow/dags/src/load_data.py
[2025-10-09T00:28:10.251+0000] {processor.py:829} INFO - Processing file /opt/airflow/dags/src/load_data.py for tasks to queue
[2025-10-09T00:28:10.252+0000] {logging_mixin.py:151} INFO - [2025-10-09T00:28:10.252+0000] {dagbag.py:539} INFO - Filling up the DagBag from /opt/airflow/dags/src/load_data.py
[2025-10-09T00:28:10.467+0000] {processor.py:841} WARNING - No viable dags retrieved from /opt/airflow/dags/src/load_data.py
[2025-10-09T00:28:10.476+0000] {processor.py:179} INFO - Processing /opt/airflow/dags/src/load_data.py took 0.230 seconds
[2025-10-09T00:29:23.481+0000] {processor.py:157} INFO - Started process (PID=57) to work on /opt/airflow/dags/src/load_data.py
[2025-10-09T00:29:23.482+0000] {processor.py:829} INFO - Processing file /opt/airflow/dags/src/load_data.py for tasks to queue
[2025-10-09T00:29:23.484+0000] {logging_mixin.py:151} INFO - [2025-10-09T00:29:23.483+0000] {dagbag.py:539} INFO - Filling up the DagBag from /opt/airflow/dags/src/load_data.py
[2025-10-09T00:29:23.744+0000] {processor.py:841} WARNING - No viable dags retrieved from /opt/airflow/dags/src/load_data.py
[2025-10-09T00:29:23.760+0000] {processor.py:179} INFO - Processing /opt/airflow/dags/src/load_data.py took 0.281 seconds
[2025-10-09T00:29:54.758+0000] {processor.py:157} INFO - Started process (PID=121) to work on /opt/airflow/dags/src/load_data.py
[2025-10-09T00:29:54.758+0000] {processor.py:829} INFO - Processing file /opt/airflow/dags/src/load_data.py for tasks to queue
[2025-10-09T00:29:54.761+0000] {logging_mixin.py:151} INFO - [2025-10-09T00:29:54.761+0000] {dagbag.py:539} INFO - Filling up the DagBag from /opt/airflow/dags/src/load_data.py
[2025-10-09T00:29:54.992+0000] {processor.py:841} WARNING - No viable dags retrieved from /opt/airflow/dags/src/load_data.py
[2025-10-09T00:29:55.003+0000] {processor.py:179} INFO - Processing /opt/airflow/dags/src/load_data.py took 0.247 seconds
[2025-10-09T00:30:25.103+0000] {processor.py:157} INFO - Started process (PID=185) to work on /opt/airflow/dags/src/load_data.py
[2025-10-09T00:30:25.106+0000] {processor.py:829} INFO - Processing file /opt/airflow/dags/src/load_data.py for tasks to queue
[2025-10-09T00:30:25.109+0000] {logging_mixin.py:151} INFO - [2025-10-09T00:30:25.109+0000] {dagbag.py:539} INFO - Filling up the DagBag from /opt/airflow/dags/src/load_data.py
[2025-10-09T00:30:25.327+0000] {processor.py:841} WARNING - No viable dags retrieved from /opt/airflow/dags/src/load_data.py
[2025-10-09T00:30:25.339+0000] {processor.py:179} INFO - Processing /opt/airflow/dags/src/load_data.py took 0.239 seconds
[2025-10-09T00:30:55.745+0000] {processor.py:157} INFO - Started process (PID=249) to work on /opt/airflow/dags/src/load_data.py
[2025-10-09T00:30:55.747+0000] {processor.py:829} INFO - Processing file /opt/airflow/dags/src/load_data.py for tasks to queue
[2025-10-09T00:30:55.750+0000] {logging_mixin.py:151} INFO - [2025-10-09T00:30:55.750+0000] {dagbag.py:539} INFO - Filling up the DagBag from /opt/airflow/dags/src/load_data.py
[2025-10-09T00:30:55.958+0000] {processor.py:841} WARNING - No viable dags retrieved from /opt/airflow/dags/src/load_data.py
[2025-10-09T00:30:55.969+0000] {processor.py:179} INFO - Processing /opt/airflow/dags/src/load_data.py took 0.228 seconds
[2025-10-09T00:31:26.515+0000] {processor.py:157} INFO - Started process (PID=313) to work on /opt/airflow/dags/src/load_data.py
[2025-10-09T00:31:26.516+0000] {processor.py:829} INFO - Processing file /opt/airflow/dags/src/load_data.py for tasks to queue
[2025-10-09T00:31:26.518+0000] {logging_mixin.py:151} INFO - [2025-10-09T00:31:26.518+0000] {dagbag.py:539} INFO - Filling up the DagBag from /opt/airflow/dags/src/load_data.py
[2025-10-09T00:31:26.715+0000] {processor.py:841} WARNING - No viable dags retrieved from /opt/airflow/dags/src/load_data.py
[2025-10-09T00:31:26.726+0000] {processor.py:179} INFO - Processing /opt/airflow/dags/src/load_data.py took 0.214 seconds
[2025-10-09T00:31:57.290+0000] {processor.py:157} INFO - Started process (PID=377) to work on /opt/airflow/dags/src/load_data.py
[2025-10-09T00:31:57.291+0000] {processor.py:829} INFO - Processing file /opt/airflow/dags/src/load_data.py for tasks to queue
[2025-10-09T00:31:57.293+0000] {logging_mixin.py:151} INFO - [2025-10-09T00:31:57.292+0000] {dagbag.py:539} INFO - Filling up the DagBag from /opt/airflow/dags/src/load_data.py
[2025-10-09T00:31:57.497+0000] {processor.py:841} WARNING - No viable dags retrieved from /opt/airflow/dags/src/load_data.py
[2025-10-09T00:31:57.507+0000] {processor.py:179} INFO - Processing /opt/airflow/dags/src/load_data.py took 0.220 seconds
[2025-10-09T00:32:28.109+0000] {processor.py:157} INFO - Started process (PID=441) to work on /opt/airflow/dags/src/load_data.py
[2025-10-09T00:32:28.110+0000] {processor.py:829} INFO - Processing file /opt/airflow/dags/src/load_data.py for tasks to queue
[2025-10-09T00:32:28.112+0000] {logging_mixin.py:151} INFO - [2025-10-09T00:32:28.112+0000] {dagbag.py:539} INFO - Filling up the DagBag from /opt/airflow/dags/src/load_data.py
[2025-10-09T00:32:28.323+0000] {processor.py:841} WARNING - No viable dags retrieved from /opt/airflow/dags/src/load_data.py
[2025-10-09T00:32:28.333+0000] {processor.py:179} INFO - Processing /opt/airflow/dags/src/load_data.py took 0.227 seconds
[2025-10-09T00:32:58.377+0000] {processor.py:157} INFO - Started process (PID=505) to work on /opt/airflow/dags/src/load_data.py
[2025-10-09T00:32:58.379+0000] {processor.py:829} INFO - Processing file /opt/airflow/dags/src/load_data.py for tasks to queue
[2025-10-09T00:32:58.381+0000] {logging_mixin.py:151} INFO - [2025-10-09T00:32:58.381+0000] {dagbag.py:539} INFO - Filling up the DagBag from /opt/airflow/dags/src/load_data.py
[2025-10-09T00:32:58.597+0000] {processor.py:841} WARNING - No viable dags retrieved from /opt/airflow/dags/src/load_data.py
[2025-10-09T00:32:58.609+0000] {processor.py:179} INFO - Processing /opt/airflow/dags/src/load_data.py took 0.235 seconds
[2025-10-09T00:54:37.326+0000] {processor.py:157} INFO - Started process (PID=563) to work on /opt/airflow/dags/src/load_data.py
[2025-10-09T00:54:37.327+0000] {processor.py:829} INFO - Processing file /opt/airflow/dags/src/load_data.py for tasks to queue
[2025-10-09T00:54:37.329+0000] {logging_mixin.py:151} INFO - [2025-10-09T00:54:37.329+0000] {dagbag.py:539} INFO - Filling up the DagBag from /opt/airflow/dags/src/load_data.py
[2025-10-09T00:54:37.569+0000] {processor.py:841} WARNING - No viable dags retrieved from /opt/airflow/dags/src/load_data.py
[2025-10-09T00:54:37.580+0000] {processor.py:179} INFO - Processing /opt/airflow/dags/src/load_data.py took 0.257 seconds
[2025-10-09T03:52:03.395+0000] {processor.py:157} INFO - Started process (PID=626) to work on /opt/airflow/dags/src/load_data.py
[2025-10-09T03:52:03.397+0000] {processor.py:829} INFO - Processing file /opt/airflow/dags/src/load_data.py for tasks to queue
[2025-10-09T03:52:03.401+0000] {logging_mixin.py:151} INFO - [2025-10-09T03:52:03.401+0000] {dagbag.py:539} INFO - Filling up the DagBag from /opt/airflow/dags/src/load_data.py
[2025-10-09T03:52:03.621+0000] {processor.py:841} WARNING - No viable dags retrieved from /opt/airflow/dags/src/load_data.py
[2025-10-09T03:52:03.630+0000] {processor.py:179} INFO - Processing /opt/airflow/dags/src/load_data.py took 0.238 seconds
[2025-10-09T04:16:15.172+0000] {processor.py:157} INFO - Started process (PID=690) to work on /opt/airflow/dags/src/load_data.py
[2025-10-09T04:16:15.176+0000] {processor.py:829} INFO - Processing file /opt/airflow/dags/src/load_data.py for tasks to queue
[2025-10-09T04:16:15.179+0000] {logging_mixin.py:151} INFO - [2025-10-09T04:16:15.178+0000] {dagbag.py:539} INFO - Filling up the DagBag from /opt/airflow/dags/src/load_data.py
[2025-10-09T04:16:15.411+0000] {processor.py:841} WARNING - No viable dags retrieved from /opt/airflow/dags/src/load_data.py
[2025-10-09T04:16:15.428+0000] {processor.py:179} INFO - Processing /opt/airflow/dags/src/load_data.py took 0.259 seconds
[2025-10-09T04:49:47.972+0000] {processor.py:157} INFO - Started process (PID=754) to work on /opt/airflow/dags/src/load_data.py
[2025-10-09T04:49:47.973+0000] {processor.py:829} INFO - Processing file /opt/airflow/dags/src/load_data.py for tasks to queue
[2025-10-09T04:49:47.974+0000] {logging_mixin.py:151} INFO - [2025-10-09T04:49:47.974+0000] {dagbag.py:539} INFO - Filling up the DagBag from /opt/airflow/dags/src/load_data.py
[2025-10-09T04:49:48.195+0000] {processor.py:841} WARNING - No viable dags retrieved from /opt/airflow/dags/src/load_data.py
[2025-10-09T04:49:48.206+0000] {processor.py:179} INFO - Processing /opt/airflow/dags/src/load_data.py took 0.236 seconds
[2025-10-09T05:08:07.020+0000] {processor.py:157} INFO - Started process (PID=818) to work on /opt/airflow/dags/src/load_data.py
[2025-10-09T05:08:07.020+0000] {processor.py:829} INFO - Processing file /opt/airflow/dags/src/load_data.py for tasks to queue
[2025-10-09T05:08:07.023+0000] {logging_mixin.py:151} INFO - [2025-10-09T05:08:07.023+0000] {dagbag.py:539} INFO - Filling up the DagBag from /opt/airflow/dags/src/load_data.py
[2025-10-09T05:08:07.242+0000] {processor.py:841} WARNING - No viable dags retrieved from /opt/airflow/dags/src/load_data.py
[2025-10-09T05:08:07.251+0000] {processor.py:179} INFO - Processing /opt/airflow/dags/src/load_data.py took 0.234 seconds
[2025-10-09T05:50:41.109+0000] {processor.py:157} INFO - Started process (PID=883) to work on /opt/airflow/dags/src/load_data.py
[2025-10-09T05:50:41.110+0000] {processor.py:829} INFO - Processing file /opt/airflow/dags/src/load_data.py for tasks to queue
[2025-10-09T05:50:41.112+0000] {logging_mixin.py:151} INFO - [2025-10-09T05:50:41.112+0000] {dagbag.py:539} INFO - Filling up the DagBag from /opt/airflow/dags/src/load_data.py
[2025-10-09T05:50:41.367+0000] {processor.py:841} WARNING - No viable dags retrieved from /opt/airflow/dags/src/load_data.py
[2025-10-09T05:50:41.385+0000] {processor.py:179} INFO - Processing /opt/airflow/dags/src/load_data.py took 0.279 seconds
[2025-10-09T05:51:12.275+0000] {processor.py:157} INFO - Started process (PID=946) to work on /opt/airflow/dags/src/load_data.py
[2025-10-09T05:51:12.280+0000] {processor.py:829} INFO - Processing file /opt/airflow/dags/src/load_data.py for tasks to queue
[2025-10-09T05:51:12.288+0000] {logging_mixin.py:151} INFO - [2025-10-09T05:51:12.287+0000] {dagbag.py:539} INFO - Filling up the DagBag from /opt/airflow/dags/src/load_data.py
[2025-10-09T05:51:12.518+0000] {processor.py:841} WARNING - No viable dags retrieved from /opt/airflow/dags/src/load_data.py
[2025-10-09T05:51:12.531+0000] {processor.py:179} INFO - Processing /opt/airflow/dags/src/load_data.py took 0.260 seconds
[2025-10-09T05:51:43.458+0000] {processor.py:157} INFO - Started process (PID=1010) to work on /opt/airflow/dags/src/load_data.py
[2025-10-09T05:51:43.462+0000] {processor.py:829} INFO - Processing file /opt/airflow/dags/src/load_data.py for tasks to queue
[2025-10-09T05:51:43.470+0000] {logging_mixin.py:151} INFO - [2025-10-09T05:51:43.470+0000] {dagbag.py:539} INFO - Filling up the DagBag from /opt/airflow/dags/src/load_data.py
[2025-10-09T05:51:43.757+0000] {processor.py:841} WARNING - No viable dags retrieved from /opt/airflow/dags/src/load_data.py
[2025-10-09T05:51:43.774+0000] {processor.py:179} INFO - Processing /opt/airflow/dags/src/load_data.py took 0.320 seconds
[2025-10-09T05:52:14.495+0000] {processor.py:157} INFO - Started process (PID=1074) to work on /opt/airflow/dags/src/load_data.py
[2025-10-09T05:52:14.497+0000] {processor.py:829} INFO - Processing file /opt/airflow/dags/src/load_data.py for tasks to queue
[2025-10-09T05:52:14.498+0000] {logging_mixin.py:151} INFO - [2025-10-09T05:52:14.498+0000] {dagbag.py:539} INFO - Filling up the DagBag from /opt/airflow/dags/src/load_data.py
[2025-10-09T05:52:14.728+0000] {processor.py:841} WARNING - No viable dags retrieved from /opt/airflow/dags/src/load_data.py
[2025-10-09T05:52:14.739+0000] {processor.py:179} INFO - Processing /opt/airflow/dags/src/load_data.py took 0.247 seconds
[2025-10-09T05:52:46.019+0000] {processor.py:157} INFO - Started process (PID=1138) to work on /opt/airflow/dags/src/load_data.py
[2025-10-09T05:52:46.022+0000] {processor.py:829} INFO - Processing file /opt/airflow/dags/src/load_data.py for tasks to queue
[2025-10-09T05:52:46.024+0000] {logging_mixin.py:151} INFO - [2025-10-09T05:52:46.024+0000] {dagbag.py:539} INFO - Filling up the DagBag from /opt/airflow/dags/src/load_data.py
[2025-10-09T05:52:46.419+0000] {processor.py:841} WARNING - No viable dags retrieved from /opt/airflow/dags/src/load_data.py
[2025-10-09T05:52:46.453+0000] {processor.py:179} INFO - Processing /opt/airflow/dags/src/load_data.py took 0.437 seconds
[2025-10-09T05:53:17.200+0000] {processor.py:157} INFO - Started process (PID=1202) to work on /opt/airflow/dags/src/load_data.py
[2025-10-09T05:53:17.202+0000] {processor.py:829} INFO - Processing file /opt/airflow/dags/src/load_data.py for tasks to queue
[2025-10-09T05:53:17.206+0000] {logging_mixin.py:151} INFO - [2025-10-09T05:53:17.206+0000] {dagbag.py:539} INFO - Filling up the DagBag from /opt/airflow/dags/src/load_data.py
[2025-10-09T05:53:17.568+0000] {processor.py:841} WARNING - No viable dags retrieved from /opt/airflow/dags/src/load_data.py
[2025-10-09T05:53:17.589+0000] {processor.py:179} INFO - Processing /opt/airflow/dags/src/load_data.py took 0.393 seconds
[2025-10-09T05:53:48.271+0000] {processor.py:157} INFO - Started process (PID=1266) to work on /opt/airflow/dags/src/load_data.py
[2025-10-09T05:53:48.272+0000] {processor.py:829} INFO - Processing file /opt/airflow/dags/src/load_data.py for tasks to queue
[2025-10-09T05:53:48.274+0000] {logging_mixin.py:151} INFO - [2025-10-09T05:53:48.274+0000] {dagbag.py:539} INFO - Filling up the DagBag from /opt/airflow/dags/src/load_data.py
[2025-10-09T05:53:48.587+0000] {processor.py:841} WARNING - No viable dags retrieved from /opt/airflow/dags/src/load_data.py
[2025-10-09T05:53:48.607+0000] {processor.py:179} INFO - Processing /opt/airflow/dags/src/load_data.py took 0.339 seconds
[2025-10-09T05:54:19.098+0000] {processor.py:157} INFO - Started process (PID=1330) to work on /opt/airflow/dags/src/load_data.py
[2025-10-09T05:54:19.103+0000] {processor.py:829} INFO - Processing file /opt/airflow/dags/src/load_data.py for tasks to queue
[2025-10-09T05:54:19.104+0000] {logging_mixin.py:151} INFO - [2025-10-09T05:54:19.104+0000] {dagbag.py:539} INFO - Filling up the DagBag from /opt/airflow/dags/src/load_data.py
[2025-10-09T05:54:19.662+0000] {processor.py:841} WARNING - No viable dags retrieved from /opt/airflow/dags/src/load_data.py
[2025-10-09T05:54:19.693+0000] {processor.py:179} INFO - Processing /opt/airflow/dags/src/load_data.py took 0.598 seconds
[2025-10-09T05:54:49.830+0000] {processor.py:157} INFO - Started process (PID=1394) to work on /opt/airflow/dags/src/load_data.py
[2025-10-09T05:54:49.831+0000] {processor.py:829} INFO - Processing file /opt/airflow/dags/src/load_data.py for tasks to queue
[2025-10-09T05:54:49.833+0000] {logging_mixin.py:151} INFO - [2025-10-09T05:54:49.833+0000] {dagbag.py:539} INFO - Filling up the DagBag from /opt/airflow/dags/src/load_data.py
[2025-10-09T05:54:50.082+0000] {processor.py:841} WARNING - No viable dags retrieved from /opt/airflow/dags/src/load_data.py
[2025-10-09T05:54:50.097+0000] {processor.py:179} INFO - Processing /opt/airflow/dags/src/load_data.py took 0.270 seconds
[2025-10-09T05:55:20.782+0000] {processor.py:157} INFO - Started process (PID=1459) to work on /opt/airflow/dags/src/load_data.py
[2025-10-09T05:55:20.784+0000] {processor.py:829} INFO - Processing file /opt/airflow/dags/src/load_data.py for tasks to queue
[2025-10-09T05:55:20.786+0000] {logging_mixin.py:151} INFO - [2025-10-09T05:55:20.786+0000] {dagbag.py:539} INFO - Filling up the DagBag from /opt/airflow/dags/src/load_data.py
[2025-10-09T05:55:21.011+0000] {processor.py:841} WARNING - No viable dags retrieved from /opt/airflow/dags/src/load_data.py
[2025-10-09T05:55:21.021+0000] {processor.py:179} INFO - Processing /opt/airflow/dags/src/load_data.py took 0.241 seconds
[2025-10-09T05:55:51.418+0000] {processor.py:157} INFO - Started process (PID=1523) to work on /opt/airflow/dags/src/load_data.py
[2025-10-09T05:55:51.422+0000] {processor.py:829} INFO - Processing file /opt/airflow/dags/src/load_data.py for tasks to queue
[2025-10-09T05:55:51.424+0000] {logging_mixin.py:151} INFO - [2025-10-09T05:55:51.424+0000] {dagbag.py:539} INFO - Filling up the DagBag from /opt/airflow/dags/src/load_data.py
[2025-10-09T05:55:51.657+0000] {processor.py:841} WARNING - No viable dags retrieved from /opt/airflow/dags/src/load_data.py
[2025-10-09T05:55:51.673+0000] {processor.py:179} INFO - Processing /opt/airflow/dags/src/load_data.py took 0.258 seconds
[2025-10-09T05:56:21.977+0000] {processor.py:157} INFO - Started process (PID=1587) to work on /opt/airflow/dags/src/load_data.py
[2025-10-09T05:56:21.980+0000] {processor.py:829} INFO - Processing file /opt/airflow/dags/src/load_data.py for tasks to queue
[2025-10-09T05:56:21.985+0000] {logging_mixin.py:151} INFO - [2025-10-09T05:56:21.984+0000] {dagbag.py:539} INFO - Filling up the DagBag from /opt/airflow/dags/src/load_data.py
[2025-10-09T05:56:22.421+0000] {processor.py:841} WARNING - No viable dags retrieved from /opt/airflow/dags/src/load_data.py
[2025-10-09T05:56:22.455+0000] {processor.py:179} INFO - Processing /opt/airflow/dags/src/load_data.py took 0.486 seconds
[2025-10-09T05:56:52.603+0000] {processor.py:157} INFO - Started process (PID=1650) to work on /opt/airflow/dags/src/load_data.py
[2025-10-09T05:56:52.604+0000] {processor.py:829} INFO - Processing file /opt/airflow/dags/src/load_data.py for tasks to queue
[2025-10-09T05:56:52.606+0000] {logging_mixin.py:151} INFO - [2025-10-09T05:56:52.606+0000] {dagbag.py:539} INFO - Filling up the DagBag from /opt/airflow/dags/src/load_data.py
[2025-10-09T05:56:52.842+0000] {processor.py:841} WARNING - No viable dags retrieved from /opt/airflow/dags/src/load_data.py
[2025-10-09T05:56:52.852+0000] {processor.py:179} INFO - Processing /opt/airflow/dags/src/load_data.py took 0.252 seconds
[2025-10-09T05:57:23.149+0000] {processor.py:157} INFO - Started process (PID=1714) to work on /opt/airflow/dags/src/load_data.py
[2025-10-09T05:57:23.154+0000] {processor.py:829} INFO - Processing file /opt/airflow/dags/src/load_data.py for tasks to queue
[2025-10-09T05:57:23.157+0000] {logging_mixin.py:151} INFO - [2025-10-09T05:57:23.157+0000] {dagbag.py:539} INFO - Filling up the DagBag from /opt/airflow/dags/src/load_data.py
[2025-10-09T05:57:23.386+0000] {processor.py:841} WARNING - No viable dags retrieved from /opt/airflow/dags/src/load_data.py
[2025-10-09T05:57:23.397+0000] {processor.py:179} INFO - Processing /opt/airflow/dags/src/load_data.py took 0.251 seconds
[2025-10-09T05:57:53.663+0000] {processor.py:157} INFO - Started process (PID=1778) to work on /opt/airflow/dags/src/load_data.py
[2025-10-09T05:57:53.664+0000] {processor.py:829} INFO - Processing file /opt/airflow/dags/src/load_data.py for tasks to queue
[2025-10-09T05:57:53.667+0000] {logging_mixin.py:151} INFO - [2025-10-09T05:57:53.666+0000] {dagbag.py:539} INFO - Filling up the DagBag from /opt/airflow/dags/src/load_data.py
[2025-10-09T05:57:53.922+0000] {processor.py:841} WARNING - No viable dags retrieved from /opt/airflow/dags/src/load_data.py
[2025-10-09T05:57:53.936+0000] {processor.py:179} INFO - Processing /opt/airflow/dags/src/load_data.py took 0.276 seconds
[2025-10-09T05:58:24.399+0000] {processor.py:157} INFO - Started process (PID=1842) to work on /opt/airflow/dags/src/load_data.py
[2025-10-09T05:58:24.400+0000] {processor.py:829} INFO - Processing file /opt/airflow/dags/src/load_data.py for tasks to queue
[2025-10-09T05:58:24.402+0000] {logging_mixin.py:151} INFO - [2025-10-09T05:58:24.402+0000] {dagbag.py:539} INFO - Filling up the DagBag from /opt/airflow/dags/src/load_data.py
[2025-10-09T05:58:24.633+0000] {processor.py:841} WARNING - No viable dags retrieved from /opt/airflow/dags/src/load_data.py
[2025-10-09T05:58:24.646+0000] {processor.py:179} INFO - Processing /opt/airflow/dags/src/load_data.py took 0.249 seconds
[2025-10-09T05:58:54.916+0000] {processor.py:157} INFO - Started process (PID=1906) to work on /opt/airflow/dags/src/load_data.py
[2025-10-09T05:58:54.917+0000] {processor.py:829} INFO - Processing file /opt/airflow/dags/src/load_data.py for tasks to queue
[2025-10-09T05:58:54.919+0000] {logging_mixin.py:151} INFO - [2025-10-09T05:58:54.918+0000] {dagbag.py:539} INFO - Filling up the DagBag from /opt/airflow/dags/src/load_data.py
[2025-10-09T05:58:55.141+0000] {processor.py:841} WARNING - No viable dags retrieved from /opt/airflow/dags/src/load_data.py
[2025-10-09T05:58:55.152+0000] {processor.py:179} INFO - Processing /opt/airflow/dags/src/load_data.py took 0.239 seconds
[2025-10-09T05:59:26.244+0000] {processor.py:157} INFO - Started process (PID=1970) to work on /opt/airflow/dags/src/load_data.py
[2025-10-09T05:59:26.249+0000] {processor.py:829} INFO - Processing file /opt/airflow/dags/src/load_data.py for tasks to queue
[2025-10-09T05:59:26.255+0000] {logging_mixin.py:151} INFO - [2025-10-09T05:59:26.254+0000] {dagbag.py:539} INFO - Filling up the DagBag from /opt/airflow/dags/src/load_data.py
[2025-10-09T05:59:26.512+0000] {processor.py:841} WARNING - No viable dags retrieved from /opt/airflow/dags/src/load_data.py
[2025-10-09T05:59:26.523+0000] {processor.py:179} INFO - Processing /opt/airflow/dags/src/load_data.py took 0.282 seconds
[2025-10-09T05:59:56.624+0000] {processor.py:157} INFO - Started process (PID=2034) to work on /opt/airflow/dags/src/load_data.py
[2025-10-09T05:59:56.625+0000] {processor.py:829} INFO - Processing file /opt/airflow/dags/src/load_data.py for tasks to queue
[2025-10-09T05:59:56.628+0000] {logging_mixin.py:151} INFO - [2025-10-09T05:59:56.628+0000] {dagbag.py:539} INFO - Filling up the DagBag from /opt/airflow/dags/src/load_data.py
[2025-10-09T05:59:56.844+0000] {processor.py:841} WARNING - No viable dags retrieved from /opt/airflow/dags/src/load_data.py
[2025-10-09T05:59:56.857+0000] {processor.py:179} INFO - Processing /opt/airflow/dags/src/load_data.py took 0.236 seconds
[2025-10-09T06:00:28.050+0000] {processor.py:157} INFO - Started process (PID=2098) to work on /opt/airflow/dags/src/load_data.py
[2025-10-09T06:00:28.051+0000] {processor.py:829} INFO - Processing file /opt/airflow/dags/src/load_data.py for tasks to queue
[2025-10-09T06:00:28.053+0000] {logging_mixin.py:151} INFO - [2025-10-09T06:00:28.052+0000] {dagbag.py:539} INFO - Filling up the DagBag from /opt/airflow/dags/src/load_data.py
[2025-10-09T06:00:28.276+0000] {processor.py:841} WARNING - No viable dags retrieved from /opt/airflow/dags/src/load_data.py
[2025-10-09T06:00:28.286+0000] {processor.py:179} INFO - Processing /opt/airflow/dags/src/load_data.py took 0.241 seconds
[2025-10-09T06:00:58.772+0000] {processor.py:157} INFO - Started process (PID=2162) to work on /opt/airflow/dags/src/load_data.py
[2025-10-09T06:00:58.773+0000] {processor.py:829} INFO - Processing file /opt/airflow/dags/src/load_data.py for tasks to queue
[2025-10-09T06:00:58.776+0000] {logging_mixin.py:151} INFO - [2025-10-09T06:00:58.775+0000] {dagbag.py:539} INFO - Filling up the DagBag from /opt/airflow/dags/src/load_data.py
[2025-10-09T06:00:58.988+0000] {processor.py:841} WARNING - No viable dags retrieved from /opt/airflow/dags/src/load_data.py
[2025-10-09T06:00:59.002+0000] {processor.py:179} INFO - Processing /opt/airflow/dags/src/load_data.py took 0.233 seconds
[2025-10-09T06:01:30.109+0000] {processor.py:157} INFO - Started process (PID=2227) to work on /opt/airflow/dags/src/load_data.py
[2025-10-09T06:01:30.110+0000] {processor.py:829} INFO - Processing file /opt/airflow/dags/src/load_data.py for tasks to queue
[2025-10-09T06:01:30.114+0000] {logging_mixin.py:151} INFO - [2025-10-09T06:01:30.114+0000] {dagbag.py:539} INFO - Filling up the DagBag from /opt/airflow/dags/src/load_data.py
[2025-10-09T06:01:30.370+0000] {processor.py:841} WARNING - No viable dags retrieved from /opt/airflow/dags/src/load_data.py
[2025-10-09T06:01:30.382+0000] {processor.py:179} INFO - Processing /opt/airflow/dags/src/load_data.py took 0.276 seconds
[2025-10-09T06:02:00.656+0000] {processor.py:157} INFO - Started process (PID=2292) to work on /opt/airflow/dags/src/load_data.py
[2025-10-09T06:02:00.656+0000] {processor.py:829} INFO - Processing file /opt/airflow/dags/src/load_data.py for tasks to queue
[2025-10-09T06:02:00.658+0000] {logging_mixin.py:151} INFO - [2025-10-09T06:02:00.658+0000] {dagbag.py:539} INFO - Filling up the DagBag from /opt/airflow/dags/src/load_data.py
[2025-10-09T06:02:00.871+0000] {processor.py:841} WARNING - No viable dags retrieved from /opt/airflow/dags/src/load_data.py
[2025-10-09T06:02:00.880+0000] {processor.py:179} INFO - Processing /opt/airflow/dags/src/load_data.py took 0.227 seconds
[2025-10-09T06:02:31.164+0000] {processor.py:157} INFO - Started process (PID=2353) to work on /opt/airflow/dags/src/load_data.py
[2025-10-09T06:02:31.166+0000] {processor.py:829} INFO - Processing file /opt/airflow/dags/src/load_data.py for tasks to queue
[2025-10-09T06:02:31.168+0000] {logging_mixin.py:151} INFO - [2025-10-09T06:02:31.168+0000] {dagbag.py:539} INFO - Filling up the DagBag from /opt/airflow/dags/src/load_data.py
[2025-10-09T06:02:31.378+0000] {processor.py:841} WARNING - No viable dags retrieved from /opt/airflow/dags/src/load_data.py
[2025-10-09T06:02:31.391+0000] {processor.py:179} INFO - Processing /opt/airflow/dags/src/load_data.py took 0.230 seconds
[2025-10-09T06:03:02.443+0000] {processor.py:157} INFO - Started process (PID=2424) to work on /opt/airflow/dags/src/load_data.py
[2025-10-09T06:03:02.445+0000] {processor.py:829} INFO - Processing file /opt/airflow/dags/src/load_data.py for tasks to queue
[2025-10-09T06:03:02.448+0000] {logging_mixin.py:151} INFO - [2025-10-09T06:03:02.448+0000] {dagbag.py:539} INFO - Filling up the DagBag from /opt/airflow/dags/src/load_data.py
[2025-10-09T06:03:02.667+0000] {processor.py:841} WARNING - No viable dags retrieved from /opt/airflow/dags/src/load_data.py
[2025-10-09T06:03:02.679+0000] {processor.py:179} INFO - Processing /opt/airflow/dags/src/load_data.py took 0.238 seconds
[2025-10-09T06:03:33.026+0000] {processor.py:157} INFO - Started process (PID=2488) to work on /opt/airflow/dags/src/load_data.py
[2025-10-09T06:03:33.031+0000] {processor.py:829} INFO - Processing file /opt/airflow/dags/src/load_data.py for tasks to queue
[2025-10-09T06:03:33.035+0000] {logging_mixin.py:151} INFO - [2025-10-09T06:03:33.035+0000] {dagbag.py:539} INFO - Filling up the DagBag from /opt/airflow/dags/src/load_data.py
[2025-10-09T06:03:33.301+0000] {processor.py:841} WARNING - No viable dags retrieved from /opt/airflow/dags/src/load_data.py
[2025-10-09T06:03:33.319+0000] {processor.py:179} INFO - Processing /opt/airflow/dags/src/load_data.py took 0.297 seconds
[2025-10-09T06:04:04.197+0000] {processor.py:157} INFO - Started process (PID=2553) to work on /opt/airflow/dags/src/load_data.py
[2025-10-09T06:04:04.199+0000] {processor.py:829} INFO - Processing file /opt/airflow/dags/src/load_data.py for tasks to queue
[2025-10-09T06:04:04.201+0000] {logging_mixin.py:151} INFO - [2025-10-09T06:04:04.201+0000] {dagbag.py:539} INFO - Filling up the DagBag from /opt/airflow/dags/src/load_data.py
[2025-10-09T06:04:04.499+0000] {processor.py:841} WARNING - No viable dags retrieved from /opt/airflow/dags/src/load_data.py
[2025-10-09T06:04:04.534+0000] {processor.py:179} INFO - Processing /opt/airflow/dags/src/load_data.py took 0.340 seconds
[2025-10-09T06:04:35.102+0000] {processor.py:157} INFO - Started process (PID=2618) to work on /opt/airflow/dags/src/load_data.py
[2025-10-09T06:04:35.103+0000] {processor.py:829} INFO - Processing file /opt/airflow/dags/src/load_data.py for tasks to queue
[2025-10-09T06:04:35.104+0000] {logging_mixin.py:151} INFO - [2025-10-09T06:04:35.104+0000] {dagbag.py:539} INFO - Filling up the DagBag from /opt/airflow/dags/src/load_data.py
[2025-10-09T06:04:35.352+0000] {processor.py:841} WARNING - No viable dags retrieved from /opt/airflow/dags/src/load_data.py
[2025-10-09T06:04:35.364+0000] {processor.py:179} INFO - Processing /opt/airflow/dags/src/load_data.py took 0.265 seconds
[2025-10-09T06:05:06.392+0000] {processor.py:157} INFO - Started process (PID=2681) to work on /opt/airflow/dags/src/load_data.py
[2025-10-09T06:05:06.392+0000] {processor.py:829} INFO - Processing file /opt/airflow/dags/src/load_data.py for tasks to queue
[2025-10-09T06:05:06.395+0000] {logging_mixin.py:151} INFO - [2025-10-09T06:05:06.394+0000] {dagbag.py:539} INFO - Filling up the DagBag from /opt/airflow/dags/src/load_data.py
[2025-10-09T06:05:06.638+0000] {processor.py:841} WARNING - No viable dags retrieved from /opt/airflow/dags/src/load_data.py
[2025-10-09T06:05:06.649+0000] {processor.py:179} INFO - Processing /opt/airflow/dags/src/load_data.py took 0.261 seconds
[2025-10-09T06:05:37.630+0000] {processor.py:157} INFO - Started process (PID=2745) to work on /opt/airflow/dags/src/load_data.py
[2025-10-09T06:05:37.633+0000] {processor.py:829} INFO - Processing file /opt/airflow/dags/src/load_data.py for tasks to queue
[2025-10-09T06:05:37.637+0000] {logging_mixin.py:151} INFO - [2025-10-09T06:05:37.636+0000] {dagbag.py:539} INFO - Filling up the DagBag from /opt/airflow/dags/src/load_data.py
[2025-10-09T06:05:38.089+0000] {processor.py:841} WARNING - No viable dags retrieved from /opt/airflow/dags/src/load_data.py
[2025-10-09T06:05:38.107+0000] {processor.py:179} INFO - Processing /opt/airflow/dags/src/load_data.py took 0.482 seconds
[2025-10-09T06:06:08.226+0000] {processor.py:157} INFO - Started process (PID=2808) to work on /opt/airflow/dags/src/load_data.py
[2025-10-09T06:06:08.228+0000] {processor.py:829} INFO - Processing file /opt/airflow/dags/src/load_data.py for tasks to queue
[2025-10-09T06:06:08.230+0000] {logging_mixin.py:151} INFO - [2025-10-09T06:06:08.230+0000] {dagbag.py:539} INFO - Filling up the DagBag from /opt/airflow/dags/src/load_data.py
[2025-10-09T06:06:08.439+0000] {processor.py:841} WARNING - No viable dags retrieved from /opt/airflow/dags/src/load_data.py
[2025-10-09T06:06:08.450+0000] {processor.py:179} INFO - Processing /opt/airflow/dags/src/load_data.py took 0.228 seconds
[2025-10-09T06:06:38.507+0000] {processor.py:157} INFO - Started process (PID=2872) to work on /opt/airflow/dags/src/load_data.py
[2025-10-09T06:06:38.508+0000] {processor.py:829} INFO - Processing file /opt/airflow/dags/src/load_data.py for tasks to queue
[2025-10-09T06:06:38.511+0000] {logging_mixin.py:151} INFO - [2025-10-09T06:06:38.511+0000] {dagbag.py:539} INFO - Filling up the DagBag from /opt/airflow/dags/src/load_data.py
[2025-10-09T06:06:38.722+0000] {processor.py:841} WARNING - No viable dags retrieved from /opt/airflow/dags/src/load_data.py
[2025-10-09T06:06:38.733+0000] {processor.py:179} INFO - Processing /opt/airflow/dags/src/load_data.py took 0.228 seconds
[2025-10-09T06:07:09.170+0000] {processor.py:157} INFO - Started process (PID=2936) to work on /opt/airflow/dags/src/load_data.py
[2025-10-09T06:07:09.172+0000] {processor.py:829} INFO - Processing file /opt/airflow/dags/src/load_data.py for tasks to queue
[2025-10-09T06:07:09.173+0000] {logging_mixin.py:151} INFO - [2025-10-09T06:07:09.173+0000] {dagbag.py:539} INFO - Filling up the DagBag from /opt/airflow/dags/src/load_data.py
[2025-10-09T06:07:09.373+0000] {processor.py:841} WARNING - No viable dags retrieved from /opt/airflow/dags/src/load_data.py
[2025-10-09T06:07:09.384+0000] {processor.py:179} INFO - Processing /opt/airflow/dags/src/load_data.py took 0.217 seconds
[2025-10-09T06:07:40.486+0000] {processor.py:157} INFO - Started process (PID=3000) to work on /opt/airflow/dags/src/load_data.py
[2025-10-09T06:07:40.487+0000] {processor.py:829} INFO - Processing file /opt/airflow/dags/src/load_data.py for tasks to queue
[2025-10-09T06:07:40.489+0000] {logging_mixin.py:151} INFO - [2025-10-09T06:07:40.489+0000] {dagbag.py:539} INFO - Filling up the DagBag from /opt/airflow/dags/src/load_data.py
[2025-10-09T06:07:40.733+0000] {processor.py:841} WARNING - No viable dags retrieved from /opt/airflow/dags/src/load_data.py
[2025-10-09T06:07:40.745+0000] {processor.py:179} INFO - Processing /opt/airflow/dags/src/load_data.py took 0.262 seconds
[2025-10-09T06:08:10.828+0000] {processor.py:157} INFO - Started process (PID=3064) to work on /opt/airflow/dags/src/load_data.py
[2025-10-09T06:08:10.830+0000] {processor.py:829} INFO - Processing file /opt/airflow/dags/src/load_data.py for tasks to queue
[2025-10-09T06:08:10.833+0000] {logging_mixin.py:151} INFO - [2025-10-09T06:08:10.833+0000] {dagbag.py:539} INFO - Filling up the DagBag from /opt/airflow/dags/src/load_data.py
[2025-10-09T06:08:11.050+0000] {processor.py:841} WARNING - No viable dags retrieved from /opt/airflow/dags/src/load_data.py
[2025-10-09T06:08:11.060+0000] {processor.py:179} INFO - Processing /opt/airflow/dags/src/load_data.py took 0.235 seconds
[2025-10-09T06:08:41.142+0000] {processor.py:157} INFO - Started process (PID=3128) to work on /opt/airflow/dags/src/load_data.py
[2025-10-09T06:08:41.142+0000] {processor.py:829} INFO - Processing file /opt/airflow/dags/src/load_data.py for tasks to queue
[2025-10-09T06:08:41.144+0000] {logging_mixin.py:151} INFO - [2025-10-09T06:08:41.144+0000] {dagbag.py:539} INFO - Filling up the DagBag from /opt/airflow/dags/src/load_data.py
[2025-10-09T06:08:41.356+0000] {processor.py:841} WARNING - No viable dags retrieved from /opt/airflow/dags/src/load_data.py
[2025-10-09T06:08:41.369+0000] {processor.py:179} INFO - Processing /opt/airflow/dags/src/load_data.py took 0.229 seconds
[2025-10-09T06:09:12.577+0000] {processor.py:157} INFO - Started process (PID=3192) to work on /opt/airflow/dags/src/load_data.py
[2025-10-09T06:09:12.579+0000] {processor.py:829} INFO - Processing file /opt/airflow/dags/src/load_data.py for tasks to queue
[2025-10-09T06:09:12.581+0000] {logging_mixin.py:151} INFO - [2025-10-09T06:09:12.581+0000] {dagbag.py:539} INFO - Filling up the DagBag from /opt/airflow/dags/src/load_data.py
[2025-10-09T06:09:12.923+0000] {processor.py:841} WARNING - No viable dags retrieved from /opt/airflow/dags/src/load_data.py
[2025-10-09T06:09:12.935+0000] {processor.py:179} INFO - Processing /opt/airflow/dags/src/load_data.py took 0.360 seconds
[2025-10-09T06:09:43.020+0000] {processor.py:157} INFO - Started process (PID=3256) to work on /opt/airflow/dags/src/load_data.py
[2025-10-09T06:09:43.020+0000] {processor.py:829} INFO - Processing file /opt/airflow/dags/src/load_data.py for tasks to queue
[2025-10-09T06:09:43.022+0000] {logging_mixin.py:151} INFO - [2025-10-09T06:09:43.022+0000] {dagbag.py:539} INFO - Filling up the DagBag from /opt/airflow/dags/src/load_data.py
[2025-10-09T06:09:43.242+0000] {processor.py:841} WARNING - No viable dags retrieved from /opt/airflow/dags/src/load_data.py
[2025-10-09T06:09:43.256+0000] {processor.py:179} INFO - Processing /opt/airflow/dags/src/load_data.py took 0.238 seconds
[2025-10-09T06:10:13.646+0000] {processor.py:157} INFO - Started process (PID=3320) to work on /opt/airflow/dags/src/load_data.py
[2025-10-09T06:10:13.647+0000] {processor.py:829} INFO - Processing file /opt/airflow/dags/src/load_data.py for tasks to queue
[2025-10-09T06:10:13.648+0000] {logging_mixin.py:151} INFO - [2025-10-09T06:10:13.648+0000] {dagbag.py:539} INFO - Filling up the DagBag from /opt/airflow/dags/src/load_data.py
[2025-10-09T06:10:13.853+0000] {processor.py:841} WARNING - No viable dags retrieved from /opt/airflow/dags/src/load_data.py
[2025-10-09T06:10:13.865+0000] {processor.py:179} INFO - Processing /opt/airflow/dags/src/load_data.py took 0.221 seconds
[2025-10-09T06:10:43.945+0000] {processor.py:157} INFO - Started process (PID=3384) to work on /opt/airflow/dags/src/load_data.py
[2025-10-09T06:10:43.947+0000] {processor.py:829} INFO - Processing file /opt/airflow/dags/src/load_data.py for tasks to queue
[2025-10-09T06:10:43.949+0000] {logging_mixin.py:151} INFO - [2025-10-09T06:10:43.949+0000] {dagbag.py:539} INFO - Filling up the DagBag from /opt/airflow/dags/src/load_data.py
[2025-10-09T06:10:44.170+0000] {processor.py:841} WARNING - No viable dags retrieved from /opt/airflow/dags/src/load_data.py
[2025-10-09T06:10:44.184+0000] {processor.py:179} INFO - Processing /opt/airflow/dags/src/load_data.py took 0.241 seconds
[2025-10-09T06:11:14.615+0000] {processor.py:157} INFO - Started process (PID=3448) to work on /opt/airflow/dags/src/load_data.py
[2025-10-09T06:11:14.616+0000] {processor.py:829} INFO - Processing file /opt/airflow/dags/src/load_data.py for tasks to queue
[2025-10-09T06:11:14.617+0000] {logging_mixin.py:151} INFO - [2025-10-09T06:11:14.617+0000] {dagbag.py:539} INFO - Filling up the DagBag from /opt/airflow/dags/src/load_data.py
[2025-10-09T06:11:14.992+0000] {processor.py:841} WARNING - No viable dags retrieved from /opt/airflow/dags/src/load_data.py
[2025-10-09T06:11:15.001+0000] {processor.py:179} INFO - Processing /opt/airflow/dags/src/load_data.py took 0.389 seconds
[2025-10-09T06:11:45.035+0000] {processor.py:157} INFO - Started process (PID=3512) to work on /opt/airflow/dags/src/load_data.py
[2025-10-09T06:11:45.037+0000] {processor.py:829} INFO - Processing file /opt/airflow/dags/src/load_data.py for tasks to queue
[2025-10-09T06:11:45.038+0000] {logging_mixin.py:151} INFO - [2025-10-09T06:11:45.038+0000] {dagbag.py:539} INFO - Filling up the DagBag from /opt/airflow/dags/src/load_data.py
[2025-10-09T06:11:45.251+0000] {processor.py:841} WARNING - No viable dags retrieved from /opt/airflow/dags/src/load_data.py
[2025-10-09T06:11:45.263+0000] {processor.py:179} INFO - Processing /opt/airflow/dags/src/load_data.py took 0.230 seconds
[2025-10-09T06:27:58.947+0000] {processor.py:157} INFO - Started process (PID=3577) to work on /opt/airflow/dags/src/load_data.py
[2025-10-09T06:27:58.949+0000] {processor.py:829} INFO - Processing file /opt/airflow/dags/src/load_data.py for tasks to queue
[2025-10-09T06:27:58.951+0000] {logging_mixin.py:151} INFO - [2025-10-09T06:27:58.951+0000] {dagbag.py:539} INFO - Filling up the DagBag from /opt/airflow/dags/src/load_data.py
[2025-10-09T06:27:59.234+0000] {processor.py:841} WARNING - No viable dags retrieved from /opt/airflow/dags/src/load_data.py
[2025-10-09T06:27:59.246+0000] {processor.py:179} INFO - Processing /opt/airflow/dags/src/load_data.py took 0.302 seconds
[2025-10-09T06:35:28.413+0000] {processor.py:157} INFO - Started process (PID=3641) to work on /opt/airflow/dags/src/load_data.py
[2025-10-09T06:35:28.414+0000] {processor.py:829} INFO - Processing file /opt/airflow/dags/src/load_data.py for tasks to queue
[2025-10-09T06:35:28.415+0000] {logging_mixin.py:151} INFO - [2025-10-09T06:35:28.415+0000] {dagbag.py:539} INFO - Filling up the DagBag from /opt/airflow/dags/src/load_data.py
[2025-10-09T06:35:28.728+0000] {processor.py:841} WARNING - No viable dags retrieved from /opt/airflow/dags/src/load_data.py
[2025-10-09T06:35:28.736+0000] {processor.py:179} INFO - Processing /opt/airflow/dags/src/load_data.py took 0.326 seconds
[2025-10-09T06:59:40.858+0000] {processor.py:157} INFO - Started process (PID=3705) to work on /opt/airflow/dags/src/load_data.py
[2025-10-09T06:59:40.859+0000] {processor.py:829} INFO - Processing file /opt/airflow/dags/src/load_data.py for tasks to queue
[2025-10-09T06:59:40.861+0000] {logging_mixin.py:151} INFO - [2025-10-09T06:59:40.861+0000] {dagbag.py:539} INFO - Filling up the DagBag from /opt/airflow/dags/src/load_data.py
[2025-10-09T06:59:41.259+0000] {processor.py:841} WARNING - No viable dags retrieved from /opt/airflow/dags/src/load_data.py
[2025-10-09T06:59:41.275+0000] {processor.py:179} INFO - Processing /opt/airflow/dags/src/load_data.py took 0.421 seconds
[2025-10-09T07:16:11.093+0000] {processor.py:157} INFO - Started process (PID=3769) to work on /opt/airflow/dags/src/load_data.py
[2025-10-09T07:16:11.094+0000] {processor.py:829} INFO - Processing file /opt/airflow/dags/src/load_data.py for tasks to queue
[2025-10-09T07:16:11.097+0000] {logging_mixin.py:151} INFO - [2025-10-09T07:16:11.096+0000] {dagbag.py:539} INFO - Filling up the DagBag from /opt/airflow/dags/src/load_data.py
[2025-10-09T07:16:11.436+0000] {processor.py:841} WARNING - No viable dags retrieved from /opt/airflow/dags/src/load_data.py
[2025-10-09T07:16:11.444+0000] {processor.py:179} INFO - Processing /opt/airflow/dags/src/load_data.py took 0.354 seconds
[2025-10-09T07:16:42.181+0000] {processor.py:157} INFO - Started process (PID=3834) to work on /opt/airflow/dags/src/load_data.py
[2025-10-09T07:16:42.182+0000] {processor.py:829} INFO - Processing file /opt/airflow/dags/src/load_data.py for tasks to queue
[2025-10-09T07:16:42.183+0000] {logging_mixin.py:151} INFO - [2025-10-09T07:16:42.183+0000] {dagbag.py:539} INFO - Filling up the DagBag from /opt/airflow/dags/src/load_data.py
[2025-10-09T07:16:42.511+0000] {processor.py:841} WARNING - No viable dags retrieved from /opt/airflow/dags/src/load_data.py
[2025-10-09T07:16:42.519+0000] {processor.py:179} INFO - Processing /opt/airflow/dags/src/load_data.py took 0.341 seconds
[2025-10-09T07:17:49.157+0000] {processor.py:157} INFO - Started process (PID=3897) to work on /opt/airflow/dags/src/load_data.py
[2025-10-09T07:17:49.159+0000] {processor.py:829} INFO - Processing file /opt/airflow/dags/src/load_data.py for tasks to queue
[2025-10-09T07:17:49.162+0000] {logging_mixin.py:151} INFO - [2025-10-09T07:17:49.162+0000] {dagbag.py:539} INFO - Filling up the DagBag from /opt/airflow/dags/src/load_data.py
[2025-10-09T07:17:49.550+0000] {processor.py:841} WARNING - No viable dags retrieved from /opt/airflow/dags/src/load_data.py
[2025-10-09T07:17:49.559+0000] {processor.py:179} INFO - Processing /opt/airflow/dags/src/load_data.py took 0.406 seconds
[2025-10-09T07:18:20.268+0000] {processor.py:157} INFO - Started process (PID=3960) to work on /opt/airflow/dags/src/load_data.py
[2025-10-09T07:18:20.268+0000] {processor.py:829} INFO - Processing file /opt/airflow/dags/src/load_data.py for tasks to queue
[2025-10-09T07:18:20.270+0000] {logging_mixin.py:151} INFO - [2025-10-09T07:18:20.270+0000] {dagbag.py:539} INFO - Filling up the DagBag from /opt/airflow/dags/src/load_data.py
[2025-10-09T07:18:20.578+0000] {processor.py:841} WARNING - No viable dags retrieved from /opt/airflow/dags/src/load_data.py
[2025-10-09T07:18:20.587+0000] {processor.py:179} INFO - Processing /opt/airflow/dags/src/load_data.py took 0.321 seconds
[2025-10-09T07:19:20.518+0000] {processor.py:157} INFO - Started process (PID=4024) to work on /opt/airflow/dags/src/load_data.py
[2025-10-09T07:19:20.518+0000] {processor.py:829} INFO - Processing file /opt/airflow/dags/src/load_data.py for tasks to queue
[2025-10-09T07:19:20.520+0000] {logging_mixin.py:151} INFO - [2025-10-09T07:19:20.520+0000] {dagbag.py:539} INFO - Filling up the DagBag from /opt/airflow/dags/src/load_data.py
[2025-10-09T07:19:20.832+0000] {processor.py:841} WARNING - No viable dags retrieved from /opt/airflow/dags/src/load_data.py
[2025-10-09T07:19:20.843+0000] {processor.py:179} INFO - Processing /opt/airflow/dags/src/load_data.py took 0.327 seconds
[2025-10-09T07:21:38.213+0000] {processor.py:157} INFO - Started process (PID=4088) to work on /opt/airflow/dags/src/load_data.py
[2025-10-09T07:21:38.214+0000] {processor.py:829} INFO - Processing file /opt/airflow/dags/src/load_data.py for tasks to queue
[2025-10-09T07:21:38.216+0000] {logging_mixin.py:151} INFO - [2025-10-09T07:21:38.216+0000] {dagbag.py:539} INFO - Filling up the DagBag from /opt/airflow/dags/src/load_data.py
[2025-10-09T07:21:38.533+0000] {processor.py:841} WARNING - No viable dags retrieved from /opt/airflow/dags/src/load_data.py
[2025-10-09T07:21:38.541+0000] {processor.py:179} INFO - Processing /opt/airflow/dags/src/load_data.py took 0.331 seconds
[2025-10-09T07:22:22.942+0000] {processor.py:157} INFO - Started process (PID=4152) to work on /opt/airflow/dags/src/load_data.py
[2025-10-09T07:22:22.944+0000] {processor.py:829} INFO - Processing file /opt/airflow/dags/src/load_data.py for tasks to queue
[2025-10-09T07:22:22.948+0000] {logging_mixin.py:151} INFO - [2025-10-09T07:22:22.948+0000] {dagbag.py:539} INFO - Filling up the DagBag from /opt/airflow/dags/src/load_data.py
[2025-10-09T07:22:23.341+0000] {processor.py:841} WARNING - No viable dags retrieved from /opt/airflow/dags/src/load_data.py
[2025-10-09T07:22:23.351+0000] {processor.py:179} INFO - Processing /opt/airflow/dags/src/load_data.py took 0.412 seconds
[2025-10-09T07:23:11.555+0000] {processor.py:157} INFO - Started process (PID=4216) to work on /opt/airflow/dags/src/load_data.py
[2025-10-09T07:23:11.556+0000] {processor.py:829} INFO - Processing file /opt/airflow/dags/src/load_data.py for tasks to queue
[2025-10-09T07:23:11.558+0000] {logging_mixin.py:151} INFO - [2025-10-09T07:23:11.558+0000] {dagbag.py:539} INFO - Filling up the DagBag from /opt/airflow/dags/src/load_data.py
[2025-10-09T07:23:12.056+0000] {processor.py:841} WARNING - No viable dags retrieved from /opt/airflow/dags/src/load_data.py
[2025-10-09T07:23:12.066+0000] {processor.py:179} INFO - Processing /opt/airflow/dags/src/load_data.py took 0.513 seconds
[2025-10-09T07:24:31.772+0000] {processor.py:157} INFO - Started process (PID=4280) to work on /opt/airflow/dags/src/load_data.py
[2025-10-09T07:24:31.775+0000] {processor.py:829} INFO - Processing file /opt/airflow/dags/src/load_data.py for tasks to queue
[2025-10-09T07:24:31.777+0000] {logging_mixin.py:151} INFO - [2025-10-09T07:24:31.777+0000] {dagbag.py:539} INFO - Filling up the DagBag from /opt/airflow/dags/src/load_data.py
[2025-10-09T07:24:32.220+0000] {processor.py:841} WARNING - No viable dags retrieved from /opt/airflow/dags/src/load_data.py
[2025-10-09T07:24:32.229+0000] {processor.py:179} INFO - Processing /opt/airflow/dags/src/load_data.py took 0.460 seconds
[2025-10-09T07:25:04.048+0000] {processor.py:157} INFO - Started process (PID=4344) to work on /opt/airflow/dags/src/load_data.py
[2025-10-09T07:25:04.049+0000] {processor.py:829} INFO - Processing file /opt/airflow/dags/src/load_data.py for tasks to queue
[2025-10-09T07:25:04.050+0000] {logging_mixin.py:151} INFO - [2025-10-09T07:25:04.050+0000] {dagbag.py:539} INFO - Filling up the DagBag from /opt/airflow/dags/src/load_data.py
[2025-10-09T07:25:04.366+0000] {processor.py:841} WARNING - No viable dags retrieved from /opt/airflow/dags/src/load_data.py
[2025-10-09T07:25:04.374+0000] {processor.py:179} INFO - Processing /opt/airflow/dags/src/load_data.py took 0.328 seconds
[2025-10-09T07:25:34.901+0000] {processor.py:157} INFO - Started process (PID=4408) to work on /opt/airflow/dags/src/load_data.py
[2025-10-09T07:25:34.902+0000] {processor.py:829} INFO - Processing file /opt/airflow/dags/src/load_data.py for tasks to queue
[2025-10-09T07:25:34.904+0000] {logging_mixin.py:151} INFO - [2025-10-09T07:25:34.903+0000] {dagbag.py:539} INFO - Filling up the DagBag from /opt/airflow/dags/src/load_data.py
[2025-10-09T07:25:35.221+0000] {processor.py:841} WARNING - No viable dags retrieved from /opt/airflow/dags/src/load_data.py
[2025-10-09T07:25:35.234+0000] {processor.py:179} INFO - Processing /opt/airflow/dags/src/load_data.py took 0.335 seconds
[2025-10-09T07:27:19.288+0000] {processor.py:157} INFO - Started process (PID=4472) to work on /opt/airflow/dags/src/load_data.py
[2025-10-09T07:27:19.289+0000] {processor.py:829} INFO - Processing file /opt/airflow/dags/src/load_data.py for tasks to queue
[2025-10-09T07:27:19.291+0000] {logging_mixin.py:151} INFO - [2025-10-09T07:27:19.291+0000] {dagbag.py:539} INFO - Filling up the DagBag from /opt/airflow/dags/src/load_data.py
[2025-10-09T07:27:19.610+0000] {processor.py:841} WARNING - No viable dags retrieved from /opt/airflow/dags/src/load_data.py
[2025-10-09T07:27:19.618+0000] {processor.py:179} INFO - Processing /opt/airflow/dags/src/load_data.py took 0.332 seconds
[2025-10-09T07:28:33.038+0000] {processor.py:157} INFO - Started process (PID=4537) to work on /opt/airflow/dags/src/load_data.py
[2025-10-09T07:28:33.040+0000] {processor.py:829} INFO - Processing file /opt/airflow/dags/src/load_data.py for tasks to queue
[2025-10-09T07:28:33.042+0000] {logging_mixin.py:151} INFO - [2025-10-09T07:28:33.042+0000] {dagbag.py:539} INFO - Filling up the DagBag from /opt/airflow/dags/src/load_data.py
[2025-10-09T07:28:33.428+0000] {processor.py:841} WARNING - No viable dags retrieved from /opt/airflow/dags/src/load_data.py
[2025-10-09T07:28:33.438+0000] {processor.py:179} INFO - Processing /opt/airflow/dags/src/load_data.py took 0.406 seconds
[2025-10-09T07:29:18.495+0000] {processor.py:157} INFO - Started process (PID=4600) to work on /opt/airflow/dags/src/load_data.py
[2025-10-09T07:29:18.496+0000] {processor.py:829} INFO - Processing file /opt/airflow/dags/src/load_data.py for tasks to queue
[2025-10-09T07:29:18.497+0000] {logging_mixin.py:151} INFO - [2025-10-09T07:29:18.497+0000] {dagbag.py:539} INFO - Filling up the DagBag from /opt/airflow/dags/src/load_data.py
[2025-10-09T07:29:18.862+0000] {processor.py:841} WARNING - No viable dags retrieved from /opt/airflow/dags/src/load_data.py
[2025-10-09T07:29:18.873+0000] {processor.py:179} INFO - Processing /opt/airflow/dags/src/load_data.py took 0.381 seconds
[2025-10-09T07:30:34.597+0000] {processor.py:157} INFO - Started process (PID=4664) to work on /opt/airflow/dags/src/load_data.py
[2025-10-09T07:30:34.599+0000] {processor.py:829} INFO - Processing file /opt/airflow/dags/src/load_data.py for tasks to queue
[2025-10-09T07:30:34.601+0000] {logging_mixin.py:151} INFO - [2025-10-09T07:30:34.601+0000] {dagbag.py:539} INFO - Filling up the DagBag from /opt/airflow/dags/src/load_data.py
[2025-10-09T07:30:34.924+0000] {processor.py:841} WARNING - No viable dags retrieved from /opt/airflow/dags/src/load_data.py
[2025-10-09T07:30:34.932+0000] {processor.py:179} INFO - Processing /opt/airflow/dags/src/load_data.py took 0.338 seconds
[2025-10-09T07:32:35.210+0000] {processor.py:157} INFO - Started process (PID=4728) to work on /opt/airflow/dags/src/load_data.py
[2025-10-09T07:32:35.211+0000] {processor.py:829} INFO - Processing file /opt/airflow/dags/src/load_data.py for tasks to queue
[2025-10-09T07:32:35.212+0000] {logging_mixin.py:151} INFO - [2025-10-09T07:32:35.212+0000] {dagbag.py:539} INFO - Filling up the DagBag from /opt/airflow/dags/src/load_data.py
[2025-10-09T07:32:35.645+0000] {processor.py:841} WARNING - No viable dags retrieved from /opt/airflow/dags/src/load_data.py
[2025-10-09T07:32:35.681+0000] {processor.py:179} INFO - Processing /opt/airflow/dags/src/load_data.py took 0.473 seconds
[2025-10-09T07:33:06.925+0000] {processor.py:157} INFO - Started process (PID=4792) to work on /opt/airflow/dags/src/load_data.py
[2025-10-09T07:33:06.925+0000] {processor.py:829} INFO - Processing file /opt/airflow/dags/src/load_data.py for tasks to queue
[2025-10-09T07:33:06.930+0000] {logging_mixin.py:151} INFO - [2025-10-09T07:33:06.929+0000] {dagbag.py:539} INFO - Filling up the DagBag from /opt/airflow/dags/src/load_data.py
[2025-10-09T07:33:07.251+0000] {processor.py:841} WARNING - No viable dags retrieved from /opt/airflow/dags/src/load_data.py
[2025-10-09T07:33:07.259+0000] {processor.py:179} INFO - Processing /opt/airflow/dags/src/load_data.py took 0.337 seconds
[2025-10-09T07:34:36.399+0000] {processor.py:157} INFO - Started process (PID=4856) to work on /opt/airflow/dags/src/load_data.py
[2025-10-09T07:34:36.400+0000] {processor.py:829} INFO - Processing file /opt/airflow/dags/src/load_data.py for tasks to queue
[2025-10-09T07:34:36.402+0000] {logging_mixin.py:151} INFO - [2025-10-09T07:34:36.402+0000] {dagbag.py:539} INFO - Filling up the DagBag from /opt/airflow/dags/src/load_data.py
[2025-10-09T07:34:36.711+0000] {processor.py:841} WARNING - No viable dags retrieved from /opt/airflow/dags/src/load_data.py
[2025-10-09T07:34:36.721+0000] {processor.py:179} INFO - Processing /opt/airflow/dags/src/load_data.py took 0.325 seconds
[2025-10-09T07:35:08.642+0000] {processor.py:157} INFO - Started process (PID=4920) to work on /opt/airflow/dags/src/load_data.py
[2025-10-09T07:35:08.643+0000] {processor.py:829} INFO - Processing file /opt/airflow/dags/src/load_data.py for tasks to queue
[2025-10-09T07:35:08.645+0000] {logging_mixin.py:151} INFO - [2025-10-09T07:35:08.645+0000] {dagbag.py:539} INFO - Filling up the DagBag from /opt/airflow/dags/src/load_data.py
[2025-10-09T07:35:09.288+0000] {processor.py:841} WARNING - No viable dags retrieved from /opt/airflow/dags/src/load_data.py
[2025-10-09T07:35:09.307+0000] {processor.py:179} INFO - Processing /opt/airflow/dags/src/load_data.py took 0.666 seconds
[2025-10-09T08:05:49.465+0000] {processor.py:157} INFO - Started process (PID=4985) to work on /opt/airflow/dags/src/load_data.py
[2025-10-09T08:05:49.466+0000] {processor.py:829} INFO - Processing file /opt/airflow/dags/src/load_data.py for tasks to queue
[2025-10-09T08:05:49.468+0000] {logging_mixin.py:151} INFO - [2025-10-09T08:05:49.468+0000] {dagbag.py:539} INFO - Filling up the DagBag from /opt/airflow/dags/src/load_data.py
[2025-10-09T08:05:49.786+0000] {processor.py:841} WARNING - No viable dags retrieved from /opt/airflow/dags/src/load_data.py
[2025-10-09T08:05:49.794+0000] {processor.py:179} INFO - Processing /opt/airflow/dags/src/load_data.py took 0.331 seconds
[2025-10-09T08:30:31.203+0000] {processor.py:157} INFO - Started process (PID=5049) to work on /opt/airflow/dags/src/load_data.py
[2025-10-09T08:30:31.282+0000] {processor.py:829} INFO - Processing file /opt/airflow/dags/src/load_data.py for tasks to queue
[2025-10-09T08:30:31.290+0000] {logging_mixin.py:151} INFO - [2025-10-09T08:30:31.289+0000] {dagbag.py:539} INFO - Filling up the DagBag from /opt/airflow/dags/src/load_data.py
[2025-10-09T08:30:32.420+0000] {processor.py:841} WARNING - No viable dags retrieved from /opt/airflow/dags/src/load_data.py
[2025-10-09T08:30:32.445+0000] {processor.py:179} INFO - Processing /opt/airflow/dags/src/load_data.py took 1.334 seconds
[2025-10-09T08:46:53.543+0000] {processor.py:157} INFO - Started process (PID=5113) to work on /opt/airflow/dags/src/load_data.py
[2025-10-09T08:46:53.544+0000] {processor.py:829} INFO - Processing file /opt/airflow/dags/src/load_data.py for tasks to queue
[2025-10-09T08:46:53.548+0000] {logging_mixin.py:151} INFO - [2025-10-09T08:46:53.548+0000] {dagbag.py:539} INFO - Filling up the DagBag from /opt/airflow/dags/src/load_data.py
[2025-10-09T08:46:53.990+0000] {processor.py:841} WARNING - No viable dags retrieved from /opt/airflow/dags/src/load_data.py
[2025-10-09T08:46:53.999+0000] {processor.py:179} INFO - Processing /opt/airflow/dags/src/load_data.py took 0.459 seconds
[2025-10-09T09:57:05.290+0000] {processor.py:157} INFO - Started process (PID=5176) to work on /opt/airflow/dags/src/load_data.py
[2025-10-09T09:57:05.293+0000] {processor.py:829} INFO - Processing file /opt/airflow/dags/src/load_data.py for tasks to queue
[2025-10-09T09:57:05.297+0000] {logging_mixin.py:151} INFO - [2025-10-09T09:57:05.296+0000] {dagbag.py:539} INFO - Filling up the DagBag from /opt/airflow/dags/src/load_data.py
[2025-10-09T09:57:05.965+0000] {processor.py:841} WARNING - No viable dags retrieved from /opt/airflow/dags/src/load_data.py
[2025-10-09T09:57:05.981+0000] {processor.py:179} INFO - Processing /opt/airflow/dags/src/load_data.py took 0.695 seconds
[2025-10-09T11:25:23.183+0000] {processor.py:157} INFO - Started process (PID=5241) to work on /opt/airflow/dags/src/load_data.py
[2025-10-09T11:25:23.184+0000] {processor.py:829} INFO - Processing file /opt/airflow/dags/src/load_data.py for tasks to queue
[2025-10-09T11:25:23.185+0000] {logging_mixin.py:151} INFO - [2025-10-09T11:25:23.185+0000] {dagbag.py:539} INFO - Filling up the DagBag from /opt/airflow/dags/src/load_data.py
[2025-10-09T11:25:23.509+0000] {processor.py:841} WARNING - No viable dags retrieved from /opt/airflow/dags/src/load_data.py
[2025-10-09T11:25:23.516+0000] {processor.py:179} INFO - Processing /opt/airflow/dags/src/load_data.py took 0.335 seconds
[2025-10-09T12:36:33.909+0000] {processor.py:157} INFO - Started process (PID=5304) to work on /opt/airflow/dags/src/load_data.py
[2025-10-09T12:36:33.910+0000] {processor.py:829} INFO - Processing file /opt/airflow/dags/src/load_data.py for tasks to queue
[2025-10-09T12:36:33.917+0000] {logging_mixin.py:151} INFO - [2025-10-09T12:36:33.917+0000] {dagbag.py:539} INFO - Filling up the DagBag from /opt/airflow/dags/src/load_data.py
[2025-10-09T12:36:34.590+0000] {processor.py:841} WARNING - No viable dags retrieved from /opt/airflow/dags/src/load_data.py
[2025-10-09T12:36:34.607+0000] {processor.py:179} INFO - Processing /opt/airflow/dags/src/load_data.py took 0.702 seconds
[2025-10-09T12:37:05.056+0000] {processor.py:157} INFO - Started process (PID=5368) to work on /opt/airflow/dags/src/load_data.py
[2025-10-09T12:37:05.057+0000] {processor.py:829} INFO - Processing file /opt/airflow/dags/src/load_data.py for tasks to queue
[2025-10-09T12:37:05.058+0000] {logging_mixin.py:151} INFO - [2025-10-09T12:37:05.058+0000] {dagbag.py:539} INFO - Filling up the DagBag from /opt/airflow/dags/src/load_data.py
[2025-10-09T12:37:05.363+0000] {processor.py:841} WARNING - No viable dags retrieved from /opt/airflow/dags/src/load_data.py
[2025-10-09T12:37:05.377+0000] {processor.py:179} INFO - Processing /opt/airflow/dags/src/load_data.py took 0.323 seconds
[2025-10-09T14:05:27.726+0000] {processor.py:157} INFO - Started process (PID=5432) to work on /opt/airflow/dags/src/load_data.py
[2025-10-09T14:05:27.726+0000] {processor.py:829} INFO - Processing file /opt/airflow/dags/src/load_data.py for tasks to queue
[2025-10-09T14:05:27.728+0000] {logging_mixin.py:151} INFO - [2025-10-09T14:05:27.728+0000] {dagbag.py:539} INFO - Filling up the DagBag from /opt/airflow/dags/src/load_data.py
[2025-10-09T14:05:28.049+0000] {processor.py:841} WARNING - No viable dags retrieved from /opt/airflow/dags/src/load_data.py
[2025-10-09T14:05:28.058+0000] {processor.py:179} INFO - Processing /opt/airflow/dags/src/load_data.py took 0.335 seconds
[2025-10-09T14:24:36.560+0000] {processor.py:157} INFO - Started process (PID=5497) to work on /opt/airflow/dags/src/load_data.py
[2025-10-09T14:24:36.562+0000] {processor.py:829} INFO - Processing file /opt/airflow/dags/src/load_data.py for tasks to queue
[2025-10-09T14:24:36.569+0000] {logging_mixin.py:151} INFO - [2025-10-09T14:24:36.569+0000] {dagbag.py:539} INFO - Filling up the DagBag from /opt/airflow/dags/src/load_data.py
[2025-10-09T14:24:37.045+0000] {processor.py:841} WARNING - No viable dags retrieved from /opt/airflow/dags/src/load_data.py
[2025-10-09T14:24:37.066+0000] {processor.py:179} INFO - Processing /opt/airflow/dags/src/load_data.py took 0.511 seconds
[2025-10-09T15:06:48.739+0000] {processor.py:157} INFO - Started process (PID=5561) to work on /opt/airflow/dags/src/load_data.py
[2025-10-09T15:06:48.740+0000] {processor.py:829} INFO - Processing file /opt/airflow/dags/src/load_data.py for tasks to queue
[2025-10-09T15:06:48.742+0000] {logging_mixin.py:151} INFO - [2025-10-09T15:06:48.742+0000] {dagbag.py:539} INFO - Filling up the DagBag from /opt/airflow/dags/src/load_data.py
[2025-10-09T15:06:49.143+0000] {processor.py:841} WARNING - No viable dags retrieved from /opt/airflow/dags/src/load_data.py
[2025-10-09T15:06:49.161+0000] {processor.py:179} INFO - Processing /opt/airflow/dags/src/load_data.py took 0.425 seconds
[2025-10-09T15:49:11.921+0000] {processor.py:157} INFO - Started process (PID=5625) to work on /opt/airflow/dags/src/load_data.py
[2025-10-09T15:49:11.923+0000] {processor.py:829} INFO - Processing file /opt/airflow/dags/src/load_data.py for tasks to queue
[2025-10-09T15:49:11.924+0000] {logging_mixin.py:151} INFO - [2025-10-09T15:49:11.924+0000] {dagbag.py:539} INFO - Filling up the DagBag from /opt/airflow/dags/src/load_data.py
[2025-10-09T15:49:12.250+0000] {processor.py:841} WARNING - No viable dags retrieved from /opt/airflow/dags/src/load_data.py
[2025-10-09T15:49:12.257+0000] {processor.py:179} INFO - Processing /opt/airflow/dags/src/load_data.py took 0.339 seconds
[2025-10-09T15:49:43.194+0000] {processor.py:157} INFO - Started process (PID=5689) to work on /opt/airflow/dags/src/load_data.py
[2025-10-09T15:49:43.195+0000] {processor.py:829} INFO - Processing file /opt/airflow/dags/src/load_data.py for tasks to queue
[2025-10-09T15:49:43.196+0000] {logging_mixin.py:151} INFO - [2025-10-09T15:49:43.196+0000] {dagbag.py:539} INFO - Filling up the DagBag from /opt/airflow/dags/src/load_data.py
[2025-10-09T15:49:43.528+0000] {processor.py:841} WARNING - No viable dags retrieved from /opt/airflow/dags/src/load_data.py
[2025-10-09T15:49:43.540+0000] {processor.py:179} INFO - Processing /opt/airflow/dags/src/load_data.py took 0.349 seconds
[2025-10-09T15:50:13.603+0000] {processor.py:157} INFO - Started process (PID=5754) to work on /opt/airflow/dags/src/load_data.py
[2025-10-09T15:50:13.604+0000] {processor.py:829} INFO - Processing file /opt/airflow/dags/src/load_data.py for tasks to queue
[2025-10-09T15:50:13.608+0000] {logging_mixin.py:151} INFO - [2025-10-09T15:50:13.607+0000] {dagbag.py:539} INFO - Filling up the DagBag from /opt/airflow/dags/src/load_data.py
[2025-10-09T15:50:13.912+0000] {processor.py:841} WARNING - No viable dags retrieved from /opt/airflow/dags/src/load_data.py
[2025-10-09T15:50:13.919+0000] {processor.py:179} INFO - Processing /opt/airflow/dags/src/load_data.py took 0.318 seconds
[2025-10-09T15:50:44.066+0000] {processor.py:157} INFO - Started process (PID=5818) to work on /opt/airflow/dags/src/load_data.py
[2025-10-09T15:50:44.067+0000] {processor.py:829} INFO - Processing file /opt/airflow/dags/src/load_data.py for tasks to queue
[2025-10-09T15:50:44.070+0000] {logging_mixin.py:151} INFO - [2025-10-09T15:50:44.070+0000] {dagbag.py:539} INFO - Filling up the DagBag from /opt/airflow/dags/src/load_data.py
[2025-10-09T15:50:44.380+0000] {processor.py:841} WARNING - No viable dags retrieved from /opt/airflow/dags/src/load_data.py
[2025-10-09T15:50:44.394+0000] {processor.py:179} INFO - Processing /opt/airflow/dags/src/load_data.py took 0.330 seconds
[2025-10-09T16:07:42.445+0000] {processor.py:157} INFO - Started process (PID=5880) to work on /opt/airflow/dags/src/load_data.py
[2025-10-09T16:07:42.445+0000] {processor.py:829} INFO - Processing file /opt/airflow/dags/src/load_data.py for tasks to queue
[2025-10-09T16:07:42.448+0000] {logging_mixin.py:151} INFO - [2025-10-09T16:07:42.447+0000] {dagbag.py:539} INFO - Filling up the DagBag from /opt/airflow/dags/src/load_data.py
[2025-10-09T16:07:42.875+0000] {processor.py:841} WARNING - No viable dags retrieved from /opt/airflow/dags/src/load_data.py
[2025-10-09T16:07:42.889+0000] {processor.py:179} INFO - Processing /opt/airflow/dags/src/load_data.py took 0.447 seconds
[2025-10-09T16:19:54.793+0000] {processor.py:157} INFO - Started process (PID=5944) to work on /opt/airflow/dags/src/load_data.py
[2025-10-09T16:19:54.795+0000] {processor.py:829} INFO - Processing file /opt/airflow/dags/src/load_data.py for tasks to queue
[2025-10-09T16:19:54.800+0000] {logging_mixin.py:151} INFO - [2025-10-09T16:19:54.799+0000] {dagbag.py:539} INFO - Filling up the DagBag from /opt/airflow/dags/src/load_data.py
[2025-10-09T16:19:55.489+0000] {processor.py:841} WARNING - No viable dags retrieved from /opt/airflow/dags/src/load_data.py
[2025-10-09T16:19:55.508+0000] {processor.py:179} INFO - Processing /opt/airflow/dags/src/load_data.py took 0.719 seconds
[2025-10-09T16:20:26.274+0000] {processor.py:157} INFO - Started process (PID=6009) to work on /opt/airflow/dags/src/load_data.py
[2025-10-09T16:20:26.275+0000] {processor.py:829} INFO - Processing file /opt/airflow/dags/src/load_data.py for tasks to queue
[2025-10-09T16:20:26.277+0000] {logging_mixin.py:151} INFO - [2025-10-09T16:20:26.277+0000] {dagbag.py:539} INFO - Filling up the DagBag from /opt/airflow/dags/src/load_data.py
[2025-10-09T16:20:26.769+0000] {processor.py:841} WARNING - No viable dags retrieved from /opt/airflow/dags/src/load_data.py
[2025-10-09T16:20:26.787+0000] {processor.py:179} INFO - Processing /opt/airflow/dags/src/load_data.py took 0.516 seconds
[2025-10-09T16:20:57.176+0000] {processor.py:157} INFO - Started process (PID=6072) to work on /opt/airflow/dags/src/load_data.py
[2025-10-09T16:20:57.177+0000] {processor.py:829} INFO - Processing file /opt/airflow/dags/src/load_data.py for tasks to queue
[2025-10-09T16:20:57.180+0000] {logging_mixin.py:151} INFO - [2025-10-09T16:20:57.180+0000] {dagbag.py:539} INFO - Filling up the DagBag from /opt/airflow/dags/src/load_data.py
[2025-10-09T16:20:57.511+0000] {processor.py:841} WARNING - No viable dags retrieved from /opt/airflow/dags/src/load_data.py
[2025-10-09T16:20:57.521+0000] {processor.py:179} INFO - Processing /opt/airflow/dags/src/load_data.py took 0.347 seconds
[2025-10-09T16:21:29.393+0000] {processor.py:157} INFO - Started process (PID=6136) to work on /opt/airflow/dags/src/load_data.py
[2025-10-09T16:21:29.394+0000] {processor.py:829} INFO - Processing file /opt/airflow/dags/src/load_data.py for tasks to queue
[2025-10-09T16:21:29.397+0000] {logging_mixin.py:151} INFO - [2025-10-09T16:21:29.396+0000] {dagbag.py:539} INFO - Filling up the DagBag from /opt/airflow/dags/src/load_data.py
[2025-10-09T16:21:29.877+0000] {processor.py:841} WARNING - No viable dags retrieved from /opt/airflow/dags/src/load_data.py
[2025-10-09T16:21:29.888+0000] {processor.py:179} INFO - Processing /opt/airflow/dags/src/load_data.py took 0.499 seconds
[2025-10-09T16:22:00.750+0000] {processor.py:157} INFO - Started process (PID=6201) to work on /opt/airflow/dags/src/load_data.py
[2025-10-09T16:22:00.751+0000] {processor.py:829} INFO - Processing file /opt/airflow/dags/src/load_data.py for tasks to queue
[2025-10-09T16:22:00.752+0000] {logging_mixin.py:151} INFO - [2025-10-09T16:22:00.752+0000] {dagbag.py:539} INFO - Filling up the DagBag from /opt/airflow/dags/src/load_data.py
[2025-10-09T16:22:01.088+0000] {processor.py:841} WARNING - No viable dags retrieved from /opt/airflow/dags/src/load_data.py
[2025-10-09T16:22:01.102+0000] {processor.py:179} INFO - Processing /opt/airflow/dags/src/load_data.py took 0.355 seconds
